This file contains any messages produced by compilers while
running configure, to aid debugging if configure makes a mistake.

It was created by libgpg-error configure 1.12, which was
generated by GNU Autoconf 2.69.  Invocation command line was

  $ ./configure --prefix=/home/ddt/Documents/VLC0924/android/vlc/contrib/arm-linux-androideabi --build=x86_64-linux-gnu --host=arm-linux-androideabi --target=arm-linux-androideabi --program-prefix= --enable-static --disable-shared --disable-dependency-tracking --with-pic --disable-nls --disable-shared --disable-languages

## --------- ##
## Platform. ##
## --------- ##

hostname = ubuntu
uname -m = x86_64
uname -r = 3.8.0-29-generic
uname -s = Linux
uname -v = #42-Ubuntu SMP Tue Aug 13 19:40:39 UTC 2013

/usr/bin/uname -p = unknown
/bin/uname -X     = unknown

/bin/arch              = unknown
/usr/bin/arch -k       = unknown
/usr/convex/getsysinfo = unknown
/usr/bin/hostinfo      = unknown
/bin/machine           = unknown
/usr/bin/oslevel       = unknown
/bin/universe          = unknown

PATH: /home/ddt/Documents/VLC0924/android/vlc/contrib/arm-linux-androideabi/bin
PATH: /home/ddt/Documents/VLC0924/android/vlc/extras/tools/build/bin
PATH: /home/ddt/Documents/VLC0924/android/vlc/extras/tools/build/bin
PATH: /home/ddt/Documents/android-sdk/android-ndk-r9/toolchains/arm-linux-androideabi-4.8/prebuilt/linux-x86_64/bin
PATH: /home/ddt/Documents/android-sdk/android-ndk-r8e
PATH: /usr/lib/lightdm/lightdm
PATH: /usr/local/sbin
PATH: /usr/local/bin
PATH: /usr/sbin
PATH: /usr/bin
PATH: /sbin
PATH: /bin
PATH: /usr/games
PATH: /usr/local/games
PATH: /home/ddt/Documents/android/sdk/platform-tools
PATH: /home/ddt/Documents/android/sdk/tools


## ----------- ##
## Core tests. ##
## ----------- ##

configure:2368: checking for a BSD-compatible install
configure:2436: result: /usr/bin/install -c
configure:2447: checking whether build environment is sane
configure:2497: result: yes
configure:2546: checking for arm-linux-androideabi-strip
configure:2573: result: arm-linux-androideabi-strip
configure:2638: checking for a thread-safe mkdir -p
configure:2677: result: /bin/mkdir -p
configure:2690: checking for gawk
configure:2720: result: no
configure:2690: checking for mawk
configure:2706: found /usr/bin/mawk
configure:2717: result: mawk
configure:2728: checking whether make sets $(MAKE)
configure:2750: result: yes
configure:2831: checking whether to enable maintainer-specific portions of Makefiles
configure:2840: result: no
configure:2864: checking build system type
configure:2878: result: x86_64-pc-linux-gnu
configure:2898: checking host system type
configure:2911: result: arm-unknown-linux-androideabi
configure:2935: autobuild project... libgpg-error
configure:2937: autobuild revision... 1.12
configure:2941: autobuild hostname... ubuntu
configure:2950: autobuild timestamp... 20130925-102455
configure:2964: checking for arm-linux-androideabi-gcc
configure:2991: result: arm-linux-androideabi-gcc --sysroot=/home/ddt/Documents/android-sdk/android-ndk-r9/platforms/android-9/arch-arm
configure:3260: checking for C compiler version
configure:3269: arm-linux-androideabi-gcc --sysroot=/home/ddt/Documents/android-sdk/android-ndk-r9/platforms/android-9/arch-arm --version >&5
arm-linux-androideabi-gcc (GCC) 4.8
Copyright (C) 2013 Free Software Foundation, Inc.
This is free software; see the source for copying conditions.  There is NO
warranty; not even for MERCHANTABILITY or FITNESS FOR A PARTICULAR PURPOSE.

configure:3280: $? = 0
configure:3269: arm-linux-androideabi-gcc --sysroot=/home/ddt/Documents/android-sdk/android-ndk-r9/platforms/android-9/arch-arm -v >&5
Using built-in specs.
COLLECT_GCC=arm-linux-androideabi-gcc
COLLECT_LTO_WRAPPER=/home/ddt/Documents/android-sdk/android-ndk-r9/toolchains/arm-linux-androideabi-4.8/prebuilt/linux-x86_64/bin/../libexec/gcc/arm-linux-androideabi/4.8/lto-wrapper
Target: arm-linux-androideabi
Configured with: /s/ndk-toolchain/src/build/../gcc/gcc-4.8/configure --prefix=/tmp/ndk-andrewhsieh/build/toolchain/prefix --target=arm-linux-androideabi --host=x86_64-linux-gnu --build=x86_64-linux-gnu --with-gnu-as --with-gnu-ld --enable-languages=c,c++ --with-gmp=/tmp/ndk-andrewhsieh/build/toolchain/temp-install --with-mpfr=/tmp/ndk-andrewhsieh/build/toolchain/temp-install --with-mpc=/tmp/ndk-andrewhsieh/build/toolchain/temp-install --with-cloog=/tmp/ndk-andrewhsieh/build/toolchain/temp-install --with-isl=/tmp/ndk-andrewhsieh/build/toolchain/temp-install --with-ppl=/tmp/ndk-andrewhsieh/build/toolchain/temp-install --disable-ppl-version-check --disable-cloog-version-check --disable-isl-version-check --enable-cloog-backend=isl --with-host-libstdcxx='-static-libgcc -Wl,-Bstatic,-lstdc++,-Bdynamic -lm' --disable-libssp --enable-threads --disable-nls --disable-libmudflap --disable-libgomp --disable-libstdc__-v3 --disable-sjlj-exceptions --disable-shared --disable-tls --disable-libitm --with-float=soft --with-fpu=vfp --with-arch=armv5te --enable-target-optspace --enable-initfini-array --disable-nls --prefix=/tmp/ndk-andrewhsieh/build/toolchain/prefix --with-sysroot=/tmp/ndk-andrewhsieh/build/toolchain/prefix/sysroot --with-binutils-version=2.23 --with-mpfr-version=3.1.1 --with-mpc-version=1.0.1 --with-gmp-version=5.0.5 --with-gcc-version=4.8 --with-gdb-version=7.3.x --with-python=/usr/local/google/home/andrewhsieh/mydroid/ndk/prebuilt/linux-x86_64/bin/python-config.sh --with-gxx-include-dir=/tmp/ndk-andrewhsieh/build/toolchain/prefix/include/c++/4.8 --with-bugurl=http://source.android.com/source/report-bugs.html --disable-bootstrap --disable-libquadmath --enable-plugins --enable-libgomp --disable-libsanitizer --enable-gold --enable-graphite=yes --with-cloog-version=0.18.0 --with-isl-version=0.11.1 --with-arch=armv5te --program-transform-name='s&^&arm-linux-androideabi-&' --enable-gold=default
Thread model: posix
gcc version 4.8 (GCC) 
configure:3280: $? = 0
configure:3269: arm-linux-androideabi-gcc --sysroot=/home/ddt/Documents/android-sdk/android-ndk-r9/platforms/android-9/arch-arm -V >&5
arm-linux-androideabi-gcc: error: unrecognized command line option '-V'
arm-linux-androideabi-gcc: fatal error: no input files
compilation terminated.
configure:3280: $? = 1
configure:3269: arm-linux-androideabi-gcc --sysroot=/home/ddt/Documents/android-sdk/android-ndk-r9/platforms/android-9/arch-arm -qversion >&5
arm-linux-androideabi-gcc: error: unrecognized command line option '-qversion'
arm-linux-androideabi-gcc: fatal error: no input files
compilation terminated.
configure:3280: $? = 1
configure:3300: checking whether the C compiler works
configure:3322: arm-linux-androideabi-gcc --sysroot=/home/ddt/Documents/android-sdk/android-ndk-r9/platforms/android-9/arch-arm  -g -mfpu=vfpv3-d16 -mcpu=cortex-a8 -mthumb -mfloat-abi=softfp -O2 -I/home/ddt/Documents/android-sdk/android-ndk-r9/sources/cxx-stl/gnu-libstdc++/4.8/include -I/home/ddt/Documents/android-sdk/android-ndk-r9/sources/cxx-stl/gnu-libstdc++/4.8/libs/armeabi-v7a/include -I/home/ddt/Documents/VLC0924/android/vlc/contrib/arm-linux-androideabi/include -g  -g -mfpu=vfpv3-d16 -mcpu=cortex-a8 -mthumb -mfloat-abi=softfp -O2 -I/home/ddt/Documents/android-sdk/android-ndk-r9/sources/cxx-stl/gnu-libstdc++/4.8/include -I/home/ddt/Documents/android-sdk/android-ndk-r9/sources/cxx-stl/gnu-libstdc++/4.8/libs/armeabi-v7a/include -I/home/ddt/Documents/VLC0924/android/vlc/contrib/arm-linux-androideabi/include  -L/home/ddt/Documents/VLC0924/android/vlc/contrib/arm-linux-androideabi/lib conftest.c  >&5
configure:3326: $? = 0
configure:3374: result: yes
configure:3377: checking for C compiler default output file name
configure:3379: result: a.out
configure:3385: checking for suffix of executables
configure:3392: arm-linux-androideabi-gcc --sysroot=/home/ddt/Documents/android-sdk/android-ndk-r9/platforms/android-9/arch-arm -o conftest  -g -mfpu=vfpv3-d16 -mcpu=cortex-a8 -mthumb -mfloat-abi=softfp -O2 -I/home/ddt/Documents/android-sdk/android-ndk-r9/sources/cxx-stl/gnu-libstdc++/4.8/include -I/home/ddt/Documents/android-sdk/android-ndk-r9/sources/cxx-stl/gnu-libstdc++/4.8/libs/armeabi-v7a/include -I/home/ddt/Documents/VLC0924/android/vlc/contrib/arm-linux-androideabi/include -g  -g -mfpu=vfpv3-d16 -mcpu=cortex-a8 -mthumb -mfloat-abi=softfp -O2 -I/home/ddt/Documents/android-sdk/android-ndk-r9/sources/cxx-stl/gnu-libstdc++/4.8/include -I/home/ddt/Documents/android-sdk/android-ndk-r9/sources/cxx-stl/gnu-libstdc++/4.8/libs/armeabi-v7a/include -I/home/ddt/Documents/VLC0924/android/vlc/contrib/arm-linux-androideabi/include  -L/home/ddt/Documents/VLC0924/android/vlc/contrib/arm-linux-androideabi/lib conftest.c  >&5
configure:3396: $? = 0
configure:3418: result: 
configure:3440: checking whether we are cross compiling
configure:3478: result: yes
configure:3483: checking for suffix of object files
configure:3505: arm-linux-androideabi-gcc --sysroot=/home/ddt/Documents/android-sdk/android-ndk-r9/platforms/android-9/arch-arm -c  -g -mfpu=vfpv3-d16 -mcpu=cortex-a8 -mthumb -mfloat-abi=softfp -O2 -I/home/ddt/Documents/android-sdk/android-ndk-r9/sources/cxx-stl/gnu-libstdc++/4.8/include -I/home/ddt/Documents/android-sdk/android-ndk-r9/sources/cxx-stl/gnu-libstdc++/4.8/libs/armeabi-v7a/include -I/home/ddt/Documents/VLC0924/android/vlc/contrib/arm-linux-androideabi/include -g  -g -mfpu=vfpv3-d16 -mcpu=cortex-a8 -mthumb -mfloat-abi=softfp -O2 -I/home/ddt/Documents/android-sdk/android-ndk-r9/sources/cxx-stl/gnu-libstdc++/4.8/include -I/home/ddt/Documents/android-sdk/android-ndk-r9/sources/cxx-stl/gnu-libstdc++/4.8/libs/armeabi-v7a/include -I/home/ddt/Documents/VLC0924/android/vlc/contrib/arm-linux-androideabi/include conftest.c >&5
configure:3509: $? = 0
configure:3530: result: o
configure:3534: checking whether we are using the GNU C compiler
configure:3553: arm-linux-androideabi-gcc --sysroot=/home/ddt/Documents/android-sdk/android-ndk-r9/platforms/android-9/arch-arm -c  -g -mfpu=vfpv3-d16 -mcpu=cortex-a8 -mthumb -mfloat-abi=softfp -O2 -I/home/ddt/Documents/android-sdk/android-ndk-r9/sources/cxx-stl/gnu-libstdc++/4.8/include -I/home/ddt/Documents/android-sdk/android-ndk-r9/sources/cxx-stl/gnu-libstdc++/4.8/libs/armeabi-v7a/include -I/home/ddt/Documents/VLC0924/android/vlc/contrib/arm-linux-androideabi/include -g  -g -mfpu=vfpv3-d16 -mcpu=cortex-a8 -mthumb -mfloat-abi=softfp -O2 -I/home/ddt/Documents/android-sdk/android-ndk-r9/sources/cxx-stl/gnu-libstdc++/4.8/include -I/home/ddt/Documents/android-sdk/android-ndk-r9/sources/cxx-stl/gnu-libstdc++/4.8/libs/armeabi-v7a/include -I/home/ddt/Documents/VLC0924/android/vlc/contrib/arm-linux-androideabi/include conftest.c >&5
configure:3553: $? = 0
configure:3562: result: yes
configure:3571: checking whether arm-linux-androideabi-gcc --sysroot=/home/ddt/Documents/android-sdk/android-ndk-r9/platforms/android-9/arch-arm accepts -g
configure:3591: arm-linux-androideabi-gcc --sysroot=/home/ddt/Documents/android-sdk/android-ndk-r9/platforms/android-9/arch-arm -c -g  -g -mfpu=vfpv3-d16 -mcpu=cortex-a8 -mthumb -mfloat-abi=softfp -O2 -I/home/ddt/Documents/android-sdk/android-ndk-r9/sources/cxx-stl/gnu-libstdc++/4.8/include -I/home/ddt/Documents/android-sdk/android-ndk-r9/sources/cxx-stl/gnu-libstdc++/4.8/libs/armeabi-v7a/include -I/home/ddt/Documents/VLC0924/android/vlc/contrib/arm-linux-androideabi/include conftest.c >&5
configure:3591: $? = 0
configure:3632: result: yes
configure:3649: checking for arm-linux-androideabi-gcc --sysroot=/home/ddt/Documents/android-sdk/android-ndk-r9/platforms/android-9/arch-arm option to accept ISO C89
configure:3712: arm-linux-androideabi-gcc --sysroot=/home/ddt/Documents/android-sdk/android-ndk-r9/platforms/android-9/arch-arm  -c  -g -mfpu=vfpv3-d16 -mcpu=cortex-a8 -mthumb -mfloat-abi=softfp -O2 -I/home/ddt/Documents/android-sdk/android-ndk-r9/sources/cxx-stl/gnu-libstdc++/4.8/include -I/home/ddt/Documents/android-sdk/android-ndk-r9/sources/cxx-stl/gnu-libstdc++/4.8/libs/armeabi-v7a/include -I/home/ddt/Documents/VLC0924/android/vlc/contrib/arm-linux-androideabi/include -g  -g -mfpu=vfpv3-d16 -mcpu=cortex-a8 -mthumb -mfloat-abi=softfp -O2 -I/home/ddt/Documents/android-sdk/android-ndk-r9/sources/cxx-stl/gnu-libstdc++/4.8/include -I/home/ddt/Documents/android-sdk/android-ndk-r9/sources/cxx-stl/gnu-libstdc++/4.8/libs/armeabi-v7a/include -I/home/ddt/Documents/VLC0924/android/vlc/contrib/arm-linux-androideabi/include conftest.c >&5
configure:3712: $? = 0
configure:3725: result: none needed
configure:3756: checking for style of include used by make
configure:3784: result: GNU
configure:3810: checking dependency style of arm-linux-androideabi-gcc --sysroot=/home/ddt/Documents/android-sdk/android-ndk-r9/platforms/android-9/arch-arm
configure:3921: result: none
configure:3937: checking whether arm-linux-androideabi-gcc --sysroot=/home/ddt/Documents/android-sdk/android-ndk-r9/platforms/android-9/arch-arm and cc understand -c and -o together
configure:3968: arm-linux-androideabi-gcc --sysroot=/home/ddt/Documents/android-sdk/android-ndk-r9/platforms/android-9/arch-arm -c conftest.c -o conftest2.o >&5
configure:3972: $? = 0
configure:3978: arm-linux-androideabi-gcc --sysroot=/home/ddt/Documents/android-sdk/android-ndk-r9/platforms/android-9/arch-arm -c conftest.c -o conftest2.o >&5
configure:3982: $? = 0
configure:3993: cc -c conftest.c >&5
configure:3997: $? = 0
configure:4005: cc -c conftest.c -o conftest2.o >&5
configure:4009: $? = 0
configure:4015: cc -c conftest.c -o conftest2.o >&5
configure:4019: $? = 0
configure:4037: result: yes
configure:4067: checking how to run the C preprocessor
configure:4098: arm-linux-androideabi-gcc --sysroot=/home/ddt/Documents/android-sdk/android-ndk-r9/platforms/android-9/arch-arm -E  -g -mfpu=vfpv3-d16 -mcpu=cortex-a8 -mthumb -mfloat-abi=softfp -O2 -I/home/ddt/Documents/android-sdk/android-ndk-r9/sources/cxx-stl/gnu-libstdc++/4.8/include -I/home/ddt/Documents/android-sdk/android-ndk-r9/sources/cxx-stl/gnu-libstdc++/4.8/libs/armeabi-v7a/include -I/home/ddt/Documents/VLC0924/android/vlc/contrib/arm-linux-androideabi/include conftest.c
configure:4098: $? = 0
configure:4112: arm-linux-androideabi-gcc --sysroot=/home/ddt/Documents/android-sdk/android-ndk-r9/platforms/android-9/arch-arm -E  -g -mfpu=vfpv3-d16 -mcpu=cortex-a8 -mthumb -mfloat-abi=softfp -O2 -I/home/ddt/Documents/android-sdk/android-ndk-r9/sources/cxx-stl/gnu-libstdc++/4.8/include -I/home/ddt/Documents/android-sdk/android-ndk-r9/sources/cxx-stl/gnu-libstdc++/4.8/libs/armeabi-v7a/include -I/home/ddt/Documents/VLC0924/android/vlc/contrib/arm-linux-androideabi/include conftest.c
conftest.c:11:28: fatal error: ac_nonexistent.h: No such file or directory
 #include <ac_nonexistent.h>
                            ^
compilation terminated.
configure:4112: $? = 1
configure: failed program was:
| /* confdefs.h */
| #define PACKAGE_NAME "libgpg-error"
| #define PACKAGE_TARNAME "libgpg-error"
| #define PACKAGE_VERSION "1.12"
| #define PACKAGE_STRING "libgpg-error 1.12"
| #define PACKAGE_BUGREPORT "http://bugs.gnupg.org"
| #define PACKAGE_URL ""
| #define PACKAGE "libgpg-error"
| #define VERSION "1.12"
| /* end confdefs.h.  */
| #include <ac_nonexistent.h>
configure:4137: result: arm-linux-androideabi-gcc --sysroot=/home/ddt/Documents/android-sdk/android-ndk-r9/platforms/android-9/arch-arm -E
configure:4157: arm-linux-androideabi-gcc --sysroot=/home/ddt/Documents/android-sdk/android-ndk-r9/platforms/android-9/arch-arm -E  -g -mfpu=vfpv3-d16 -mcpu=cortex-a8 -mthumb -mfloat-abi=softfp -O2 -I/home/ddt/Documents/android-sdk/android-ndk-r9/sources/cxx-stl/gnu-libstdc++/4.8/include -I/home/ddt/Documents/android-sdk/android-ndk-r9/sources/cxx-stl/gnu-libstdc++/4.8/libs/armeabi-v7a/include -I/home/ddt/Documents/VLC0924/android/vlc/contrib/arm-linux-androideabi/include conftest.c
configure:4157: $? = 0
configure:4171: arm-linux-androideabi-gcc --sysroot=/home/ddt/Documents/android-sdk/android-ndk-r9/platforms/android-9/arch-arm -E  -g -mfpu=vfpv3-d16 -mcpu=cortex-a8 -mthumb -mfloat-abi=softfp -O2 -I/home/ddt/Documents/android-sdk/android-ndk-r9/sources/cxx-stl/gnu-libstdc++/4.8/include -I/home/ddt/Documents/android-sdk/android-ndk-r9/sources/cxx-stl/gnu-libstdc++/4.8/libs/armeabi-v7a/include -I/home/ddt/Documents/VLC0924/android/vlc/contrib/arm-linux-androideabi/include conftest.c
conftest.c:11:28: fatal error: ac_nonexistent.h: No such file or directory
 #include <ac_nonexistent.h>
                            ^
compilation terminated.
configure:4171: $? = 1
configure: failed program was:
| /* confdefs.h */
| #define PACKAGE_NAME "libgpg-error"
| #define PACKAGE_TARNAME "libgpg-error"
| #define PACKAGE_VERSION "1.12"
| #define PACKAGE_STRING "libgpg-error 1.12"
| #define PACKAGE_BUGREPORT "http://bugs.gnupg.org"
| #define PACKAGE_URL ""
| #define PACKAGE "libgpg-error"
| #define VERSION "1.12"
| /* end confdefs.h.  */
| #include <ac_nonexistent.h>
configure:4203: checking for gawk
configure:4230: result: mawk
configure:4244: checking for arm-linux-androideabi-ar
configure:4271: result: arm-linux-androideabi-ar
configure:4335: checking for grep that handles long lines and -e
configure:4393: result: /bin/grep
configure:4398: checking for egrep
configure:4460: result: /bin/grep -E
configure:4465: checking for ANSI C header files
configure:4485: arm-linux-androideabi-gcc --sysroot=/home/ddt/Documents/android-sdk/android-ndk-r9/platforms/android-9/arch-arm -c  -g -mfpu=vfpv3-d16 -mcpu=cortex-a8 -mthumb -mfloat-abi=softfp -O2 -I/home/ddt/Documents/android-sdk/android-ndk-r9/sources/cxx-stl/gnu-libstdc++/4.8/include -I/home/ddt/Documents/android-sdk/android-ndk-r9/sources/cxx-stl/gnu-libstdc++/4.8/libs/armeabi-v7a/include -I/home/ddt/Documents/VLC0924/android/vlc/contrib/arm-linux-androideabi/include -g  -g -mfpu=vfpv3-d16 -mcpu=cortex-a8 -mthumb -mfloat-abi=softfp -O2 -I/home/ddt/Documents/android-sdk/android-ndk-r9/sources/cxx-stl/gnu-libstdc++/4.8/include -I/home/ddt/Documents/android-sdk/android-ndk-r9/sources/cxx-stl/gnu-libstdc++/4.8/libs/armeabi-v7a/include -I/home/ddt/Documents/VLC0924/android/vlc/contrib/arm-linux-androideabi/include conftest.c >&5
configure:4485: $? = 0
configure:4569: result: yes
configure:4582: checking for sys/types.h
configure:4582: arm-linux-androideabi-gcc --sysroot=/home/ddt/Documents/android-sdk/android-ndk-r9/platforms/android-9/arch-arm -c  -g -mfpu=vfpv3-d16 -mcpu=cortex-a8 -mthumb -mfloat-abi=softfp -O2 -I/home/ddt/Documents/android-sdk/android-ndk-r9/sources/cxx-stl/gnu-libstdc++/4.8/include -I/home/ddt/Documents/android-sdk/android-ndk-r9/sources/cxx-stl/gnu-libstdc++/4.8/libs/armeabi-v7a/include -I/home/ddt/Documents/VLC0924/android/vlc/contrib/arm-linux-androideabi/include -g  -g -mfpu=vfpv3-d16 -mcpu=cortex-a8 -mthumb -mfloat-abi=softfp -O2 -I/home/ddt/Documents/android-sdk/android-ndk-r9/sources/cxx-stl/gnu-libstdc++/4.8/include -I/home/ddt/Documents/android-sdk/android-ndk-r9/sources/cxx-stl/gnu-libstdc++/4.8/libs/armeabi-v7a/include -I/home/ddt/Documents/VLC0924/android/vlc/contrib/arm-linux-androideabi/include conftest.c >&5
configure:4582: $? = 0
configure:4582: result: yes
configure:4582: checking for sys/stat.h
configure:4582: arm-linux-androideabi-gcc --sysroot=/home/ddt/Documents/android-sdk/android-ndk-r9/platforms/android-9/arch-arm -c  -g -mfpu=vfpv3-d16 -mcpu=cortex-a8 -mthumb -mfloat-abi=softfp -O2 -I/home/ddt/Documents/android-sdk/android-ndk-r9/sources/cxx-stl/gnu-libstdc++/4.8/include -I/home/ddt/Documents/android-sdk/android-ndk-r9/sources/cxx-stl/gnu-libstdc++/4.8/libs/armeabi-v7a/include -I/home/ddt/Documents/VLC0924/android/vlc/contrib/arm-linux-androideabi/include -g  -g -mfpu=vfpv3-d16 -mcpu=cortex-a8 -mthumb -mfloat-abi=softfp -O2 -I/home/ddt/Documents/android-sdk/android-ndk-r9/sources/cxx-stl/gnu-libstdc++/4.8/include -I/home/ddt/Documents/android-sdk/android-ndk-r9/sources/cxx-stl/gnu-libstdc++/4.8/libs/armeabi-v7a/include -I/home/ddt/Documents/VLC0924/android/vlc/contrib/arm-linux-androideabi/include conftest.c >&5
configure:4582: $? = 0
configure:4582: result: yes
configure:4582: checking for stdlib.h
configure:4582: arm-linux-androideabi-gcc --sysroot=/home/ddt/Documents/android-sdk/android-ndk-r9/platforms/android-9/arch-arm -c  -g -mfpu=vfpv3-d16 -mcpu=cortex-a8 -mthumb -mfloat-abi=softfp -O2 -I/home/ddt/Documents/android-sdk/android-ndk-r9/sources/cxx-stl/gnu-libstdc++/4.8/include -I/home/ddt/Documents/android-sdk/android-ndk-r9/sources/cxx-stl/gnu-libstdc++/4.8/libs/armeabi-v7a/include -I/home/ddt/Documents/VLC0924/android/vlc/contrib/arm-linux-androideabi/include -g  -g -mfpu=vfpv3-d16 -mcpu=cortex-a8 -mthumb -mfloat-abi=softfp -O2 -I/home/ddt/Documents/android-sdk/android-ndk-r9/sources/cxx-stl/gnu-libstdc++/4.8/include -I/home/ddt/Documents/android-sdk/android-ndk-r9/sources/cxx-stl/gnu-libstdc++/4.8/libs/armeabi-v7a/include -I/home/ddt/Documents/VLC0924/android/vlc/contrib/arm-linux-androideabi/include conftest.c >&5
configure:4582: $? = 0
configure:4582: result: yes
configure:4582: checking for string.h
configure:4582: arm-linux-androideabi-gcc --sysroot=/home/ddt/Documents/android-sdk/android-ndk-r9/platforms/android-9/arch-arm -c  -g -mfpu=vfpv3-d16 -mcpu=cortex-a8 -mthumb -mfloat-abi=softfp -O2 -I/home/ddt/Documents/android-sdk/android-ndk-r9/sources/cxx-stl/gnu-libstdc++/4.8/include -I/home/ddt/Documents/android-sdk/android-ndk-r9/sources/cxx-stl/gnu-libstdc++/4.8/libs/armeabi-v7a/include -I/home/ddt/Documents/VLC0924/android/vlc/contrib/arm-linux-androideabi/include -g  -g -mfpu=vfpv3-d16 -mcpu=cortex-a8 -mthumb -mfloat-abi=softfp -O2 -I/home/ddt/Documents/android-sdk/android-ndk-r9/sources/cxx-stl/gnu-libstdc++/4.8/include -I/home/ddt/Documents/android-sdk/android-ndk-r9/sources/cxx-stl/gnu-libstdc++/4.8/libs/armeabi-v7a/include -I/home/ddt/Documents/VLC0924/android/vlc/contrib/arm-linux-androideabi/include conftest.c >&5
configure:4582: $? = 0
configure:4582: result: yes
configure:4582: checking for memory.h
configure:4582: arm-linux-androideabi-gcc --sysroot=/home/ddt/Documents/android-sdk/android-ndk-r9/platforms/android-9/arch-arm -c  -g -mfpu=vfpv3-d16 -mcpu=cortex-a8 -mthumb -mfloat-abi=softfp -O2 -I/home/ddt/Documents/android-sdk/android-ndk-r9/sources/cxx-stl/gnu-libstdc++/4.8/include -I/home/ddt/Documents/android-sdk/android-ndk-r9/sources/cxx-stl/gnu-libstdc++/4.8/libs/armeabi-v7a/include -I/home/ddt/Documents/VLC0924/android/vlc/contrib/arm-linux-androideabi/include -g  -g -mfpu=vfpv3-d16 -mcpu=cortex-a8 -mthumb -mfloat-abi=softfp -O2 -I/home/ddt/Documents/android-sdk/android-ndk-r9/sources/cxx-stl/gnu-libstdc++/4.8/include -I/home/ddt/Documents/android-sdk/android-ndk-r9/sources/cxx-stl/gnu-libstdc++/4.8/libs/armeabi-v7a/include -I/home/ddt/Documents/VLC0924/android/vlc/contrib/arm-linux-androideabi/include conftest.c >&5
configure:4582: $? = 0
configure:4582: result: yes
configure:4582: checking for strings.h
configure:4582: arm-linux-androideabi-gcc --sysroot=/home/ddt/Documents/android-sdk/android-ndk-r9/platforms/android-9/arch-arm -c  -g -mfpu=vfpv3-d16 -mcpu=cortex-a8 -mthumb -mfloat-abi=softfp -O2 -I/home/ddt/Documents/android-sdk/android-ndk-r9/sources/cxx-stl/gnu-libstdc++/4.8/include -I/home/ddt/Documents/android-sdk/android-ndk-r9/sources/cxx-stl/gnu-libstdc++/4.8/libs/armeabi-v7a/include -I/home/ddt/Documents/VLC0924/android/vlc/contrib/arm-linux-androideabi/include -g  -g -mfpu=vfpv3-d16 -mcpu=cortex-a8 -mthumb -mfloat-abi=softfp -O2 -I/home/ddt/Documents/android-sdk/android-ndk-r9/sources/cxx-stl/gnu-libstdc++/4.8/include -I/home/ddt/Documents/android-sdk/android-ndk-r9/sources/cxx-stl/gnu-libstdc++/4.8/libs/armeabi-v7a/include -I/home/ddt/Documents/VLC0924/android/vlc/contrib/arm-linux-androideabi/include conftest.c >&5
configure:4582: $? = 0
configure:4582: result: yes
configure:4582: checking for inttypes.h
configure:4582: arm-linux-androideabi-gcc --sysroot=/home/ddt/Documents/android-sdk/android-ndk-r9/platforms/android-9/arch-arm -c  -g -mfpu=vfpv3-d16 -mcpu=cortex-a8 -mthumb -mfloat-abi=softfp -O2 -I/home/ddt/Documents/android-sdk/android-ndk-r9/sources/cxx-stl/gnu-libstdc++/4.8/include -I/home/ddt/Documents/android-sdk/android-ndk-r9/sources/cxx-stl/gnu-libstdc++/4.8/libs/armeabi-v7a/include -I/home/ddt/Documents/VLC0924/android/vlc/contrib/arm-linux-androideabi/include -g  -g -mfpu=vfpv3-d16 -mcpu=cortex-a8 -mthumb -mfloat-abi=softfp -O2 -I/home/ddt/Documents/android-sdk/android-ndk-r9/sources/cxx-stl/gnu-libstdc++/4.8/include -I/home/ddt/Documents/android-sdk/android-ndk-r9/sources/cxx-stl/gnu-libstdc++/4.8/libs/armeabi-v7a/include -I/home/ddt/Documents/VLC0924/android/vlc/contrib/arm-linux-androideabi/include conftest.c >&5
configure:4582: $? = 0
configure:4582: result: yes
configure:4582: checking for stdint.h
configure:4582: arm-linux-androideabi-gcc --sysroot=/home/ddt/Documents/android-sdk/android-ndk-r9/platforms/android-9/arch-arm -c  -g -mfpu=vfpv3-d16 -mcpu=cortex-a8 -mthumb -mfloat-abi=softfp -O2 -I/home/ddt/Documents/android-sdk/android-ndk-r9/sources/cxx-stl/gnu-libstdc++/4.8/include -I/home/ddt/Documents/android-sdk/android-ndk-r9/sources/cxx-stl/gnu-libstdc++/4.8/libs/armeabi-v7a/include -I/home/ddt/Documents/VLC0924/android/vlc/contrib/arm-linux-androideabi/include -g  -g -mfpu=vfpv3-d16 -mcpu=cortex-a8 -mthumb -mfloat-abi=softfp -O2 -I/home/ddt/Documents/android-sdk/android-ndk-r9/sources/cxx-stl/gnu-libstdc++/4.8/include -I/home/ddt/Documents/android-sdk/android-ndk-r9/sources/cxx-stl/gnu-libstdc++/4.8/libs/armeabi-v7a/include -I/home/ddt/Documents/VLC0924/android/vlc/contrib/arm-linux-androideabi/include conftest.c >&5
configure:4582: $? = 0
configure:4582: result: yes
configure:4582: checking for unistd.h
configure:4582: arm-linux-androideabi-gcc --sysroot=/home/ddt/Documents/android-sdk/android-ndk-r9/platforms/android-9/arch-arm -c  -g -mfpu=vfpv3-d16 -mcpu=cortex-a8 -mthumb -mfloat-abi=softfp -O2 -I/home/ddt/Documents/android-sdk/android-ndk-r9/sources/cxx-stl/gnu-libstdc++/4.8/include -I/home/ddt/Documents/android-sdk/android-ndk-r9/sources/cxx-stl/gnu-libstdc++/4.8/libs/armeabi-v7a/include -I/home/ddt/Documents/VLC0924/android/vlc/contrib/arm-linux-androideabi/include -g  -g -mfpu=vfpv3-d16 -mcpu=cortex-a8 -mthumb -mfloat-abi=softfp -O2 -I/home/ddt/Documents/android-sdk/android-ndk-r9/sources/cxx-stl/gnu-libstdc++/4.8/include -I/home/ddt/Documents/android-sdk/android-ndk-r9/sources/cxx-stl/gnu-libstdc++/4.8/libs/armeabi-v7a/include -I/home/ddt/Documents/VLC0924/android/vlc/contrib/arm-linux-androideabi/include conftest.c >&5
configure:4582: $? = 0
configure:4582: result: yes
configure:4595: checking minix/config.h usability
configure:4595: arm-linux-androideabi-gcc --sysroot=/home/ddt/Documents/android-sdk/android-ndk-r9/platforms/android-9/arch-arm -c  -g -mfpu=vfpv3-d16 -mcpu=cortex-a8 -mthumb -mfloat-abi=softfp -O2 -I/home/ddt/Documents/android-sdk/android-ndk-r9/sources/cxx-stl/gnu-libstdc++/4.8/include -I/home/ddt/Documents/android-sdk/android-ndk-r9/sources/cxx-stl/gnu-libstdc++/4.8/libs/armeabi-v7a/include -I/home/ddt/Documents/VLC0924/android/vlc/contrib/arm-linux-androideabi/include -g  -g -mfpu=vfpv3-d16 -mcpu=cortex-a8 -mthumb -mfloat-abi=softfp -O2 -I/home/ddt/Documents/android-sdk/android-ndk-r9/sources/cxx-stl/gnu-libstdc++/4.8/include -I/home/ddt/Documents/android-sdk/android-ndk-r9/sources/cxx-stl/gnu-libstdc++/4.8/libs/armeabi-v7a/include -I/home/ddt/Documents/VLC0924/android/vlc/contrib/arm-linux-androideabi/include conftest.c >&5
conftest.c:54:26: fatal error: minix/config.h: No such file or directory
 #include <minix/config.h>
                          ^
compilation terminated.
configure:4595: $? = 1
configure: failed program was:
| /* confdefs.h */
| #define PACKAGE_NAME "libgpg-error"
| #define PACKAGE_TARNAME "libgpg-error"
| #define PACKAGE_VERSION "1.12"
| #define PACKAGE_STRING "libgpg-error 1.12"
| #define PACKAGE_BUGREPORT "http://bugs.gnupg.org"
| #define PACKAGE_URL ""
| #define PACKAGE "libgpg-error"
| #define VERSION "1.12"
| #define STDC_HEADERS 1
| #define HAVE_SYS_TYPES_H 1
| #define HAVE_SYS_STAT_H 1
| #define HAVE_STDLIB_H 1
| #define HAVE_STRING_H 1
| #define HAVE_MEMORY_H 1
| #define HAVE_STRINGS_H 1
| #define HAVE_INTTYPES_H 1
| #define HAVE_STDINT_H 1
| #define HAVE_UNISTD_H 1
| /* end confdefs.h.  */
| #include <stdio.h>
| #ifdef HAVE_SYS_TYPES_H
| # include <sys/types.h>
| #endif
| #ifdef HAVE_SYS_STAT_H
| # include <sys/stat.h>
| #endif
| #ifdef STDC_HEADERS
| # include <stdlib.h>
| # include <stddef.h>
| #else
| # ifdef HAVE_STDLIB_H
| #  include <stdlib.h>
| # endif
| #endif
| #ifdef HAVE_STRING_H
| # if !defined STDC_HEADERS && defined HAVE_MEMORY_H
| #  include <memory.h>
| # endif
| # include <string.h>
| #endif
| #ifdef HAVE_STRINGS_H
| # include <strings.h>
| #endif
| #ifdef HAVE_INTTYPES_H
| # include <inttypes.h>
| #endif
| #ifdef HAVE_STDINT_H
| # include <stdint.h>
| #endif
| #ifdef HAVE_UNISTD_H
| # include <unistd.h>
| #endif
| #include <minix/config.h>
configure:4595: result: no
configure:4595: checking minix/config.h presence
configure:4595: arm-linux-androideabi-gcc --sysroot=/home/ddt/Documents/android-sdk/android-ndk-r9/platforms/android-9/arch-arm -E  -g -mfpu=vfpv3-d16 -mcpu=cortex-a8 -mthumb -mfloat-abi=softfp -O2 -I/home/ddt/Documents/android-sdk/android-ndk-r9/sources/cxx-stl/gnu-libstdc++/4.8/include -I/home/ddt/Documents/android-sdk/android-ndk-r9/sources/cxx-stl/gnu-libstdc++/4.8/libs/armeabi-v7a/include -I/home/ddt/Documents/VLC0924/android/vlc/contrib/arm-linux-androideabi/include conftest.c
conftest.c:21:26: fatal error: minix/config.h: No such file or directory
 #include <minix/config.h>
                          ^
compilation terminated.
configure:4595: $? = 1
configure: failed program was:
| /* confdefs.h */
| #define PACKAGE_NAME "libgpg-error"
| #define PACKAGE_TARNAME "libgpg-error"
| #define PACKAGE_VERSION "1.12"
| #define PACKAGE_STRING "libgpg-error 1.12"
| #define PACKAGE_BUGREPORT "http://bugs.gnupg.org"
| #define PACKAGE_URL ""
| #define PACKAGE "libgpg-error"
| #define VERSION "1.12"
| #define STDC_HEADERS 1
| #define HAVE_SYS_TYPES_H 1
| #define HAVE_SYS_STAT_H 1
| #define HAVE_STDLIB_H 1
| #define HAVE_STRING_H 1
| #define HAVE_MEMORY_H 1
| #define HAVE_STRINGS_H 1
| #define HAVE_INTTYPES_H 1
| #define HAVE_STDINT_H 1
| #define HAVE_UNISTD_H 1
| /* end confdefs.h.  */
| #include <minix/config.h>
configure:4595: result: no
configure:4595: checking for minix/config.h
configure:4595: result: no
configure:4616: checking whether it is safe to define __EXTENSIONS__
configure:4634: arm-linux-androideabi-gcc --sysroot=/home/ddt/Documents/android-sdk/android-ndk-r9/platforms/android-9/arch-arm -c  -g -mfpu=vfpv3-d16 -mcpu=cortex-a8 -mthumb -mfloat-abi=softfp -O2 -I/home/ddt/Documents/android-sdk/android-ndk-r9/sources/cxx-stl/gnu-libstdc++/4.8/include -I/home/ddt/Documents/android-sdk/android-ndk-r9/sources/cxx-stl/gnu-libstdc++/4.8/libs/armeabi-v7a/include -I/home/ddt/Documents/VLC0924/android/vlc/contrib/arm-linux-androideabi/include -g  -g -mfpu=vfpv3-d16 -mcpu=cortex-a8 -mthumb -mfloat-abi=softfp -O2 -I/home/ddt/Documents/android-sdk/android-ndk-r9/sources/cxx-stl/gnu-libstdc++/4.8/include -I/home/ddt/Documents/android-sdk/android-ndk-r9/sources/cxx-stl/gnu-libstdc++/4.8/libs/armeabi-v7a/include -I/home/ddt/Documents/VLC0924/android/vlc/contrib/arm-linux-androideabi/include conftest.c >&5
configure:4634: $? = 0
configure:4641: result: yes
configure:4704: checking how to print strings
configure:4731: result: printf
configure:4752: checking for a sed that does not truncate output
configure:4816: result: /bin/sed
configure:4834: checking for fgrep
configure:4896: result: /bin/grep -F
configure:4931: checking for ld used by arm-linux-androideabi-gcc --sysroot=/home/ddt/Documents/android-sdk/android-ndk-r9/platforms/android-9/arch-arm
configure:4998: result: arm-linux-androideabi-ld
configure:5005: checking if the linker (arm-linux-androideabi-ld) is GNU ld
configure:5020: result: yes
configure:5032: checking for BSD- or MS-compatible name lister (nm)
configure:5081: result: /home/ddt/Documents/android-sdk/android-ndk-r9/toolchains/arm-linux-androideabi-4.8/prebuilt/linux-x86_64/bin/arm-linux-androideabi-nm -B
configure:5211: checking the name lister (/home/ddt/Documents/android-sdk/android-ndk-r9/toolchains/arm-linux-androideabi-4.8/prebuilt/linux-x86_64/bin/arm-linux-androideabi-nm -B) interface
configure:5218: arm-linux-androideabi-gcc --sysroot=/home/ddt/Documents/android-sdk/android-ndk-r9/platforms/android-9/arch-arm -c  -g -mfpu=vfpv3-d16 -mcpu=cortex-a8 -mthumb -mfloat-abi=softfp -O2 -I/home/ddt/Documents/android-sdk/android-ndk-r9/sources/cxx-stl/gnu-libstdc++/4.8/include -I/home/ddt/Documents/android-sdk/android-ndk-r9/sources/cxx-stl/gnu-libstdc++/4.8/libs/armeabi-v7a/include -I/home/ddt/Documents/VLC0924/android/vlc/contrib/arm-linux-androideabi/include -g  -g -mfpu=vfpv3-d16 -mcpu=cortex-a8 -mthumb -mfloat-abi=softfp -O2 -I/home/ddt/Documents/android-sdk/android-ndk-r9/sources/cxx-stl/gnu-libstdc++/4.8/include -I/home/ddt/Documents/android-sdk/android-ndk-r9/sources/cxx-stl/gnu-libstdc++/4.8/libs/armeabi-v7a/include -I/home/ddt/Documents/VLC0924/android/vlc/contrib/arm-linux-androideabi/include conftest.c >&5
configure:5221: /home/ddt/Documents/android-sdk/android-ndk-r9/toolchains/arm-linux-androideabi-4.8/prebuilt/linux-x86_64/bin/arm-linux-androideabi-nm -B "conftest.o"
configure:5224: output
00000000 B some_variable
configure:5231: result: BSD nm
configure:5234: checking whether ln -s works
configure:5238: result: yes
configure:5246: checking the maximum length of command line arguments
configure:5376: result: 3458764513820540925
configure:5393: checking whether the shell understands some XSI constructs
configure:5403: result: yes
configure:5407: checking whether the shell understands "+="
configure:5413: result: yes
configure:5448: checking how to convert x86_64-pc-linux-gnu file names to arm-unknown-linux-androideabi format
configure:5488: result: func_convert_file_noop
configure:5495: checking how to convert x86_64-pc-linux-gnu file names to toolchain format
configure:5515: result: func_convert_file_noop
configure:5522: checking for arm-linux-androideabi-ld option to reload object files
configure:5529: result: -r
configure:5563: checking for arm-linux-androideabi-objdump
configure:5579: found /home/ddt/Documents/android-sdk/android-ndk-r9/toolchains/arm-linux-androideabi-4.8/prebuilt/linux-x86_64/bin/arm-linux-androideabi-objdump
configure:5590: result: arm-linux-androideabi-objdump
configure:5659: checking how to recognize dependent libraries
configure:5861: result: pass_all
configure:5906: checking for arm-linux-androideabi-dlltool
configure:5936: result: no
configure:5946: checking for dlltool
configure:5976: result: no
configure:6003: checking how to associate runtime and link libraries
configure:6030: result: printf %s\n
configure:6046: checking for arm-linux-androideabi-ar
configure:6073: result: arm-linux-androideabi-ar
configure:6154: checking for archiver @FILE support
configure:6171: arm-linux-androideabi-gcc --sysroot=/home/ddt/Documents/android-sdk/android-ndk-r9/platforms/android-9/arch-arm -c  -g -mfpu=vfpv3-d16 -mcpu=cortex-a8 -mthumb -mfloat-abi=softfp -O2 -I/home/ddt/Documents/android-sdk/android-ndk-r9/sources/cxx-stl/gnu-libstdc++/4.8/include -I/home/ddt/Documents/android-sdk/android-ndk-r9/sources/cxx-stl/gnu-libstdc++/4.8/libs/armeabi-v7a/include -I/home/ddt/Documents/VLC0924/android/vlc/contrib/arm-linux-androideabi/include -g  -g -mfpu=vfpv3-d16 -mcpu=cortex-a8 -mthumb -mfloat-abi=softfp -O2 -I/home/ddt/Documents/android-sdk/android-ndk-r9/sources/cxx-stl/gnu-libstdc++/4.8/include -I/home/ddt/Documents/android-sdk/android-ndk-r9/sources/cxx-stl/gnu-libstdc++/4.8/libs/armeabi-v7a/include -I/home/ddt/Documents/VLC0924/android/vlc/contrib/arm-linux-androideabi/include conftest.c >&5
configure:6171: $? = 0
configure:6174: arm-linux-androideabi-ar cru libconftest.a @conftest.lst >&5
configure:6177: $? = 0
configure:6182: arm-linux-androideabi-ar cru libconftest.a @conftest.lst >&5
arm-linux-androideabi-ar: conftest.o: No such file or directory
configure:6185: $? = 1
configure:6197: result: @
configure:6215: checking for arm-linux-androideabi-strip
configure:6242: result: arm-linux-androideabi-strip
configure:6314: checking for arm-linux-androideabi-ranlib
configure:6341: result: arm-linux-androideabi-ranlib
configure:6483: checking command to parse /home/ddt/Documents/android-sdk/android-ndk-r9/toolchains/arm-linux-androideabi-4.8/prebuilt/linux-x86_64/bin/arm-linux-androideabi-nm -B output from arm-linux-androideabi-gcc --sysroot=/home/ddt/Documents/android-sdk/android-ndk-r9/platforms/android-9/arch-arm object
configure:6603: arm-linux-androideabi-gcc --sysroot=/home/ddt/Documents/android-sdk/android-ndk-r9/platforms/android-9/arch-arm -c  -g -mfpu=vfpv3-d16 -mcpu=cortex-a8 -mthumb -mfloat-abi=softfp -O2 -I/home/ddt/Documents/android-sdk/android-ndk-r9/sources/cxx-stl/gnu-libstdc++/4.8/include -I/home/ddt/Documents/android-sdk/android-ndk-r9/sources/cxx-stl/gnu-libstdc++/4.8/libs/armeabi-v7a/include -I/home/ddt/Documents/VLC0924/android/vlc/contrib/arm-linux-androideabi/include -g  -g -mfpu=vfpv3-d16 -mcpu=cortex-a8 -mthumb -mfloat-abi=softfp -O2 -I/home/ddt/Documents/android-sdk/android-ndk-r9/sources/cxx-stl/gnu-libstdc++/4.8/include -I/home/ddt/Documents/android-sdk/android-ndk-r9/sources/cxx-stl/gnu-libstdc++/4.8/libs/armeabi-v7a/include -I/home/ddt/Documents/VLC0924/android/vlc/contrib/arm-linux-androideabi/include conftest.c >&5
configure:6606: $? = 0
configure:6610: /home/ddt/Documents/android-sdk/android-ndk-r9/toolchains/arm-linux-androideabi-4.8/prebuilt/linux-x86_64/bin/arm-linux-androideabi-nm -B conftest.o \| sed -n -e 's/^.*[ ]\([ABCDGIRSTW][ABCDGIRSTW]*\)[ ][ ]*\([_A-Za-z][_A-Za-z0-9]*\)$/\1 \2 \2/p' | sed '/ __gnu_lto/d' \> conftest.nm
configure:6613: $? = 0
configure:6679: arm-linux-androideabi-gcc --sysroot=/home/ddt/Documents/android-sdk/android-ndk-r9/platforms/android-9/arch-arm -o conftest  -g -mfpu=vfpv3-d16 -mcpu=cortex-a8 -mthumb -mfloat-abi=softfp -O2 -I/home/ddt/Documents/android-sdk/android-ndk-r9/sources/cxx-stl/gnu-libstdc++/4.8/include -I/home/ddt/Documents/android-sdk/android-ndk-r9/sources/cxx-stl/gnu-libstdc++/4.8/libs/armeabi-v7a/include -I/home/ddt/Documents/VLC0924/android/vlc/contrib/arm-linux-androideabi/include -g  -g -mfpu=vfpv3-d16 -mcpu=cortex-a8 -mthumb -mfloat-abi=softfp -O2 -I/home/ddt/Documents/android-sdk/android-ndk-r9/sources/cxx-stl/gnu-libstdc++/4.8/include -I/home/ddt/Documents/android-sdk/android-ndk-r9/sources/cxx-stl/gnu-libstdc++/4.8/libs/armeabi-v7a/include -I/home/ddt/Documents/VLC0924/android/vlc/contrib/arm-linux-androideabi/include  -L/home/ddt/Documents/VLC0924/android/vlc/contrib/arm-linux-androideabi/lib conftest.c conftstm.o >&5
configure:6682: $? = 0
configure:6720: result: ok
configure:6757: checking for sysroot
configure:6787: result: no
configure:7003: checking for arm-linux-androideabi-mt
configure:7033: result: no
configure:7043: checking for mt
configure:7059: found /bin/mt
configure:7070: result: mt
configure:7082: WARNING: using cross tools not prefixed with host triplet
configure:7093: checking if mt is a manifest tool
configure:7099: mt '-?'
configure:7107: result: no
configure:7746: checking for dlfcn.h
configure:7746: arm-linux-androideabi-gcc --sysroot=/home/ddt/Documents/android-sdk/android-ndk-r9/platforms/android-9/arch-arm -c  -g -mfpu=vfpv3-d16 -mcpu=cortex-a8 -mthumb -mfloat-abi=softfp -O2 -I/home/ddt/Documents/android-sdk/android-ndk-r9/sources/cxx-stl/gnu-libstdc++/4.8/include -I/home/ddt/Documents/android-sdk/android-ndk-r9/sources/cxx-stl/gnu-libstdc++/4.8/libs/armeabi-v7a/include -I/home/ddt/Documents/VLC0924/android/vlc/contrib/arm-linux-androideabi/include -g  -g -mfpu=vfpv3-d16 -mcpu=cortex-a8 -mthumb -mfloat-abi=softfp -O2 -I/home/ddt/Documents/android-sdk/android-ndk-r9/sources/cxx-stl/gnu-libstdc++/4.8/include -I/home/ddt/Documents/android-sdk/android-ndk-r9/sources/cxx-stl/gnu-libstdc++/4.8/libs/armeabi-v7a/include -I/home/ddt/Documents/VLC0924/android/vlc/contrib/arm-linux-androideabi/include conftest.c >&5
configure:7746: $? = 0
configure:7746: result: yes
configure:8249: checking for objdir
configure:8264: result: .libs
configure:8535: checking if arm-linux-androideabi-gcc --sysroot=/home/ddt/Documents/android-sdk/android-ndk-r9/platforms/android-9/arch-arm supports -fno-rtti -fno-exceptions
configure:8553: arm-linux-androideabi-gcc --sysroot=/home/ddt/Documents/android-sdk/android-ndk-r9/platforms/android-9/arch-arm -c  -g -mfpu=vfpv3-d16 -mcpu=cortex-a8 -mthumb -mfloat-abi=softfp -O2 -I/home/ddt/Documents/android-sdk/android-ndk-r9/sources/cxx-stl/gnu-libstdc++/4.8/include -I/home/ddt/Documents/android-sdk/android-ndk-r9/sources/cxx-stl/gnu-libstdc++/4.8/libs/armeabi-v7a/include -I/home/ddt/Documents/VLC0924/android/vlc/contrib/arm-linux-androideabi/include -g  -g -mfpu=vfpv3-d16 -mcpu=cortex-a8 -mthumb -mfloat-abi=softfp -O2 -I/home/ddt/Documents/android-sdk/android-ndk-r9/sources/cxx-stl/gnu-libstdc++/4.8/include -I/home/ddt/Documents/android-sdk/android-ndk-r9/sources/cxx-stl/gnu-libstdc++/4.8/libs/armeabi-v7a/include -I/home/ddt/Documents/VLC0924/android/vlc/contrib/arm-linux-androideabi/include -fno-rtti -fno-exceptions conftest.c >&5
cc1: warning: command line option '-fno-rtti' is valid for C++/ObjC++ but not for C [enabled by default]
configure:8557: $? = 0
configure:8570: result: no
configure:8897: checking for arm-linux-androideabi-gcc --sysroot=/home/ddt/Documents/android-sdk/android-ndk-r9/platforms/android-9/arch-arm option to produce PIC
configure:8904: result: -fPIC -DPIC
configure:8912: checking if arm-linux-androideabi-gcc --sysroot=/home/ddt/Documents/android-sdk/android-ndk-r9/platforms/android-9/arch-arm PIC flag -fPIC -DPIC works
configure:8930: arm-linux-androideabi-gcc --sysroot=/home/ddt/Documents/android-sdk/android-ndk-r9/platforms/android-9/arch-arm -c  -g -mfpu=vfpv3-d16 -mcpu=cortex-a8 -mthumb -mfloat-abi=softfp -O2 -I/home/ddt/Documents/android-sdk/android-ndk-r9/sources/cxx-stl/gnu-libstdc++/4.8/include -I/home/ddt/Documents/android-sdk/android-ndk-r9/sources/cxx-stl/gnu-libstdc++/4.8/libs/armeabi-v7a/include -I/home/ddt/Documents/VLC0924/android/vlc/contrib/arm-linux-androideabi/include -g  -g -mfpu=vfpv3-d16 -mcpu=cortex-a8 -mthumb -mfloat-abi=softfp -O2 -I/home/ddt/Documents/android-sdk/android-ndk-r9/sources/cxx-stl/gnu-libstdc++/4.8/include -I/home/ddt/Documents/android-sdk/android-ndk-r9/sources/cxx-stl/gnu-libstdc++/4.8/libs/armeabi-v7a/include -I/home/ddt/Documents/VLC0924/android/vlc/contrib/arm-linux-androideabi/include -fPIC -DPIC -DPIC conftest.c >&5
configure:8934: $? = 0
configure:8947: result: yes
configure:8976: checking if arm-linux-androideabi-gcc --sysroot=/home/ddt/Documents/android-sdk/android-ndk-r9/platforms/android-9/arch-arm static flag -static works
configure:9004: result: yes
configure:9019: checking if arm-linux-androideabi-gcc --sysroot=/home/ddt/Documents/android-sdk/android-ndk-r9/platforms/android-9/arch-arm supports -c -o file.o
configure:9040: arm-linux-androideabi-gcc --sysroot=/home/ddt/Documents/android-sdk/android-ndk-r9/platforms/android-9/arch-arm -c  -g -mfpu=vfpv3-d16 -mcpu=cortex-a8 -mthumb -mfloat-abi=softfp -O2 -I/home/ddt/Documents/android-sdk/android-ndk-r9/sources/cxx-stl/gnu-libstdc++/4.8/include -I/home/ddt/Documents/android-sdk/android-ndk-r9/sources/cxx-stl/gnu-libstdc++/4.8/libs/armeabi-v7a/include -I/home/ddt/Documents/VLC0924/android/vlc/contrib/arm-linux-androideabi/include -g  -g -mfpu=vfpv3-d16 -mcpu=cortex-a8 -mthumb -mfloat-abi=softfp -O2 -I/home/ddt/Documents/android-sdk/android-ndk-r9/sources/cxx-stl/gnu-libstdc++/4.8/include -I/home/ddt/Documents/android-sdk/android-ndk-r9/sources/cxx-stl/gnu-libstdc++/4.8/libs/armeabi-v7a/include -I/home/ddt/Documents/VLC0924/android/vlc/contrib/arm-linux-androideabi/include -o out/conftest2.o conftest.c >&5
configure:9044: $? = 0
configure:9066: result: yes
configure:9074: checking if arm-linux-androideabi-gcc --sysroot=/home/ddt/Documents/android-sdk/android-ndk-r9/platforms/android-9/arch-arm supports -c -o file.o
configure:9121: result: yes
configure:9154: checking whether the arm-linux-androideabi-gcc --sysroot=/home/ddt/Documents/android-sdk/android-ndk-r9/platforms/android-9/arch-arm linker (arm-linux-androideabi-ld) supports shared libraries
configure:10311: result: yes
configure:10551: checking dynamic linker characteristics
configure:11062: arm-linux-androideabi-gcc --sysroot=/home/ddt/Documents/android-sdk/android-ndk-r9/platforms/android-9/arch-arm -o conftest  -g -mfpu=vfpv3-d16 -mcpu=cortex-a8 -mthumb -mfloat-abi=softfp -O2 -I/home/ddt/Documents/android-sdk/android-ndk-r9/sources/cxx-stl/gnu-libstdc++/4.8/include -I/home/ddt/Documents/android-sdk/android-ndk-r9/sources/cxx-stl/gnu-libstdc++/4.8/libs/armeabi-v7a/include -I/home/ddt/Documents/VLC0924/android/vlc/contrib/arm-linux-androideabi/include -g  -g -mfpu=vfpv3-d16 -mcpu=cortex-a8 -mthumb -mfloat-abi=softfp -O2 -I/home/ddt/Documents/android-sdk/android-ndk-r9/sources/cxx-stl/gnu-libstdc++/4.8/include -I/home/ddt/Documents/android-sdk/android-ndk-r9/sources/cxx-stl/gnu-libstdc++/4.8/libs/armeabi-v7a/include -I/home/ddt/Documents/VLC0924/android/vlc/contrib/arm-linux-androideabi/include  -L/home/ddt/Documents/VLC0924/android/vlc/contrib/arm-linux-androideabi/lib -Wl,-rpath -Wl,/foo conftest.c  >&5
configure:11062: $? = 0
configure:11296: result: GNU/Linux ld.so
configure:11403: checking how to hardcode library paths into programs
configure:11428: result: immediate
configure:11968: checking whether stripping libraries is possible
configure:11973: result: yes
configure:12008: checking if libtool supports shared libraries
configure:12010: result: yes
configure:12013: checking whether to build shared libraries
configure:12034: result: no
configure:12037: checking whether to build static libraries
configure:12041: result: yes
configure:12081: checking for arm-linux-androideabi-windres
configure:12111: result: no
configure:12121: checking for windres
configure:12151: result: no
configure:12258: checking for cc for build
configure:12265: result: cc
configure:12297: checking whether NLS is requested
configure:12306: result: no
configure:12347: checking for msgfmt
configure: trying /usr/bin/msgfmt...
0 translated messages.
configure:12379: result: /usr/bin/msgfmt
configure:12388: checking for gmsgfmt
configure:12419: result: /usr/bin/msgfmt
configure:12470: checking for xgettext
configure: trying /usr/bin/xgettext...
/usr/bin/xgettext: warning: file `/dev/null' extension `' is unknown; will try C
configure:12502: result: /usr/bin/xgettext
configure:12548: checking for msgmerge
configure: trying /usr/bin/msgmerge...
configure:12579: result: /usr/bin/msgmerge
configure:12636: checking for ld used by GCC
configure:12700: result: arm-linux-androideabi-ld
configure:12707: checking if the linker (arm-linux-androideabi-ld) is GNU ld
configure:12720: result: yes
configure:12727: checking for shared library run path origin
configure:12740: result: done
configure:13241: checking for CFPreferencesCopyAppValue
configure:13259: arm-linux-androideabi-gcc --sysroot=/home/ddt/Documents/android-sdk/android-ndk-r9/platforms/android-9/arch-arm -o conftest  -g -mfpu=vfpv3-d16 -mcpu=cortex-a8 -mthumb -mfloat-abi=softfp -O2 -I/home/ddt/Documents/android-sdk/android-ndk-r9/sources/cxx-stl/gnu-libstdc++/4.8/include -I/home/ddt/Documents/android-sdk/android-ndk-r9/sources/cxx-stl/gnu-libstdc++/4.8/libs/armeabi-v7a/include -I/home/ddt/Documents/VLC0924/android/vlc/contrib/arm-linux-androideabi/include -g  -g -mfpu=vfpv3-d16 -mcpu=cortex-a8 -mthumb -mfloat-abi=softfp -O2 -I/home/ddt/Documents/android-sdk/android-ndk-r9/sources/cxx-stl/gnu-libstdc++/4.8/include -I/home/ddt/Documents/android-sdk/android-ndk-r9/sources/cxx-stl/gnu-libstdc++/4.8/libs/armeabi-v7a/include -I/home/ddt/Documents/VLC0924/android/vlc/contrib/arm-linux-androideabi/include  -L/home/ddt/Documents/VLC0924/android/vlc/contrib/arm-linux-androideabi/lib conftest.c  -Wl,-framework -Wl,CoreFoundation >&5
conftest.c:28:42: fatal error: CoreFoundation/CFPreferences.h: No such file or directory
 #include <CoreFoundation/CFPreferences.h>
                                          ^
compilation terminated.
configure:13259: $? = 1
configure: failed program was:
| /* confdefs.h */
| #define PACKAGE_NAME "libgpg-error"
| #define PACKAGE_TARNAME "libgpg-error"
| #define PACKAGE_VERSION "1.12"
| #define PACKAGE_STRING "libgpg-error 1.12"
| #define PACKAGE_BUGREPORT "http://bugs.gnupg.org"
| #define PACKAGE_URL ""
| #define PACKAGE "libgpg-error"
| #define VERSION "1.12"
| #define STDC_HEADERS 1
| #define HAVE_SYS_TYPES_H 1
| #define HAVE_SYS_STAT_H 1
| #define HAVE_STDLIB_H 1
| #define HAVE_STRING_H 1
| #define HAVE_MEMORY_H 1
| #define HAVE_STRINGS_H 1
| #define HAVE_INTTYPES_H 1
| #define HAVE_STDINT_H 1
| #define HAVE_UNISTD_H 1
| #define __EXTENSIONS__ 1
| #define _ALL_SOURCE 1
| #define _GNU_SOURCE 1
| #define _POSIX_PTHREAD_SEMANTICS 1
| #define _TANDEM_SOURCE 1
| #define HAVE_DLFCN_H 1
| #define LT_OBJDIR ".libs/"
| /* end confdefs.h.  */
| #include <CoreFoundation/CFPreferences.h>
| int
| main ()
| {
| CFPreferencesCopyAppValue(NULL, NULL)
|   ;
|   return 0;
| }
configure:13268: result: no
configure:13275: checking for CFLocaleCopyCurrent
configure:13293: arm-linux-androideabi-gcc --sysroot=/home/ddt/Documents/android-sdk/android-ndk-r9/platforms/android-9/arch-arm -o conftest  -g -mfpu=vfpv3-d16 -mcpu=cortex-a8 -mthumb -mfloat-abi=softfp -O2 -I/home/ddt/Documents/android-sdk/android-ndk-r9/sources/cxx-stl/gnu-libstdc++/4.8/include -I/home/ddt/Documents/android-sdk/android-ndk-r9/sources/cxx-stl/gnu-libstdc++/4.8/libs/armeabi-v7a/include -I/home/ddt/Documents/VLC0924/android/vlc/contrib/arm-linux-androideabi/include -g  -g -mfpu=vfpv3-d16 -mcpu=cortex-a8 -mthumb -mfloat-abi=softfp -O2 -I/home/ddt/Documents/android-sdk/android-ndk-r9/sources/cxx-stl/gnu-libstdc++/4.8/include -I/home/ddt/Documents/android-sdk/android-ndk-r9/sources/cxx-stl/gnu-libstdc++/4.8/libs/armeabi-v7a/include -I/home/ddt/Documents/VLC0924/android/vlc/contrib/arm-linux-androideabi/include  -L/home/ddt/Documents/VLC0924/android/vlc/contrib/arm-linux-androideabi/lib conftest.c  -Wl,-framework -Wl,CoreFoundation >&5
conftest.c:28:37: fatal error: CoreFoundation/CFLocale.h: No such file or directory
 #include <CoreFoundation/CFLocale.h>
                                     ^
compilation terminated.
configure:13293: $? = 1
configure: failed program was:
| /* confdefs.h */
| #define PACKAGE_NAME "libgpg-error"
| #define PACKAGE_TARNAME "libgpg-error"
| #define PACKAGE_VERSION "1.12"
| #define PACKAGE_STRING "libgpg-error 1.12"
| #define PACKAGE_BUGREPORT "http://bugs.gnupg.org"
| #define PACKAGE_URL ""
| #define PACKAGE "libgpg-error"
| #define VERSION "1.12"
| #define STDC_HEADERS 1
| #define HAVE_SYS_TYPES_H 1
| #define HAVE_SYS_STAT_H 1
| #define HAVE_STDLIB_H 1
| #define HAVE_STRING_H 1
| #define HAVE_MEMORY_H 1
| #define HAVE_STRINGS_H 1
| #define HAVE_INTTYPES_H 1
| #define HAVE_STDINT_H 1
| #define HAVE_UNISTD_H 1
| #define __EXTENSIONS__ 1
| #define _ALL_SOURCE 1
| #define _GNU_SOURCE 1
| #define _POSIX_PTHREAD_SEMANTICS 1
| #define _TANDEM_SOURCE 1
| #define HAVE_DLFCN_H 1
| #define LT_OBJDIR ".libs/"
| /* end confdefs.h.  */
| #include <CoreFoundation/CFLocale.h>
| int
| main ()
| {
| CFLocaleCopyCurrent();
|   ;
|   return 0;
| }
configure:13302: result: no
configure:14126: checking whether to use NLS
configure:14128: result: no
configure:14201: checking for ANSI C header files
configure:14305: result: yes
configure:14316: checking for stdlib.h
configure:14316: result: yes
configure:14316: checking locale.h usability
configure:14316: arm-linux-androideabi-gcc --sysroot=/home/ddt/Documents/android-sdk/android-ndk-r9/platforms/android-9/arch-arm -c  -g -mfpu=vfpv3-d16 -mcpu=cortex-a8 -mthumb -mfloat-abi=softfp -O2 -I/home/ddt/Documents/android-sdk/android-ndk-r9/sources/cxx-stl/gnu-libstdc++/4.8/include -I/home/ddt/Documents/android-sdk/android-ndk-r9/sources/cxx-stl/gnu-libstdc++/4.8/libs/armeabi-v7a/include -I/home/ddt/Documents/VLC0924/android/vlc/contrib/arm-linux-androideabi/include -g  -g -mfpu=vfpv3-d16 -mcpu=cortex-a8 -mthumb -mfloat-abi=softfp -O2 -I/home/ddt/Documents/android-sdk/android-ndk-r9/sources/cxx-stl/gnu-libstdc++/4.8/include -I/home/ddt/Documents/android-sdk/android-ndk-r9/sources/cxx-stl/gnu-libstdc++/4.8/libs/armeabi-v7a/include -I/home/ddt/Documents/VLC0924/android/vlc/contrib/arm-linux-androideabi/include conftest.c >&5
configure:14316: $? = 0
configure:14316: result: yes
configure:14316: checking locale.h presence
configure:14316: arm-linux-androideabi-gcc --sysroot=/home/ddt/Documents/android-sdk/android-ndk-r9/platforms/android-9/arch-arm -E  -g -mfpu=vfpv3-d16 -mcpu=cortex-a8 -mthumb -mfloat-abi=softfp -O2 -I/home/ddt/Documents/android-sdk/android-ndk-r9/sources/cxx-stl/gnu-libstdc++/4.8/include -I/home/ddt/Documents/android-sdk/android-ndk-r9/sources/cxx-stl/gnu-libstdc++/4.8/libs/armeabi-v7a/include -I/home/ddt/Documents/VLC0924/android/vlc/contrib/arm-linux-androideabi/include conftest.c
configure:14316: $? = 0
configure:14316: result: yes
configure:14316: checking for locale.h
configure:14316: result: yes
configure:14326: checking whether strerror_r is declared
configure:14326: arm-linux-androideabi-gcc --sysroot=/home/ddt/Documents/android-sdk/android-ndk-r9/platforms/android-9/arch-arm -c  -g -mfpu=vfpv3-d16 -mcpu=cortex-a8 -mthumb -mfloat-abi=softfp -O2 -I/home/ddt/Documents/android-sdk/android-ndk-r9/sources/cxx-stl/gnu-libstdc++/4.8/include -I/home/ddt/Documents/android-sdk/android-ndk-r9/sources/cxx-stl/gnu-libstdc++/4.8/libs/armeabi-v7a/include -I/home/ddt/Documents/VLC0924/android/vlc/contrib/arm-linux-androideabi/include -g  -g -mfpu=vfpv3-d16 -mcpu=cortex-a8 -mthumb -mfloat-abi=softfp -O2 -I/home/ddt/Documents/android-sdk/android-ndk-r9/sources/cxx-stl/gnu-libstdc++/4.8/include -I/home/ddt/Documents/android-sdk/android-ndk-r9/sources/cxx-stl/gnu-libstdc++/4.8/libs/armeabi-v7a/include -I/home/ddt/Documents/VLC0924/android/vlc/contrib/arm-linux-androideabi/include conftest.c >&5
configure:14326: $? = 0
configure:14326: result: yes
configure:14339: checking for strerror_r
configure:14339: arm-linux-androideabi-gcc --sysroot=/home/ddt/Documents/android-sdk/android-ndk-r9/platforms/android-9/arch-arm -o conftest  -g -mfpu=vfpv3-d16 -mcpu=cortex-a8 -mthumb -mfloat-abi=softfp -O2 -I/home/ddt/Documents/android-sdk/android-ndk-r9/sources/cxx-stl/gnu-libstdc++/4.8/include -I/home/ddt/Documents/android-sdk/android-ndk-r9/sources/cxx-stl/gnu-libstdc++/4.8/libs/armeabi-v7a/include -I/home/ddt/Documents/VLC0924/android/vlc/contrib/arm-linux-androideabi/include -g  -g -mfpu=vfpv3-d16 -mcpu=cortex-a8 -mthumb -mfloat-abi=softfp -O2 -I/home/ddt/Documents/android-sdk/android-ndk-r9/sources/cxx-stl/gnu-libstdc++/4.8/include -I/home/ddt/Documents/android-sdk/android-ndk-r9/sources/cxx-stl/gnu-libstdc++/4.8/libs/armeabi-v7a/include -I/home/ddt/Documents/VLC0924/android/vlc/contrib/arm-linux-androideabi/include  -L/home/ddt/Documents/VLC0924/android/vlc/contrib/arm-linux-androideabi/lib conftest.c  >&5
configure:14339: $? = 0
configure:14339: result: yes
configure:14348: checking whether strerror_r returns char *
configure:14372: arm-linux-androideabi-gcc --sysroot=/home/ddt/Documents/android-sdk/android-ndk-r9/platforms/android-9/arch-arm -c  -g -mfpu=vfpv3-d16 -mcpu=cortex-a8 -mthumb -mfloat-abi=softfp -O2 -I/home/ddt/Documents/android-sdk/android-ndk-r9/sources/cxx-stl/gnu-libstdc++/4.8/include -I/home/ddt/Documents/android-sdk/android-ndk-r9/sources/cxx-stl/gnu-libstdc++/4.8/libs/armeabi-v7a/include -I/home/ddt/Documents/VLC0924/android/vlc/contrib/arm-linux-androideabi/include -g  -g -mfpu=vfpv3-d16 -mcpu=cortex-a8 -mthumb -mfloat-abi=softfp -O2 -I/home/ddt/Documents/android-sdk/android-ndk-r9/sources/cxx-stl/gnu-libstdc++/4.8/include -I/home/ddt/Documents/android-sdk/android-ndk-r9/sources/cxx-stl/gnu-libstdc++/4.8/libs/armeabi-v7a/include -I/home/ddt/Documents/VLC0924/android/vlc/contrib/arm-linux-androideabi/include conftest.c >&5
conftest.c: In function 'main':
conftest.c:71:13: error: invalid type argument of unary '*' (have 'int')
    char x = *strerror_r (0, buf, sizeof buf);
             ^
conftest.c:72:14: warning: initialization makes pointer from integer without a cast [enabled by default]
    char *p = strerror_r (0, buf, sizeof buf);
              ^
configure:14372: $? = 1
configure: failed program was:
| /* confdefs.h */
| #define PACKAGE_NAME "libgpg-error"
| #define PACKAGE_TARNAME "libgpg-error"
| #define PACKAGE_VERSION "1.12"
| #define PACKAGE_STRING "libgpg-error 1.12"
| #define PACKAGE_BUGREPORT "http://bugs.gnupg.org"
| #define PACKAGE_URL ""
| #define PACKAGE "libgpg-error"
| #define VERSION "1.12"
| #define STDC_HEADERS 1
| #define HAVE_SYS_TYPES_H 1
| #define HAVE_SYS_STAT_H 1
| #define HAVE_STDLIB_H 1
| #define HAVE_STRING_H 1
| #define HAVE_MEMORY_H 1
| #define HAVE_STRINGS_H 1
| #define HAVE_INTTYPES_H 1
| #define HAVE_STDINT_H 1
| #define HAVE_UNISTD_H 1
| #define __EXTENSIONS__ 1
| #define _ALL_SOURCE 1
| #define _GNU_SOURCE 1
| #define _POSIX_PTHREAD_SEMANTICS 1
| #define _TANDEM_SOURCE 1
| #define HAVE_DLFCN_H 1
| #define LT_OBJDIR ".libs/"
| #define STDC_HEADERS 1
| #define HAVE_STDLIB_H 1
| #define HAVE_LOCALE_H 1
| #define HAVE_DECL_STRERROR_R 1
| #define HAVE_STRERROR_R 1
| /* end confdefs.h.  */
| #include <stdio.h>
| #ifdef HAVE_SYS_TYPES_H
| # include <sys/types.h>
| #endif
| #ifdef HAVE_SYS_STAT_H
| # include <sys/stat.h>
| #endif
| #ifdef STDC_HEADERS
| # include <stdlib.h>
| # include <stddef.h>
| #else
| # ifdef HAVE_STDLIB_H
| #  include <stdlib.h>
| # endif
| #endif
| #ifdef HAVE_STRING_H
| # if !defined STDC_HEADERS && defined HAVE_MEMORY_H
| #  include <memory.h>
| # endif
| # include <string.h>
| #endif
| #ifdef HAVE_STRINGS_H
| # include <strings.h>
| #endif
| #ifdef HAVE_INTTYPES_H
| # include <inttypes.h>
| #endif
| #ifdef HAVE_STDINT_H
| # include <stdint.h>
| #endif
| #ifdef HAVE_UNISTD_H
| # include <unistd.h>
| #endif
| int
| main ()
| {
| 
| 	  char buf[100];
| 	  char x = *strerror_r (0, buf, sizeof buf);
| 	  char *p = strerror_r (0, buf, sizeof buf);
| 	  return !p || x;
| 
|   ;
|   return 0;
| }
configure:14410: result: no
configure:14424: checking for strerror_r
configure:14424: result: yes
configure:14436: checking for an ANSI C-conforming const
configure:14502: arm-linux-androideabi-gcc --sysroot=/home/ddt/Documents/android-sdk/android-ndk-r9/platforms/android-9/arch-arm -c  -g -mfpu=vfpv3-d16 -mcpu=cortex-a8 -mthumb -mfloat-abi=softfp -O2 -I/home/ddt/Documents/android-sdk/android-ndk-r9/sources/cxx-stl/gnu-libstdc++/4.8/include -I/home/ddt/Documents/android-sdk/android-ndk-r9/sources/cxx-stl/gnu-libstdc++/4.8/libs/armeabi-v7a/include -I/home/ddt/Documents/VLC0924/android/vlc/contrib/arm-linux-androideabi/include -g  -g -mfpu=vfpv3-d16 -mcpu=cortex-a8 -mthumb -mfloat-abi=softfp -O2 -I/home/ddt/Documents/android-sdk/android-ndk-r9/sources/cxx-stl/gnu-libstdc++/4.8/include -I/home/ddt/Documents/android-sdk/android-ndk-r9/sources/cxx-stl/gnu-libstdc++/4.8/libs/armeabi-v7a/include -I/home/ddt/Documents/VLC0924/android/vlc/contrib/arm-linux-androideabi/include conftest.c >&5
configure:14502: $? = 0
configure:14509: result: yes
configure:14776: creating ./config.status

## ---------------------- ##
## Running config.status. ##
## ---------------------- ##

This file was extended by libgpg-error config.status 1.12, which was
generated by GNU Autoconf 2.69.  Invocation command line was

  CONFIG_FILES    = 
  CONFIG_HEADERS  = 
  CONFIG_LINKS    = 
  CONFIG_COMMANDS = 
  $ ./config.status 

on ubuntu

config.status:1196: creating Makefile
config.status:1196: creating po/Makefile.in
config.status:1196: creating m4/Makefile
config.status:1196: creating src/Makefile
config.status:1196: creating tests/Makefile
config.status:1196: creating lang/Makefile
config.status:1196: creating lang/cl/Makefile
config.status:1196: creating lang/cl/gpg-error.asd
config.status:1196: creating src/versioninfo.rc
config.status:1196: creating src/gpg-error-config
config.status:1196: creating config.h
config.status:1425: executing depfiles commands
config.status:1425: executing libtool commands
config.status:1425: executing po-directories commands

## ---------------- ##
## Cache variables. ##
## ---------------- ##

ac_cv_build=x86_64-pc-linux-gnu
ac_cv_c_compiler_gnu=yes
ac_cv_c_const=yes
ac_cv_env_CC_FOR_BUILD_set=
ac_cv_env_CC_FOR_BUILD_value=
ac_cv_env_CC_set=set
ac_cv_env_CC_value='arm-linux-androideabi-gcc --sysroot=/home/ddt/Documents/android-sdk/android-ndk-r9/platforms/android-9/arch-arm'
ac_cv_env_CFLAGS_set=set
ac_cv_env_CFLAGS_value=' -g -mfpu=vfpv3-d16 -mcpu=cortex-a8 -mthumb -mfloat-abi=softfp -O2 -I/home/ddt/Documents/android-sdk/android-ndk-r9/sources/cxx-stl/gnu-libstdc++/4.8/include -I/home/ddt/Documents/android-sdk/android-ndk-r9/sources/cxx-stl/gnu-libstdc++/4.8/libs/armeabi-v7a/include -I/home/ddt/Documents/VLC0924/android/vlc/contrib/arm-linux-androideabi/include -g'
ac_cv_env_CPPFLAGS_set=set
ac_cv_env_CPPFLAGS_value=' -g -mfpu=vfpv3-d16 -mcpu=cortex-a8 -mthumb -mfloat-abi=softfp -O2 -I/home/ddt/Documents/android-sdk/android-ndk-r9/sources/cxx-stl/gnu-libstdc++/4.8/include -I/home/ddt/Documents/android-sdk/android-ndk-r9/sources/cxx-stl/gnu-libstdc++/4.8/libs/armeabi-v7a/include -I/home/ddt/Documents/VLC0924/android/vlc/contrib/arm-linux-androideabi/include'
ac_cv_env_CPP_set=
ac_cv_env_CPP_value=
ac_cv_env_LDFLAGS_set=set
ac_cv_env_LDFLAGS_value=' -L/home/ddt/Documents/VLC0924/android/vlc/contrib/arm-linux-androideabi/lib'
ac_cv_env_LIBS_set=
ac_cv_env_LIBS_value=
ac_cv_env_build_alias_set=set
ac_cv_env_build_alias_value=x86_64-linux-gnu
ac_cv_env_host_alias_set=set
ac_cv_env_host_alias_value=arm-linux-androideabi
ac_cv_env_target_alias_set=set
ac_cv_env_target_alias_value=arm-linux-androideabi
ac_cv_func_strerror_r=yes
ac_cv_func_strerror_r_char_p=no
ac_cv_have_decl_strerror_r=yes
ac_cv_header_dlfcn_h=yes
ac_cv_header_inttypes_h=yes
ac_cv_header_locale_h=yes
ac_cv_header_memory_h=yes
ac_cv_header_minix_config_h=no
ac_cv_header_stdc=yes
ac_cv_header_stdint_h=yes
ac_cv_header_stdlib_h=yes
ac_cv_header_string_h=yes
ac_cv_header_strings_h=yes
ac_cv_header_sys_stat_h=yes
ac_cv_header_sys_types_h=yes
ac_cv_header_unistd_h=yes
ac_cv_host=arm-unknown-linux-androideabi
ac_cv_objext=o
ac_cv_path_EGREP='/bin/grep -E'
ac_cv_path_FGREP='/bin/grep -F'
ac_cv_path_GMSGFMT=/usr/bin/msgfmt
ac_cv_path_GREP=/bin/grep
ac_cv_path_MSGFMT=/usr/bin/msgfmt
ac_cv_path_MSGMERGE=/usr/bin/msgmerge
ac_cv_path_SED=/bin/sed
ac_cv_path_XGETTEXT=/usr/bin/xgettext
ac_cv_path_install='/usr/bin/install -c'
ac_cv_path_mkdir=/bin/mkdir
ac_cv_prog_AR=arm-linux-androideabi-ar
ac_cv_prog_AWK=mawk
ac_cv_prog_CC='arm-linux-androideabi-gcc --sysroot=/home/ddt/Documents/android-sdk/android-ndk-r9/platforms/android-9/arch-arm'
ac_cv_prog_CPP='arm-linux-androideabi-gcc --sysroot=/home/ddt/Documents/android-sdk/android-ndk-r9/platforms/android-9/arch-arm -E'
ac_cv_prog_OBJDUMP=arm-linux-androideabi-objdump
ac_cv_prog_RANLIB=arm-linux-androideabi-ranlib
ac_cv_prog_STRIP=arm-linux-androideabi-strip
ac_cv_prog_ac_ct_MANIFEST_TOOL=mt
ac_cv_prog_cc_arm_linux_androideabi_gcc_c_o=yes
ac_cv_prog_cc_c89=
ac_cv_prog_cc_g=yes
ac_cv_prog_make_make_set=yes
ac_cv_safe_to_define___extensions__=yes
acl_cv_hardcode_direct=no
acl_cv_hardcode_libdir_flag_spec='${wl}-rpath ${wl}$libdir'
acl_cv_hardcode_libdir_separator=
acl_cv_hardcode_minus_L=no
acl_cv_libext=a
acl_cv_libname_spec='lib$name'
acl_cv_library_names_spec='$libname$shrext'
acl_cv_path_LD=arm-linux-androideabi-ld
acl_cv_prog_gnu_ld=yes
acl_cv_rpath=done
acl_cv_shlibext=so
acl_cv_wl=-Wl,
am_cv_CC_dependencies_compiler_type=none
gt_cv_func_CFLocaleCopyCurrent=no
gt_cv_func_CFPreferencesCopyAppValue=no
lt_cv_ar_at_file=@
lt_cv_deplibs_check_method=pass_all
lt_cv_file_magic_cmd='$MAGIC_CMD'
lt_cv_file_magic_test_file=
lt_cv_ld_reload_flag=-r
lt_cv_nm_interface='BSD nm'
lt_cv_objdir=.libs
lt_cv_path_LD=arm-linux-androideabi-ld
lt_cv_path_NM='/home/ddt/Documents/android-sdk/android-ndk-r9/toolchains/arm-linux-androideabi-4.8/prebuilt/linux-x86_64/bin/arm-linux-androideabi-nm -B'
lt_cv_path_mainfest_tool=no
lt_cv_prog_compiler_c_o=yes
lt_cv_prog_compiler_c_o_RC=yes
lt_cv_prog_compiler_pic='-fPIC -DPIC'
lt_cv_prog_compiler_pic_works=yes
lt_cv_prog_compiler_rtti_exceptions=no
lt_cv_prog_compiler_static_works=yes
lt_cv_prog_gnu_ld=yes
lt_cv_sharedlib_from_linklib_cmd='printf %s\n'
lt_cv_shlibpath_overrides_runpath=no
lt_cv_sys_global_symbol_pipe='sed -n -e '\''s/^.*[	 ]\([ABCDGIRSTW][ABCDGIRSTW]*\)[	 ][	 ]*\([_A-Za-z][_A-Za-z0-9]*\)$/\1 \2 \2/p'\'' | sed '\''/ __gnu_lto/d'\'''
lt_cv_sys_global_symbol_to_c_name_address='sed -n -e '\''s/^: \([^ ]*\)[ ]*$/  {\"\1\", (void *) 0},/p'\'' -e '\''s/^[ABCDGIRSTW]* \([^ ]*\) \([^ ]*\)$/  {"\2", (void *) \&\2},/p'\'''
lt_cv_sys_global_symbol_to_c_name_address_lib_prefix='sed -n -e '\''s/^: \([^ ]*\)[ ]*$/  {\"\1\", (void *) 0},/p'\'' -e '\''s/^[ABCDGIRSTW]* \([^ ]*\) \(lib[^ ]*\)$/  {"\2", (void *) \&\2},/p'\'' -e '\''s/^[ABCDGIRSTW]* \([^ ]*\) \([^ ]*\)$/  {"lib\2", (void *) \&\2},/p'\'''
lt_cv_sys_global_symbol_to_cdecl='sed -n -e '\''s/^T .* \(.*\)$/extern int \1();/p'\'' -e '\''s/^[ABCDGIRSTW]* .* \(.*\)$/extern char \1;/p'\'''
lt_cv_sys_max_cmd_len=3458764513820540925
lt_cv_to_host_file_cmd=func_convert_file_noop
lt_cv_to_tool_file_cmd=func_convert_file_noop

## ----------------- ##
## Output variables. ##
## ----------------- ##

ACLOCAL='${SHELL} /home/ddt/Documents/VLC0924/android/vlc/contrib/android/libgpg-error/missing --run aclocal-1.11'
AMDEPBACKSLASH=''
AMDEP_FALSE=''
AMDEP_TRUE='#'
AMTAR='$${TAR-tar}'
AR='arm-linux-androideabi-ar'
AS='as'
AUTOCONF='${SHELL} /home/ddt/Documents/VLC0924/android/vlc/contrib/android/libgpg-error/missing --run autoconf'
AUTOHEADER='${SHELL} /home/ddt/Documents/VLC0924/android/vlc/contrib/android/libgpg-error/missing --run autoheader'
AUTOMAKE='${SHELL} /home/ddt/Documents/VLC0924/android/vlc/contrib/android/libgpg-error/missing --run automake-1.11'
AWK='mawk'
BUILD_FILEVERSION='1,12,0,4644'
BUILD_REVISION='12243ce'
BUILD_TIMESTAMP='2013-09-25T02:24+0000'
CC='arm-linux-androideabi-gcc --sysroot=/home/ddt/Documents/android-sdk/android-ndk-r9/platforms/android-9/arch-arm'
CCDEPMODE='depmode=none'
CC_FOR_BUILD='cc'
CFLAGS=' -g -mfpu=vfpv3-d16 -mcpu=cortex-a8 -mthumb -mfloat-abi=softfp -O2 -I/home/ddt/Documents/android-sdk/android-ndk-r9/sources/cxx-stl/gnu-libstdc++/4.8/include -I/home/ddt/Documents/android-sdk/android-ndk-r9/sources/cxx-stl/gnu-libstdc++/4.8/libs/armeabi-v7a/include -I/home/ddt/Documents/VLC0924/android/vlc/contrib/arm-linux-androideabi/include -g'
CPP='arm-linux-androideabi-gcc --sysroot=/home/ddt/Documents/android-sdk/android-ndk-r9/platforms/android-9/arch-arm -E'
CPPFLAGS=' -g -mfpu=vfpv3-d16 -mcpu=cortex-a8 -mthumb -mfloat-abi=softfp -O2 -I/home/ddt/Documents/android-sdk/android-ndk-r9/sources/cxx-stl/gnu-libstdc++/4.8/include -I/home/ddt/Documents/android-sdk/android-ndk-r9/sources/cxx-stl/gnu-libstdc++/4.8/libs/armeabi-v7a/include -I/home/ddt/Documents/VLC0924/android/vlc/contrib/arm-linux-androideabi/include'
CYGPATH_W='echo'
DEFS='-DHAVE_CONFIG_H'
DEPDIR='.deps'
DLLTOOL='false'
DSYMUTIL=''
DUMPBIN=''
ECHO_C=''
ECHO_N='-n'
ECHO_T=''
EGREP='/bin/grep -E'
EXEEXT=''
FGREP='/bin/grep -F'
GETTEXT_MACRO_VERSION='0.17'
GMSGFMT='/usr/bin/msgfmt'
GMSGFMT_015='/usr/bin/msgfmt'
GPG_ERROR_CONFIG_CFLAGS=''
GPG_ERROR_CONFIG_HOST='arm-unknown-linux-androideabi'
GPG_ERROR_CONFIG_ISUBDIRAFTER=''
GPG_ERROR_CONFIG_LIBS='-lgpg-error'
GREP='/bin/grep'
HAVE_W32CE_SYSTEM_FALSE=''
HAVE_W32CE_SYSTEM_TRUE='#'
HAVE_W32_SYSTEM_FALSE=''
HAVE_W32_SYSTEM_TRUE='#'
HAVE_W64_SYSTEM_FALSE=''
HAVE_W64_SYSTEM_TRUE='#'
INSTALL_DATA='${INSTALL} -m 644'
INSTALL_PROGRAM='${INSTALL}'
INSTALL_SCRIPT='${INSTALL}'
INSTALL_STRIP_PROGRAM='$(install_sh) -c -s'
INTLLIBS=''
INTL_MACOSX_LIBS=''
LANGUAGES_SOME_FALSE=''
LANGUAGES_SOME_TRUE='#'
LD='arm-linux-androideabi-ld'
LDFLAGS=' -L/home/ddt/Documents/VLC0924/android/vlc/contrib/arm-linux-androideabi/lib'
LIBGPG_ERROR_LT_AGE='10'
LIBGPG_ERROR_LT_CURRENT='10'
LIBGPG_ERROR_LT_REVISION='0'
LIBICONV='-liconv'
LIBINTL=''
LIBOBJS=''
LIBS=''
LIBTOOL='$(SHELL) $(top_builddir)/libtool'
LIPO=''
LN_S='ln -s'
LTLIBICONV='-liconv'
LTLIBINTL=''
LTLIBOBJS=''
MAINT='#'
MAINTAINER_MODE_FALSE=''
MAINTAINER_MODE_TRUE='#'
MAKEINFO='${SHELL} /home/ddt/Documents/VLC0924/android/vlc/contrib/android/libgpg-error/missing --run makeinfo'
MANIFEST_TOOL=':'
MKDIR_P='/bin/mkdir -p'
MSGFMT='/usr/bin/msgfmt'
MSGFMT_015='/usr/bin/msgfmt'
MSGMERGE='/usr/bin/msgmerge'
NM='/home/ddt/Documents/android-sdk/android-ndk-r9/toolchains/arm-linux-androideabi-4.8/prebuilt/linux-x86_64/bin/arm-linux-androideabi-nm -B'
NMEDIT=''
OBJDUMP='arm-linux-androideabi-objdump'
OBJEXT='o'
OTOOL64=''
OTOOL=''
PACKAGE='libgpg-error'
PACKAGE_BUGREPORT='http://bugs.gnupg.org'
PACKAGE_NAME='libgpg-error'
PACKAGE_STRING='libgpg-error 1.12'
PACKAGE_TARNAME='libgpg-error'
PACKAGE_URL=''
PACKAGE_VERSION='1.12'
PATH_SEPARATOR=':'
POSUB=''
RANLIB='arm-linux-androideabi-ranlib'
RC=''
SED='/bin/sed'
SET_MAKE=''
SHELL='/bin/bash'
STRIP='arm-linux-androideabi-strip'
USE_NLS='no'
VERSION='1.12'
VERSION_NUMBER='0x010c00'
XGETTEXT='/usr/bin/xgettext'
XGETTEXT_015='/usr/bin/xgettext'
XGETTEXT_EXTRA_OPTIONS=''
ac_ct_AR=''
ac_ct_CC=''
ac_ct_DUMPBIN=''
am__EXEEXT_FALSE=''
am__EXEEXT_TRUE='#'
am__fastdepCC_FALSE=''
am__fastdepCC_TRUE='#'
am__include='include'
am__isrc=''
am__leading_dot='.'
am__nodep=''
am__quote=''
am__tar='$${TAR-tar} chof - "$$tardir"'
am__untar='$${TAR-tar} xf -'
bindir='${exec_prefix}/bin'
build='x86_64-pc-linux-gnu'
build_alias='x86_64-linux-gnu'
build_cpu='x86_64'
build_os='linux-gnu'
build_vendor='pc'
datadir='${datarootdir}'
datarootdir='${prefix}/share'
docdir='${datarootdir}/doc/${PACKAGE_TARNAME}'
dvidir='${docdir}'
exec_prefix='${prefix}'
host='arm-unknown-linux-androideabi'
host_alias='arm-linux-androideabi'
host_cpu='arm'
host_os='linux-androideabi'
host_vendor='unknown'
htmldir='${docdir}'
includedir='${prefix}/include'
infodir='${datarootdir}/info'
install_sh='${SHELL} /home/ddt/Documents/VLC0924/android/vlc/contrib/android/libgpg-error/install-sh'
libdir='${exec_prefix}/lib'
libexecdir='${exec_prefix}/libexec'
localedir='${datarootdir}/locale'
localstatedir='${prefix}/var'
mandir='${datarootdir}/man'
mkdir_p='/bin/mkdir -p'
oldincludedir='/usr/include'
pdfdir='${docdir}'
prefix='/home/ddt/Documents/VLC0924/android/vlc/contrib/arm-linux-androideabi'
program_transform_name='s&^&&'
psdir='${docdir}'
sbindir='${exec_prefix}/sbin'
sharedstatedir='${prefix}/com'
sysconfdir='${prefix}/etc'
target_alias='arm-linux-androideabi'

## ----------- ##
## confdefs.h. ##
## ----------- ##

/* confdefs.h */
#define PACKAGE_NAME "libgpg-error"
#define PACKAGE_TARNAME "libgpg-error"
#define PACKAGE_VERSION "1.12"
#define PACKAGE_STRING "libgpg-error 1.12"
#define PACKAGE_BUGREPORT "http://bugs.gnupg.org"
#define PACKAGE_URL ""
#define PACKAGE "libgpg-error"
#define VERSION "1.12"
#define STDC_HEADERS 1
#define HAVE_SYS_TYPES_H 1
#define HAVE_SYS_STAT_H 1
#define HAVE_STDLIB_H 1
#define HAVE_STRING_H 1
#define HAVE_MEMORY_H 1
#define HAVE_STRINGS_H 1
#define HAVE_INTTYPES_H 1
#define HAVE_STDINT_H 1
#define HAVE_UNISTD_H 1
#define __EXTENSIONS__ 1
#define _ALL_SOURCE 1
#define _GNU_SOURCE 1
#define _POSIX_PTHREAD_SEMANTICS 1
#define _TANDEM_SOURCE 1
#define HAVE_DLFCN_H 1
#define LT_OBJDIR ".libs/"
#define STDC_HEADERS 1
#define HAVE_STDLIB_H 1
#define HAVE_LOCALE_H 1
#define HAVE_DECL_STRERROR_R 1
#define HAVE_STRERROR_R 1
#define BUILD_REVISION "12243ce"
#define BUILD_TIMESTAMP "2013-09-25T02:24+0000"

configure: exit 0
