This file contains any messages produced by compilers while
running configure, to aid debugging if configure makes a mistake.

It was created by OpenJPEG configure 1.5.0, which was
generated by GNU Autoconf 2.69.  Invocation command line was

  $ ./configure --enable-png=no --enable-tiff=no --prefix=/home/ddt/Documents/VLC0924/android/vlc/contrib/arm-linux-androideabi --build=x86_64-linux-gnu --host=arm-linux-androideabi --target=arm-linux-androideabi --program-prefix= --enable-static --disable-shared --disable-dependency-tracking --with-pic

## --------- ##
## Platform. ##
## --------- ##

hostname = ubuntu
uname -m = x86_64
uname -r = 3.8.0-29-generic
uname -s = Linux
uname -v = #42-Ubuntu SMP Tue Aug 13 19:40:39 UTC 2013

/usr/bin/uname -p = unknown
/bin/uname -X     = unknown

/bin/arch              = unknown
/usr/bin/arch -k       = unknown
/usr/convex/getsysinfo = unknown
/usr/bin/hostinfo      = unknown
/bin/machine           = unknown
/usr/bin/oslevel       = unknown
/bin/universe          = unknown

PATH: /home/ddt/Documents/VLC0924/android/vlc/contrib/arm-linux-androideabi/bin
PATH: /home/ddt/Documents/VLC0924/android/vlc/extras/tools/build/bin
PATH: /home/ddt/Documents/VLC0924/android/vlc/extras/tools/build/bin
PATH: /home/ddt/Documents/android-sdk/android-ndk-r9/toolchains/arm-linux-androideabi-4.8/prebuilt/linux-x86_64/bin
PATH: /home/ddt/Documents/android-sdk/android-ndk-r8e
PATH: /usr/lib/lightdm/lightdm
PATH: /usr/local/sbin
PATH: /usr/local/bin
PATH: /usr/sbin
PATH: /usr/bin
PATH: /sbin
PATH: /bin
PATH: /usr/games
PATH: /usr/local/games
PATH: /home/ddt/Documents/android/sdk/platform-tools
PATH: /home/ddt/Documents/android/sdk/tools


## ----------- ##
## Core tests. ##
## ----------- ##

configure:2277: checking build system type
configure:2291: result: x86_64-pc-linux-gnu
configure:2311: checking host system type
configure:2324: result: arm-unknown-linux-androideabi
configure:2344: checking target system type
configure:2357: result: arm-unknown-linux-androideabi
configure:2402: checking for a BSD-compatible install
configure:2470: result: /usr/bin/install -c
configure:2481: checking whether build environment is sane
configure:2536: result: yes
configure:2595: checking for arm-linux-androideabi-strip
configure:2622: result: arm-linux-androideabi-strip
configure:2687: checking for a thread-safe mkdir -p
configure:2726: result: /bin/mkdir -p
configure:2733: checking for gawk
configure:2763: result: no
configure:2733: checking for mawk
configure:2749: found /usr/bin/mawk
configure:2760: result: mawk
configure:2771: checking whether make sets $(MAKE)
configure:2793: result: yes
configure:2822: checking whether make supports nested variables
configure:2839: result: yes
configure:2975: checking whether make supports nested variables
configure:2992: result: yes
configure:3058: checking how to print strings
configure:3085: result: printf
configure:3118: checking for style of include used by make
configure:3146: result: GNU
configure:3177: checking for arm-linux-androideabi-gcc
configure:3204: result: arm-linux-androideabi-gcc --sysroot=/home/ddt/Documents/android-sdk/android-ndk-r9/platforms/android-9/arch-arm
configure:3473: checking for C compiler version
configure:3482: arm-linux-androideabi-gcc --sysroot=/home/ddt/Documents/android-sdk/android-ndk-r9/platforms/android-9/arch-arm --version >&5
arm-linux-androideabi-gcc (GCC) 4.8
Copyright (C) 2013 Free Software Foundation, Inc.
This is free software; see the source for copying conditions.  There is NO
warranty; not even for MERCHANTABILITY or FITNESS FOR A PARTICULAR PURPOSE.

configure:3493: $? = 0
configure:3482: arm-linux-androideabi-gcc --sysroot=/home/ddt/Documents/android-sdk/android-ndk-r9/platforms/android-9/arch-arm -v >&5
Using built-in specs.
COLLECT_GCC=arm-linux-androideabi-gcc
COLLECT_LTO_WRAPPER=/home/ddt/Documents/android-sdk/android-ndk-r9/toolchains/arm-linux-androideabi-4.8/prebuilt/linux-x86_64/bin/../libexec/gcc/arm-linux-androideabi/4.8/lto-wrapper
Target: arm-linux-androideabi
Configured with: /s/ndk-toolchain/src/build/../gcc/gcc-4.8/configure --prefix=/tmp/ndk-andrewhsieh/build/toolchain/prefix --target=arm-linux-androideabi --host=x86_64-linux-gnu --build=x86_64-linux-gnu --with-gnu-as --with-gnu-ld --enable-languages=c,c++ --with-gmp=/tmp/ndk-andrewhsieh/build/toolchain/temp-install --with-mpfr=/tmp/ndk-andrewhsieh/build/toolchain/temp-install --with-mpc=/tmp/ndk-andrewhsieh/build/toolchain/temp-install --with-cloog=/tmp/ndk-andrewhsieh/build/toolchain/temp-install --with-isl=/tmp/ndk-andrewhsieh/build/toolchain/temp-install --with-ppl=/tmp/ndk-andrewhsieh/build/toolchain/temp-install --disable-ppl-version-check --disable-cloog-version-check --disable-isl-version-check --enable-cloog-backend=isl --with-host-libstdcxx='-static-libgcc -Wl,-Bstatic,-lstdc++,-Bdynamic -lm' --disable-libssp --enable-threads --disable-nls --disable-libmudflap --disable-libgomp --disable-libstdc__-v3 --disable-sjlj-exceptions --disable-shared --disable-tls --disable-libitm --with-float=soft --with-fpu=vfp --with-arch=armv5te --enable-target-optspace --enable-initfini-array --disable-nls --prefix=/tmp/ndk-andrewhsieh/build/toolchain/prefix --with-sysroot=/tmp/ndk-andrewhsieh/build/toolchain/prefix/sysroot --with-binutils-version=2.23 --with-mpfr-version=3.1.1 --with-mpc-version=1.0.1 --with-gmp-version=5.0.5 --with-gcc-version=4.8 --with-gdb-version=7.3.x --with-python=/usr/local/google/home/andrewhsieh/mydroid/ndk/prebuilt/linux-x86_64/bin/python-config.sh --with-gxx-include-dir=/tmp/ndk-andrewhsieh/build/toolchain/prefix/include/c++/4.8 --with-bugurl=http://source.android.com/source/report-bugs.html --disable-bootstrap --disable-libquadmath --enable-plugins --enable-libgomp --disable-libsanitizer --enable-gold --enable-graphite=yes --with-cloog-version=0.18.0 --with-isl-version=0.11.1 --with-arch=armv5te --program-transform-name='s&^&arm-linux-androideabi-&' --enable-gold=default
Thread model: posix
gcc version 4.8 (GCC) 
configure:3493: $? = 0
configure:3482: arm-linux-androideabi-gcc --sysroot=/home/ddt/Documents/android-sdk/android-ndk-r9/platforms/android-9/arch-arm -V >&5
arm-linux-androideabi-gcc: error: unrecognized command line option '-V'
arm-linux-androideabi-gcc: fatal error: no input files
compilation terminated.
configure:3493: $? = 1
configure:3482: arm-linux-androideabi-gcc --sysroot=/home/ddt/Documents/android-sdk/android-ndk-r9/platforms/android-9/arch-arm -qversion >&5
arm-linux-androideabi-gcc: error: unrecognized command line option '-qversion'
arm-linux-androideabi-gcc: fatal error: no input files
compilation terminated.
configure:3493: $? = 1
configure:3513: checking whether the C compiler works
configure:3535: arm-linux-androideabi-gcc --sysroot=/home/ddt/Documents/android-sdk/android-ndk-r9/platforms/android-9/arch-arm  -g -mfpu=vfpv3-d16 -mcpu=cortex-a8 -mthumb -mfloat-abi=softfp -O2 -I/home/ddt/Documents/android-sdk/android-ndk-r9/sources/cxx-stl/gnu-libstdc++/4.8/include -I/home/ddt/Documents/android-sdk/android-ndk-r9/sources/cxx-stl/gnu-libstdc++/4.8/libs/armeabi-v7a/include -I/home/ddt/Documents/VLC0924/android/vlc/contrib/arm-linux-androideabi/include -g -DOPJ_STATIC  -g -mfpu=vfpv3-d16 -mcpu=cortex-a8 -mthumb -mfloat-abi=softfp -O2 -I/home/ddt/Documents/android-sdk/android-ndk-r9/sources/cxx-stl/gnu-libstdc++/4.8/include -I/home/ddt/Documents/android-sdk/android-ndk-r9/sources/cxx-stl/gnu-libstdc++/4.8/libs/armeabi-v7a/include -I/home/ddt/Documents/VLC0924/android/vlc/contrib/arm-linux-androideabi/include  -L/home/ddt/Documents/VLC0924/android/vlc/contrib/arm-linux-androideabi/lib conftest.c  >&5
configure:3539: $? = 0
configure:3587: result: yes
configure:3590: checking for C compiler default output file name
configure:3592: result: a.out
configure:3598: checking for suffix of executables
configure:3605: arm-linux-androideabi-gcc --sysroot=/home/ddt/Documents/android-sdk/android-ndk-r9/platforms/android-9/arch-arm -o conftest  -g -mfpu=vfpv3-d16 -mcpu=cortex-a8 -mthumb -mfloat-abi=softfp -O2 -I/home/ddt/Documents/android-sdk/android-ndk-r9/sources/cxx-stl/gnu-libstdc++/4.8/include -I/home/ddt/Documents/android-sdk/android-ndk-r9/sources/cxx-stl/gnu-libstdc++/4.8/libs/armeabi-v7a/include -I/home/ddt/Documents/VLC0924/android/vlc/contrib/arm-linux-androideabi/include -g -DOPJ_STATIC  -g -mfpu=vfpv3-d16 -mcpu=cortex-a8 -mthumb -mfloat-abi=softfp -O2 -I/home/ddt/Documents/android-sdk/android-ndk-r9/sources/cxx-stl/gnu-libstdc++/4.8/include -I/home/ddt/Documents/android-sdk/android-ndk-r9/sources/cxx-stl/gnu-libstdc++/4.8/libs/armeabi-v7a/include -I/home/ddt/Documents/VLC0924/android/vlc/contrib/arm-linux-androideabi/include  -L/home/ddt/Documents/VLC0924/android/vlc/contrib/arm-linux-androideabi/lib conftest.c  >&5
configure:3609: $? = 0
configure:3631: result: 
configure:3653: checking whether we are cross compiling
configure:3691: result: yes
configure:3696: checking for suffix of object files
configure:3718: arm-linux-androideabi-gcc --sysroot=/home/ddt/Documents/android-sdk/android-ndk-r9/platforms/android-9/arch-arm -c  -g -mfpu=vfpv3-d16 -mcpu=cortex-a8 -mthumb -mfloat-abi=softfp -O2 -I/home/ddt/Documents/android-sdk/android-ndk-r9/sources/cxx-stl/gnu-libstdc++/4.8/include -I/home/ddt/Documents/android-sdk/android-ndk-r9/sources/cxx-stl/gnu-libstdc++/4.8/libs/armeabi-v7a/include -I/home/ddt/Documents/VLC0924/android/vlc/contrib/arm-linux-androideabi/include -g -DOPJ_STATIC  -g -mfpu=vfpv3-d16 -mcpu=cortex-a8 -mthumb -mfloat-abi=softfp -O2 -I/home/ddt/Documents/android-sdk/android-ndk-r9/sources/cxx-stl/gnu-libstdc++/4.8/include -I/home/ddt/Documents/android-sdk/android-ndk-r9/sources/cxx-stl/gnu-libstdc++/4.8/libs/armeabi-v7a/include -I/home/ddt/Documents/VLC0924/android/vlc/contrib/arm-linux-androideabi/include conftest.c >&5
configure:3722: $? = 0
configure:3743: result: o
configure:3747: checking whether we are using the GNU C compiler
configure:3766: arm-linux-androideabi-gcc --sysroot=/home/ddt/Documents/android-sdk/android-ndk-r9/platforms/android-9/arch-arm -c  -g -mfpu=vfpv3-d16 -mcpu=cortex-a8 -mthumb -mfloat-abi=softfp -O2 -I/home/ddt/Documents/android-sdk/android-ndk-r9/sources/cxx-stl/gnu-libstdc++/4.8/include -I/home/ddt/Documents/android-sdk/android-ndk-r9/sources/cxx-stl/gnu-libstdc++/4.8/libs/armeabi-v7a/include -I/home/ddt/Documents/VLC0924/android/vlc/contrib/arm-linux-androideabi/include -g -DOPJ_STATIC  -g -mfpu=vfpv3-d16 -mcpu=cortex-a8 -mthumb -mfloat-abi=softfp -O2 -I/home/ddt/Documents/android-sdk/android-ndk-r9/sources/cxx-stl/gnu-libstdc++/4.8/include -I/home/ddt/Documents/android-sdk/android-ndk-r9/sources/cxx-stl/gnu-libstdc++/4.8/libs/armeabi-v7a/include -I/home/ddt/Documents/VLC0924/android/vlc/contrib/arm-linux-androideabi/include conftest.c >&5
configure:3766: $? = 0
configure:3775: result: yes
configure:3784: checking whether arm-linux-androideabi-gcc --sysroot=/home/ddt/Documents/android-sdk/android-ndk-r9/platforms/android-9/arch-arm accepts -g
configure:3804: arm-linux-androideabi-gcc --sysroot=/home/ddt/Documents/android-sdk/android-ndk-r9/platforms/android-9/arch-arm -c -g  -g -mfpu=vfpv3-d16 -mcpu=cortex-a8 -mthumb -mfloat-abi=softfp -O2 -I/home/ddt/Documents/android-sdk/android-ndk-r9/sources/cxx-stl/gnu-libstdc++/4.8/include -I/home/ddt/Documents/android-sdk/android-ndk-r9/sources/cxx-stl/gnu-libstdc++/4.8/libs/armeabi-v7a/include -I/home/ddt/Documents/VLC0924/android/vlc/contrib/arm-linux-androideabi/include conftest.c >&5
configure:3804: $? = 0
configure:3845: result: yes
configure:3862: checking for arm-linux-androideabi-gcc --sysroot=/home/ddt/Documents/android-sdk/android-ndk-r9/platforms/android-9/arch-arm option to accept ISO C89
configure:3925: arm-linux-androideabi-gcc --sysroot=/home/ddt/Documents/android-sdk/android-ndk-r9/platforms/android-9/arch-arm  -c  -g -mfpu=vfpv3-d16 -mcpu=cortex-a8 -mthumb -mfloat-abi=softfp -O2 -I/home/ddt/Documents/android-sdk/android-ndk-r9/sources/cxx-stl/gnu-libstdc++/4.8/include -I/home/ddt/Documents/android-sdk/android-ndk-r9/sources/cxx-stl/gnu-libstdc++/4.8/libs/armeabi-v7a/include -I/home/ddt/Documents/VLC0924/android/vlc/contrib/arm-linux-androideabi/include -g -DOPJ_STATIC  -g -mfpu=vfpv3-d16 -mcpu=cortex-a8 -mthumb -mfloat-abi=softfp -O2 -I/home/ddt/Documents/android-sdk/android-ndk-r9/sources/cxx-stl/gnu-libstdc++/4.8/include -I/home/ddt/Documents/android-sdk/android-ndk-r9/sources/cxx-stl/gnu-libstdc++/4.8/libs/armeabi-v7a/include -I/home/ddt/Documents/VLC0924/android/vlc/contrib/arm-linux-androideabi/include conftest.c >&5
configure:3925: $? = 0
configure:3938: result: none needed
configure:3963: checking whether arm-linux-androideabi-gcc --sysroot=/home/ddt/Documents/android-sdk/android-ndk-r9/platforms/android-9/arch-arm understands -c and -o together
configure:3985: arm-linux-androideabi-gcc --sysroot=/home/ddt/Documents/android-sdk/android-ndk-r9/platforms/android-9/arch-arm -c conftest.c -o conftest2.o
configure:3988: $? = 0
configure:3985: arm-linux-androideabi-gcc --sysroot=/home/ddt/Documents/android-sdk/android-ndk-r9/platforms/android-9/arch-arm -c conftest.c -o conftest2.o
configure:3988: $? = 0
configure:4000: result: yes
configure:4019: checking dependency style of arm-linux-androideabi-gcc --sysroot=/home/ddt/Documents/android-sdk/android-ndk-r9/platforms/android-9/arch-arm
configure:4130: result: none
configure:4145: checking for a sed that does not truncate output
configure:4209: result: /bin/sed
configure:4227: checking for grep that handles long lines and -e
configure:4285: result: /bin/grep
configure:4290: checking for egrep
configure:4352: result: /bin/grep -E
configure:4357: checking for fgrep
configure:4419: result: /bin/grep -F
configure:4454: checking for ld used by arm-linux-androideabi-gcc --sysroot=/home/ddt/Documents/android-sdk/android-ndk-r9/platforms/android-9/arch-arm
configure:4521: result: arm-linux-androideabi-ld
configure:4528: checking if the linker (arm-linux-androideabi-ld) is GNU ld
configure:4543: result: yes
configure:4555: checking for BSD- or MS-compatible name lister (nm)
configure:4604: result: /home/ddt/Documents/android-sdk/android-ndk-r9/toolchains/arm-linux-androideabi-4.8/prebuilt/linux-x86_64/bin/arm-linux-androideabi-nm -B
configure:4734: checking the name lister (/home/ddt/Documents/android-sdk/android-ndk-r9/toolchains/arm-linux-androideabi-4.8/prebuilt/linux-x86_64/bin/arm-linux-androideabi-nm -B) interface
configure:4741: arm-linux-androideabi-gcc --sysroot=/home/ddt/Documents/android-sdk/android-ndk-r9/platforms/android-9/arch-arm -c  -g -mfpu=vfpv3-d16 -mcpu=cortex-a8 -mthumb -mfloat-abi=softfp -O2 -I/home/ddt/Documents/android-sdk/android-ndk-r9/sources/cxx-stl/gnu-libstdc++/4.8/include -I/home/ddt/Documents/android-sdk/android-ndk-r9/sources/cxx-stl/gnu-libstdc++/4.8/libs/armeabi-v7a/include -I/home/ddt/Documents/VLC0924/android/vlc/contrib/arm-linux-androideabi/include -g -DOPJ_STATIC  -g -mfpu=vfpv3-d16 -mcpu=cortex-a8 -mthumb -mfloat-abi=softfp -O2 -I/home/ddt/Documents/android-sdk/android-ndk-r9/sources/cxx-stl/gnu-libstdc++/4.8/include -I/home/ddt/Documents/android-sdk/android-ndk-r9/sources/cxx-stl/gnu-libstdc++/4.8/libs/armeabi-v7a/include -I/home/ddt/Documents/VLC0924/android/vlc/contrib/arm-linux-androideabi/include conftest.c >&5
configure:4744: /home/ddt/Documents/android-sdk/android-ndk-r9/toolchains/arm-linux-androideabi-4.8/prebuilt/linux-x86_64/bin/arm-linux-androideabi-nm -B "conftest.o"
configure:4747: output
00000000 B some_variable
configure:4754: result: BSD nm
configure:4757: checking whether ln -s works
configure:4761: result: yes
configure:4769: checking the maximum length of command line arguments
configure:4899: result: 3458764513820540925
configure:4916: checking whether the shell understands some XSI constructs
configure:4926: result: yes
configure:4930: checking whether the shell understands "+="
configure:4936: result: yes
configure:4971: checking how to convert x86_64-pc-linux-gnu file names to arm-unknown-linux-androideabi format
configure:5011: result: func_convert_file_noop
configure:5018: checking how to convert x86_64-pc-linux-gnu file names to toolchain format
configure:5038: result: func_convert_file_noop
configure:5045: checking for arm-linux-androideabi-ld option to reload object files
configure:5052: result: -r
configure:5086: checking for arm-linux-androideabi-objdump
configure:5102: found /home/ddt/Documents/android-sdk/android-ndk-r9/toolchains/arm-linux-androideabi-4.8/prebuilt/linux-x86_64/bin/arm-linux-androideabi-objdump
configure:5113: result: arm-linux-androideabi-objdump
configure:5182: checking how to recognize dependent libraries
configure:5384: result: pass_all
configure:5429: checking for arm-linux-androideabi-dlltool
configure:5459: result: no
configure:5469: checking for dlltool
configure:5499: result: no
configure:5526: checking how to associate runtime and link libraries
configure:5553: result: printf %s\n
configure:5570: checking for arm-linux-androideabi-ar
configure:5597: result: arm-linux-androideabi-ar
configure:5678: checking for archiver @FILE support
configure:5695: arm-linux-androideabi-gcc --sysroot=/home/ddt/Documents/android-sdk/android-ndk-r9/platforms/android-9/arch-arm -c  -g -mfpu=vfpv3-d16 -mcpu=cortex-a8 -mthumb -mfloat-abi=softfp -O2 -I/home/ddt/Documents/android-sdk/android-ndk-r9/sources/cxx-stl/gnu-libstdc++/4.8/include -I/home/ddt/Documents/android-sdk/android-ndk-r9/sources/cxx-stl/gnu-libstdc++/4.8/libs/armeabi-v7a/include -I/home/ddt/Documents/VLC0924/android/vlc/contrib/arm-linux-androideabi/include -g -DOPJ_STATIC  -g -mfpu=vfpv3-d16 -mcpu=cortex-a8 -mthumb -mfloat-abi=softfp -O2 -I/home/ddt/Documents/android-sdk/android-ndk-r9/sources/cxx-stl/gnu-libstdc++/4.8/include -I/home/ddt/Documents/android-sdk/android-ndk-r9/sources/cxx-stl/gnu-libstdc++/4.8/libs/armeabi-v7a/include -I/home/ddt/Documents/VLC0924/android/vlc/contrib/arm-linux-androideabi/include conftest.c >&5
configure:5695: $? = 0
configure:5698: arm-linux-androideabi-ar cru libconftest.a @conftest.lst >&5
configure:5701: $? = 0
configure:5706: arm-linux-androideabi-ar cru libconftest.a @conftest.lst >&5
arm-linux-androideabi-ar: conftest.o: No such file or directory
configure:5709: $? = 1
configure:5721: result: @
configure:5739: checking for arm-linux-androideabi-strip
configure:5766: result: arm-linux-androideabi-strip
configure:5838: checking for arm-linux-androideabi-ranlib
configure:5865: result: arm-linux-androideabi-ranlib
configure:6007: checking command to parse /home/ddt/Documents/android-sdk/android-ndk-r9/toolchains/arm-linux-androideabi-4.8/prebuilt/linux-x86_64/bin/arm-linux-androideabi-nm -B output from arm-linux-androideabi-gcc --sysroot=/home/ddt/Documents/android-sdk/android-ndk-r9/platforms/android-9/arch-arm object
configure:6127: arm-linux-androideabi-gcc --sysroot=/home/ddt/Documents/android-sdk/android-ndk-r9/platforms/android-9/arch-arm -c  -g -mfpu=vfpv3-d16 -mcpu=cortex-a8 -mthumb -mfloat-abi=softfp -O2 -I/home/ddt/Documents/android-sdk/android-ndk-r9/sources/cxx-stl/gnu-libstdc++/4.8/include -I/home/ddt/Documents/android-sdk/android-ndk-r9/sources/cxx-stl/gnu-libstdc++/4.8/libs/armeabi-v7a/include -I/home/ddt/Documents/VLC0924/android/vlc/contrib/arm-linux-androideabi/include -g -DOPJ_STATIC  -g -mfpu=vfpv3-d16 -mcpu=cortex-a8 -mthumb -mfloat-abi=softfp -O2 -I/home/ddt/Documents/android-sdk/android-ndk-r9/sources/cxx-stl/gnu-libstdc++/4.8/include -I/home/ddt/Documents/android-sdk/android-ndk-r9/sources/cxx-stl/gnu-libstdc++/4.8/libs/armeabi-v7a/include -I/home/ddt/Documents/VLC0924/android/vlc/contrib/arm-linux-androideabi/include conftest.c >&5
configure:6130: $? = 0
configure:6134: /home/ddt/Documents/android-sdk/android-ndk-r9/toolchains/arm-linux-androideabi-4.8/prebuilt/linux-x86_64/bin/arm-linux-androideabi-nm -B conftest.o \| sed -n -e 's/^.*[ ]\([ABCDGIRSTW][ABCDGIRSTW]*\)[ ][ ]*\([_A-Za-z][_A-Za-z0-9]*\)$/\1 \2 \2/p' | sed '/ __gnu_lto/d' \> conftest.nm
configure:6137: $? = 0
configure:6203: arm-linux-androideabi-gcc --sysroot=/home/ddt/Documents/android-sdk/android-ndk-r9/platforms/android-9/arch-arm -o conftest  -g -mfpu=vfpv3-d16 -mcpu=cortex-a8 -mthumb -mfloat-abi=softfp -O2 -I/home/ddt/Documents/android-sdk/android-ndk-r9/sources/cxx-stl/gnu-libstdc++/4.8/include -I/home/ddt/Documents/android-sdk/android-ndk-r9/sources/cxx-stl/gnu-libstdc++/4.8/libs/armeabi-v7a/include -I/home/ddt/Documents/VLC0924/android/vlc/contrib/arm-linux-androideabi/include -g -DOPJ_STATIC  -g -mfpu=vfpv3-d16 -mcpu=cortex-a8 -mthumb -mfloat-abi=softfp -O2 -I/home/ddt/Documents/android-sdk/android-ndk-r9/sources/cxx-stl/gnu-libstdc++/4.8/include -I/home/ddt/Documents/android-sdk/android-ndk-r9/sources/cxx-stl/gnu-libstdc++/4.8/libs/armeabi-v7a/include -I/home/ddt/Documents/VLC0924/android/vlc/contrib/arm-linux-androideabi/include  -L/home/ddt/Documents/VLC0924/android/vlc/contrib/arm-linux-androideabi/lib conftest.c conftstm.o >&5
configure:6206: $? = 0
configure:6244: result: ok
configure:6281: checking for sysroot
configure:6311: result: no
configure:6527: checking for arm-linux-androideabi-mt
configure:6557: result: no
configure:6567: checking for mt
configure:6583: found /bin/mt
configure:6594: result: mt
configure:6606: WARNING: using cross tools not prefixed with host triplet
configure:6617: checking if mt is a manifest tool
configure:6623: mt '-?'
configure:6631: result: no
configure:7273: checking how to run the C preprocessor
configure:7304: arm-linux-androideabi-gcc --sysroot=/home/ddt/Documents/android-sdk/android-ndk-r9/platforms/android-9/arch-arm -E  -g -mfpu=vfpv3-d16 -mcpu=cortex-a8 -mthumb -mfloat-abi=softfp -O2 -I/home/ddt/Documents/android-sdk/android-ndk-r9/sources/cxx-stl/gnu-libstdc++/4.8/include -I/home/ddt/Documents/android-sdk/android-ndk-r9/sources/cxx-stl/gnu-libstdc++/4.8/libs/armeabi-v7a/include -I/home/ddt/Documents/VLC0924/android/vlc/contrib/arm-linux-androideabi/include conftest.c
configure:7304: $? = 0
configure:7318: arm-linux-androideabi-gcc --sysroot=/home/ddt/Documents/android-sdk/android-ndk-r9/platforms/android-9/arch-arm -E  -g -mfpu=vfpv3-d16 -mcpu=cortex-a8 -mthumb -mfloat-abi=softfp -O2 -I/home/ddt/Documents/android-sdk/android-ndk-r9/sources/cxx-stl/gnu-libstdc++/4.8/include -I/home/ddt/Documents/android-sdk/android-ndk-r9/sources/cxx-stl/gnu-libstdc++/4.8/libs/armeabi-v7a/include -I/home/ddt/Documents/VLC0924/android/vlc/contrib/arm-linux-androideabi/include conftest.c
conftest.c:11:28: fatal error: ac_nonexistent.h: No such file or directory
 #include <ac_nonexistent.h>
                            ^
compilation terminated.
configure:7318: $? = 1
configure: failed program was:
| /* confdefs.h */
| #define PACKAGE_NAME "OpenJPEG"
| #define PACKAGE_TARNAME "openjpeg"
| #define PACKAGE_VERSION "1.5.0"
| #define PACKAGE_STRING "OpenJPEG 1.5.0"
| #define PACKAGE_BUGREPORT "openjpeg@googlegroups.com"
| #define PACKAGE_URL "http://www.openjpeg.org"
| #define PACKAGE "openjpeg"
| #define VERSION "1.5.0"
| /* end confdefs.h.  */
| #include <ac_nonexistent.h>
configure:7343: result: arm-linux-androideabi-gcc --sysroot=/home/ddt/Documents/android-sdk/android-ndk-r9/platforms/android-9/arch-arm -E
configure:7363: arm-linux-androideabi-gcc --sysroot=/home/ddt/Documents/android-sdk/android-ndk-r9/platforms/android-9/arch-arm -E  -g -mfpu=vfpv3-d16 -mcpu=cortex-a8 -mthumb -mfloat-abi=softfp -O2 -I/home/ddt/Documents/android-sdk/android-ndk-r9/sources/cxx-stl/gnu-libstdc++/4.8/include -I/home/ddt/Documents/android-sdk/android-ndk-r9/sources/cxx-stl/gnu-libstdc++/4.8/libs/armeabi-v7a/include -I/home/ddt/Documents/VLC0924/android/vlc/contrib/arm-linux-androideabi/include conftest.c
configure:7363: $? = 0
configure:7377: arm-linux-androideabi-gcc --sysroot=/home/ddt/Documents/android-sdk/android-ndk-r9/platforms/android-9/arch-arm -E  -g -mfpu=vfpv3-d16 -mcpu=cortex-a8 -mthumb -mfloat-abi=softfp -O2 -I/home/ddt/Documents/android-sdk/android-ndk-r9/sources/cxx-stl/gnu-libstdc++/4.8/include -I/home/ddt/Documents/android-sdk/android-ndk-r9/sources/cxx-stl/gnu-libstdc++/4.8/libs/armeabi-v7a/include -I/home/ddt/Documents/VLC0924/android/vlc/contrib/arm-linux-androideabi/include conftest.c
conftest.c:11:28: fatal error: ac_nonexistent.h: No such file or directory
 #include <ac_nonexistent.h>
                            ^
compilation terminated.
configure:7377: $? = 1
configure: failed program was:
| /* confdefs.h */
| #define PACKAGE_NAME "OpenJPEG"
| #define PACKAGE_TARNAME "openjpeg"
| #define PACKAGE_VERSION "1.5.0"
| #define PACKAGE_STRING "OpenJPEG 1.5.0"
| #define PACKAGE_BUGREPORT "openjpeg@googlegroups.com"
| #define PACKAGE_URL "http://www.openjpeg.org"
| #define PACKAGE "openjpeg"
| #define VERSION "1.5.0"
| /* end confdefs.h.  */
| #include <ac_nonexistent.h>
configure:7406: checking for ANSI C header files
configure:7426: arm-linux-androideabi-gcc --sysroot=/home/ddt/Documents/android-sdk/android-ndk-r9/platforms/android-9/arch-arm -c  -g -mfpu=vfpv3-d16 -mcpu=cortex-a8 -mthumb -mfloat-abi=softfp -O2 -I/home/ddt/Documents/android-sdk/android-ndk-r9/sources/cxx-stl/gnu-libstdc++/4.8/include -I/home/ddt/Documents/android-sdk/android-ndk-r9/sources/cxx-stl/gnu-libstdc++/4.8/libs/armeabi-v7a/include -I/home/ddt/Documents/VLC0924/android/vlc/contrib/arm-linux-androideabi/include -g -DOPJ_STATIC  -g -mfpu=vfpv3-d16 -mcpu=cortex-a8 -mthumb -mfloat-abi=softfp -O2 -I/home/ddt/Documents/android-sdk/android-ndk-r9/sources/cxx-stl/gnu-libstdc++/4.8/include -I/home/ddt/Documents/android-sdk/android-ndk-r9/sources/cxx-stl/gnu-libstdc++/4.8/libs/armeabi-v7a/include -I/home/ddt/Documents/VLC0924/android/vlc/contrib/arm-linux-androideabi/include conftest.c >&5
configure:7426: $? = 0
configure:7510: result: yes
configure:7523: checking for sys/types.h
configure:7523: arm-linux-androideabi-gcc --sysroot=/home/ddt/Documents/android-sdk/android-ndk-r9/platforms/android-9/arch-arm -c  -g -mfpu=vfpv3-d16 -mcpu=cortex-a8 -mthumb -mfloat-abi=softfp -O2 -I/home/ddt/Documents/android-sdk/android-ndk-r9/sources/cxx-stl/gnu-libstdc++/4.8/include -I/home/ddt/Documents/android-sdk/android-ndk-r9/sources/cxx-stl/gnu-libstdc++/4.8/libs/armeabi-v7a/include -I/home/ddt/Documents/VLC0924/android/vlc/contrib/arm-linux-androideabi/include -g -DOPJ_STATIC  -g -mfpu=vfpv3-d16 -mcpu=cortex-a8 -mthumb -mfloat-abi=softfp -O2 -I/home/ddt/Documents/android-sdk/android-ndk-r9/sources/cxx-stl/gnu-libstdc++/4.8/include -I/home/ddt/Documents/android-sdk/android-ndk-r9/sources/cxx-stl/gnu-libstdc++/4.8/libs/armeabi-v7a/include -I/home/ddt/Documents/VLC0924/android/vlc/contrib/arm-linux-androideabi/include conftest.c >&5
configure:7523: $? = 0
configure:7523: result: yes
configure:7523: checking for sys/stat.h
configure:7523: arm-linux-androideabi-gcc --sysroot=/home/ddt/Documents/android-sdk/android-ndk-r9/platforms/android-9/arch-arm -c  -g -mfpu=vfpv3-d16 -mcpu=cortex-a8 -mthumb -mfloat-abi=softfp -O2 -I/home/ddt/Documents/android-sdk/android-ndk-r9/sources/cxx-stl/gnu-libstdc++/4.8/include -I/home/ddt/Documents/android-sdk/android-ndk-r9/sources/cxx-stl/gnu-libstdc++/4.8/libs/armeabi-v7a/include -I/home/ddt/Documents/VLC0924/android/vlc/contrib/arm-linux-androideabi/include -g -DOPJ_STATIC  -g -mfpu=vfpv3-d16 -mcpu=cortex-a8 -mthumb -mfloat-abi=softfp -O2 -I/home/ddt/Documents/android-sdk/android-ndk-r9/sources/cxx-stl/gnu-libstdc++/4.8/include -I/home/ddt/Documents/android-sdk/android-ndk-r9/sources/cxx-stl/gnu-libstdc++/4.8/libs/armeabi-v7a/include -I/home/ddt/Documents/VLC0924/android/vlc/contrib/arm-linux-androideabi/include conftest.c >&5
configure:7523: $? = 0
configure:7523: result: yes
configure:7523: checking for stdlib.h
configure:7523: arm-linux-androideabi-gcc --sysroot=/home/ddt/Documents/android-sdk/android-ndk-r9/platforms/android-9/arch-arm -c  -g -mfpu=vfpv3-d16 -mcpu=cortex-a8 -mthumb -mfloat-abi=softfp -O2 -I/home/ddt/Documents/android-sdk/android-ndk-r9/sources/cxx-stl/gnu-libstdc++/4.8/include -I/home/ddt/Documents/android-sdk/android-ndk-r9/sources/cxx-stl/gnu-libstdc++/4.8/libs/armeabi-v7a/include -I/home/ddt/Documents/VLC0924/android/vlc/contrib/arm-linux-androideabi/include -g -DOPJ_STATIC  -g -mfpu=vfpv3-d16 -mcpu=cortex-a8 -mthumb -mfloat-abi=softfp -O2 -I/home/ddt/Documents/android-sdk/android-ndk-r9/sources/cxx-stl/gnu-libstdc++/4.8/include -I/home/ddt/Documents/android-sdk/android-ndk-r9/sources/cxx-stl/gnu-libstdc++/4.8/libs/armeabi-v7a/include -I/home/ddt/Documents/VLC0924/android/vlc/contrib/arm-linux-androideabi/include conftest.c >&5
configure:7523: $? = 0
configure:7523: result: yes
configure:7523: checking for string.h
configure:7523: arm-linux-androideabi-gcc --sysroot=/home/ddt/Documents/android-sdk/android-ndk-r9/platforms/android-9/arch-arm -c  -g -mfpu=vfpv3-d16 -mcpu=cortex-a8 -mthumb -mfloat-abi=softfp -O2 -I/home/ddt/Documents/android-sdk/android-ndk-r9/sources/cxx-stl/gnu-libstdc++/4.8/include -I/home/ddt/Documents/android-sdk/android-ndk-r9/sources/cxx-stl/gnu-libstdc++/4.8/libs/armeabi-v7a/include -I/home/ddt/Documents/VLC0924/android/vlc/contrib/arm-linux-androideabi/include -g -DOPJ_STATIC  -g -mfpu=vfpv3-d16 -mcpu=cortex-a8 -mthumb -mfloat-abi=softfp -O2 -I/home/ddt/Documents/android-sdk/android-ndk-r9/sources/cxx-stl/gnu-libstdc++/4.8/include -I/home/ddt/Documents/android-sdk/android-ndk-r9/sources/cxx-stl/gnu-libstdc++/4.8/libs/armeabi-v7a/include -I/home/ddt/Documents/VLC0924/android/vlc/contrib/arm-linux-androideabi/include conftest.c >&5
configure:7523: $? = 0
configure:7523: result: yes
configure:7523: checking for memory.h
configure:7523: arm-linux-androideabi-gcc --sysroot=/home/ddt/Documents/android-sdk/android-ndk-r9/platforms/android-9/arch-arm -c  -g -mfpu=vfpv3-d16 -mcpu=cortex-a8 -mthumb -mfloat-abi=softfp -O2 -I/home/ddt/Documents/android-sdk/android-ndk-r9/sources/cxx-stl/gnu-libstdc++/4.8/include -I/home/ddt/Documents/android-sdk/android-ndk-r9/sources/cxx-stl/gnu-libstdc++/4.8/libs/armeabi-v7a/include -I/home/ddt/Documents/VLC0924/android/vlc/contrib/arm-linux-androideabi/include -g -DOPJ_STATIC  -g -mfpu=vfpv3-d16 -mcpu=cortex-a8 -mthumb -mfloat-abi=softfp -O2 -I/home/ddt/Documents/android-sdk/android-ndk-r9/sources/cxx-stl/gnu-libstdc++/4.8/include -I/home/ddt/Documents/android-sdk/android-ndk-r9/sources/cxx-stl/gnu-libstdc++/4.8/libs/armeabi-v7a/include -I/home/ddt/Documents/VLC0924/android/vlc/contrib/arm-linux-androideabi/include conftest.c >&5
configure:7523: $? = 0
configure:7523: result: yes
configure:7523: checking for strings.h
configure:7523: arm-linux-androideabi-gcc --sysroot=/home/ddt/Documents/android-sdk/android-ndk-r9/platforms/android-9/arch-arm -c  -g -mfpu=vfpv3-d16 -mcpu=cortex-a8 -mthumb -mfloat-abi=softfp -O2 -I/home/ddt/Documents/android-sdk/android-ndk-r9/sources/cxx-stl/gnu-libstdc++/4.8/include -I/home/ddt/Documents/android-sdk/android-ndk-r9/sources/cxx-stl/gnu-libstdc++/4.8/libs/armeabi-v7a/include -I/home/ddt/Documents/VLC0924/android/vlc/contrib/arm-linux-androideabi/include -g -DOPJ_STATIC  -g -mfpu=vfpv3-d16 -mcpu=cortex-a8 -mthumb -mfloat-abi=softfp -O2 -I/home/ddt/Documents/android-sdk/android-ndk-r9/sources/cxx-stl/gnu-libstdc++/4.8/include -I/home/ddt/Documents/android-sdk/android-ndk-r9/sources/cxx-stl/gnu-libstdc++/4.8/libs/armeabi-v7a/include -I/home/ddt/Documents/VLC0924/android/vlc/contrib/arm-linux-androideabi/include conftest.c >&5
configure:7523: $? = 0
configure:7523: result: yes
configure:7523: checking for inttypes.h
configure:7523: arm-linux-androideabi-gcc --sysroot=/home/ddt/Documents/android-sdk/android-ndk-r9/platforms/android-9/arch-arm -c  -g -mfpu=vfpv3-d16 -mcpu=cortex-a8 -mthumb -mfloat-abi=softfp -O2 -I/home/ddt/Documents/android-sdk/android-ndk-r9/sources/cxx-stl/gnu-libstdc++/4.8/include -I/home/ddt/Documents/android-sdk/android-ndk-r9/sources/cxx-stl/gnu-libstdc++/4.8/libs/armeabi-v7a/include -I/home/ddt/Documents/VLC0924/android/vlc/contrib/arm-linux-androideabi/include -g -DOPJ_STATIC  -g -mfpu=vfpv3-d16 -mcpu=cortex-a8 -mthumb -mfloat-abi=softfp -O2 -I/home/ddt/Documents/android-sdk/android-ndk-r9/sources/cxx-stl/gnu-libstdc++/4.8/include -I/home/ddt/Documents/android-sdk/android-ndk-r9/sources/cxx-stl/gnu-libstdc++/4.8/libs/armeabi-v7a/include -I/home/ddt/Documents/VLC0924/android/vlc/contrib/arm-linux-androideabi/include conftest.c >&5
configure:7523: $? = 0
configure:7523: result: yes
configure:7523: checking for stdint.h
configure:7523: arm-linux-androideabi-gcc --sysroot=/home/ddt/Documents/android-sdk/android-ndk-r9/platforms/android-9/arch-arm -c  -g -mfpu=vfpv3-d16 -mcpu=cortex-a8 -mthumb -mfloat-abi=softfp -O2 -I/home/ddt/Documents/android-sdk/android-ndk-r9/sources/cxx-stl/gnu-libstdc++/4.8/include -I/home/ddt/Documents/android-sdk/android-ndk-r9/sources/cxx-stl/gnu-libstdc++/4.8/libs/armeabi-v7a/include -I/home/ddt/Documents/VLC0924/android/vlc/contrib/arm-linux-androideabi/include -g -DOPJ_STATIC  -g -mfpu=vfpv3-d16 -mcpu=cortex-a8 -mthumb -mfloat-abi=softfp -O2 -I/home/ddt/Documents/android-sdk/android-ndk-r9/sources/cxx-stl/gnu-libstdc++/4.8/include -I/home/ddt/Documents/android-sdk/android-ndk-r9/sources/cxx-stl/gnu-libstdc++/4.8/libs/armeabi-v7a/include -I/home/ddt/Documents/VLC0924/android/vlc/contrib/arm-linux-androideabi/include conftest.c >&5
configure:7523: $? = 0
configure:7523: result: yes
configure:7523: checking for unistd.h
configure:7523: arm-linux-androideabi-gcc --sysroot=/home/ddt/Documents/android-sdk/android-ndk-r9/platforms/android-9/arch-arm -c  -g -mfpu=vfpv3-d16 -mcpu=cortex-a8 -mthumb -mfloat-abi=softfp -O2 -I/home/ddt/Documents/android-sdk/android-ndk-r9/sources/cxx-stl/gnu-libstdc++/4.8/include -I/home/ddt/Documents/android-sdk/android-ndk-r9/sources/cxx-stl/gnu-libstdc++/4.8/libs/armeabi-v7a/include -I/home/ddt/Documents/VLC0924/android/vlc/contrib/arm-linux-androideabi/include -g -DOPJ_STATIC  -g -mfpu=vfpv3-d16 -mcpu=cortex-a8 -mthumb -mfloat-abi=softfp -O2 -I/home/ddt/Documents/android-sdk/android-ndk-r9/sources/cxx-stl/gnu-libstdc++/4.8/include -I/home/ddt/Documents/android-sdk/android-ndk-r9/sources/cxx-stl/gnu-libstdc++/4.8/libs/armeabi-v7a/include -I/home/ddt/Documents/VLC0924/android/vlc/contrib/arm-linux-androideabi/include conftest.c >&5
configure:7523: $? = 0
configure:7523: result: yes
configure:7537: checking for dlfcn.h
configure:7537: arm-linux-androideabi-gcc --sysroot=/home/ddt/Documents/android-sdk/android-ndk-r9/platforms/android-9/arch-arm -c  -g -mfpu=vfpv3-d16 -mcpu=cortex-a8 -mthumb -mfloat-abi=softfp -O2 -I/home/ddt/Documents/android-sdk/android-ndk-r9/sources/cxx-stl/gnu-libstdc++/4.8/include -I/home/ddt/Documents/android-sdk/android-ndk-r9/sources/cxx-stl/gnu-libstdc++/4.8/libs/armeabi-v7a/include -I/home/ddt/Documents/VLC0924/android/vlc/contrib/arm-linux-androideabi/include -g -DOPJ_STATIC  -g -mfpu=vfpv3-d16 -mcpu=cortex-a8 -mthumb -mfloat-abi=softfp -O2 -I/home/ddt/Documents/android-sdk/android-ndk-r9/sources/cxx-stl/gnu-libstdc++/4.8/include -I/home/ddt/Documents/android-sdk/android-ndk-r9/sources/cxx-stl/gnu-libstdc++/4.8/libs/armeabi-v7a/include -I/home/ddt/Documents/VLC0924/android/vlc/contrib/arm-linux-androideabi/include conftest.c >&5
configure:7537: $? = 0
configure:7537: result: yes
configure:8041: checking for objdir
configure:8056: result: .libs
configure:8327: checking if arm-linux-androideabi-gcc --sysroot=/home/ddt/Documents/android-sdk/android-ndk-r9/platforms/android-9/arch-arm supports -fno-rtti -fno-exceptions
configure:8345: arm-linux-androideabi-gcc --sysroot=/home/ddt/Documents/android-sdk/android-ndk-r9/platforms/android-9/arch-arm -c  -g -mfpu=vfpv3-d16 -mcpu=cortex-a8 -mthumb -mfloat-abi=softfp -O2 -I/home/ddt/Documents/android-sdk/android-ndk-r9/sources/cxx-stl/gnu-libstdc++/4.8/include -I/home/ddt/Documents/android-sdk/android-ndk-r9/sources/cxx-stl/gnu-libstdc++/4.8/libs/armeabi-v7a/include -I/home/ddt/Documents/VLC0924/android/vlc/contrib/arm-linux-androideabi/include -g -DOPJ_STATIC  -g -mfpu=vfpv3-d16 -mcpu=cortex-a8 -mthumb -mfloat-abi=softfp -O2 -I/home/ddt/Documents/android-sdk/android-ndk-r9/sources/cxx-stl/gnu-libstdc++/4.8/include -I/home/ddt/Documents/android-sdk/android-ndk-r9/sources/cxx-stl/gnu-libstdc++/4.8/libs/armeabi-v7a/include -I/home/ddt/Documents/VLC0924/android/vlc/contrib/arm-linux-androideabi/include -fno-rtti -fno-exceptions conftest.c >&5
cc1: warning: command line option '-fno-rtti' is valid for C++/ObjC++ but not for C [enabled by default]
configure:8349: $? = 0
configure:8362: result: no
configure:8689: checking for arm-linux-androideabi-gcc --sysroot=/home/ddt/Documents/android-sdk/android-ndk-r9/platforms/android-9/arch-arm option to produce PIC
configure:8696: result: -fPIC -DPIC
configure:8704: checking if arm-linux-androideabi-gcc --sysroot=/home/ddt/Documents/android-sdk/android-ndk-r9/platforms/android-9/arch-arm PIC flag -fPIC -DPIC works
configure:8722: arm-linux-androideabi-gcc --sysroot=/home/ddt/Documents/android-sdk/android-ndk-r9/platforms/android-9/arch-arm -c  -g -mfpu=vfpv3-d16 -mcpu=cortex-a8 -mthumb -mfloat-abi=softfp -O2 -I/home/ddt/Documents/android-sdk/android-ndk-r9/sources/cxx-stl/gnu-libstdc++/4.8/include -I/home/ddt/Documents/android-sdk/android-ndk-r9/sources/cxx-stl/gnu-libstdc++/4.8/libs/armeabi-v7a/include -I/home/ddt/Documents/VLC0924/android/vlc/contrib/arm-linux-androideabi/include -g -DOPJ_STATIC  -g -mfpu=vfpv3-d16 -mcpu=cortex-a8 -mthumb -mfloat-abi=softfp -O2 -I/home/ddt/Documents/android-sdk/android-ndk-r9/sources/cxx-stl/gnu-libstdc++/4.8/include -I/home/ddt/Documents/android-sdk/android-ndk-r9/sources/cxx-stl/gnu-libstdc++/4.8/libs/armeabi-v7a/include -I/home/ddt/Documents/VLC0924/android/vlc/contrib/arm-linux-androideabi/include -fPIC -DPIC -DPIC conftest.c >&5
configure:8726: $? = 0
configure:8739: result: yes
configure:8768: checking if arm-linux-androideabi-gcc --sysroot=/home/ddt/Documents/android-sdk/android-ndk-r9/platforms/android-9/arch-arm static flag -static works
configure:8796: result: yes
configure:8811: checking if arm-linux-androideabi-gcc --sysroot=/home/ddt/Documents/android-sdk/android-ndk-r9/platforms/android-9/arch-arm supports -c -o file.o
configure:8832: arm-linux-androideabi-gcc --sysroot=/home/ddt/Documents/android-sdk/android-ndk-r9/platforms/android-9/arch-arm -c  -g -mfpu=vfpv3-d16 -mcpu=cortex-a8 -mthumb -mfloat-abi=softfp -O2 -I/home/ddt/Documents/android-sdk/android-ndk-r9/sources/cxx-stl/gnu-libstdc++/4.8/include -I/home/ddt/Documents/android-sdk/android-ndk-r9/sources/cxx-stl/gnu-libstdc++/4.8/libs/armeabi-v7a/include -I/home/ddt/Documents/VLC0924/android/vlc/contrib/arm-linux-androideabi/include -g -DOPJ_STATIC  -g -mfpu=vfpv3-d16 -mcpu=cortex-a8 -mthumb -mfloat-abi=softfp -O2 -I/home/ddt/Documents/android-sdk/android-ndk-r9/sources/cxx-stl/gnu-libstdc++/4.8/include -I/home/ddt/Documents/android-sdk/android-ndk-r9/sources/cxx-stl/gnu-libstdc++/4.8/libs/armeabi-v7a/include -I/home/ddt/Documents/VLC0924/android/vlc/contrib/arm-linux-androideabi/include -o out/conftest2.o conftest.c >&5
configure:8836: $? = 0
configure:8858: result: yes
configure:8866: checking if arm-linux-androideabi-gcc --sysroot=/home/ddt/Documents/android-sdk/android-ndk-r9/platforms/android-9/arch-arm supports -c -o file.o
configure:8913: result: yes
configure:8946: checking whether the arm-linux-androideabi-gcc --sysroot=/home/ddt/Documents/android-sdk/android-ndk-r9/platforms/android-9/arch-arm linker (arm-linux-androideabi-ld) supports shared libraries
configure:10099: result: yes
configure:10339: checking dynamic linker characteristics
configure:10850: arm-linux-androideabi-gcc --sysroot=/home/ddt/Documents/android-sdk/android-ndk-r9/platforms/android-9/arch-arm -o conftest  -g -mfpu=vfpv3-d16 -mcpu=cortex-a8 -mthumb -mfloat-abi=softfp -O2 -I/home/ddt/Documents/android-sdk/android-ndk-r9/sources/cxx-stl/gnu-libstdc++/4.8/include -I/home/ddt/Documents/android-sdk/android-ndk-r9/sources/cxx-stl/gnu-libstdc++/4.8/libs/armeabi-v7a/include -I/home/ddt/Documents/VLC0924/android/vlc/contrib/arm-linux-androideabi/include -g -DOPJ_STATIC  -g -mfpu=vfpv3-d16 -mcpu=cortex-a8 -mthumb -mfloat-abi=softfp -O2 -I/home/ddt/Documents/android-sdk/android-ndk-r9/sources/cxx-stl/gnu-libstdc++/4.8/include -I/home/ddt/Documents/android-sdk/android-ndk-r9/sources/cxx-stl/gnu-libstdc++/4.8/libs/armeabi-v7a/include -I/home/ddt/Documents/VLC0924/android/vlc/contrib/arm-linux-androideabi/include  -L/home/ddt/Documents/VLC0924/android/vlc/contrib/arm-linux-androideabi/lib -Wl,-rpath -Wl,/foo conftest.c  >&5
configure:10850: $? = 0
configure:11072: result: GNU/Linux ld.so
configure:11179: checking how to hardcode library paths into programs
configure:11204: result: immediate
configure:11744: checking whether stripping libraries is possible
configure:11749: result: yes
configure:11784: checking if libtool supports shared libraries
configure:11786: result: yes
configure:11789: checking whether to build shared libraries
configure:11810: result: no
configure:11813: checking whether to build static libraries
configure:11817: result: yes
configure:11908: checking whether to build in debug mode
configure:11910: result: no
configure:11929: checking whether to build the MJ2 binaries
configure:11931: result: no
configure:11965: checking whether to build the JPWL library
configure:11967: result: no
configure:11995: checking whether to build the JPIP library
configure:11997: result: no
configure:12014: checking whether to build the JPIP server
configure:12016: result: no
configure:12030: checking for arm-linux-androideabi-gcc
configure:12057: result: arm-linux-androideabi-gcc --sysroot=/home/ddt/Documents/android-sdk/android-ndk-r9/platforms/android-9/arch-arm
configure:12326: checking for C compiler version
configure:12335: arm-linux-androideabi-gcc --sysroot=/home/ddt/Documents/android-sdk/android-ndk-r9/platforms/android-9/arch-arm --version >&5
arm-linux-androideabi-gcc (GCC) 4.8
Copyright (C) 2013 Free Software Foundation, Inc.
This is free software; see the source for copying conditions.  There is NO
warranty; not even for MERCHANTABILITY or FITNESS FOR A PARTICULAR PURPOSE.

configure:12346: $? = 0
configure:12335: arm-linux-androideabi-gcc --sysroot=/home/ddt/Documents/android-sdk/android-ndk-r9/platforms/android-9/arch-arm -v >&5
Using built-in specs.
COLLECT_GCC=arm-linux-androideabi-gcc
COLLECT_LTO_WRAPPER=/home/ddt/Documents/android-sdk/android-ndk-r9/toolchains/arm-linux-androideabi-4.8/prebuilt/linux-x86_64/bin/../libexec/gcc/arm-linux-androideabi/4.8/lto-wrapper
Target: arm-linux-androideabi
Configured with: /s/ndk-toolchain/src/build/../gcc/gcc-4.8/configure --prefix=/tmp/ndk-andrewhsieh/build/toolchain/prefix --target=arm-linux-androideabi --host=x86_64-linux-gnu --build=x86_64-linux-gnu --with-gnu-as --with-gnu-ld --enable-languages=c,c++ --with-gmp=/tmp/ndk-andrewhsieh/build/toolchain/temp-install --with-mpfr=/tmp/ndk-andrewhsieh/build/toolchain/temp-install --with-mpc=/tmp/ndk-andrewhsieh/build/toolchain/temp-install --with-cloog=/tmp/ndk-andrewhsieh/build/toolchain/temp-install --with-isl=/tmp/ndk-andrewhsieh/build/toolchain/temp-install --with-ppl=/tmp/ndk-andrewhsieh/build/toolchain/temp-install --disable-ppl-version-check --disable-cloog-version-check --disable-isl-version-check --enable-cloog-backend=isl --with-host-libstdcxx='-static-libgcc -Wl,-Bstatic,-lstdc++,-Bdynamic -lm' --disable-libssp --enable-threads --disable-nls --disable-libmudflap --disable-libgomp --disable-libstdc__-v3 --disable-sjlj-exceptions --disable-shared --disable-tls --disable-libitm --with-float=soft --with-fpu=vfp --with-arch=armv5te --enable-target-optspace --enable-initfini-array --disable-nls --prefix=/tmp/ndk-andrewhsieh/build/toolchain/prefix --with-sysroot=/tmp/ndk-andrewhsieh/build/toolchain/prefix/sysroot --with-binutils-version=2.23 --with-mpfr-version=3.1.1 --with-mpc-version=1.0.1 --with-gmp-version=5.0.5 --with-gcc-version=4.8 --with-gdb-version=7.3.x --with-python=/usr/local/google/home/andrewhsieh/mydroid/ndk/prebuilt/linux-x86_64/bin/python-config.sh --with-gxx-include-dir=/tmp/ndk-andrewhsieh/build/toolchain/prefix/include/c++/4.8 --with-bugurl=http://source.android.com/source/report-bugs.html --disable-bootstrap --disable-libquadmath --enable-plugins --enable-libgomp --disable-libsanitizer --enable-gold --enable-graphite=yes --with-cloog-version=0.18.0 --with-isl-version=0.11.1 --with-arch=armv5te --program-transform-name='s&^&arm-linux-androideabi-&' --enable-gold=default
Thread model: posix
gcc version 4.8 (GCC) 
configure:12346: $? = 0
configure:12335: arm-linux-androideabi-gcc --sysroot=/home/ddt/Documents/android-sdk/android-ndk-r9/platforms/android-9/arch-arm -V >&5
arm-linux-androideabi-gcc: error: unrecognized command line option '-V'
arm-linux-androideabi-gcc: fatal error: no input files
compilation terminated.
configure:12346: $? = 1
configure:12335: arm-linux-androideabi-gcc --sysroot=/home/ddt/Documents/android-sdk/android-ndk-r9/platforms/android-9/arch-arm -qversion >&5
arm-linux-androideabi-gcc: error: unrecognized command line option '-qversion'
arm-linux-androideabi-gcc: fatal error: no input files
compilation terminated.
configure:12346: $? = 1
configure:12350: checking whether we are using the GNU C compiler
configure:12378: result: yes
configure:12387: checking whether arm-linux-androideabi-gcc --sysroot=/home/ddt/Documents/android-sdk/android-ndk-r9/platforms/android-9/arch-arm accepts -g
configure:12448: result: yes
configure:12465: checking for arm-linux-androideabi-gcc --sysroot=/home/ddt/Documents/android-sdk/android-ndk-r9/platforms/android-9/arch-arm option to accept ISO C89
configure:12541: result: none needed
configure:12566: checking whether arm-linux-androideabi-gcc --sysroot=/home/ddt/Documents/android-sdk/android-ndk-r9/platforms/android-9/arch-arm understands -c and -o together
configure:12603: result: yes
configure:12622: checking dependency style of arm-linux-androideabi-gcc --sysroot=/home/ddt/Documents/android-sdk/android-ndk-r9/platforms/android-9/arch-arm
configure:12733: result: none
configure:12761: checking for arm-linux-androideabi-pkg-config
configure:12794: result: no
configure:12804: checking for pkg-config
configure:12822: found /home/ddt/Documents/VLC0924/android/vlc/extras/tools/build/bin/pkg-config
configure:12834: result: /home/ddt/Documents/VLC0924/android/vlc/extras/tools/build/bin/pkg-config
configure:12859: checking pkg-config is at least version 0.9.0
configure:12862: result: yes
configure:12898: checking whether to build documentation
configure:12900: result: yes
configure:12964: checking for doxygen
configure:12992: result: no
configure:13009: WARNING: no doxygen detected. Documentation will not be built
configure:13041: checking whether ln -s works
configure:13045: result: yes
configure:13074: checking whether to build with PNG support
configure:13076: result: no
configure:14848: checking whether PNG is available
configure:14850: result: no
configure:14886: checking whether to build with TIFF support
configure:14888: result: no
configure:15250: checking whether TIFF is available
configure:15252: result: no
configure:15289: checking whether to build with LCMS-2 support
configure:15291: result: yes
configure:15297: checking for LCMS2
configure:15304: $PKG_CONFIG --exists --print-errors "lcms2"
Package lcms2 was not found in the pkg-config search path.
Perhaps you should add the directory containing `lcms2.pc'
to the PKG_CONFIG_PATH environment variable
No package 'lcms2' found
configure:15307: $? = 1
configure:15320: $PKG_CONFIG --exists --print-errors "lcms2"
Package lcms2 was not found in the pkg-config search path.
Perhaps you should add the directory containing `lcms2.pc'
to the PKG_CONFIG_PATH environment variable
No package 'lcms2' found
configure:15323: $? = 1
configure:15336: result: no
No package 'lcms2' found
configure:15366: checking whether LCMS-2 is available
configure:15368: result: no
configure:15394: checking whether to build with LCMS-1 support
configure:15396: result: yes
configure:15404: checking for LCMS1
configure:15411: $PKG_CONFIG --exists --print-errors "lcms1"
Package lcms1 was not found in the pkg-config search path.
Perhaps you should add the directory containing `lcms1.pc'
to the PKG_CONFIG_PATH environment variable
No package 'lcms1' found
configure:15414: $? = 1
configure:15427: $PKG_CONFIG --exists --print-errors "lcms1"
Package lcms1 was not found in the pkg-config search path.
Perhaps you should add the directory containing `lcms1.pc'
to the PKG_CONFIG_PATH environment variable
No package 'lcms1' found
configure:15430: $? = 1
configure:15443: result: no
No package 'lcms1' found
configure:15461: checking for LCMS1
configure:15468: $PKG_CONFIG --exists --print-errors "lcms"
Package lcms was not found in the pkg-config search path.
Perhaps you should add the directory containing `lcms.pc'
to the PKG_CONFIG_PATH environment variable
No package 'lcms' found
configure:15471: $? = 1
configure:15484: $PKG_CONFIG --exists --print-errors "lcms"
Package lcms was not found in the pkg-config search path.
Perhaps you should add the directory containing `lcms.pc'
to the PKG_CONFIG_PATH environment variable
No package 'lcms' found
configure:15487: $? = 1
configure:15500: result: no
No package 'lcms' found
configure:15609: checking whether LCMS-1 is available
configure:15611: result: no
configure:16175: checking for dirent.h that defines DIR
configure:16194: arm-linux-androideabi-gcc --sysroot=/home/ddt/Documents/android-sdk/android-ndk-r9/platforms/android-9/arch-arm -c  -g -mfpu=vfpv3-d16 -mcpu=cortex-a8 -mthumb -mfloat-abi=softfp -O2 -I/home/ddt/Documents/android-sdk/android-ndk-r9/sources/cxx-stl/gnu-libstdc++/4.8/include -I/home/ddt/Documents/android-sdk/android-ndk-r9/sources/cxx-stl/gnu-libstdc++/4.8/libs/armeabi-v7a/include -I/home/ddt/Documents/VLC0924/android/vlc/contrib/arm-linux-androideabi/include -g -DOPJ_STATIC  -g -mfpu=vfpv3-d16 -mcpu=cortex-a8 -mthumb -mfloat-abi=softfp -O2 -I/home/ddt/Documents/android-sdk/android-ndk-r9/sources/cxx-stl/gnu-libstdc++/4.8/include -I/home/ddt/Documents/android-sdk/android-ndk-r9/sources/cxx-stl/gnu-libstdc++/4.8/libs/armeabi-v7a/include -I/home/ddt/Documents/VLC0924/android/vlc/contrib/arm-linux-androideabi/include conftest.c >&5
configure:16194: $? = 0
configure:16202: result: yes
configure:16215: checking for library containing opendir
configure:16246: arm-linux-androideabi-gcc --sysroot=/home/ddt/Documents/android-sdk/android-ndk-r9/platforms/android-9/arch-arm -o conftest  -g -mfpu=vfpv3-d16 -mcpu=cortex-a8 -mthumb -mfloat-abi=softfp -O2 -I/home/ddt/Documents/android-sdk/android-ndk-r9/sources/cxx-stl/gnu-libstdc++/4.8/include -I/home/ddt/Documents/android-sdk/android-ndk-r9/sources/cxx-stl/gnu-libstdc++/4.8/libs/armeabi-v7a/include -I/home/ddt/Documents/VLC0924/android/vlc/contrib/arm-linux-androideabi/include -g -DOPJ_STATIC  -g -mfpu=vfpv3-d16 -mcpu=cortex-a8 -mthumb -mfloat-abi=softfp -O2 -I/home/ddt/Documents/android-sdk/android-ndk-r9/sources/cxx-stl/gnu-libstdc++/4.8/include -I/home/ddt/Documents/android-sdk/android-ndk-r9/sources/cxx-stl/gnu-libstdc++/4.8/libs/armeabi-v7a/include -I/home/ddt/Documents/VLC0924/android/vlc/contrib/arm-linux-androideabi/include  -L/home/ddt/Documents/VLC0924/android/vlc/contrib/arm-linux-androideabi/lib conftest.c  >&5
configure:16246: $? = 0
configure:16263: result: none required
configure:16341: checking whether byte ordering is bigendian
configure:16356: arm-linux-androideabi-gcc --sysroot=/home/ddt/Documents/android-sdk/android-ndk-r9/platforms/android-9/arch-arm -c  -g -mfpu=vfpv3-d16 -mcpu=cortex-a8 -mthumb -mfloat-abi=softfp -O2 -I/home/ddt/Documents/android-sdk/android-ndk-r9/sources/cxx-stl/gnu-libstdc++/4.8/include -I/home/ddt/Documents/android-sdk/android-ndk-r9/sources/cxx-stl/gnu-libstdc++/4.8/libs/armeabi-v7a/include -I/home/ddt/Documents/VLC0924/android/vlc/contrib/arm-linux-androideabi/include -g -DOPJ_STATIC  -g -mfpu=vfpv3-d16 -mcpu=cortex-a8 -mthumb -mfloat-abi=softfp -O2 -I/home/ddt/Documents/android-sdk/android-ndk-r9/sources/cxx-stl/gnu-libstdc++/4.8/include -I/home/ddt/Documents/android-sdk/android-ndk-r9/sources/cxx-stl/gnu-libstdc++/4.8/libs/armeabi-v7a/include -I/home/ddt/Documents/VLC0924/android/vlc/contrib/arm-linux-androideabi/include conftest.c >&5
conftest.c:25:9: error: unknown type name 'not'
         not a universal capable compiler
         ^
conftest.c:25:15: error: expected '=', ',', ';', 'asm' or '__attribute__' before 'universal'
         not a universal capable compiler
               ^
conftest.c:25:15: error: unknown type name 'universal'
configure:16356: $? = 1
configure: failed program was:
| /* confdefs.h */
| #define PACKAGE_NAME "OpenJPEG"
| #define PACKAGE_TARNAME "openjpeg"
| #define PACKAGE_VERSION "1.5.0"
| #define PACKAGE_STRING "OpenJPEG 1.5.0"
| #define PACKAGE_BUGREPORT "openjpeg@googlegroups.com"
| #define PACKAGE_URL "http://www.openjpeg.org"
| #define PACKAGE "openjpeg"
| #define VERSION "1.5.0"
| #define STDC_HEADERS 1
| #define HAVE_SYS_TYPES_H 1
| #define HAVE_SYS_STAT_H 1
| #define HAVE_STDLIB_H 1
| #define HAVE_STRING_H 1
| #define HAVE_MEMORY_H 1
| #define HAVE_STRINGS_H 1
| #define HAVE_INTTYPES_H 1
| #define HAVE_STDINT_H 1
| #define HAVE_UNISTD_H 1
| #define HAVE_DLFCN_H 1
| #define LT_OBJDIR ".libs/"
| #define HAVE_DIRENT_H 1
| /* end confdefs.h.  */
| #ifndef __APPLE_CC__
| 	       not a universal capable compiler
| 	     #endif
| 	     typedef int dummy;
| 
configure:16401: arm-linux-androideabi-gcc --sysroot=/home/ddt/Documents/android-sdk/android-ndk-r9/platforms/android-9/arch-arm -c  -g -mfpu=vfpv3-d16 -mcpu=cortex-a8 -mthumb -mfloat-abi=softfp -O2 -I/home/ddt/Documents/android-sdk/android-ndk-r9/sources/cxx-stl/gnu-libstdc++/4.8/include -I/home/ddt/Documents/android-sdk/android-ndk-r9/sources/cxx-stl/gnu-libstdc++/4.8/libs/armeabi-v7a/include -I/home/ddt/Documents/VLC0924/android/vlc/contrib/arm-linux-androideabi/include -g -DOPJ_STATIC  -g -mfpu=vfpv3-d16 -mcpu=cortex-a8 -mthumb -mfloat-abi=softfp -O2 -I/home/ddt/Documents/android-sdk/android-ndk-r9/sources/cxx-stl/gnu-libstdc++/4.8/include -I/home/ddt/Documents/android-sdk/android-ndk-r9/sources/cxx-stl/gnu-libstdc++/4.8/libs/armeabi-v7a/include -I/home/ddt/Documents/VLC0924/android/vlc/contrib/arm-linux-androideabi/include conftest.c >&5
conftest.c: In function 'main':
conftest.c:31:8: error: unknown type name 'bogus'
        bogus endian macros
        ^
conftest.c:31:21: error: expected '=', ',', ';', 'asm' or '__attribute__' before 'macros'
        bogus endian macros
                     ^
configure:16401: $? = 1
configure: failed program was:
| /* confdefs.h */
| #define PACKAGE_NAME "OpenJPEG"
| #define PACKAGE_TARNAME "openjpeg"
| #define PACKAGE_VERSION "1.5.0"
| #define PACKAGE_STRING "OpenJPEG 1.5.0"
| #define PACKAGE_BUGREPORT "openjpeg@googlegroups.com"
| #define PACKAGE_URL "http://www.openjpeg.org"
| #define PACKAGE "openjpeg"
| #define VERSION "1.5.0"
| #define STDC_HEADERS 1
| #define HAVE_SYS_TYPES_H 1
| #define HAVE_SYS_STAT_H 1
| #define HAVE_STDLIB_H 1
| #define HAVE_STRING_H 1
| #define HAVE_MEMORY_H 1
| #define HAVE_STRINGS_H 1
| #define HAVE_INTTYPES_H 1
| #define HAVE_STDINT_H 1
| #define HAVE_UNISTD_H 1
| #define HAVE_DLFCN_H 1
| #define LT_OBJDIR ".libs/"
| #define HAVE_DIRENT_H 1
| /* end confdefs.h.  */
| #include <sys/types.h>
| 	     #include <sys/param.h>
| 
| int
| main ()
| {
| #if ! (defined BYTE_ORDER && defined BIG_ENDIAN 		     && defined LITTLE_ENDIAN && BYTE_ORDER && BIG_ENDIAN 		     && LITTLE_ENDIAN)
| 	      bogus endian macros
| 	     #endif
| 
|   ;
|   return 0;
| }
configure:16445: arm-linux-androideabi-gcc --sysroot=/home/ddt/Documents/android-sdk/android-ndk-r9/platforms/android-9/arch-arm -c  -g -mfpu=vfpv3-d16 -mcpu=cortex-a8 -mthumb -mfloat-abi=softfp -O2 -I/home/ddt/Documents/android-sdk/android-ndk-r9/sources/cxx-stl/gnu-libstdc++/4.8/include -I/home/ddt/Documents/android-sdk/android-ndk-r9/sources/cxx-stl/gnu-libstdc++/4.8/libs/armeabi-v7a/include -I/home/ddt/Documents/VLC0924/android/vlc/contrib/arm-linux-androideabi/include -g -DOPJ_STATIC  -g -mfpu=vfpv3-d16 -mcpu=cortex-a8 -mthumb -mfloat-abi=softfp -O2 -I/home/ddt/Documents/android-sdk/android-ndk-r9/sources/cxx-stl/gnu-libstdc++/4.8/include -I/home/ddt/Documents/android-sdk/android-ndk-r9/sources/cxx-stl/gnu-libstdc++/4.8/libs/armeabi-v7a/include -I/home/ddt/Documents/VLC0924/android/vlc/contrib/arm-linux-androideabi/include conftest.c >&5
conftest.c: In function 'main':
conftest.c:30:8: error: unknown type name 'bogus'
        bogus endian macros
        ^
conftest.c:30:21: error: expected '=', ',', ';', 'asm' or '__attribute__' before 'macros'
        bogus endian macros
                     ^
configure:16445: $? = 1
configure: failed program was:
| /* confdefs.h */
| #define PACKAGE_NAME "OpenJPEG"
| #define PACKAGE_TARNAME "openjpeg"
| #define PACKAGE_VERSION "1.5.0"
| #define PACKAGE_STRING "OpenJPEG 1.5.0"
| #define PACKAGE_BUGREPORT "openjpeg@googlegroups.com"
| #define PACKAGE_URL "http://www.openjpeg.org"
| #define PACKAGE "openjpeg"
| #define VERSION "1.5.0"
| #define STDC_HEADERS 1
| #define HAVE_SYS_TYPES_H 1
| #define HAVE_SYS_STAT_H 1
| #define HAVE_STDLIB_H 1
| #define HAVE_STRING_H 1
| #define HAVE_MEMORY_H 1
| #define HAVE_STRINGS_H 1
| #define HAVE_INTTYPES_H 1
| #define HAVE_STDINT_H 1
| #define HAVE_UNISTD_H 1
| #define HAVE_DLFCN_H 1
| #define LT_OBJDIR ".libs/"
| #define HAVE_DIRENT_H 1
| /* end confdefs.h.  */
| #include <limits.h>
| 
| int
| main ()
| {
| #if ! (defined _LITTLE_ENDIAN || defined _BIG_ENDIAN)
| 	      bogus endian macros
| 	     #endif
| 
|   ;
|   return 0;
| }
configure:16501: arm-linux-androideabi-gcc --sysroot=/home/ddt/Documents/android-sdk/android-ndk-r9/platforms/android-9/arch-arm -c  -g -mfpu=vfpv3-d16 -mcpu=cortex-a8 -mthumb -mfloat-abi=softfp -O2 -I/home/ddt/Documents/android-sdk/android-ndk-r9/sources/cxx-stl/gnu-libstdc++/4.8/include -I/home/ddt/Documents/android-sdk/android-ndk-r9/sources/cxx-stl/gnu-libstdc++/4.8/libs/armeabi-v7a/include -I/home/ddt/Documents/VLC0924/android/vlc/contrib/arm-linux-androideabi/include -g -DOPJ_STATIC  -g -mfpu=vfpv3-d16 -mcpu=cortex-a8 -mthumb -mfloat-abi=softfp -O2 -I/home/ddt/Documents/android-sdk/android-ndk-r9/sources/cxx-stl/gnu-libstdc++/4.8/include -I/home/ddt/Documents/android-sdk/android-ndk-r9/sources/cxx-stl/gnu-libstdc++/4.8/libs/armeabi-v7a/include -I/home/ddt/Documents/VLC0924/android/vlc/contrib/arm-linux-androideabi/include conftest.c >&5
configure:16501: $? = 0
configure:16547: result: no
configure:16581: checking whether the compiler supports -Wno-unused-result
configure:16595: arm-linux-androideabi-gcc --sysroot=/home/ddt/Documents/android-sdk/android-ndk-r9/platforms/android-9/arch-arm -c  -g -mfpu=vfpv3-d16 -mcpu=cortex-a8 -mthumb -mfloat-abi=softfp -O2 -I/home/ddt/Documents/android-sdk/android-ndk-r9/sources/cxx-stl/gnu-libstdc++/4.8/include -I/home/ddt/Documents/android-sdk/android-ndk-r9/sources/cxx-stl/gnu-libstdc++/4.8/libs/armeabi-v7a/include -I/home/ddt/Documents/VLC0924/android/vlc/contrib/arm-linux-androideabi/include -g -DOPJ_STATIC -Wno-unused-result  -g -mfpu=vfpv3-d16 -mcpu=cortex-a8 -mthumb -mfloat-abi=softfp -O2 -I/home/ddt/Documents/android-sdk/android-ndk-r9/sources/cxx-stl/gnu-libstdc++/4.8/include -I/home/ddt/Documents/android-sdk/android-ndk-r9/sources/cxx-stl/gnu-libstdc++/4.8/libs/armeabi-v7a/include -I/home/ddt/Documents/VLC0924/android/vlc/contrib/arm-linux-androideabi/include conftest.c >&5
configure:16595: $? = 0
configure:16601: result: yes
configure:16719: checking whether the compiler supports -O3
configure:16733: arm-linux-androideabi-gcc --sysroot=/home/ddt/Documents/android-sdk/android-ndk-r9/platforms/android-9/arch-arm -c  -g -mfpu=vfpv3-d16 -mcpu=cortex-a8 -mthumb -mfloat-abi=softfp -O2 -I/home/ddt/Documents/android-sdk/android-ndk-r9/sources/cxx-stl/gnu-libstdc++/4.8/include -I/home/ddt/Documents/android-sdk/android-ndk-r9/sources/cxx-stl/gnu-libstdc++/4.8/libs/armeabi-v7a/include -I/home/ddt/Documents/VLC0924/android/vlc/contrib/arm-linux-androideabi/include -g -DOPJ_STATIC -Wno-unused-result -O3  -g -mfpu=vfpv3-d16 -mcpu=cortex-a8 -mthumb -mfloat-abi=softfp -O2 -I/home/ddt/Documents/android-sdk/android-ndk-r9/sources/cxx-stl/gnu-libstdc++/4.8/include -I/home/ddt/Documents/android-sdk/android-ndk-r9/sources/cxx-stl/gnu-libstdc++/4.8/libs/armeabi-v7a/include -I/home/ddt/Documents/VLC0924/android/vlc/contrib/arm-linux-androideabi/include conftest.c >&5
configure:16733: $? = 0
configure:16739: result: yes
configure:16894: checking that generated files are newer than configure
configure:16900: result: done
configure:16976: creating ./config.status

## ---------------------- ##
## Running config.status. ##
## ---------------------- ##

This file was extended by OpenJPEG config.status 1.5.0, which was
generated by GNU Autoconf 2.69.  Invocation command line was

  CONFIG_FILES    = 
  CONFIG_HEADERS  = 
  CONFIG_LINKS    = 
  CONFIG_COMMANDS = 
  $ ./config.status 

on ubuntu

config.status:1154: creating Makefile
config.status:1154: creating libopenjpeg1.pc
config.status:1154: creating libopenjpeg-jpwl.pc
config.status:1154: creating libopenjpeg/Makefile
config.status:1154: creating libopenjpeg/jpwl/Makefile
config.status:1154: creating applications/Makefile
config.status:1154: creating applications/codec/Makefile
config.status:1154: creating applications/mj2/Makefile
config.status:1154: creating applications/jpip/Makefile
config.status:1154: creating applications/jpip/libopenjpip/Makefile
config.status:1154: creating applications/jpip/util/Makefile
config.status:1154: creating doc/Makefile
config.status:1154: creating opj_config.h
config.status:1383: executing depfiles commands
config.status:1383: executing libtool commands

## ---------------- ##
## Cache variables. ##
## ---------------- ##

ac_cv_build=x86_64-pc-linux-gnu
ac_cv_c_bigendian=no
ac_cv_c_compiler_gnu=yes
ac_cv_env_CC_set=set
ac_cv_env_CC_value='arm-linux-androideabi-gcc --sysroot=/home/ddt/Documents/android-sdk/android-ndk-r9/platforms/android-9/arch-arm'
ac_cv_env_CFLAGS_set=set
ac_cv_env_CFLAGS_value=' -g -mfpu=vfpv3-d16 -mcpu=cortex-a8 -mthumb -mfloat-abi=softfp -O2 -I/home/ddt/Documents/android-sdk/android-ndk-r9/sources/cxx-stl/gnu-libstdc++/4.8/include -I/home/ddt/Documents/android-sdk/android-ndk-r9/sources/cxx-stl/gnu-libstdc++/4.8/libs/armeabi-v7a/include -I/home/ddt/Documents/VLC0924/android/vlc/contrib/arm-linux-androideabi/include -g -DOPJ_STATIC'
ac_cv_env_CPPFLAGS_set=set
ac_cv_env_CPPFLAGS_value=' -g -mfpu=vfpv3-d16 -mcpu=cortex-a8 -mthumb -mfloat-abi=softfp -O2 -I/home/ddt/Documents/android-sdk/android-ndk-r9/sources/cxx-stl/gnu-libstdc++/4.8/include -I/home/ddt/Documents/android-sdk/android-ndk-r9/sources/cxx-stl/gnu-libstdc++/4.8/libs/armeabi-v7a/include -I/home/ddt/Documents/VLC0924/android/vlc/contrib/arm-linux-androideabi/include'
ac_cv_env_CPP_set=
ac_cv_env_CPP_value=
ac_cv_env_FCGI_CFLAGS_set=
ac_cv_env_FCGI_CFLAGS_value=
ac_cv_env_FCGI_LIBS_set=
ac_cv_env_FCGI_LIBS_value=
ac_cv_env_LCMS1_CFLAGS_set=
ac_cv_env_LCMS1_CFLAGS_value=
ac_cv_env_LCMS1_LIBS_set=
ac_cv_env_LCMS1_LIBS_value=
ac_cv_env_LCMS2_CFLAGS_set=
ac_cv_env_LCMS2_CFLAGS_value=
ac_cv_env_LCMS2_LIBS_set=
ac_cv_env_LCMS2_LIBS_value=
ac_cv_env_LDFLAGS_set=set
ac_cv_env_LDFLAGS_value=' -L/home/ddt/Documents/VLC0924/android/vlc/contrib/arm-linux-androideabi/lib'
ac_cv_env_LIBCURL_CFLAGS_set=
ac_cv_env_LIBCURL_CFLAGS_value=
ac_cv_env_LIBCURL_LIBS_set=
ac_cv_env_LIBCURL_LIBS_value=
ac_cv_env_LIBS_set=
ac_cv_env_LIBS_value=
ac_cv_env_PKG_CONFIG_LIBDIR_set=set
ac_cv_env_PKG_CONFIG_LIBDIR_value=/usr/arm-linux-androideabi/lib/pkgconfig
ac_cv_env_PKG_CONFIG_PATH_set=set
ac_cv_env_PKG_CONFIG_PATH_value=/usr/share/pkgconfig:/home/ddt/Documents/VLC0924/android/vlc/contrib/arm-linux-androideabi/lib/pkgconfig
ac_cv_env_PKG_CONFIG_set=
ac_cv_env_PKG_CONFIG_value=
ac_cv_env_PNG_CFLAGS_set=
ac_cv_env_PNG_CFLAGS_value=
ac_cv_env_PNG_LIBS_set=
ac_cv_env_PNG_LIBS_value=
ac_cv_env_THREAD_CFLAGS_set=
ac_cv_env_THREAD_CFLAGS_value=
ac_cv_env_THREAD_LIBS_set=
ac_cv_env_THREAD_LIBS_value=
ac_cv_env_TIFF_CFLAGS_set=
ac_cv_env_TIFF_CFLAGS_value=
ac_cv_env_TIFF_LIBS_set=
ac_cv_env_TIFF_LIBS_value=
ac_cv_env_Z_CFLAGS_set=
ac_cv_env_Z_CFLAGS_value=
ac_cv_env_Z_LIBS_set=
ac_cv_env_Z_LIBS_value=
ac_cv_env_build_alias_set=set
ac_cv_env_build_alias_value=x86_64-linux-gnu
ac_cv_env_host_alias_set=set
ac_cv_env_host_alias_value=arm-linux-androideabi
ac_cv_env_target_alias_set=set
ac_cv_env_target_alias_value=arm-linux-androideabi
ac_cv_header_dirent_dirent_h=yes
ac_cv_header_dlfcn_h=yes
ac_cv_header_inttypes_h=yes
ac_cv_header_memory_h=yes
ac_cv_header_stdc=yes
ac_cv_header_stdint_h=yes
ac_cv_header_stdlib_h=yes
ac_cv_header_string_h=yes
ac_cv_header_strings_h=yes
ac_cv_header_sys_stat_h=yes
ac_cv_header_sys_types_h=yes
ac_cv_header_unistd_h=yes
ac_cv_host=arm-unknown-linux-androideabi
ac_cv_objext=o
ac_cv_path_EGREP='/bin/grep -E'
ac_cv_path_FGREP='/bin/grep -F'
ac_cv_path_GREP=/bin/grep
ac_cv_path_SED=/bin/sed
ac_cv_path_ac_pt_PKG_CONFIG=/home/ddt/Documents/VLC0924/android/vlc/extras/tools/build/bin/pkg-config
ac_cv_path_install='/usr/bin/install -c'
ac_cv_path_mkdir=/bin/mkdir
ac_cv_prog_AR=arm-linux-androideabi-ar
ac_cv_prog_AWK=mawk
ac_cv_prog_CC='arm-linux-androideabi-gcc --sysroot=/home/ddt/Documents/android-sdk/android-ndk-r9/platforms/android-9/arch-arm'
ac_cv_prog_CPP='arm-linux-androideabi-gcc --sysroot=/home/ddt/Documents/android-sdk/android-ndk-r9/platforms/android-9/arch-arm -E'
ac_cv_prog_OBJDUMP=arm-linux-androideabi-objdump
ac_cv_prog_RANLIB=arm-linux-androideabi-ranlib
ac_cv_prog_STRIP=arm-linux-androideabi-strip
ac_cv_prog_ac_ct_MANIFEST_TOOL=mt
ac_cv_prog_cc_c89=
ac_cv_prog_cc_g=yes
ac_cv_prog_make_make_set=yes
ac_cv_prog_opj_have_doxygen=no
ac_cv_search_opendir='none required'
ac_cv_target=arm-unknown-linux-androideabi
am_cv_CC_dependencies_compiler_type=none
am_cv_make_support_nested_variables=yes
am_cv_prog_cc_c_o=yes
lt_cv_ar_at_file=@
lt_cv_deplibs_check_method=pass_all
lt_cv_file_magic_cmd='$MAGIC_CMD'
lt_cv_file_magic_test_file=
lt_cv_ld_reload_flag=-r
lt_cv_nm_interface='BSD nm'
lt_cv_objdir=.libs
lt_cv_path_LD=arm-linux-androideabi-ld
lt_cv_path_NM='/home/ddt/Documents/android-sdk/android-ndk-r9/toolchains/arm-linux-androideabi-4.8/prebuilt/linux-x86_64/bin/arm-linux-androideabi-nm -B'
lt_cv_path_mainfest_tool=no
lt_cv_prog_compiler_c_o=yes
lt_cv_prog_compiler_pic='-fPIC -DPIC'
lt_cv_prog_compiler_pic_works=yes
lt_cv_prog_compiler_rtti_exceptions=no
lt_cv_prog_compiler_static_works=yes
lt_cv_prog_gnu_ld=yes
lt_cv_sharedlib_from_linklib_cmd='printf %s\n'
lt_cv_shlibpath_overrides_runpath=no
lt_cv_sys_global_symbol_pipe='sed -n -e '\''s/^.*[	 ]\([ABCDGIRSTW][ABCDGIRSTW]*\)[	 ][	 ]*\([_A-Za-z][_A-Za-z0-9]*\)$/\1 \2 \2/p'\'' | sed '\''/ __gnu_lto/d'\'''
lt_cv_sys_global_symbol_to_c_name_address='sed -n -e '\''s/^: \([^ ]*\)[ ]*$/  {\"\1\", (void *) 0},/p'\'' -e '\''s/^[ABCDGIRSTW]* \([^ ]*\) \([^ ]*\)$/  {"\2", (void *) \&\2},/p'\'''
lt_cv_sys_global_symbol_to_c_name_address_lib_prefix='sed -n -e '\''s/^: \([^ ]*\)[ ]*$/  {\"\1\", (void *) 0},/p'\'' -e '\''s/^[ABCDGIRSTW]* \([^ ]*\) \(lib[^ ]*\)$/  {"\2", (void *) \&\2},/p'\'' -e '\''s/^[ABCDGIRSTW]* \([^ ]*\) \([^ ]*\)$/  {"lib\2", (void *) \&\2},/p'\'''
lt_cv_sys_global_symbol_to_cdecl='sed -n -e '\''s/^T .* \(.*\)$/extern int \1();/p'\'' -e '\''s/^[ABCDGIRSTW]* .* \(.*\)$/extern char \1;/p'\'''
lt_cv_sys_max_cmd_len=3458764513820540925
lt_cv_to_host_file_cmd=func_convert_file_noop
lt_cv_to_tool_file_cmd=func_convert_file_noop

## ----------------- ##
## Output variables. ##
## ----------------- ##

ACLOCAL='${SHELL} /home/ddt/Documents/VLC0924/android/vlc/contrib/android/openjpeg/missing aclocal-1.14'
AMDEPBACKSLASH=''
AMDEP_FALSE=''
AMDEP_TRUE='#'
AMTAR='$${TAR-tar}'
AM_BACKSLASH='\'
AM_DEFAULT_V='$(AM_DEFAULT_VERBOSITY)'
AM_DEFAULT_VERBOSITY='0'
AM_V='$(V)'
AR='arm-linux-androideabi-ar'
AS='as'
AUTOCONF='${SHELL} /home/ddt/Documents/VLC0924/android/vlc/contrib/android/openjpeg/missing autoconf'
AUTOHEADER='${SHELL} /home/ddt/Documents/VLC0924/android/vlc/contrib/android/openjpeg/missing autoheader'
AUTOMAKE='${SHELL} /home/ddt/Documents/VLC0924/android/vlc/contrib/android/openjpeg/missing automake-1.14'
AWK='mawk'
BUILD_SHARED_FALSE=''
BUILD_SHARED_TRUE='#'
BUILD_STATIC_FALSE='#'
BUILD_STATIC_TRUE=''
CC='arm-linux-androideabi-gcc --sysroot=/home/ddt/Documents/android-sdk/android-ndk-r9/platforms/android-9/arch-arm'
CCDEPMODE='depmode=none'
CFLAGS=' -g -mfpu=vfpv3-d16 -mcpu=cortex-a8 -mthumb -mfloat-abi=softfp -O2 -I/home/ddt/Documents/android-sdk/android-ndk-r9/sources/cxx-stl/gnu-libstdc++/4.8/include -I/home/ddt/Documents/android-sdk/android-ndk-r9/sources/cxx-stl/gnu-libstdc++/4.8/libs/armeabi-v7a/include -I/home/ddt/Documents/VLC0924/android/vlc/contrib/arm-linux-androideabi/include -g -DOPJ_STATIC -Wno-unused-result -O3'
CPP='arm-linux-androideabi-gcc --sysroot=/home/ddt/Documents/android-sdk/android-ndk-r9/platforms/android-9/arch-arm -E'
CPPFLAGS=' -g -mfpu=vfpv3-d16 -mcpu=cortex-a8 -mthumb -mfloat-abi=softfp -O2 -I/home/ddt/Documents/android-sdk/android-ndk-r9/sources/cxx-stl/gnu-libstdc++/4.8/include -I/home/ddt/Documents/android-sdk/android-ndk-r9/sources/cxx-stl/gnu-libstdc++/4.8/libs/armeabi-v7a/include -I/home/ddt/Documents/VLC0924/android/vlc/contrib/arm-linux-androideabi/include'
CYGPATH_W='echo'
DEFS='-DHAVE_CONFIG_H'
DEPDIR='.deps'
DLLTOOL='false'
DSYMUTIL=''
DUMPBIN=''
ECHO_C=''
ECHO_N='-n'
ECHO_T=''
EGREP='/bin/grep -E'
EXEEXT=''
FCGI_CFLAGS=''
FCGI_LIBS=''
FGREP='/bin/grep -F'
GREP='/bin/grep'
HAVE_DARWIN_FALSE=''
HAVE_DARWIN_TRUE='#'
HAVE_WIN32_FALSE=''
HAVE_WIN32_TRUE='#'
INSTALL_DATA='${INSTALL} -m 644'
INSTALL_PROGRAM='${INSTALL}'
INSTALL_SCRIPT='${INSTALL}'
INSTALL_STRIP_PROGRAM='$(install_sh) -c -s'
LCMS1_CFLAGS=''
LCMS1_LIBS=''
LCMS2_CFLAGS=''
LCMS2_LIBS=''
LD='arm-linux-androideabi-ld'
LDFLAGS=' -L/home/ddt/Documents/VLC0924/android/vlc/contrib/arm-linux-androideabi/lib'
LIBCURL_CFLAGS=''
LIBCURL_LIBS=''
LIBOBJS=''
LIBS=''
LIBTOOL='$(SHELL) $(top_builddir)/libtool'
LIPO=''
LN_S='ln -s'
LTLIBOBJS=''
MAJOR_NR='1'
MAKEINFO='${SHELL} /home/ddt/Documents/VLC0924/android/vlc/contrib/android/openjpeg/missing makeinfo'
MANIFEST_TOOL=':'
MICRO_NR='0'
MINOR_NR='5'
MKDIR_P='/bin/mkdir -p'
NM='/home/ddt/Documents/android-sdk/android-ndk-r9/toolchains/arm-linux-androideabi-4.8/prebuilt/linux-x86_64/bin/arm-linux-androideabi-nm -B'
NMEDIT=''
OBJDUMP='arm-linux-androideabi-objdump'
OBJEXT='o'
OPJ_BUILD_DOC_FALSE=''
OPJ_BUILD_DOC_TRUE='#'
OTOOL64=''
OTOOL=''
PACKAGE='openjpeg'
PACKAGE_BUGREPORT='openjpeg@googlegroups.com'
PACKAGE_NAME='OpenJPEG'
PACKAGE_STRING='OpenJPEG 1.5.0'
PACKAGE_TARNAME='openjpeg'
PACKAGE_URL='http://www.openjpeg.org'
PACKAGE_VERSION='1.5.0'
PATH_SEPARATOR=':'
PKG_CONFIG='/home/ddt/Documents/VLC0924/android/vlc/extras/tools/build/bin/pkg-config'
PKG_CONFIG_LIBDIR='/usr/arm-linux-androideabi/lib/pkgconfig'
PKG_CONFIG_PATH='/usr/share/pkgconfig:/home/ddt/Documents/VLC0924/android/vlc/contrib/arm-linux-androideabi/lib/pkgconfig'
PNG_CFLAGS=''
PNG_LIBS=''
RANLIB='arm-linux-androideabi-ranlib'
SED='/bin/sed'
SET_MAKE=''
SHELL='/bin/bash'
STRIP='arm-linux-androideabi-strip'
THREAD_CFLAGS=''
THREAD_LIBS=''
TIFF_CFLAGS=''
TIFF_LIBS=''
VERSION='1.5.0'
WANT_JPIP_CODE_FALSE=''
WANT_JPIP_CODE_TRUE='#'
WANT_JPIP_FALSE=''
WANT_JPIP_SERVER_FALSE=''
WANT_JPIP_SERVER_TRUE='#'
WANT_JPIP_TRUE='#'
WANT_JPWL_FALSE=''
WANT_JPWL_TRUE='#'
WANT_MJ2_FALSE=''
WANT_MJ2_TRUE='#'
Z_CFLAGS=''
Z_LIBS=''
ac_ct_AR=''
ac_ct_CC=''
ac_ct_DUMPBIN=''
am__EXEEXT_FALSE=''
am__EXEEXT_TRUE='#'
am__fastdepCC_FALSE=''
am__fastdepCC_TRUE='#'
am__include='include'
am__isrc=''
am__leading_dot='.'
am__nodep=''
am__quote=''
am__tar='$${TAR-tar} chof - "$$tardir"'
am__untar='$${TAR-tar} xf -'
bindir='${exec_prefix}/bin'
build='x86_64-pc-linux-gnu'
build_alias='x86_64-linux-gnu'
build_cpu='x86_64'
build_os='linux-gnu'
build_vendor='pc'
datadir='${datarootdir}'
datarootdir='${prefix}/share'
docdir='${datarootdir}/doc/${PACKAGE_TARNAME}'
dvidir='${docdir}'
exec_prefix='${prefix}'
host='arm-unknown-linux-androideabi'
host_alias='arm-linux-androideabi'
host_cpu='arm'
host_os='linux-androideabi'
host_vendor='unknown'
htmldir='${docdir}'
includedir='${prefix}/include'
infodir='${datarootdir}/info'
install_sh='${SHELL} /home/ddt/Documents/VLC0924/android/vlc/contrib/android/openjpeg/install-sh'
libdir='${exec_prefix}/lib'
libexecdir='${exec_prefix}/libexec'
localedir='${datarootdir}/locale'
localstatedir='${prefix}/var'
lt_version='6:0:5'
mandir='${datarootdir}/man'
mkdir_p='$(MKDIR_P)'
oldincludedir='/usr/include'
opj_doxygen='doxygen'
opj_have_doxygen='no'
pdfdir='${docdir}'
pkgconfig_requires_private='Requires.private'
prefix='/home/ddt/Documents/VLC0924/android/vlc/contrib/arm-linux-androideabi'
program_transform_name='s&^&&'
psdir='${docdir}'
requirements=''
sbindir='${exec_prefix}/sbin'
sharedstatedir='${prefix}/com'
sysconfdir='${prefix}/etc'
target='arm-unknown-linux-androideabi'
target_alias='arm-linux-androideabi'
target_cpu='arm'
target_os='linux-androideabi'
target_vendor='unknown'
with_libpng_FALSE=''
with_libpng_TRUE='#'
with_libtiff_FALSE=''
with_libtiff_TRUE='#'

## ----------- ##
## confdefs.h. ##
## ----------- ##

/* confdefs.h */
#define PACKAGE_NAME "OpenJPEG"
#define PACKAGE_TARNAME "openjpeg"
#define PACKAGE_VERSION "1.5.0"
#define PACKAGE_STRING "OpenJPEG 1.5.0"
#define PACKAGE_BUGREPORT "openjpeg@googlegroups.com"
#define PACKAGE_URL "http://www.openjpeg.org"
#define PACKAGE "openjpeg"
#define VERSION "1.5.0"
#define STDC_HEADERS 1
#define HAVE_SYS_TYPES_H 1
#define HAVE_SYS_STAT_H 1
#define HAVE_STDLIB_H 1
#define HAVE_STRING_H 1
#define HAVE_MEMORY_H 1
#define HAVE_STRINGS_H 1
#define HAVE_INTTYPES_H 1
#define HAVE_STDINT_H 1
#define HAVE_UNISTD_H 1
#define HAVE_DLFCN_H 1
#define LT_OBJDIR ".libs/"
#define HAVE_DIRENT_H 1

configure: exit 0
