This file contains any messages produced by compilers while
running configure, to aid debugging if configure makes a mistake.

It was created by libdvbpsi configure 0.2.2, which was
generated by GNU Autoconf 2.68.  Invocation command line was

  $ ./configure --prefix=/home/ddt/Documents/VLC0924/android/vlc/contrib/arm-linux-androideabi --build=x86_64-linux-gnu --host=arm-linux-androideabi --target=arm-linux-androideabi --program-prefix= --enable-static --disable-shared --disable-dependency-tracking --with-pic

## --------- ##
## Platform. ##
## --------- ##

hostname = ubuntu
uname -m = x86_64
uname -r = 3.8.0-29-generic
uname -s = Linux
uname -v = #42-Ubuntu SMP Tue Aug 13 19:40:39 UTC 2013

/usr/bin/uname -p = unknown
/bin/uname -X     = unknown

/bin/arch              = unknown
/usr/bin/arch -k       = unknown
/usr/convex/getsysinfo = unknown
/usr/bin/hostinfo      = unknown
/bin/machine           = unknown
/usr/bin/oslevel       = unknown
/bin/universe          = unknown

PATH: /home/ddt/Documents/VLC0924/android/vlc/contrib/arm-linux-androideabi/bin
PATH: /home/ddt/Documents/VLC0924/android/vlc/extras/tools/build/bin
PATH: /home/ddt/Documents/VLC0924/android/vlc/extras/tools/build/bin
PATH: /home/ddt/Documents/android-sdk/android-ndk-r9/toolchains/arm-linux-androideabi-4.8/prebuilt/linux-x86_64/bin
PATH: /home/ddt/Documents/android-sdk/android-ndk-r8e
PATH: /usr/lib/lightdm/lightdm
PATH: /usr/local/sbin
PATH: /usr/local/bin
PATH: /usr/sbin
PATH: /usr/bin
PATH: /sbin
PATH: /bin
PATH: /usr/games
PATH: /usr/local/games
PATH: /home/ddt/Documents/android/sdk/platform-tools
PATH: /home/ddt/Documents/android/sdk/tools


## ----------- ##
## Core tests. ##
## ----------- ##

configure:2222: checking build system type
configure:2236: result: x86_64-pc-linux-gnu
configure:2256: checking host system type
configure:2269: result: arm-unknown-linux-androideabi
configure:2289: checking target system type
configure:2302: result: arm-unknown-linux-androideabi
configure:2346: checking for a BSD-compatible install
configure:2414: result: /usr/bin/install -c
configure:2425: checking whether build environment is sane
configure:2475: result: yes
configure:2524: checking for arm-linux-androideabi-strip
configure:2551: result: arm-linux-androideabi-strip
configure:2616: checking for a thread-safe mkdir -p
configure:2655: result: /bin/mkdir -p
configure:2668: checking for gawk
configure:2698: result: no
configure:2668: checking for mawk
configure:2684: found /usr/bin/mawk
configure:2695: result: mawk
configure:2706: checking whether make sets $(MAKE)
configure:2728: result: yes
configure:2820: checking for arm-linux-androideabi-gcc
configure:2847: result: arm-linux-androideabi-gcc --sysroot=/home/ddt/Documents/android-sdk/android-ndk-r9/platforms/android-9/arch-arm
configure:3116: checking for C compiler version
configure:3125: arm-linux-androideabi-gcc --sysroot=/home/ddt/Documents/android-sdk/android-ndk-r9/platforms/android-9/arch-arm --version >&5
arm-linux-androideabi-gcc (GCC) 4.8
Copyright (C) 2013 Free Software Foundation, Inc.
This is free software; see the source for copying conditions.  There is NO
warranty; not even for MERCHANTABILITY or FITNESS FOR A PARTICULAR PURPOSE.

configure:3136: $? = 0
configure:3125: arm-linux-androideabi-gcc --sysroot=/home/ddt/Documents/android-sdk/android-ndk-r9/platforms/android-9/arch-arm -v >&5
Using built-in specs.
COLLECT_GCC=arm-linux-androideabi-gcc
COLLECT_LTO_WRAPPER=/home/ddt/Documents/android-sdk/android-ndk-r9/toolchains/arm-linux-androideabi-4.8/prebuilt/linux-x86_64/bin/../libexec/gcc/arm-linux-androideabi/4.8/lto-wrapper
Target: arm-linux-androideabi
Configured with: /s/ndk-toolchain/src/build/../gcc/gcc-4.8/configure --prefix=/tmp/ndk-andrewhsieh/build/toolchain/prefix --target=arm-linux-androideabi --host=x86_64-linux-gnu --build=x86_64-linux-gnu --with-gnu-as --with-gnu-ld --enable-languages=c,c++ --with-gmp=/tmp/ndk-andrewhsieh/build/toolchain/temp-install --with-mpfr=/tmp/ndk-andrewhsieh/build/toolchain/temp-install --with-mpc=/tmp/ndk-andrewhsieh/build/toolchain/temp-install --with-cloog=/tmp/ndk-andrewhsieh/build/toolchain/temp-install --with-isl=/tmp/ndk-andrewhsieh/build/toolchain/temp-install --with-ppl=/tmp/ndk-andrewhsieh/build/toolchain/temp-install --disable-ppl-version-check --disable-cloog-version-check --disable-isl-version-check --enable-cloog-backend=isl --with-host-libstdcxx='-static-libgcc -Wl,-Bstatic,-lstdc++,-Bdynamic -lm' --disable-libssp --enable-threads --disable-nls --disable-libmudflap --disable-libgomp --disable-libstdc__-v3 --disable-sjlj-exceptions --disable-shared --disable-tls --disable-libitm --with-float=soft --with-fpu=vfp --with-arch=armv5te --enable-target-optspace --enable-initfini-array --disable-nls --prefix=/tmp/ndk-andrewhsieh/build/toolchain/prefix --with-sysroot=/tmp/ndk-andrewhsieh/build/toolchain/prefix/sysroot --with-binutils-version=2.23 --with-mpfr-version=3.1.1 --with-mpc-version=1.0.1 --with-gmp-version=5.0.5 --with-gcc-version=4.8 --with-gdb-version=7.3.x --with-python=/usr/local/google/home/andrewhsieh/mydroid/ndk/prebuilt/linux-x86_64/bin/python-config.sh --with-gxx-include-dir=/tmp/ndk-andrewhsieh/build/toolchain/prefix/include/c++/4.8 --with-bugurl=http://source.android.com/source/report-bugs.html --disable-bootstrap --disable-libquadmath --enable-plugins --enable-libgomp --disable-libsanitizer --enable-gold --enable-graphite=yes --with-cloog-version=0.18.0 --with-isl-version=0.11.1 --with-arch=armv5te --program-transform-name='s&^&arm-linux-androideabi-&' --enable-gold=default
Thread model: posix
gcc version 4.8 (GCC) 
configure:3136: $? = 0
configure:3125: arm-linux-androideabi-gcc --sysroot=/home/ddt/Documents/android-sdk/android-ndk-r9/platforms/android-9/arch-arm -V >&5
arm-linux-androideabi-gcc: error: unrecognized command line option '-V'
arm-linux-androideabi-gcc: fatal error: no input files
compilation terminated.
configure:3136: $? = 1
configure:3125: arm-linux-androideabi-gcc --sysroot=/home/ddt/Documents/android-sdk/android-ndk-r9/platforms/android-9/arch-arm -qversion >&5
arm-linux-androideabi-gcc: error: unrecognized command line option '-qversion'
arm-linux-androideabi-gcc: fatal error: no input files
compilation terminated.
configure:3136: $? = 1
configure:3156: checking whether the C compiler works
configure:3178: arm-linux-androideabi-gcc --sysroot=/home/ddt/Documents/android-sdk/android-ndk-r9/platforms/android-9/arch-arm  -g -mfpu=vfpv3-d16 -mcpu=cortex-a8 -mthumb -mfloat-abi=softfp -O2 -I/home/ddt/Documents/android-sdk/android-ndk-r9/sources/cxx-stl/gnu-libstdc++/4.8/include -I/home/ddt/Documents/android-sdk/android-ndk-r9/sources/cxx-stl/gnu-libstdc++/4.8/libs/armeabi-v7a/include -I/home/ddt/Documents/VLC0924/android/vlc/contrib/arm-linux-androideabi/include -g  -g -mfpu=vfpv3-d16 -mcpu=cortex-a8 -mthumb -mfloat-abi=softfp -O2 -I/home/ddt/Documents/android-sdk/android-ndk-r9/sources/cxx-stl/gnu-libstdc++/4.8/include -I/home/ddt/Documents/android-sdk/android-ndk-r9/sources/cxx-stl/gnu-libstdc++/4.8/libs/armeabi-v7a/include -I/home/ddt/Documents/VLC0924/android/vlc/contrib/arm-linux-androideabi/include  -L/home/ddt/Documents/VLC0924/android/vlc/contrib/arm-linux-androideabi/lib conftest.c  >&5
configure:3182: $? = 0
configure:3230: result: yes
configure:3233: checking for C compiler default output file name
configure:3235: result: a.out
configure:3241: checking for suffix of executables
configure:3248: arm-linux-androideabi-gcc --sysroot=/home/ddt/Documents/android-sdk/android-ndk-r9/platforms/android-9/arch-arm -o conftest  -g -mfpu=vfpv3-d16 -mcpu=cortex-a8 -mthumb -mfloat-abi=softfp -O2 -I/home/ddt/Documents/android-sdk/android-ndk-r9/sources/cxx-stl/gnu-libstdc++/4.8/include -I/home/ddt/Documents/android-sdk/android-ndk-r9/sources/cxx-stl/gnu-libstdc++/4.8/libs/armeabi-v7a/include -I/home/ddt/Documents/VLC0924/android/vlc/contrib/arm-linux-androideabi/include -g  -g -mfpu=vfpv3-d16 -mcpu=cortex-a8 -mthumb -mfloat-abi=softfp -O2 -I/home/ddt/Documents/android-sdk/android-ndk-r9/sources/cxx-stl/gnu-libstdc++/4.8/include -I/home/ddt/Documents/android-sdk/android-ndk-r9/sources/cxx-stl/gnu-libstdc++/4.8/libs/armeabi-v7a/include -I/home/ddt/Documents/VLC0924/android/vlc/contrib/arm-linux-androideabi/include  -L/home/ddt/Documents/VLC0924/android/vlc/contrib/arm-linux-androideabi/lib conftest.c  >&5
configure:3252: $? = 0
configure:3274: result: 
configure:3296: checking whether we are cross compiling
configure:3334: result: yes
configure:3339: checking for suffix of object files
configure:3361: arm-linux-androideabi-gcc --sysroot=/home/ddt/Documents/android-sdk/android-ndk-r9/platforms/android-9/arch-arm -c  -g -mfpu=vfpv3-d16 -mcpu=cortex-a8 -mthumb -mfloat-abi=softfp -O2 -I/home/ddt/Documents/android-sdk/android-ndk-r9/sources/cxx-stl/gnu-libstdc++/4.8/include -I/home/ddt/Documents/android-sdk/android-ndk-r9/sources/cxx-stl/gnu-libstdc++/4.8/libs/armeabi-v7a/include -I/home/ddt/Documents/VLC0924/android/vlc/contrib/arm-linux-androideabi/include -g  -g -mfpu=vfpv3-d16 -mcpu=cortex-a8 -mthumb -mfloat-abi=softfp -O2 -I/home/ddt/Documents/android-sdk/android-ndk-r9/sources/cxx-stl/gnu-libstdc++/4.8/include -I/home/ddt/Documents/android-sdk/android-ndk-r9/sources/cxx-stl/gnu-libstdc++/4.8/libs/armeabi-v7a/include -I/home/ddt/Documents/VLC0924/android/vlc/contrib/arm-linux-androideabi/include conftest.c >&5
configure:3365: $? = 0
configure:3386: result: o
configure:3390: checking whether we are using the GNU C compiler
configure:3409: arm-linux-androideabi-gcc --sysroot=/home/ddt/Documents/android-sdk/android-ndk-r9/platforms/android-9/arch-arm -c  -g -mfpu=vfpv3-d16 -mcpu=cortex-a8 -mthumb -mfloat-abi=softfp -O2 -I/home/ddt/Documents/android-sdk/android-ndk-r9/sources/cxx-stl/gnu-libstdc++/4.8/include -I/home/ddt/Documents/android-sdk/android-ndk-r9/sources/cxx-stl/gnu-libstdc++/4.8/libs/armeabi-v7a/include -I/home/ddt/Documents/VLC0924/android/vlc/contrib/arm-linux-androideabi/include -g  -g -mfpu=vfpv3-d16 -mcpu=cortex-a8 -mthumb -mfloat-abi=softfp -O2 -I/home/ddt/Documents/android-sdk/android-ndk-r9/sources/cxx-stl/gnu-libstdc++/4.8/include -I/home/ddt/Documents/android-sdk/android-ndk-r9/sources/cxx-stl/gnu-libstdc++/4.8/libs/armeabi-v7a/include -I/home/ddt/Documents/VLC0924/android/vlc/contrib/arm-linux-androideabi/include conftest.c >&5
configure:3409: $? = 0
configure:3418: result: yes
configure:3427: checking whether arm-linux-androideabi-gcc --sysroot=/home/ddt/Documents/android-sdk/android-ndk-r9/platforms/android-9/arch-arm accepts -g
configure:3447: arm-linux-androideabi-gcc --sysroot=/home/ddt/Documents/android-sdk/android-ndk-r9/platforms/android-9/arch-arm -c -g  -g -mfpu=vfpv3-d16 -mcpu=cortex-a8 -mthumb -mfloat-abi=softfp -O2 -I/home/ddt/Documents/android-sdk/android-ndk-r9/sources/cxx-stl/gnu-libstdc++/4.8/include -I/home/ddt/Documents/android-sdk/android-ndk-r9/sources/cxx-stl/gnu-libstdc++/4.8/libs/armeabi-v7a/include -I/home/ddt/Documents/VLC0924/android/vlc/contrib/arm-linux-androideabi/include conftest.c >&5
configure:3447: $? = 0
configure:3488: result: yes
configure:3505: checking for arm-linux-androideabi-gcc --sysroot=/home/ddt/Documents/android-sdk/android-ndk-r9/platforms/android-9/arch-arm option to accept ISO C89
configure:3569: arm-linux-androideabi-gcc --sysroot=/home/ddt/Documents/android-sdk/android-ndk-r9/platforms/android-9/arch-arm  -c  -g -mfpu=vfpv3-d16 -mcpu=cortex-a8 -mthumb -mfloat-abi=softfp -O2 -I/home/ddt/Documents/android-sdk/android-ndk-r9/sources/cxx-stl/gnu-libstdc++/4.8/include -I/home/ddt/Documents/android-sdk/android-ndk-r9/sources/cxx-stl/gnu-libstdc++/4.8/libs/armeabi-v7a/include -I/home/ddt/Documents/VLC0924/android/vlc/contrib/arm-linux-androideabi/include -g  -g -mfpu=vfpv3-d16 -mcpu=cortex-a8 -mthumb -mfloat-abi=softfp -O2 -I/home/ddt/Documents/android-sdk/android-ndk-r9/sources/cxx-stl/gnu-libstdc++/4.8/include -I/home/ddt/Documents/android-sdk/android-ndk-r9/sources/cxx-stl/gnu-libstdc++/4.8/libs/armeabi-v7a/include -I/home/ddt/Documents/VLC0924/android/vlc/contrib/arm-linux-androideabi/include conftest.c >&5
configure:3569: $? = 0
configure:3582: result: none needed
configure:3613: checking for style of include used by make
configure:3641: result: GNU
configure:3666: checking dependency style of arm-linux-androideabi-gcc --sysroot=/home/ddt/Documents/android-sdk/android-ndk-r9/platforms/android-9/arch-arm
configure:3776: result: none
configure:3797: checking how to run the C preprocessor
configure:3828: arm-linux-androideabi-gcc --sysroot=/home/ddt/Documents/android-sdk/android-ndk-r9/platforms/android-9/arch-arm -E  -g -mfpu=vfpv3-d16 -mcpu=cortex-a8 -mthumb -mfloat-abi=softfp -O2 -I/home/ddt/Documents/android-sdk/android-ndk-r9/sources/cxx-stl/gnu-libstdc++/4.8/include -I/home/ddt/Documents/android-sdk/android-ndk-r9/sources/cxx-stl/gnu-libstdc++/4.8/libs/armeabi-v7a/include -I/home/ddt/Documents/VLC0924/android/vlc/contrib/arm-linux-androideabi/include conftest.c
configure:3828: $? = 0
configure:3842: arm-linux-androideabi-gcc --sysroot=/home/ddt/Documents/android-sdk/android-ndk-r9/platforms/android-9/arch-arm -E  -g -mfpu=vfpv3-d16 -mcpu=cortex-a8 -mthumb -mfloat-abi=softfp -O2 -I/home/ddt/Documents/android-sdk/android-ndk-r9/sources/cxx-stl/gnu-libstdc++/4.8/include -I/home/ddt/Documents/android-sdk/android-ndk-r9/sources/cxx-stl/gnu-libstdc++/4.8/libs/armeabi-v7a/include -I/home/ddt/Documents/VLC0924/android/vlc/contrib/arm-linux-androideabi/include conftest.c
conftest.c:11:28: fatal error: ac_nonexistent.h: No such file or directory
 #include <ac_nonexistent.h>
                            ^
compilation terminated.
configure:3842: $? = 1
configure: failed program was:
| /* confdefs.h */
| #define PACKAGE_NAME "libdvbpsi"
| #define PACKAGE_TARNAME "libdvbpsi"
| #define PACKAGE_VERSION "0.2.2"
| #define PACKAGE_STRING "libdvbpsi 0.2.2"
| #define PACKAGE_BUGREPORT ""
| #define PACKAGE_URL ""
| #define PACKAGE "libdvbpsi"
| #define VERSION "0.2.2"
| /* end confdefs.h.  */
| #include <ac_nonexistent.h>
configure:3867: result: arm-linux-androideabi-gcc --sysroot=/home/ddt/Documents/android-sdk/android-ndk-r9/platforms/android-9/arch-arm -E
configure:3887: arm-linux-androideabi-gcc --sysroot=/home/ddt/Documents/android-sdk/android-ndk-r9/platforms/android-9/arch-arm -E  -g -mfpu=vfpv3-d16 -mcpu=cortex-a8 -mthumb -mfloat-abi=softfp -O2 -I/home/ddt/Documents/android-sdk/android-ndk-r9/sources/cxx-stl/gnu-libstdc++/4.8/include -I/home/ddt/Documents/android-sdk/android-ndk-r9/sources/cxx-stl/gnu-libstdc++/4.8/libs/armeabi-v7a/include -I/home/ddt/Documents/VLC0924/android/vlc/contrib/arm-linux-androideabi/include conftest.c
configure:3887: $? = 0
configure:3901: arm-linux-androideabi-gcc --sysroot=/home/ddt/Documents/android-sdk/android-ndk-r9/platforms/android-9/arch-arm -E  -g -mfpu=vfpv3-d16 -mcpu=cortex-a8 -mthumb -mfloat-abi=softfp -O2 -I/home/ddt/Documents/android-sdk/android-ndk-r9/sources/cxx-stl/gnu-libstdc++/4.8/include -I/home/ddt/Documents/android-sdk/android-ndk-r9/sources/cxx-stl/gnu-libstdc++/4.8/libs/armeabi-v7a/include -I/home/ddt/Documents/VLC0924/android/vlc/contrib/arm-linux-androideabi/include conftest.c
conftest.c:11:28: fatal error: ac_nonexistent.h: No such file or directory
 #include <ac_nonexistent.h>
                            ^
compilation terminated.
configure:3901: $? = 1
configure: failed program was:
| /* confdefs.h */
| #define PACKAGE_NAME "libdvbpsi"
| #define PACKAGE_TARNAME "libdvbpsi"
| #define PACKAGE_VERSION "0.2.2"
| #define PACKAGE_STRING "libdvbpsi 0.2.2"
| #define PACKAGE_BUGREPORT ""
| #define PACKAGE_URL ""
| #define PACKAGE "libdvbpsi"
| #define VERSION "0.2.2"
| /* end confdefs.h.  */
| #include <ac_nonexistent.h>
configure:3930: checking for grep that handles long lines and -e
configure:3988: result: /bin/grep
configure:3993: checking for egrep
configure:4055: result: /bin/grep -E
configure:4060: checking for ANSI C header files
configure:4080: arm-linux-androideabi-gcc --sysroot=/home/ddt/Documents/android-sdk/android-ndk-r9/platforms/android-9/arch-arm -c  -g -mfpu=vfpv3-d16 -mcpu=cortex-a8 -mthumb -mfloat-abi=softfp -O2 -I/home/ddt/Documents/android-sdk/android-ndk-r9/sources/cxx-stl/gnu-libstdc++/4.8/include -I/home/ddt/Documents/android-sdk/android-ndk-r9/sources/cxx-stl/gnu-libstdc++/4.8/libs/armeabi-v7a/include -I/home/ddt/Documents/VLC0924/android/vlc/contrib/arm-linux-androideabi/include -g  -g -mfpu=vfpv3-d16 -mcpu=cortex-a8 -mthumb -mfloat-abi=softfp -O2 -I/home/ddt/Documents/android-sdk/android-ndk-r9/sources/cxx-stl/gnu-libstdc++/4.8/include -I/home/ddt/Documents/android-sdk/android-ndk-r9/sources/cxx-stl/gnu-libstdc++/4.8/libs/armeabi-v7a/include -I/home/ddt/Documents/VLC0924/android/vlc/contrib/arm-linux-androideabi/include conftest.c >&5
configure:4080: $? = 0
configure:4164: result: yes
configure:4172: checking for inline
configure:4188: arm-linux-androideabi-gcc --sysroot=/home/ddt/Documents/android-sdk/android-ndk-r9/platforms/android-9/arch-arm -c  -g -mfpu=vfpv3-d16 -mcpu=cortex-a8 -mthumb -mfloat-abi=softfp -O2 -I/home/ddt/Documents/android-sdk/android-ndk-r9/sources/cxx-stl/gnu-libstdc++/4.8/include -I/home/ddt/Documents/android-sdk/android-ndk-r9/sources/cxx-stl/gnu-libstdc++/4.8/libs/armeabi-v7a/include -I/home/ddt/Documents/VLC0924/android/vlc/contrib/arm-linux-androideabi/include -g  -g -mfpu=vfpv3-d16 -mcpu=cortex-a8 -mthumb -mfloat-abi=softfp -O2 -I/home/ddt/Documents/android-sdk/android-ndk-r9/sources/cxx-stl/gnu-libstdc++/4.8/include -I/home/ddt/Documents/android-sdk/android-ndk-r9/sources/cxx-stl/gnu-libstdc++/4.8/libs/armeabi-v7a/include -I/home/ddt/Documents/VLC0924/android/vlc/contrib/arm-linux-androideabi/include conftest.c >&5
configure:4188: $? = 0
configure:4196: result: inline
configure:4564: checking how to print strings
configure:4591: result: printf
configure:4612: checking for a sed that does not truncate output
configure:4676: result: /bin/sed
configure:4694: checking for fgrep
configure:4756: result: /bin/grep -F
configure:4791: checking for ld used by arm-linux-androideabi-gcc --sysroot=/home/ddt/Documents/android-sdk/android-ndk-r9/platforms/android-9/arch-arm
configure:4858: result: arm-linux-androideabi-ld
configure:4865: checking if the linker (arm-linux-androideabi-ld) is GNU ld
configure:4880: result: yes
configure:4892: checking for BSD- or MS-compatible name lister (nm)
configure:4941: result: /home/ddt/Documents/android-sdk/android-ndk-r9/toolchains/arm-linux-androideabi-4.8/prebuilt/linux-x86_64/bin/arm-linux-androideabi-nm -B
configure:5071: checking the name lister (/home/ddt/Documents/android-sdk/android-ndk-r9/toolchains/arm-linux-androideabi-4.8/prebuilt/linux-x86_64/bin/arm-linux-androideabi-nm -B) interface
configure:5078: arm-linux-androideabi-gcc --sysroot=/home/ddt/Documents/android-sdk/android-ndk-r9/platforms/android-9/arch-arm -c  -g -mfpu=vfpv3-d16 -mcpu=cortex-a8 -mthumb -mfloat-abi=softfp -O2 -I/home/ddt/Documents/android-sdk/android-ndk-r9/sources/cxx-stl/gnu-libstdc++/4.8/include -I/home/ddt/Documents/android-sdk/android-ndk-r9/sources/cxx-stl/gnu-libstdc++/4.8/libs/armeabi-v7a/include -I/home/ddt/Documents/VLC0924/android/vlc/contrib/arm-linux-androideabi/include -g  -g -mfpu=vfpv3-d16 -mcpu=cortex-a8 -mthumb -mfloat-abi=softfp -O2 -I/home/ddt/Documents/android-sdk/android-ndk-r9/sources/cxx-stl/gnu-libstdc++/4.8/include -I/home/ddt/Documents/android-sdk/android-ndk-r9/sources/cxx-stl/gnu-libstdc++/4.8/libs/armeabi-v7a/include -I/home/ddt/Documents/VLC0924/android/vlc/contrib/arm-linux-androideabi/include conftest.c >&5
configure:5081: /home/ddt/Documents/android-sdk/android-ndk-r9/toolchains/arm-linux-androideabi-4.8/prebuilt/linux-x86_64/bin/arm-linux-androideabi-nm -B "conftest.o"
configure:5084: output
00000000 B some_variable
configure:5091: result: BSD nm
configure:5094: checking whether ln -s works
configure:5098: result: yes
configure:5106: checking the maximum length of command line arguments
configure:5231: result: 3458764513820540925
configure:5248: checking whether the shell understands some XSI constructs
configure:5258: result: yes
configure:5262: checking whether the shell understands "+="
configure:5268: result: yes
configure:5303: checking how to convert x86_64-pc-linux-gnu file names to arm-unknown-linux-androideabi format
configure:5343: result: func_convert_file_noop
configure:5350: checking how to convert x86_64-pc-linux-gnu file names to toolchain format
configure:5370: result: func_convert_file_noop
configure:5377: checking for arm-linux-androideabi-ld option to reload object files
configure:5384: result: -r
configure:5418: checking for arm-linux-androideabi-objdump
configure:5445: result: objdump
configure:5514: checking how to recognize dependent libraries
configure:5716: result: pass_all
configure:5761: checking for arm-linux-androideabi-dlltool
configure:5788: result: dlltool
configure:5858: checking how to associate runtime and link libraries
configure:5885: result: printf %s\n
configure:5901: checking for arm-linux-androideabi-ar
configure:5928: result: arm-linux-androideabi-ar
configure:6009: checking for archiver @FILE support
configure:6026: arm-linux-androideabi-gcc --sysroot=/home/ddt/Documents/android-sdk/android-ndk-r9/platforms/android-9/arch-arm -c  -g -mfpu=vfpv3-d16 -mcpu=cortex-a8 -mthumb -mfloat-abi=softfp -O2 -I/home/ddt/Documents/android-sdk/android-ndk-r9/sources/cxx-stl/gnu-libstdc++/4.8/include -I/home/ddt/Documents/android-sdk/android-ndk-r9/sources/cxx-stl/gnu-libstdc++/4.8/libs/armeabi-v7a/include -I/home/ddt/Documents/VLC0924/android/vlc/contrib/arm-linux-androideabi/include -g  -g -mfpu=vfpv3-d16 -mcpu=cortex-a8 -mthumb -mfloat-abi=softfp -O2 -I/home/ddt/Documents/android-sdk/android-ndk-r9/sources/cxx-stl/gnu-libstdc++/4.8/include -I/home/ddt/Documents/android-sdk/android-ndk-r9/sources/cxx-stl/gnu-libstdc++/4.8/libs/armeabi-v7a/include -I/home/ddt/Documents/VLC0924/android/vlc/contrib/arm-linux-androideabi/include conftest.c >&5
configure:6026: $? = 0
configure:6029: arm-linux-androideabi-ar cru libconftest.a @conftest.lst >&5
configure:6032: $? = 0
configure:6037: arm-linux-androideabi-ar cru libconftest.a @conftest.lst >&5
arm-linux-androideabi-ar: conftest.o: No such file or directory
configure:6040: $? = 1
configure:6052: result: @
configure:6070: checking for arm-linux-androideabi-strip
configure:6097: result: arm-linux-androideabi-strip
configure:6169: checking for arm-linux-androideabi-ranlib
configure:6196: result: arm-linux-androideabi-ranlib
configure:6338: checking command to parse /home/ddt/Documents/android-sdk/android-ndk-r9/toolchains/arm-linux-androideabi-4.8/prebuilt/linux-x86_64/bin/arm-linux-androideabi-nm -B output from arm-linux-androideabi-gcc --sysroot=/home/ddt/Documents/android-sdk/android-ndk-r9/platforms/android-9/arch-arm object
configure:6457: arm-linux-androideabi-gcc --sysroot=/home/ddt/Documents/android-sdk/android-ndk-r9/platforms/android-9/arch-arm -c  -g -mfpu=vfpv3-d16 -mcpu=cortex-a8 -mthumb -mfloat-abi=softfp -O2 -I/home/ddt/Documents/android-sdk/android-ndk-r9/sources/cxx-stl/gnu-libstdc++/4.8/include -I/home/ddt/Documents/android-sdk/android-ndk-r9/sources/cxx-stl/gnu-libstdc++/4.8/libs/armeabi-v7a/include -I/home/ddt/Documents/VLC0924/android/vlc/contrib/arm-linux-androideabi/include -g  -g -mfpu=vfpv3-d16 -mcpu=cortex-a8 -mthumb -mfloat-abi=softfp -O2 -I/home/ddt/Documents/android-sdk/android-ndk-r9/sources/cxx-stl/gnu-libstdc++/4.8/include -I/home/ddt/Documents/android-sdk/android-ndk-r9/sources/cxx-stl/gnu-libstdc++/4.8/libs/armeabi-v7a/include -I/home/ddt/Documents/VLC0924/android/vlc/contrib/arm-linux-androideabi/include conftest.c >&5
configure:6460: $? = 0
configure:6464: /home/ddt/Documents/android-sdk/android-ndk-r9/toolchains/arm-linux-androideabi-4.8/prebuilt/linux-x86_64/bin/arm-linux-androideabi-nm -B conftest.o \| sed -n -e 's/^.*[ ]\([ABCDGIRSTW][ABCDGIRSTW]*\)[ ][ ]*\([_A-Za-z][_A-Za-z0-9]*\)$/\1 \2 \2/p' | sed '/ __gnu_lto/d' \> conftest.nm
configure:6467: $? = 0
configure:6533: arm-linux-androideabi-gcc --sysroot=/home/ddt/Documents/android-sdk/android-ndk-r9/platforms/android-9/arch-arm -o conftest  -g -mfpu=vfpv3-d16 -mcpu=cortex-a8 -mthumb -mfloat-abi=softfp -O2 -I/home/ddt/Documents/android-sdk/android-ndk-r9/sources/cxx-stl/gnu-libstdc++/4.8/include -I/home/ddt/Documents/android-sdk/android-ndk-r9/sources/cxx-stl/gnu-libstdc++/4.8/libs/armeabi-v7a/include -I/home/ddt/Documents/VLC0924/android/vlc/contrib/arm-linux-androideabi/include -g  -g -mfpu=vfpv3-d16 -mcpu=cortex-a8 -mthumb -mfloat-abi=softfp -O2 -I/home/ddt/Documents/android-sdk/android-ndk-r9/sources/cxx-stl/gnu-libstdc++/4.8/include -I/home/ddt/Documents/android-sdk/android-ndk-r9/sources/cxx-stl/gnu-libstdc++/4.8/libs/armeabi-v7a/include -I/home/ddt/Documents/VLC0924/android/vlc/contrib/arm-linux-androideabi/include  -L/home/ddt/Documents/VLC0924/android/vlc/contrib/arm-linux-androideabi/lib conftest.c conftstm.o >&5
configure:6536: $? = 0
configure:6574: result: ok
configure:6611: checking for sysroot
configure:6641: result: no
configure:6844: checking for arm-linux-androideabi-mt
configure:6874: result: no
configure:6884: checking for mt
configure:6900: found /bin/mt
configure:6911: result: mt
configure:6923: WARNING: using cross tools not prefixed with host triplet
configure:6934: checking if mt is a manifest tool
configure:6940: mt '-?'
configure:6948: result: no
configure:7580: checking for sys/types.h
configure:7580: arm-linux-androideabi-gcc --sysroot=/home/ddt/Documents/android-sdk/android-ndk-r9/platforms/android-9/arch-arm -c  -g -mfpu=vfpv3-d16 -mcpu=cortex-a8 -mthumb -mfloat-abi=softfp -O2 -I/home/ddt/Documents/android-sdk/android-ndk-r9/sources/cxx-stl/gnu-libstdc++/4.8/include -I/home/ddt/Documents/android-sdk/android-ndk-r9/sources/cxx-stl/gnu-libstdc++/4.8/libs/armeabi-v7a/include -I/home/ddt/Documents/VLC0924/android/vlc/contrib/arm-linux-androideabi/include -g  -g -mfpu=vfpv3-d16 -mcpu=cortex-a8 -mthumb -mfloat-abi=softfp -O2 -I/home/ddt/Documents/android-sdk/android-ndk-r9/sources/cxx-stl/gnu-libstdc++/4.8/include -I/home/ddt/Documents/android-sdk/android-ndk-r9/sources/cxx-stl/gnu-libstdc++/4.8/libs/armeabi-v7a/include -I/home/ddt/Documents/VLC0924/android/vlc/contrib/arm-linux-androideabi/include conftest.c >&5
configure:7580: $? = 0
configure:7580: result: yes
configure:7580: checking for sys/stat.h
configure:7580: arm-linux-androideabi-gcc --sysroot=/home/ddt/Documents/android-sdk/android-ndk-r9/platforms/android-9/arch-arm -c  -g -mfpu=vfpv3-d16 -mcpu=cortex-a8 -mthumb -mfloat-abi=softfp -O2 -I/home/ddt/Documents/android-sdk/android-ndk-r9/sources/cxx-stl/gnu-libstdc++/4.8/include -I/home/ddt/Documents/android-sdk/android-ndk-r9/sources/cxx-stl/gnu-libstdc++/4.8/libs/armeabi-v7a/include -I/home/ddt/Documents/VLC0924/android/vlc/contrib/arm-linux-androideabi/include -g  -g -mfpu=vfpv3-d16 -mcpu=cortex-a8 -mthumb -mfloat-abi=softfp -O2 -I/home/ddt/Documents/android-sdk/android-ndk-r9/sources/cxx-stl/gnu-libstdc++/4.8/include -I/home/ddt/Documents/android-sdk/android-ndk-r9/sources/cxx-stl/gnu-libstdc++/4.8/libs/armeabi-v7a/include -I/home/ddt/Documents/VLC0924/android/vlc/contrib/arm-linux-androideabi/include conftest.c >&5
configure:7580: $? = 0
configure:7580: result: yes
configure:7580: checking for stdlib.h
configure:7580: arm-linux-androideabi-gcc --sysroot=/home/ddt/Documents/android-sdk/android-ndk-r9/platforms/android-9/arch-arm -c  -g -mfpu=vfpv3-d16 -mcpu=cortex-a8 -mthumb -mfloat-abi=softfp -O2 -I/home/ddt/Documents/android-sdk/android-ndk-r9/sources/cxx-stl/gnu-libstdc++/4.8/include -I/home/ddt/Documents/android-sdk/android-ndk-r9/sources/cxx-stl/gnu-libstdc++/4.8/libs/armeabi-v7a/include -I/home/ddt/Documents/VLC0924/android/vlc/contrib/arm-linux-androideabi/include -g  -g -mfpu=vfpv3-d16 -mcpu=cortex-a8 -mthumb -mfloat-abi=softfp -O2 -I/home/ddt/Documents/android-sdk/android-ndk-r9/sources/cxx-stl/gnu-libstdc++/4.8/include -I/home/ddt/Documents/android-sdk/android-ndk-r9/sources/cxx-stl/gnu-libstdc++/4.8/libs/armeabi-v7a/include -I/home/ddt/Documents/VLC0924/android/vlc/contrib/arm-linux-androideabi/include conftest.c >&5
configure:7580: $? = 0
configure:7580: result: yes
configure:7580: checking for string.h
configure:7580: arm-linux-androideabi-gcc --sysroot=/home/ddt/Documents/android-sdk/android-ndk-r9/platforms/android-9/arch-arm -c  -g -mfpu=vfpv3-d16 -mcpu=cortex-a8 -mthumb -mfloat-abi=softfp -O2 -I/home/ddt/Documents/android-sdk/android-ndk-r9/sources/cxx-stl/gnu-libstdc++/4.8/include -I/home/ddt/Documents/android-sdk/android-ndk-r9/sources/cxx-stl/gnu-libstdc++/4.8/libs/armeabi-v7a/include -I/home/ddt/Documents/VLC0924/android/vlc/contrib/arm-linux-androideabi/include -g  -g -mfpu=vfpv3-d16 -mcpu=cortex-a8 -mthumb -mfloat-abi=softfp -O2 -I/home/ddt/Documents/android-sdk/android-ndk-r9/sources/cxx-stl/gnu-libstdc++/4.8/include -I/home/ddt/Documents/android-sdk/android-ndk-r9/sources/cxx-stl/gnu-libstdc++/4.8/libs/armeabi-v7a/include -I/home/ddt/Documents/VLC0924/android/vlc/contrib/arm-linux-androideabi/include conftest.c >&5
configure:7580: $? = 0
configure:7580: result: yes
configure:7580: checking for memory.h
configure:7580: arm-linux-androideabi-gcc --sysroot=/home/ddt/Documents/android-sdk/android-ndk-r9/platforms/android-9/arch-arm -c  -g -mfpu=vfpv3-d16 -mcpu=cortex-a8 -mthumb -mfloat-abi=softfp -O2 -I/home/ddt/Documents/android-sdk/android-ndk-r9/sources/cxx-stl/gnu-libstdc++/4.8/include -I/home/ddt/Documents/android-sdk/android-ndk-r9/sources/cxx-stl/gnu-libstdc++/4.8/libs/armeabi-v7a/include -I/home/ddt/Documents/VLC0924/android/vlc/contrib/arm-linux-androideabi/include -g  -g -mfpu=vfpv3-d16 -mcpu=cortex-a8 -mthumb -mfloat-abi=softfp -O2 -I/home/ddt/Documents/android-sdk/android-ndk-r9/sources/cxx-stl/gnu-libstdc++/4.8/include -I/home/ddt/Documents/android-sdk/android-ndk-r9/sources/cxx-stl/gnu-libstdc++/4.8/libs/armeabi-v7a/include -I/home/ddt/Documents/VLC0924/android/vlc/contrib/arm-linux-androideabi/include conftest.c >&5
configure:7580: $? = 0
configure:7580: result: yes
configure:7580: checking for strings.h
configure:7580: arm-linux-androideabi-gcc --sysroot=/home/ddt/Documents/android-sdk/android-ndk-r9/platforms/android-9/arch-arm -c  -g -mfpu=vfpv3-d16 -mcpu=cortex-a8 -mthumb -mfloat-abi=softfp -O2 -I/home/ddt/Documents/android-sdk/android-ndk-r9/sources/cxx-stl/gnu-libstdc++/4.8/include -I/home/ddt/Documents/android-sdk/android-ndk-r9/sources/cxx-stl/gnu-libstdc++/4.8/libs/armeabi-v7a/include -I/home/ddt/Documents/VLC0924/android/vlc/contrib/arm-linux-androideabi/include -g  -g -mfpu=vfpv3-d16 -mcpu=cortex-a8 -mthumb -mfloat-abi=softfp -O2 -I/home/ddt/Documents/android-sdk/android-ndk-r9/sources/cxx-stl/gnu-libstdc++/4.8/include -I/home/ddt/Documents/android-sdk/android-ndk-r9/sources/cxx-stl/gnu-libstdc++/4.8/libs/armeabi-v7a/include -I/home/ddt/Documents/VLC0924/android/vlc/contrib/arm-linux-androideabi/include conftest.c >&5
configure:7580: $? = 0
configure:7580: result: yes
configure:7580: checking for inttypes.h
configure:7580: arm-linux-androideabi-gcc --sysroot=/home/ddt/Documents/android-sdk/android-ndk-r9/platforms/android-9/arch-arm -c  -g -mfpu=vfpv3-d16 -mcpu=cortex-a8 -mthumb -mfloat-abi=softfp -O2 -I/home/ddt/Documents/android-sdk/android-ndk-r9/sources/cxx-stl/gnu-libstdc++/4.8/include -I/home/ddt/Documents/android-sdk/android-ndk-r9/sources/cxx-stl/gnu-libstdc++/4.8/libs/armeabi-v7a/include -I/home/ddt/Documents/VLC0924/android/vlc/contrib/arm-linux-androideabi/include -g  -g -mfpu=vfpv3-d16 -mcpu=cortex-a8 -mthumb -mfloat-abi=softfp -O2 -I/home/ddt/Documents/android-sdk/android-ndk-r9/sources/cxx-stl/gnu-libstdc++/4.8/include -I/home/ddt/Documents/android-sdk/android-ndk-r9/sources/cxx-stl/gnu-libstdc++/4.8/libs/armeabi-v7a/include -I/home/ddt/Documents/VLC0924/android/vlc/contrib/arm-linux-androideabi/include conftest.c >&5
configure:7580: $? = 0
configure:7580: result: yes
configure:7580: checking for stdint.h
configure:7580: arm-linux-androideabi-gcc --sysroot=/home/ddt/Documents/android-sdk/android-ndk-r9/platforms/android-9/arch-arm -c  -g -mfpu=vfpv3-d16 -mcpu=cortex-a8 -mthumb -mfloat-abi=softfp -O2 -I/home/ddt/Documents/android-sdk/android-ndk-r9/sources/cxx-stl/gnu-libstdc++/4.8/include -I/home/ddt/Documents/android-sdk/android-ndk-r9/sources/cxx-stl/gnu-libstdc++/4.8/libs/armeabi-v7a/include -I/home/ddt/Documents/VLC0924/android/vlc/contrib/arm-linux-androideabi/include -g  -g -mfpu=vfpv3-d16 -mcpu=cortex-a8 -mthumb -mfloat-abi=softfp -O2 -I/home/ddt/Documents/android-sdk/android-ndk-r9/sources/cxx-stl/gnu-libstdc++/4.8/include -I/home/ddt/Documents/android-sdk/android-ndk-r9/sources/cxx-stl/gnu-libstdc++/4.8/libs/armeabi-v7a/include -I/home/ddt/Documents/VLC0924/android/vlc/contrib/arm-linux-androideabi/include conftest.c >&5
configure:7580: $? = 0
configure:7580: result: yes
configure:7580: checking for unistd.h
configure:7580: arm-linux-androideabi-gcc --sysroot=/home/ddt/Documents/android-sdk/android-ndk-r9/platforms/android-9/arch-arm -c  -g -mfpu=vfpv3-d16 -mcpu=cortex-a8 -mthumb -mfloat-abi=softfp -O2 -I/home/ddt/Documents/android-sdk/android-ndk-r9/sources/cxx-stl/gnu-libstdc++/4.8/include -I/home/ddt/Documents/android-sdk/android-ndk-r9/sources/cxx-stl/gnu-libstdc++/4.8/libs/armeabi-v7a/include -I/home/ddt/Documents/VLC0924/android/vlc/contrib/arm-linux-androideabi/include -g  -g -mfpu=vfpv3-d16 -mcpu=cortex-a8 -mthumb -mfloat-abi=softfp -O2 -I/home/ddt/Documents/android-sdk/android-ndk-r9/sources/cxx-stl/gnu-libstdc++/4.8/include -I/home/ddt/Documents/android-sdk/android-ndk-r9/sources/cxx-stl/gnu-libstdc++/4.8/libs/armeabi-v7a/include -I/home/ddt/Documents/VLC0924/android/vlc/contrib/arm-linux-androideabi/include conftest.c >&5
configure:7580: $? = 0
configure:7580: result: yes
configure:7594: checking for dlfcn.h
configure:7594: arm-linux-androideabi-gcc --sysroot=/home/ddt/Documents/android-sdk/android-ndk-r9/platforms/android-9/arch-arm -c  -g -mfpu=vfpv3-d16 -mcpu=cortex-a8 -mthumb -mfloat-abi=softfp -O2 -I/home/ddt/Documents/android-sdk/android-ndk-r9/sources/cxx-stl/gnu-libstdc++/4.8/include -I/home/ddt/Documents/android-sdk/android-ndk-r9/sources/cxx-stl/gnu-libstdc++/4.8/libs/armeabi-v7a/include -I/home/ddt/Documents/VLC0924/android/vlc/contrib/arm-linux-androideabi/include -g  -g -mfpu=vfpv3-d16 -mcpu=cortex-a8 -mthumb -mfloat-abi=softfp -O2 -I/home/ddt/Documents/android-sdk/android-ndk-r9/sources/cxx-stl/gnu-libstdc++/4.8/include -I/home/ddt/Documents/android-sdk/android-ndk-r9/sources/cxx-stl/gnu-libstdc++/4.8/libs/armeabi-v7a/include -I/home/ddt/Documents/VLC0924/android/vlc/contrib/arm-linux-androideabi/include conftest.c >&5
configure:7594: $? = 0
configure:7594: result: yes
configure:7779: checking for objdir
configure:7794: result: .libs
configure:8061: checking if arm-linux-androideabi-gcc --sysroot=/home/ddt/Documents/android-sdk/android-ndk-r9/platforms/android-9/arch-arm supports -fno-rtti -fno-exceptions
configure:8079: arm-linux-androideabi-gcc --sysroot=/home/ddt/Documents/android-sdk/android-ndk-r9/platforms/android-9/arch-arm -c  -g -mfpu=vfpv3-d16 -mcpu=cortex-a8 -mthumb -mfloat-abi=softfp -O2 -I/home/ddt/Documents/android-sdk/android-ndk-r9/sources/cxx-stl/gnu-libstdc++/4.8/include -I/home/ddt/Documents/android-sdk/android-ndk-r9/sources/cxx-stl/gnu-libstdc++/4.8/libs/armeabi-v7a/include -I/home/ddt/Documents/VLC0924/android/vlc/contrib/arm-linux-androideabi/include -g  -g -mfpu=vfpv3-d16 -mcpu=cortex-a8 -mthumb -mfloat-abi=softfp -O2 -I/home/ddt/Documents/android-sdk/android-ndk-r9/sources/cxx-stl/gnu-libstdc++/4.8/include -I/home/ddt/Documents/android-sdk/android-ndk-r9/sources/cxx-stl/gnu-libstdc++/4.8/libs/armeabi-v7a/include -I/home/ddt/Documents/VLC0924/android/vlc/contrib/arm-linux-androideabi/include -fno-rtti -fno-exceptions conftest.c >&5
cc1: warning: command line option '-fno-rtti' is valid for C++/ObjC++ but not for C [enabled by default]
configure:8083: $? = 0
configure:8096: result: no
configure:8406: checking for arm-linux-androideabi-gcc --sysroot=/home/ddt/Documents/android-sdk/android-ndk-r9/platforms/android-9/arch-arm option to produce PIC
configure:8413: result: -fPIC -DPIC
configure:8421: checking if arm-linux-androideabi-gcc --sysroot=/home/ddt/Documents/android-sdk/android-ndk-r9/platforms/android-9/arch-arm PIC flag -fPIC -DPIC works
configure:8439: arm-linux-androideabi-gcc --sysroot=/home/ddt/Documents/android-sdk/android-ndk-r9/platforms/android-9/arch-arm -c  -g -mfpu=vfpv3-d16 -mcpu=cortex-a8 -mthumb -mfloat-abi=softfp -O2 -I/home/ddt/Documents/android-sdk/android-ndk-r9/sources/cxx-stl/gnu-libstdc++/4.8/include -I/home/ddt/Documents/android-sdk/android-ndk-r9/sources/cxx-stl/gnu-libstdc++/4.8/libs/armeabi-v7a/include -I/home/ddt/Documents/VLC0924/android/vlc/contrib/arm-linux-androideabi/include -g  -g -mfpu=vfpv3-d16 -mcpu=cortex-a8 -mthumb -mfloat-abi=softfp -O2 -I/home/ddt/Documents/android-sdk/android-ndk-r9/sources/cxx-stl/gnu-libstdc++/4.8/include -I/home/ddt/Documents/android-sdk/android-ndk-r9/sources/cxx-stl/gnu-libstdc++/4.8/libs/armeabi-v7a/include -I/home/ddt/Documents/VLC0924/android/vlc/contrib/arm-linux-androideabi/include -fPIC -DPIC -DPIC conftest.c >&5
configure:8443: $? = 0
configure:8456: result: yes
configure:8485: checking if arm-linux-androideabi-gcc --sysroot=/home/ddt/Documents/android-sdk/android-ndk-r9/platforms/android-9/arch-arm static flag -static works
configure:8513: result: yes
configure:8528: checking if arm-linux-androideabi-gcc --sysroot=/home/ddt/Documents/android-sdk/android-ndk-r9/platforms/android-9/arch-arm supports -c -o file.o
configure:8549: arm-linux-androideabi-gcc --sysroot=/home/ddt/Documents/android-sdk/android-ndk-r9/platforms/android-9/arch-arm -c  -g -mfpu=vfpv3-d16 -mcpu=cortex-a8 -mthumb -mfloat-abi=softfp -O2 -I/home/ddt/Documents/android-sdk/android-ndk-r9/sources/cxx-stl/gnu-libstdc++/4.8/include -I/home/ddt/Documents/android-sdk/android-ndk-r9/sources/cxx-stl/gnu-libstdc++/4.8/libs/armeabi-v7a/include -I/home/ddt/Documents/VLC0924/android/vlc/contrib/arm-linux-androideabi/include -g  -g -mfpu=vfpv3-d16 -mcpu=cortex-a8 -mthumb -mfloat-abi=softfp -O2 -I/home/ddt/Documents/android-sdk/android-ndk-r9/sources/cxx-stl/gnu-libstdc++/4.8/include -I/home/ddt/Documents/android-sdk/android-ndk-r9/sources/cxx-stl/gnu-libstdc++/4.8/libs/armeabi-v7a/include -I/home/ddt/Documents/VLC0924/android/vlc/contrib/arm-linux-androideabi/include -o out/conftest2.o conftest.c >&5
configure:8553: $? = 0
configure:8575: result: yes
configure:8583: checking if arm-linux-androideabi-gcc --sysroot=/home/ddt/Documents/android-sdk/android-ndk-r9/platforms/android-9/arch-arm supports -c -o file.o
configure:8630: result: yes
configure:8663: checking whether the arm-linux-androideabi-gcc --sysroot=/home/ddt/Documents/android-sdk/android-ndk-r9/platforms/android-9/arch-arm linker (arm-linux-androideabi-ld) supports shared libraries
configure:9821: result: yes
configure:10066: checking dynamic linker characteristics
configure:10580: arm-linux-androideabi-gcc --sysroot=/home/ddt/Documents/android-sdk/android-ndk-r9/platforms/android-9/arch-arm -o conftest  -g -mfpu=vfpv3-d16 -mcpu=cortex-a8 -mthumb -mfloat-abi=softfp -O2 -I/home/ddt/Documents/android-sdk/android-ndk-r9/sources/cxx-stl/gnu-libstdc++/4.8/include -I/home/ddt/Documents/android-sdk/android-ndk-r9/sources/cxx-stl/gnu-libstdc++/4.8/libs/armeabi-v7a/include -I/home/ddt/Documents/VLC0924/android/vlc/contrib/arm-linux-androideabi/include -g  -g -mfpu=vfpv3-d16 -mcpu=cortex-a8 -mthumb -mfloat-abi=softfp -O2 -I/home/ddt/Documents/android-sdk/android-ndk-r9/sources/cxx-stl/gnu-libstdc++/4.8/include -I/home/ddt/Documents/android-sdk/android-ndk-r9/sources/cxx-stl/gnu-libstdc++/4.8/libs/armeabi-v7a/include -I/home/ddt/Documents/VLC0924/android/vlc/contrib/arm-linux-androideabi/include  -L/home/ddt/Documents/VLC0924/android/vlc/contrib/arm-linux-androideabi/lib -Wl,-rpath -Wl,/foo conftest.c  >&5
configure:10580: $? = 0
configure:10806: result: GNU/Linux ld.so
configure:10913: checking how to hardcode library paths into programs
configure:10938: result: immediate
configure:11478: checking whether stripping libraries is possible
configure:11483: result: yes
configure:11518: checking if libtool supports shared libraries
configure:11520: result: yes
configure:11523: checking whether to build shared libraries
configure:11544: result: no
configure:11547: checking whether to build static libraries
configure:11551: result: yes
configure:11666: checking for stdint.h
configure:11666: result: yes
configure:11666: checking for inttypes.h
configure:11666: result: yes
configure:11678: checking for gettimeofday
configure:11678: arm-linux-androideabi-gcc --sysroot=/home/ddt/Documents/android-sdk/android-ndk-r9/platforms/android-9/arch-arm -o conftest  -g -mfpu=vfpv3-d16 -mcpu=cortex-a8 -mthumb -mfloat-abi=softfp -O2 -I/home/ddt/Documents/android-sdk/android-ndk-r9/sources/cxx-stl/gnu-libstdc++/4.8/include -I/home/ddt/Documents/android-sdk/android-ndk-r9/sources/cxx-stl/gnu-libstdc++/4.8/libs/armeabi-v7a/include -I/home/ddt/Documents/VLC0924/android/vlc/contrib/arm-linux-androideabi/include -g -Wall -DDVBPSI_DIST --std=gnu99 -Wpointer-arith -Wcast-align -Wcast-qual -Wstrict-prototypes -Wshadow -Waggregate-return -Wmissing-prototypes -Wnested-externs -Wsign-compare -O2  -g -mfpu=vfpv3-d16 -mcpu=cortex-a8 -mthumb -mfloat-abi=softfp -O2 -I/home/ddt/Documents/android-sdk/android-ndk-r9/sources/cxx-stl/gnu-libstdc++/4.8/include -I/home/ddt/Documents/android-sdk/android-ndk-r9/sources/cxx-stl/gnu-libstdc++/4.8/libs/armeabi-v7a/include -I/home/ddt/Documents/VLC0924/android/vlc/contrib/arm-linux-androideabi/include  -L/home/ddt/Documents/VLC0924/android/vlc/contrib/arm-linux-androideabi/lib conftest.c  >&5
conftest.c:48:1: warning: function declaration isn't a prototype [-Wstrict-prototypes]
 char gettimeofday ();
 ^
conftest.c:57:1: warning: function declaration isn't a prototype [-Wstrict-prototypes]
 main ()
 ^
configure:11678: $? = 0
configure:11678: result: yes
configure:11690: checking sys/socket.h usability
configure:11690: arm-linux-androideabi-gcc --sysroot=/home/ddt/Documents/android-sdk/android-ndk-r9/platforms/android-9/arch-arm -c  -g -mfpu=vfpv3-d16 -mcpu=cortex-a8 -mthumb -mfloat-abi=softfp -O2 -I/home/ddt/Documents/android-sdk/android-ndk-r9/sources/cxx-stl/gnu-libstdc++/4.8/include -I/home/ddt/Documents/android-sdk/android-ndk-r9/sources/cxx-stl/gnu-libstdc++/4.8/libs/armeabi-v7a/include -I/home/ddt/Documents/VLC0924/android/vlc/contrib/arm-linux-androideabi/include -g -Wall -DDVBPSI_DIST --std=gnu99 -Wpointer-arith -Wcast-align -Wcast-qual -Wstrict-prototypes -Wshadow -Waggregate-return -Wmissing-prototypes -Wnested-externs -Wsign-compare -O2  -g -mfpu=vfpv3-d16 -mcpu=cortex-a8 -mthumb -mfloat-abi=softfp -O2 -I/home/ddt/Documents/android-sdk/android-ndk-r9/sources/cxx-stl/gnu-libstdc++/4.8/include -I/home/ddt/Documents/android-sdk/android-ndk-r9/sources/cxx-stl/gnu-libstdc++/4.8/libs/armeabi-v7a/include -I/home/ddt/Documents/VLC0924/android/vlc/contrib/arm-linux-androideabi/include conftest.c >&5
configure:11690: $? = 0
configure:11690: result: yes
configure:11690: checking sys/socket.h presence
configure:11690: arm-linux-androideabi-gcc --sysroot=/home/ddt/Documents/android-sdk/android-ndk-r9/platforms/android-9/arch-arm -E  -g -mfpu=vfpv3-d16 -mcpu=cortex-a8 -mthumb -mfloat-abi=softfp -O2 -I/home/ddt/Documents/android-sdk/android-ndk-r9/sources/cxx-stl/gnu-libstdc++/4.8/include -I/home/ddt/Documents/android-sdk/android-ndk-r9/sources/cxx-stl/gnu-libstdc++/4.8/libs/armeabi-v7a/include -I/home/ddt/Documents/VLC0924/android/vlc/contrib/arm-linux-androideabi/include conftest.c
configure:11690: $? = 0
configure:11690: result: yes
configure:11690: checking for sys/socket.h
configure:11690: result: yes
configure:11709: checking for variadic cpp macros
configure:11726: arm-linux-androideabi-gcc --sysroot=/home/ddt/Documents/android-sdk/android-ndk-r9/platforms/android-9/arch-arm -c  -g -mfpu=vfpv3-d16 -mcpu=cortex-a8 -mthumb -mfloat-abi=softfp -O2 -I/home/ddt/Documents/android-sdk/android-ndk-r9/sources/cxx-stl/gnu-libstdc++/4.8/include -I/home/ddt/Documents/android-sdk/android-ndk-r9/sources/cxx-stl/gnu-libstdc++/4.8/libs/armeabi-v7a/include -I/home/ddt/Documents/VLC0924/android/vlc/contrib/arm-linux-androideabi/include -g -Wall -DDVBPSI_DIST --std=gnu99 -Wpointer-arith -Wcast-align -Wcast-qual -Wstrict-prototypes -Wshadow -Waggregate-return -Wmissing-prototypes -Wnested-externs -Wsign-compare -O2  -g -mfpu=vfpv3-d16 -mcpu=cortex-a8 -mthumb -mfloat-abi=softfp -O2 -I/home/ddt/Documents/android-sdk/android-ndk-r9/sources/cxx-stl/gnu-libstdc++/4.8/include -I/home/ddt/Documents/android-sdk/android-ndk-r9/sources/cxx-stl/gnu-libstdc++/4.8/libs/armeabi-v7a/include -I/home/ddt/Documents/VLC0924/android/vlc/contrib/arm-linux-androideabi/include conftest.c >&5
conftest.c:30:1: warning: function declaration isn't a prototype [-Wstrict-prototypes]
 main ()
 ^
configure:11726: $? = 0
configure:11733: result: yes
configure:11889: creating ./config.status

## ---------------------- ##
## Running config.status. ##
## ---------------------- ##

This file was extended by libdvbpsi config.status 0.2.2, which was
generated by GNU Autoconf 2.68.  Invocation command line was

  CONFIG_FILES    = 
  CONFIG_HEADERS  = 
  CONFIG_LINKS    = 
  CONFIG_COMMANDS = 
  $ ./config.status 

on ubuntu

config.status:1118: creating Makefile
config.status:1118: creating src/Makefile
config.status:1118: creating examples/Makefile
config.status:1118: creating misc/Makefile
config.status:1118: creating doc/Makefile
config.status:1118: creating wince/Makefile
config.status:1118: creating libdvbpsi.pc
config.status:1118: creating libdvbpsi.spec
config.status:1118: creating config.h
config.status:1347: executing depfiles commands
config.status:1347: executing libtool commands

## ---------------- ##
## Cache variables. ##
## ---------------- ##

ac_cv_build=x86_64-pc-linux-gnu
ac_cv_c_compiler_gnu=yes
ac_cv_c_inline=inline
ac_cv_cpp_variadic_macros=yes
ac_cv_env_CC_set=set
ac_cv_env_CC_value='arm-linux-androideabi-gcc --sysroot=/home/ddt/Documents/android-sdk/android-ndk-r9/platforms/android-9/arch-arm'
ac_cv_env_CFLAGS_set=set
ac_cv_env_CFLAGS_value=' -g -mfpu=vfpv3-d16 -mcpu=cortex-a8 -mthumb -mfloat-abi=softfp -O2 -I/home/ddt/Documents/android-sdk/android-ndk-r9/sources/cxx-stl/gnu-libstdc++/4.8/include -I/home/ddt/Documents/android-sdk/android-ndk-r9/sources/cxx-stl/gnu-libstdc++/4.8/libs/armeabi-v7a/include -I/home/ddt/Documents/VLC0924/android/vlc/contrib/arm-linux-androideabi/include -g'
ac_cv_env_CPPFLAGS_set=set
ac_cv_env_CPPFLAGS_value=' -g -mfpu=vfpv3-d16 -mcpu=cortex-a8 -mthumb -mfloat-abi=softfp -O2 -I/home/ddt/Documents/android-sdk/android-ndk-r9/sources/cxx-stl/gnu-libstdc++/4.8/include -I/home/ddt/Documents/android-sdk/android-ndk-r9/sources/cxx-stl/gnu-libstdc++/4.8/libs/armeabi-v7a/include -I/home/ddt/Documents/VLC0924/android/vlc/contrib/arm-linux-androideabi/include'
ac_cv_env_CPP_set=
ac_cv_env_CPP_value=
ac_cv_env_LDFLAGS_set=set
ac_cv_env_LDFLAGS_value=' -L/home/ddt/Documents/VLC0924/android/vlc/contrib/arm-linux-androideabi/lib'
ac_cv_env_LIBS_set=
ac_cv_env_LIBS_value=
ac_cv_env_build_alias_set=set
ac_cv_env_build_alias_value=x86_64-linux-gnu
ac_cv_env_host_alias_set=set
ac_cv_env_host_alias_value=arm-linux-androideabi
ac_cv_env_target_alias_set=set
ac_cv_env_target_alias_value=arm-linux-androideabi
ac_cv_func_gettimeofday=yes
ac_cv_header_dlfcn_h=yes
ac_cv_header_inttypes_h=yes
ac_cv_header_memory_h=yes
ac_cv_header_stdc=yes
ac_cv_header_stdint_h=yes
ac_cv_header_stdlib_h=yes
ac_cv_header_string_h=yes
ac_cv_header_strings_h=yes
ac_cv_header_sys_socket_h=yes
ac_cv_header_sys_stat_h=yes
ac_cv_header_sys_types_h=yes
ac_cv_header_unistd_h=yes
ac_cv_host=arm-unknown-linux-androideabi
ac_cv_objext=o
ac_cv_path_EGREP='/bin/grep -E'
ac_cv_path_FGREP='/bin/grep -F'
ac_cv_path_GREP=/bin/grep
ac_cv_path_SED=/bin/sed
ac_cv_path_install='/usr/bin/install -c'
ac_cv_path_mkdir=/bin/mkdir
ac_cv_prog_AR=arm-linux-androideabi-ar
ac_cv_prog_AWK=mawk
ac_cv_prog_CC='arm-linux-androideabi-gcc --sysroot=/home/ddt/Documents/android-sdk/android-ndk-r9/platforms/android-9/arch-arm'
ac_cv_prog_CPP='arm-linux-androideabi-gcc --sysroot=/home/ddt/Documents/android-sdk/android-ndk-r9/platforms/android-9/arch-arm -E'
ac_cv_prog_DLLTOOL=dlltool
ac_cv_prog_OBJDUMP=objdump
ac_cv_prog_RANLIB=arm-linux-androideabi-ranlib
ac_cv_prog_STRIP=arm-linux-androideabi-strip
ac_cv_prog_ac_ct_MANIFEST_TOOL=mt
ac_cv_prog_cc_c89=
ac_cv_prog_cc_g=yes
ac_cv_prog_make_make_set=yes
ac_cv_target=arm-unknown-linux-androideabi
am_cv_CC_dependencies_compiler_type=none
lt_cv_ar_at_file=@
lt_cv_deplibs_check_method=pass_all
lt_cv_file_magic_cmd='$MAGIC_CMD'
lt_cv_file_magic_test_file=
lt_cv_ld_reload_flag=-r
lt_cv_nm_interface='BSD nm'
lt_cv_objdir=.libs
lt_cv_path_LD=arm-linux-androideabi-ld
lt_cv_path_NM='/home/ddt/Documents/android-sdk/android-ndk-r9/toolchains/arm-linux-androideabi-4.8/prebuilt/linux-x86_64/bin/arm-linux-androideabi-nm -B'
lt_cv_path_mainfest_tool=no
lt_cv_prog_compiler_c_o=yes
lt_cv_prog_compiler_pic='-fPIC -DPIC'
lt_cv_prog_compiler_pic_works=yes
lt_cv_prog_compiler_rtti_exceptions=no
lt_cv_prog_compiler_static_works=yes
lt_cv_prog_gnu_ld=yes
lt_cv_sharedlib_from_linklib_cmd='printf %s\n'
lt_cv_shlibpath_overrides_runpath=no
lt_cv_sys_global_symbol_pipe='sed -n -e '\''s/^.*[	 ]\([ABCDGIRSTW][ABCDGIRSTW]*\)[	 ][	 ]*\([_A-Za-z][_A-Za-z0-9]*\)$/\1 \2 \2/p'\'' | sed '\''/ __gnu_lto/d'\'''
lt_cv_sys_global_symbol_to_c_name_address='sed -n -e '\''s/^: \([^ ]*\)[ ]*$/  {\"\1\", (void *) 0},/p'\'' -e '\''s/^[ABCDGIRSTW]* \([^ ]*\) \([^ ]*\)$/  {"\2", (void *) \&\2},/p'\'''
lt_cv_sys_global_symbol_to_c_name_address_lib_prefix='sed -n -e '\''s/^: \([^ ]*\)[ ]*$/  {\"\1\", (void *) 0},/p'\'' -e '\''s/^[ABCDGIRSTW]* \([^ ]*\) \(lib[^ ]*\)$/  {"\2", (void *) \&\2},/p'\'' -e '\''s/^[ABCDGIRSTW]* \([^ ]*\) \([^ ]*\)$/  {"lib\2", (void *) \&\2},/p'\'''
lt_cv_sys_global_symbol_to_cdecl='sed -n -e '\''s/^T .* \(.*\)$/extern int \1();/p'\'' -e '\''s/^[ABCDGIRSTW]* .* \(.*\)$/extern char \1;/p'\'''
lt_cv_sys_max_cmd_len=3458764513820540925
lt_cv_to_host_file_cmd=func_convert_file_noop
lt_cv_to_tool_file_cmd=func_convert_file_noop

## ----------------- ##
## Output variables. ##
## ----------------- ##

ACLOCAL='${SHELL} /home/ddt/Documents/VLC0924/android/vlc/contrib/android/libdvbpsi/.auto/missing --run aclocal-1.11'
AMDEPBACKSLASH=''
AMDEP_FALSE=''
AMDEP_TRUE='#'
AMTAR='${SHELL} /home/ddt/Documents/VLC0924/android/vlc/contrib/android/libdvbpsi/.auto/missing --run tar'
AR='arm-linux-androideabi-ar'
AS='as'
AUTOCONF='${SHELL} /home/ddt/Documents/VLC0924/android/vlc/contrib/android/libdvbpsi/.auto/missing --run autoconf'
AUTOHEADER='${SHELL} /home/ddt/Documents/VLC0924/android/vlc/contrib/android/libdvbpsi/.auto/missing --run autoheader'
AUTOMAKE='${SHELL} /home/ddt/Documents/VLC0924/android/vlc/contrib/android/libdvbpsi/.auto/missing --run automake-1.11'
AWK='mawk'
CC='arm-linux-androideabi-gcc --sysroot=/home/ddt/Documents/android-sdk/android-ndk-r9/platforms/android-9/arch-arm'
CCDEPMODE='depmode=none'
CFLAGS=' -g -mfpu=vfpv3-d16 -mcpu=cortex-a8 -mthumb -mfloat-abi=softfp -O2 -I/home/ddt/Documents/android-sdk/android-ndk-r9/sources/cxx-stl/gnu-libstdc++/4.8/include -I/home/ddt/Documents/android-sdk/android-ndk-r9/sources/cxx-stl/gnu-libstdc++/4.8/libs/armeabi-v7a/include -I/home/ddt/Documents/VLC0924/android/vlc/contrib/arm-linux-androideabi/include -g -Wall -DDVBPSI_DIST --std=gnu99 -Wpointer-arith -Wcast-align -Wcast-qual -Wstrict-prototypes -Wshadow -Waggregate-return -Wmissing-prototypes -Wnested-externs -Wsign-compare -O2'
CPP='arm-linux-androideabi-gcc --sysroot=/home/ddt/Documents/android-sdk/android-ndk-r9/platforms/android-9/arch-arm -E'
CPPFLAGS=' -g -mfpu=vfpv3-d16 -mcpu=cortex-a8 -mthumb -mfloat-abi=softfp -O2 -I/home/ddt/Documents/android-sdk/android-ndk-r9/sources/cxx-stl/gnu-libstdc++/4.8/include -I/home/ddt/Documents/android-sdk/android-ndk-r9/sources/cxx-stl/gnu-libstdc++/4.8/libs/armeabi-v7a/include -I/home/ddt/Documents/VLC0924/android/vlc/contrib/arm-linux-androideabi/include'
CYGPATH_W='echo'
DEFS='-DHAVE_CONFIG_H'
DEPDIR='.deps'
DLLTOOL='dlltool'
DSYMUTIL=''
DUMPBIN=''
ECHO_C=''
ECHO_N='-n'
ECHO_T=''
EGREP='/bin/grep -E'
EXEEXT=''
FGREP='/bin/grep -F'
GREP='/bin/grep'
HAVE_BSD_FALSE=''
HAVE_BSD_TRUE='#'
HAVE_DARWIN_FALSE=''
HAVE_DARWIN_TRUE='#'
HAVE_SYS_SOCKET_H_FALSE='#'
HAVE_SYS_SOCKET_H_TRUE=''
HAVE_WIN32_FALSE=''
HAVE_WIN32_TRUE='#'
INSTALL_DATA='${INSTALL} -m 644'
INSTALL_PROGRAM='${INSTALL}'
INSTALL_SCRIPT='${INSTALL}'
INSTALL_STRIP_PROGRAM='$(install_sh) -c -s'
LD='arm-linux-androideabi-ld'
LDFLAGS=' -L/home/ddt/Documents/VLC0924/android/vlc/contrib/arm-linux-androideabi/lib'
LIBOBJS=''
LIBS=''
LIBTOOL='$(SHELL) $(top_builddir)/libtool'
LIPO=''
LN_S='ln -s'
LTLIBOBJS=''
MAKEINFO='${SHELL} /home/ddt/Documents/VLC0924/android/vlc/contrib/android/libdvbpsi/.auto/missing --run makeinfo'
MANIFEST_TOOL=':'
MKDIR_P='/bin/mkdir -p'
NM='/home/ddt/Documents/android-sdk/android-ndk-r9/toolchains/arm-linux-androideabi-4.8/prebuilt/linux-x86_64/bin/arm-linux-androideabi-nm -B'
NMEDIT=''
OBJDUMP='objdump'
OBJEXT='o'
OTOOL64=''
OTOOL=''
PACKAGE='libdvbpsi'
PACKAGE_BUGREPORT=''
PACKAGE_NAME='libdvbpsi'
PACKAGE_STRING='libdvbpsi 0.2.2'
PACKAGE_TARNAME='libdvbpsi'
PACKAGE_URL=''
PACKAGE_VERSION='0.2.2'
PATH_SEPARATOR=':'
RANLIB='arm-linux-androideabi-ranlib'
SED='/bin/sed'
SET_MAKE=''
SHELL='/bin/bash'
STRIP='arm-linux-androideabi-strip'
VERSION='0.2.2'
ac_ct_AR=''
ac_ct_CC=''
ac_ct_DUMPBIN=''
am__EXEEXT_FALSE=''
am__EXEEXT_TRUE='#'
am__fastdepCC_FALSE=''
am__fastdepCC_TRUE='#'
am__include='include'
am__isrc=''
am__leading_dot='.'
am__quote=''
am__tar='${AMTAR} chof - "$$tardir"'
am__untar='${AMTAR} xf -'
bindir='${exec_prefix}/bin'
build='x86_64-pc-linux-gnu'
build_alias='x86_64-linux-gnu'
build_cpu='x86_64'
build_os='linux-gnu'
build_vendor='pc'
datadir='${datarootdir}'
datarootdir='${prefix}/share'
docdir='${datarootdir}/doc/${PACKAGE_TARNAME}'
dvidir='${docdir}'
exec_prefix='${prefix}'
host='arm-unknown-linux-androideabi'
host_alias='arm-linux-androideabi'
host_cpu='arm'
host_os='linux-androideabi'
host_vendor='unknown'
htmldir='${docdir}'
includedir='${prefix}/include'
infodir='${datarootdir}/info'
install_sh='${SHELL} /home/ddt/Documents/VLC0924/android/vlc/contrib/android/libdvbpsi/.auto/install-sh'
libdir='${exec_prefix}/lib'
libexecdir='${exec_prefix}/libexec'
localedir='${datarootdir}/locale'
localstatedir='${prefix}/var'
mandir='${datarootdir}/man'
mkdir_p='/bin/mkdir -p'
oldincludedir='/usr/include'
pdfdir='${docdir}'
prefix='/home/ddt/Documents/VLC0924/android/vlc/contrib/arm-linux-androideabi'
program_transform_name='s&^&&'
psdir='${docdir}'
sbindir='${exec_prefix}/sbin'
sharedstatedir='${prefix}/com'
sysconfdir='${prefix}/etc'
target='arm-unknown-linux-androideabi'
target_alias='arm-linux-androideabi'
target_cpu='arm'
target_os='linux-androideabi'
target_vendor='unknown'

## ----------- ##
## confdefs.h. ##
## ----------- ##

/* confdefs.h */
#define PACKAGE_NAME "libdvbpsi"
#define PACKAGE_TARNAME "libdvbpsi"
#define PACKAGE_VERSION "0.2.2"
#define PACKAGE_STRING "libdvbpsi 0.2.2"
#define PACKAGE_BUGREPORT ""
#define PACKAGE_URL ""
#define PACKAGE "libdvbpsi"
#define VERSION "0.2.2"
#define STDC_HEADERS 1
#define HAVE_SYS_TYPES_H 1
#define HAVE_SYS_STAT_H 1
#define HAVE_STDLIB_H 1
#define HAVE_STRING_H 1
#define HAVE_MEMORY_H 1
#define HAVE_STRINGS_H 1
#define HAVE_INTTYPES_H 1
#define HAVE_STDINT_H 1
#define HAVE_UNISTD_H 1
#define HAVE_DLFCN_H 1
#define LT_OBJDIR ".libs/"
#define HAVE_STDINT_H 1
#define HAVE_INTTYPES_H 1
#define HAVE_GETTIMEOFDAY 1
#define HAVE_SYS_SOCKET_H 1
#define HAVE_VARIADIC_MACROS 1

configure: exit 0
