This file contains any messages produced by compilers while
running configure, to aid debugging if configure makes a mistake.

It was created by ragel configure 6.8, which was
generated by GNU Autoconf 2.68.  Invocation command line was

  $ ./configure --prefix=/home/ddt/Documents/VLC0924/android/vlc/extras/tools/build --disable-shared --enable-static

## --------- ##
## Platform. ##
## --------- ##

hostname = ubuntu
uname -m = x86_64
uname -r = 3.8.0-29-generic
uname -s = Linux
uname -v = #42-Ubuntu SMP Tue Aug 13 19:40:39 UTC 2013

/usr/bin/uname -p = unknown
/bin/uname -X     = unknown

/bin/arch              = unknown
/usr/bin/arch -k       = unknown
/usr/convex/getsysinfo = unknown
/usr/bin/hostinfo      = unknown
/bin/machine           = unknown
/usr/bin/oslevel       = unknown
/bin/universe          = unknown

PATH: /home/ddt/Documents/VLC0924/android/vlc/extras/tools/build/bin
PATH: /home/ddt/Documents/android-sdk/android-ndk-r9/toolchains/arm-linux-androideabi-4.8/prebuilt/linux-x86_64/bin
PATH: /home/ddt/Documents/android-sdk/android-ndk-r8e
PATH: /usr/lib/lightdm/lightdm
PATH: /usr/local/sbin
PATH: /usr/local/bin
PATH: /usr/sbin
PATH: /usr/bin
PATH: /sbin
PATH: /bin
PATH: /usr/games
PATH: /usr/local/games
PATH: /home/ddt/Documents/android/sdk/platform-tools
PATH: /home/ddt/Documents/android/sdk/tools


## ----------- ##
## Core tests. ##
## ----------- ##

configure:1872: checking for a BSD-compatible install
configure:1940: result: /usr/bin/install -c
configure:1951: checking whether build environment is sane
configure:2001: result: yes
configure:2142: checking for a thread-safe mkdir -p
configure:2181: result: /bin/mkdir -p
configure:2194: checking for gawk
configure:2224: result: no
configure:2194: checking for mawk
configure:2210: found /usr/bin/mawk
configure:2221: result: mawk
configure:2232: checking whether make sets $(MAKE)
configure:2254: result: yes
configure:2339: checking for ./DIST
configure:2353: result: yes
configure:2445: checking for gcc
configure:2461: found /usr/bin/gcc
configure:2472: result: gcc
configure:2701: checking for C compiler version
configure:2710: gcc --version >&5
gcc (Ubuntu/Linaro 4.7.3-1ubuntu1) 4.7.3
Copyright (C) 2012 Free Software Foundation, Inc.
This is free software; see the source for copying conditions.  There is NO
warranty; not even for MERCHANTABILITY or FITNESS FOR A PARTICULAR PURPOSE.

configure:2721: $? = 0
configure:2710: gcc -v >&5
Using built-in specs.
COLLECT_GCC=gcc
COLLECT_LTO_WRAPPER=/usr/lib/gcc/x86_64-linux-gnu/4.7/lto-wrapper
Target: x86_64-linux-gnu
Configured with: ../src/configure -v --with-pkgversion='Ubuntu/Linaro 4.7.3-1ubuntu1' --with-bugurl=file:///usr/share/doc/gcc-4.7/README.Bugs --enable-languages=c,c++,go,fortran,objc,obj-c++ --prefix=/usr --program-suffix=-4.7 --enable-shared --enable-linker-build-id --libexecdir=/usr/lib --without-included-gettext --enable-threads=posix --with-gxx-include-dir=/usr/include/c++/4.7 --libdir=/usr/lib --enable-nls --with-sysroot=/ --enable-clocale=gnu --enable-libstdcxx-debug --enable-libstdcxx-time=yes --enable-gnu-unique-object --enable-plugin --with-system-zlib --enable-objc-gc --with-cloog --enable-cloog-backend=ppl --disable-cloog-version-check --disable-ppl-version-check --enable-multiarch --disable-werror --with-arch-32=i686 --with-abi=m64 --with-multilib-list=m32,m64,mx32 --with-tune=generic --enable-checking=release --build=x86_64-linux-gnu --host=x86_64-linux-gnu --target=x86_64-linux-gnu
Thread model: posix
gcc version 4.7.3 (Ubuntu/Linaro 4.7.3-1ubuntu1) 
configure:2721: $? = 0
configure:2710: gcc -V >&5
gcc: error: unrecognized command line option '-V'
gcc: fatal error: no input files
compilation terminated.
configure:2721: $? = 4
configure:2710: gcc -qversion >&5
gcc: error: unrecognized command line option '-qversion'
gcc: fatal error: no input files
compilation terminated.
configure:2721: $? = 4
configure:2741: checking whether the C compiler works
configure:2763: gcc    conftest.c  >&5
configure:2767: $? = 0
configure:2815: result: yes
configure:2818: checking for C compiler default output file name
configure:2820: result: a.out
configure:2826: checking for suffix of executables
configure:2833: gcc -o conftest    conftest.c  >&5
configure:2837: $? = 0
configure:2859: result: 
configure:2881: checking whether we are cross compiling
configure:2889: gcc -o conftest    conftest.c  >&5
configure:2893: $? = 0
configure:2900: ./conftest
configure:2904: $? = 0
configure:2919: result: no
configure:2924: checking for suffix of object files
configure:2946: gcc -c   conftest.c >&5
configure:2950: $? = 0
configure:2971: result: o
configure:2975: checking whether we are using the GNU C compiler
configure:2994: gcc -c   conftest.c >&5
configure:2994: $? = 0
configure:3003: result: yes
configure:3012: checking whether gcc accepts -g
configure:3032: gcc -c -g  conftest.c >&5
configure:3032: $? = 0
configure:3073: result: yes
configure:3090: checking for gcc option to accept ISO C89
configure:3154: gcc  -c -g -O2  conftest.c >&5
configure:3154: $? = 0
configure:3167: result: none needed
configure:3198: checking for style of include used by make
configure:3226: result: GNU
configure:3252: checking dependency style of gcc
configure:3363: result: gcc3
configure:3436: checking for g++
configure:3452: found /usr/bin/g++
configure:3463: result: g++
configure:3490: checking for C++ compiler version
configure:3499: g++ --version >&5
g++ (Ubuntu/Linaro 4.7.3-1ubuntu1) 4.7.3
Copyright (C) 2012 Free Software Foundation, Inc.
This is free software; see the source for copying conditions.  There is NO
warranty; not even for MERCHANTABILITY or FITNESS FOR A PARTICULAR PURPOSE.

configure:3510: $? = 0
configure:3499: g++ -v >&5
Using built-in specs.
COLLECT_GCC=g++
COLLECT_LTO_WRAPPER=/usr/lib/gcc/x86_64-linux-gnu/4.7/lto-wrapper
Target: x86_64-linux-gnu
Configured with: ../src/configure -v --with-pkgversion='Ubuntu/Linaro 4.7.3-1ubuntu1' --with-bugurl=file:///usr/share/doc/gcc-4.7/README.Bugs --enable-languages=c,c++,go,fortran,objc,obj-c++ --prefix=/usr --program-suffix=-4.7 --enable-shared --enable-linker-build-id --libexecdir=/usr/lib --without-included-gettext --enable-threads=posix --with-gxx-include-dir=/usr/include/c++/4.7 --libdir=/usr/lib --enable-nls --with-sysroot=/ --enable-clocale=gnu --enable-libstdcxx-debug --enable-libstdcxx-time=yes --enable-gnu-unique-object --enable-plugin --with-system-zlib --enable-objc-gc --with-cloog --enable-cloog-backend=ppl --disable-cloog-version-check --disable-ppl-version-check --enable-multiarch --disable-werror --with-arch-32=i686 --with-abi=m64 --with-multilib-list=m32,m64,mx32 --with-tune=generic --enable-checking=release --build=x86_64-linux-gnu --host=x86_64-linux-gnu --target=x86_64-linux-gnu
Thread model: posix
gcc version 4.7.3 (Ubuntu/Linaro 4.7.3-1ubuntu1) 
configure:3510: $? = 0
configure:3499: g++ -V >&5
g++: error: unrecognized command line option '-V'
g++: fatal error: no input files
compilation terminated.
configure:3510: $? = 4
configure:3499: g++ -qversion >&5
g++: error: unrecognized command line option '-qversion'
g++: fatal error: no input files
compilation terminated.
configure:3510: $? = 4
configure:3514: checking whether we are using the GNU C++ compiler
configure:3533: g++ -c   conftest.cpp >&5
configure:3533: $? = 0
configure:3542: result: yes
configure:3551: checking whether g++ accepts -g
configure:3571: g++ -c -g  conftest.cpp >&5
configure:3571: $? = 0
configure:3612: result: yes
configure:3637: checking dependency style of g++
configure:3748: result: gcc3
configure:3806: checking for ar
configure:3822: found /usr/bin/ar
configure:3833: result: ar
configure:3898: checking for ranlib
configure:3914: found /usr/bin/ranlib
configure:3925: result: ranlib
configure:3955: checking whether make sets $(MAKE)
configure:3977: result: yes
configure:4175: checking for gdc
configure:4205: result: no
configure:4211: checking for the Objective-C compiler
configure:4222: result: no
configure:4229: checking for javac
configure:4245: found /usr/bin/javac
configure:4256: result: javac
configure:4267: checking for txl
configure:4297: result: no
configure:4305: checking for ruby
configure:4321: found /usr/bin/ruby
configure:4332: result: ruby
configure:4343: checking for gmcs
configure:4373: result: no
configure:4381: checking for go
configure:4411: result: no
configure:4563: creating ./config.status

## ---------------------- ##
## Running config.status. ##
## ---------------------- ##

This file was extended by ragel config.status 6.8, which was
generated by GNU Autoconf 2.68.  Invocation command line was

  CONFIG_FILES    = 
  CONFIG_HEADERS  = 
  CONFIG_LINKS    = 
  CONFIG_COMMANDS = 
  $ ./config.status 

on ubuntu

config.status:881: creating Makefile
config.status:881: creating ragel/Makefile
config.status:881: creating aapl/Makefile
config.status:881: creating doc/Makefile
config.status:881: creating doc/ragel.1
config.status:881: creating contrib/Makefile
config.status:881: creating test/Makefile
config.status:881: creating test/runtests
config.status:881: creating examples/Makefile
config.status:881: creating ragel/config.h
config.status:1110: executing depfiles commands
config.status:1110: executing default commands
configure:5900: WARNING: unrecognized options: --disable-shared, --enable-static

## ---------------- ##
## Cache variables. ##
## ---------------- ##

ac_cv_c_compiler_gnu=yes
ac_cv_cxx_compiler_gnu=yes
ac_cv_env_CCC_set=
ac_cv_env_CCC_value=
ac_cv_env_CC_set=
ac_cv_env_CC_value=
ac_cv_env_CFLAGS_set=
ac_cv_env_CFLAGS_value=
ac_cv_env_CPPFLAGS_set=
ac_cv_env_CPPFLAGS_value=
ac_cv_env_CXXFLAGS_set=
ac_cv_env_CXXFLAGS_value=
ac_cv_env_CXX_set=
ac_cv_env_CXX_value=
ac_cv_env_LDFLAGS_set=
ac_cv_env_LDFLAGS_value=
ac_cv_env_LIBS_set=
ac_cv_env_LIBS_value=
ac_cv_env_build_alias_set=
ac_cv_env_build_alias_value=
ac_cv_env_host_alias_set=
ac_cv_env_host_alias_value=
ac_cv_env_target_alias_set=
ac_cv_env_target_alias_value=
ac_cv_file___DIST=yes
ac_cv_objext=o
ac_cv_path_install='/usr/bin/install -c'
ac_cv_path_mkdir=/bin/mkdir
ac_cv_prog_AWK=mawk
ac_cv_prog_JAVAC=javac
ac_cv_prog_RUBY=ruby
ac_cv_prog_ac_ct_AR=ar
ac_cv_prog_ac_ct_CC=gcc
ac_cv_prog_ac_ct_CXX=g++
ac_cv_prog_ac_ct_RANLIB=ranlib
ac_cv_prog_cc_c89=
ac_cv_prog_cc_g=yes
ac_cv_prog_cxx_g=yes
ac_cv_prog_make_make_set=yes
am_cv_CC_dependencies_compiler_type=gcc3
am_cv_CXX_dependencies_compiler_type=gcc3

## ----------------- ##
## Output variables. ##
## ----------------- ##

ACLOCAL='${SHELL} /home/ddt/Documents/VLC0924/android/vlc/extras/tools/ragel/missing --run aclocal-1.11'
AMDEPBACKSLASH='\'
AMDEP_FALSE='#'
AMDEP_TRUE=''
AMTAR='$${TAR-tar}'
AR='ar'
AUTOCONF='/home/ddt/Documents/VLC0924/android/vlc/extras/tools/build/bin/autoconf'
AUTOHEADER='${SHELL} /home/ddt/Documents/VLC0924/android/vlc/extras/tools/ragel/missing --run autoheader'
AUTOMAKE='${SHELL} /home/ddt/Documents/VLC0924/android/vlc/extras/tools/ragel/missing --run automake-1.11'
AWK='mawk'
BUILD_MANUAL_FALSE=''
BUILD_MANUAL_TRUE='#'
BUILD_PARSERS_FALSE=''
BUILD_PARSERS_TRUE='#'
CC='gcc'
CCDEPMODE='depmode=gcc3'
CFLAGS='-g -O2'
CPPFLAGS=''
CXX='g++'
CXXDEPMODE='depmode=gcc3'
CXXFLAGS='-g -O2'
CYGPATH_W='echo'
DEFS='-DHAVE_CONFIG_H'
DEPDIR='.deps'
ECHO_C=''
ECHO_N='-n'
ECHO_T=''
EXEEXT=''
FIG2DEV=''
GDC=''
GMCS=''
GOBIN=''
GOBJC=''
INSTALL_DATA='${INSTALL} -m 644'
INSTALL_PROGRAM='${INSTALL}'
INSTALL_SCRIPT='${INSTALL}'
INSTALL_STRIP_PROGRAM='$(install_sh) -c -s'
JAVAC='javac'
KELBT=''
LDFLAGS=''
LIBOBJS=''
LIBS=''
LTLIBOBJS=''
MAKEINFO='${SHELL} /home/ddt/Documents/VLC0924/android/vlc/extras/tools/ragel/missing --run makeinfo'
MKDIR_P='/bin/mkdir -p'
OBJEXT='o'
PACKAGE='ragel'
PACKAGE_BUGREPORT=''
PACKAGE_NAME='ragel'
PACKAGE_STRING='ragel 6.8'
PACKAGE_TARNAME='ragel'
PACKAGE_URL=''
PACKAGE_VERSION='6.8'
PATH_SEPARATOR=':'
PDFLATEX=''
PUBDATE='Feb 2013'
RAGEL=''
RANLIB='ranlib'
RUBY='ruby'
SET_MAKE=''
SHELL='/bin/bash'
STRIP=''
TXL=''
VERSION='6.8'
ac_ct_CC='gcc'
ac_ct_CXX='g++'
am__EXEEXT_FALSE=''
am__EXEEXT_TRUE='#'
am__fastdepCC_FALSE='#'
am__fastdepCC_TRUE=''
am__fastdepCXX_FALSE='#'
am__fastdepCXX_TRUE=''
am__include='include'
am__isrc=''
am__leading_dot='.'
am__nodep='_no'
am__quote=''
am__tar='$${TAR-tar} chof - "$$tardir"'
am__untar='$${TAR-tar} xf -'
bindir='${exec_prefix}/bin'
build_alias=''
datadir='${datarootdir}'
datarootdir='${prefix}/share'
docdir='${datarootdir}/doc/${PACKAGE_TARNAME}'
dvidir='${docdir}'
exec_prefix='${prefix}'
host_alias=''
htmldir='${docdir}'
includedir='${prefix}/include'
infodir='${datarootdir}/info'
install_sh='${SHELL} /home/ddt/Documents/VLC0924/android/vlc/extras/tools/ragel/install-sh'
libdir='${exec_prefix}/lib'
libexecdir='${exec_prefix}/libexec'
localedir='${datarootdir}/locale'
localstatedir='${prefix}/var'
mandir='${datarootdir}/man'
mkdir_p='/bin/mkdir -p'
oldincludedir='/usr/include'
pdfdir='${docdir}'
prefix='/home/ddt/Documents/VLC0924/android/vlc/extras/tools/build'
program_transform_name='s,x,x,'
psdir='${docdir}'
sbindir='${exec_prefix}/sbin'
sharedstatedir='${prefix}/com'
sysconfdir='${prefix}/etc'
target_alias=''

## ----------- ##
## confdefs.h. ##
## ----------- ##

/* confdefs.h */
#define PACKAGE_NAME "ragel"
#define PACKAGE_TARNAME "ragel"
#define PACKAGE_VERSION "6.8"
#define PACKAGE_STRING "ragel 6.8"
#define PACKAGE_BUGREPORT ""
#define PACKAGE_URL ""
#define PACKAGE "ragel"
#define VERSION "6.8"
#define HAVE___DIST 1

configure: exit 0
