This file contains any messages produced by compilers while
running configure, to aid debugging if configure makes a mistake.

It was created by configure, which was
generated by GNU Autoconf 2.69.  Invocation command line was

  $ ./configure --prefix=/home/ddt/Documents/VLC0924/android/vlc/contrib/arm-linux-androideabi --build=x86_64-linux-gnu --host=arm-linux-androideabi --target=arm-linux-androideabi --program-prefix= --enable-static --disable-shared --disable-dependency-tracking --with-pic

## --------- ##
## Platform. ##
## --------- ##

hostname = ubuntu
uname -m = x86_64
uname -r = 3.8.0-29-generic
uname -s = Linux
uname -v = #42-Ubuntu SMP Tue Aug 13 19:40:39 UTC 2013

/usr/bin/uname -p = unknown
/bin/uname -X     = unknown

/bin/arch              = unknown
/usr/bin/arch -k       = unknown
/usr/convex/getsysinfo = unknown
/usr/bin/hostinfo      = unknown
/bin/machine           = unknown
/usr/bin/oslevel       = unknown
/bin/universe          = unknown

PATH: /home/ddt/Documents/VLC0924/android/vlc/contrib/arm-linux-androideabi/bin
PATH: /home/ddt/Documents/VLC0924/android/vlc/extras/tools/build/bin
PATH: /home/ddt/Documents/VLC0924/android/vlc/extras/tools/build/bin
PATH: /home/ddt/Documents/android-sdk/android-ndk-r9/toolchains/arm-linux-androideabi-4.8/prebuilt/linux-x86_64/bin
PATH: /home/ddt/Documents/android-sdk/android-ndk-r8e
PATH: /usr/lib/lightdm/lightdm
PATH: /usr/local/sbin
PATH: /usr/local/bin
PATH: /usr/sbin
PATH: /usr/bin
PATH: /sbin
PATH: /bin
PATH: /usr/games
PATH: /usr/local/games
PATH: /home/ddt/Documents/android/sdk/platform-tools
PATH: /home/ddt/Documents/android/sdk/tools


## ----------- ##
## Core tests. ##
## ----------- ##

configure:2510: checking for a BSD-compatible install
configure:2578: result: /usr/bin/install -c
configure:2589: checking whether build environment is sane
configure:2644: result: yes
configure:2703: checking for arm-linux-androideabi-strip
configure:2730: result: arm-linux-androideabi-strip
configure:2795: checking for a thread-safe mkdir -p
configure:2834: result: /bin/mkdir -p
configure:2841: checking for gawk
configure:2871: result: no
configure:2841: checking for mawk
configure:2857: found /usr/bin/mawk
configure:2868: result: mawk
configure:2879: checking whether make sets $(MAKE)
configure:2901: result: yes
configure:2930: checking whether make supports nested variables
configure:2947: result: yes
configure:3076: checking whether to enable maintainer-specific portions of Makefiles
configure:3085: result: no
configure:3102: checking build system type
configure:3116: result: x86_64-pc-linux-gnu
configure:3136: checking host system type
configure:3149: result: arm-unknown-linux-androideabi
configure:3178: checking for arm-linux-androideabi-gcc
configure:3205: result: arm-linux-androideabi-gcc --sysroot=/home/ddt/Documents/android-sdk/android-ndk-r9/platforms/android-9/arch-arm
configure:3474: checking for C compiler version
configure:3483: arm-linux-androideabi-gcc --sysroot=/home/ddt/Documents/android-sdk/android-ndk-r9/platforms/android-9/arch-arm --version >&5
arm-linux-androideabi-gcc (GCC) 4.8
Copyright (C) 2013 Free Software Foundation, Inc.
This is free software; see the source for copying conditions.  There is NO
warranty; not even for MERCHANTABILITY or FITNESS FOR A PARTICULAR PURPOSE.

configure:3494: $? = 0
configure:3483: arm-linux-androideabi-gcc --sysroot=/home/ddt/Documents/android-sdk/android-ndk-r9/platforms/android-9/arch-arm -v >&5
Using built-in specs.
COLLECT_GCC=arm-linux-androideabi-gcc
COLLECT_LTO_WRAPPER=/home/ddt/Documents/android-sdk/android-ndk-r9/toolchains/arm-linux-androideabi-4.8/prebuilt/linux-x86_64/bin/../libexec/gcc/arm-linux-androideabi/4.8/lto-wrapper
Target: arm-linux-androideabi
Configured with: /s/ndk-toolchain/src/build/../gcc/gcc-4.8/configure --prefix=/tmp/ndk-andrewhsieh/build/toolchain/prefix --target=arm-linux-androideabi --host=x86_64-linux-gnu --build=x86_64-linux-gnu --with-gnu-as --with-gnu-ld --enable-languages=c,c++ --with-gmp=/tmp/ndk-andrewhsieh/build/toolchain/temp-install --with-mpfr=/tmp/ndk-andrewhsieh/build/toolchain/temp-install --with-mpc=/tmp/ndk-andrewhsieh/build/toolchain/temp-install --with-cloog=/tmp/ndk-andrewhsieh/build/toolchain/temp-install --with-isl=/tmp/ndk-andrewhsieh/build/toolchain/temp-install --with-ppl=/tmp/ndk-andrewhsieh/build/toolchain/temp-install --disable-ppl-version-check --disable-cloog-version-check --disable-isl-version-check --enable-cloog-backend=isl --with-host-libstdcxx='-static-libgcc -Wl,-Bstatic,-lstdc++,-Bdynamic -lm' --disable-libssp --enable-threads --disable-nls --disable-libmudflap --disable-libgomp --disable-libstdc__-v3 --disable-sjlj-exceptions --disable-shared --disable-tls --disable-libitm --with-float=soft --with-fpu=vfp --with-arch=armv5te --enable-target-optspace --enable-initfini-array --disable-nls --prefix=/tmp/ndk-andrewhsieh/build/toolchain/prefix --with-sysroot=/tmp/ndk-andrewhsieh/build/toolchain/prefix/sysroot --with-binutils-version=2.23 --with-mpfr-version=3.1.1 --with-mpc-version=1.0.1 --with-gmp-version=5.0.5 --with-gcc-version=4.8 --with-gdb-version=7.3.x --with-python=/usr/local/google/home/andrewhsieh/mydroid/ndk/prebuilt/linux-x86_64/bin/python-config.sh --with-gxx-include-dir=/tmp/ndk-andrewhsieh/build/toolchain/prefix/include/c++/4.8 --with-bugurl=http://source.android.com/source/report-bugs.html --disable-bootstrap --disable-libquadmath --enable-plugins --enable-libgomp --disable-libsanitizer --enable-gold --enable-graphite=yes --with-cloog-version=0.18.0 --with-isl-version=0.11.1 --with-arch=armv5te --program-transform-name='s&^&arm-linux-androideabi-&' --enable-gold=default
Thread model: posix
gcc version 4.8 (GCC) 
configure:3494: $? = 0
configure:3483: arm-linux-androideabi-gcc --sysroot=/home/ddt/Documents/android-sdk/android-ndk-r9/platforms/android-9/arch-arm -V >&5
arm-linux-androideabi-gcc: error: unrecognized command line option '-V'
arm-linux-androideabi-gcc: fatal error: no input files
compilation terminated.
configure:3494: $? = 1
configure:3483: arm-linux-androideabi-gcc --sysroot=/home/ddt/Documents/android-sdk/android-ndk-r9/platforms/android-9/arch-arm -qversion >&5
arm-linux-androideabi-gcc: error: unrecognized command line option '-qversion'
arm-linux-androideabi-gcc: fatal error: no input files
compilation terminated.
configure:3494: $? = 1
configure:3514: checking whether the C compiler works
configure:3536: arm-linux-androideabi-gcc --sysroot=/home/ddt/Documents/android-sdk/android-ndk-r9/platforms/android-9/arch-arm  -g -mfpu=vfpv3-d16 -mcpu=cortex-a8 -mthumb -mfloat-abi=softfp -O2 -I/home/ddt/Documents/android-sdk/android-ndk-r9/sources/cxx-stl/gnu-libstdc++/4.8/include -I/home/ddt/Documents/android-sdk/android-ndk-r9/sources/cxx-stl/gnu-libstdc++/4.8/libs/armeabi-v7a/include -I/home/ddt/Documents/VLC0924/android/vlc/contrib/arm-linux-androideabi/include -g  -g -mfpu=vfpv3-d16 -mcpu=cortex-a8 -mthumb -mfloat-abi=softfp -O2 -I/home/ddt/Documents/android-sdk/android-ndk-r9/sources/cxx-stl/gnu-libstdc++/4.8/include -I/home/ddt/Documents/android-sdk/android-ndk-r9/sources/cxx-stl/gnu-libstdc++/4.8/libs/armeabi-v7a/include -I/home/ddt/Documents/VLC0924/android/vlc/contrib/arm-linux-androideabi/include  -L/home/ddt/Documents/VLC0924/android/vlc/contrib/arm-linux-androideabi/lib conftest.c  >&5
configure:3540: $? = 0
configure:3588: result: yes
configure:3591: checking for C compiler default output file name
configure:3593: result: a.out
configure:3599: checking for suffix of executables
configure:3606: arm-linux-androideabi-gcc --sysroot=/home/ddt/Documents/android-sdk/android-ndk-r9/platforms/android-9/arch-arm -o conftest  -g -mfpu=vfpv3-d16 -mcpu=cortex-a8 -mthumb -mfloat-abi=softfp -O2 -I/home/ddt/Documents/android-sdk/android-ndk-r9/sources/cxx-stl/gnu-libstdc++/4.8/include -I/home/ddt/Documents/android-sdk/android-ndk-r9/sources/cxx-stl/gnu-libstdc++/4.8/libs/armeabi-v7a/include -I/home/ddt/Documents/VLC0924/android/vlc/contrib/arm-linux-androideabi/include -g  -g -mfpu=vfpv3-d16 -mcpu=cortex-a8 -mthumb -mfloat-abi=softfp -O2 -I/home/ddt/Documents/android-sdk/android-ndk-r9/sources/cxx-stl/gnu-libstdc++/4.8/include -I/home/ddt/Documents/android-sdk/android-ndk-r9/sources/cxx-stl/gnu-libstdc++/4.8/libs/armeabi-v7a/include -I/home/ddt/Documents/VLC0924/android/vlc/contrib/arm-linux-androideabi/include  -L/home/ddt/Documents/VLC0924/android/vlc/contrib/arm-linux-androideabi/lib conftest.c  >&5
configure:3610: $? = 0
configure:3632: result: 
configure:3654: checking whether we are cross compiling
configure:3692: result: yes
configure:3697: checking for suffix of object files
configure:3719: arm-linux-androideabi-gcc --sysroot=/home/ddt/Documents/android-sdk/android-ndk-r9/platforms/android-9/arch-arm -c  -g -mfpu=vfpv3-d16 -mcpu=cortex-a8 -mthumb -mfloat-abi=softfp -O2 -I/home/ddt/Documents/android-sdk/android-ndk-r9/sources/cxx-stl/gnu-libstdc++/4.8/include -I/home/ddt/Documents/android-sdk/android-ndk-r9/sources/cxx-stl/gnu-libstdc++/4.8/libs/armeabi-v7a/include -I/home/ddt/Documents/VLC0924/android/vlc/contrib/arm-linux-androideabi/include -g  -g -mfpu=vfpv3-d16 -mcpu=cortex-a8 -mthumb -mfloat-abi=softfp -O2 -I/home/ddt/Documents/android-sdk/android-ndk-r9/sources/cxx-stl/gnu-libstdc++/4.8/include -I/home/ddt/Documents/android-sdk/android-ndk-r9/sources/cxx-stl/gnu-libstdc++/4.8/libs/armeabi-v7a/include -I/home/ddt/Documents/VLC0924/android/vlc/contrib/arm-linux-androideabi/include conftest.c >&5
configure:3723: $? = 0
configure:3744: result: o
configure:3748: checking whether we are using the GNU C compiler
configure:3767: arm-linux-androideabi-gcc --sysroot=/home/ddt/Documents/android-sdk/android-ndk-r9/platforms/android-9/arch-arm -c  -g -mfpu=vfpv3-d16 -mcpu=cortex-a8 -mthumb -mfloat-abi=softfp -O2 -I/home/ddt/Documents/android-sdk/android-ndk-r9/sources/cxx-stl/gnu-libstdc++/4.8/include -I/home/ddt/Documents/android-sdk/android-ndk-r9/sources/cxx-stl/gnu-libstdc++/4.8/libs/armeabi-v7a/include -I/home/ddt/Documents/VLC0924/android/vlc/contrib/arm-linux-androideabi/include -g  -g -mfpu=vfpv3-d16 -mcpu=cortex-a8 -mthumb -mfloat-abi=softfp -O2 -I/home/ddt/Documents/android-sdk/android-ndk-r9/sources/cxx-stl/gnu-libstdc++/4.8/include -I/home/ddt/Documents/android-sdk/android-ndk-r9/sources/cxx-stl/gnu-libstdc++/4.8/libs/armeabi-v7a/include -I/home/ddt/Documents/VLC0924/android/vlc/contrib/arm-linux-androideabi/include conftest.c >&5
configure:3767: $? = 0
configure:3776: result: yes
configure:3785: checking whether arm-linux-androideabi-gcc --sysroot=/home/ddt/Documents/android-sdk/android-ndk-r9/platforms/android-9/arch-arm accepts -g
configure:3805: arm-linux-androideabi-gcc --sysroot=/home/ddt/Documents/android-sdk/android-ndk-r9/platforms/android-9/arch-arm -c -g  -g -mfpu=vfpv3-d16 -mcpu=cortex-a8 -mthumb -mfloat-abi=softfp -O2 -I/home/ddt/Documents/android-sdk/android-ndk-r9/sources/cxx-stl/gnu-libstdc++/4.8/include -I/home/ddt/Documents/android-sdk/android-ndk-r9/sources/cxx-stl/gnu-libstdc++/4.8/libs/armeabi-v7a/include -I/home/ddt/Documents/VLC0924/android/vlc/contrib/arm-linux-androideabi/include conftest.c >&5
configure:3805: $? = 0
configure:3846: result: yes
configure:3863: checking for arm-linux-androideabi-gcc --sysroot=/home/ddt/Documents/android-sdk/android-ndk-r9/platforms/android-9/arch-arm option to accept ISO C89
configure:3926: arm-linux-androideabi-gcc --sysroot=/home/ddt/Documents/android-sdk/android-ndk-r9/platforms/android-9/arch-arm  -c  -g -mfpu=vfpv3-d16 -mcpu=cortex-a8 -mthumb -mfloat-abi=softfp -O2 -I/home/ddt/Documents/android-sdk/android-ndk-r9/sources/cxx-stl/gnu-libstdc++/4.8/include -I/home/ddt/Documents/android-sdk/android-ndk-r9/sources/cxx-stl/gnu-libstdc++/4.8/libs/armeabi-v7a/include -I/home/ddt/Documents/VLC0924/android/vlc/contrib/arm-linux-androideabi/include -g  -g -mfpu=vfpv3-d16 -mcpu=cortex-a8 -mthumb -mfloat-abi=softfp -O2 -I/home/ddt/Documents/android-sdk/android-ndk-r9/sources/cxx-stl/gnu-libstdc++/4.8/include -I/home/ddt/Documents/android-sdk/android-ndk-r9/sources/cxx-stl/gnu-libstdc++/4.8/libs/armeabi-v7a/include -I/home/ddt/Documents/VLC0924/android/vlc/contrib/arm-linux-androideabi/include conftest.c >&5
configure:3926: $? = 0
configure:3939: result: none needed
configure:3964: checking whether arm-linux-androideabi-gcc --sysroot=/home/ddt/Documents/android-sdk/android-ndk-r9/platforms/android-9/arch-arm understands -c and -o together
configure:3986: arm-linux-androideabi-gcc --sysroot=/home/ddt/Documents/android-sdk/android-ndk-r9/platforms/android-9/arch-arm -c conftest.c -o conftest2.o
configure:3989: $? = 0
configure:3986: arm-linux-androideabi-gcc --sysroot=/home/ddt/Documents/android-sdk/android-ndk-r9/platforms/android-9/arch-arm -c conftest.c -o conftest2.o
configure:3989: $? = 0
configure:4001: result: yes
configure:4029: checking for style of include used by make
configure:4057: result: GNU
configure:4083: checking dependency style of arm-linux-androideabi-gcc --sysroot=/home/ddt/Documents/android-sdk/android-ndk-r9/platforms/android-9/arch-arm
configure:4194: result: none
configure:4215: checking how to run the C preprocessor
configure:4246: arm-linux-androideabi-gcc --sysroot=/home/ddt/Documents/android-sdk/android-ndk-r9/platforms/android-9/arch-arm -E  -g -mfpu=vfpv3-d16 -mcpu=cortex-a8 -mthumb -mfloat-abi=softfp -O2 -I/home/ddt/Documents/android-sdk/android-ndk-r9/sources/cxx-stl/gnu-libstdc++/4.8/include -I/home/ddt/Documents/android-sdk/android-ndk-r9/sources/cxx-stl/gnu-libstdc++/4.8/libs/armeabi-v7a/include -I/home/ddt/Documents/VLC0924/android/vlc/contrib/arm-linux-androideabi/include conftest.c
configure:4246: $? = 0
configure:4260: arm-linux-androideabi-gcc --sysroot=/home/ddt/Documents/android-sdk/android-ndk-r9/platforms/android-9/arch-arm -E  -g -mfpu=vfpv3-d16 -mcpu=cortex-a8 -mthumb -mfloat-abi=softfp -O2 -I/home/ddt/Documents/android-sdk/android-ndk-r9/sources/cxx-stl/gnu-libstdc++/4.8/include -I/home/ddt/Documents/android-sdk/android-ndk-r9/sources/cxx-stl/gnu-libstdc++/4.8/libs/armeabi-v7a/include -I/home/ddt/Documents/VLC0924/android/vlc/contrib/arm-linux-androideabi/include conftest.c
conftest.c:11:28: fatal error: ac_nonexistent.h: No such file or directory
 #include <ac_nonexistent.h>
                            ^
compilation terminated.
configure:4260: $? = 1
configure: failed program was:
| /* confdefs.h */
| #define PACKAGE_NAME ""
| #define PACKAGE_TARNAME ""
| #define PACKAGE_VERSION ""
| #define PACKAGE_STRING ""
| #define PACKAGE_BUGREPORT ""
| #define PACKAGE_URL ""
| #define PACKAGE "a52dec"
| #define VERSION "0.7.4"
| /* end confdefs.h.  */
| #include <ac_nonexistent.h>
configure:4285: result: arm-linux-androideabi-gcc --sysroot=/home/ddt/Documents/android-sdk/android-ndk-r9/platforms/android-9/arch-arm -E
configure:4305: arm-linux-androideabi-gcc --sysroot=/home/ddt/Documents/android-sdk/android-ndk-r9/platforms/android-9/arch-arm -E  -g -mfpu=vfpv3-d16 -mcpu=cortex-a8 -mthumb -mfloat-abi=softfp -O2 -I/home/ddt/Documents/android-sdk/android-ndk-r9/sources/cxx-stl/gnu-libstdc++/4.8/include -I/home/ddt/Documents/android-sdk/android-ndk-r9/sources/cxx-stl/gnu-libstdc++/4.8/libs/armeabi-v7a/include -I/home/ddt/Documents/VLC0924/android/vlc/contrib/arm-linux-androideabi/include conftest.c
configure:4305: $? = 0
configure:4319: arm-linux-androideabi-gcc --sysroot=/home/ddt/Documents/android-sdk/android-ndk-r9/platforms/android-9/arch-arm -E  -g -mfpu=vfpv3-d16 -mcpu=cortex-a8 -mthumb -mfloat-abi=softfp -O2 -I/home/ddt/Documents/android-sdk/android-ndk-r9/sources/cxx-stl/gnu-libstdc++/4.8/include -I/home/ddt/Documents/android-sdk/android-ndk-r9/sources/cxx-stl/gnu-libstdc++/4.8/libs/armeabi-v7a/include -I/home/ddt/Documents/VLC0924/android/vlc/contrib/arm-linux-androideabi/include conftest.c
conftest.c:11:28: fatal error: ac_nonexistent.h: No such file or directory
 #include <ac_nonexistent.h>
                            ^
compilation terminated.
configure:4319: $? = 1
configure: failed program was:
| /* confdefs.h */
| #define PACKAGE_NAME ""
| #define PACKAGE_TARNAME ""
| #define PACKAGE_VERSION ""
| #define PACKAGE_STRING ""
| #define PACKAGE_BUGREPORT ""
| #define PACKAGE_URL ""
| #define PACKAGE "a52dec"
| #define VERSION "0.7.4"
| /* end confdefs.h.  */
| #include <ac_nonexistent.h>
configure:4348: checking for grep that handles long lines and -e
configure:4406: result: /bin/grep
configure:4411: checking for egrep
configure:4473: result: /bin/grep -E
configure:4479: checking whether arm-linux-androideabi-gcc --sysroot=/home/ddt/Documents/android-sdk/android-ndk-r9/platforms/android-9/arch-arm needs -traditional
configure:4513: result: no
configure:4528: checking if arm-linux-androideabi-gcc --sysroot=/home/ddt/Documents/android-sdk/android-ndk-r9/platforms/android-9/arch-arm supports  -g -mfpu=vfpv3-d16 -mcpu=cortex-a8 -mthumb -mfloat-abi=softfp  -I/home/ddt/Documents/android-sdk/android-ndk-r9/sources/cxx-stl/gnu-libstdc++/4.8/include -I/home/ddt/Documents/android-sdk/android-ndk-r9/sources/cxx-stl/gnu-libstdc++/4.8/libs/armeabi-v7a/include -I/home/ddt/Documents/VLC0924/android/vlc/contrib/arm-linux-androideabi/include -g -O3 flags
configure:4543: arm-linux-androideabi-gcc --sysroot=/home/ddt/Documents/android-sdk/android-ndk-r9/platforms/android-9/arch-arm -c  -g -mfpu=vfpv3-d16 -mcpu=cortex-a8 -mthumb -mfloat-abi=softfp  -I/home/ddt/Documents/android-sdk/android-ndk-r9/sources/cxx-stl/gnu-libstdc++/4.8/include -I/home/ddt/Documents/android-sdk/android-ndk-r9/sources/cxx-stl/gnu-libstdc++/4.8/libs/armeabi-v7a/include -I/home/ddt/Documents/VLC0924/android/vlc/contrib/arm-linux-androideabi/include -g -O3  -g -mfpu=vfpv3-d16 -mcpu=cortex-a8 -mthumb -mfloat-abi=softfp -O2 -I/home/ddt/Documents/android-sdk/android-ndk-r9/sources/cxx-stl/gnu-libstdc++/4.8/include -I/home/ddt/Documents/android-sdk/android-ndk-r9/sources/cxx-stl/gnu-libstdc++/4.8/libs/armeabi-v7a/include -I/home/ddt/Documents/VLC0924/android/vlc/contrib/arm-linux-androideabi/include conftest.c >&5
configure:4543: $? = 0
configure:4550: result: yes
configure:4559: checking if arm-linux-androideabi-gcc --sysroot=/home/ddt/Documents/android-sdk/android-ndk-r9/platforms/android-9/arch-arm supports  -g -mfpu=vfpv3-d16 -mcpu=cortex-a8 -mthumb -mfloat-abi=softfp  -I/home/ddt/Documents/android-sdk/android-ndk-r9/sources/cxx-stl/gnu-libstdc++/4.8/include -I/home/ddt/Documents/android-sdk/android-ndk-r9/sources/cxx-stl/gnu-libstdc++/4.8/libs/armeabi-v7a/include -I/home/ddt/Documents/VLC0924/android/vlc/contrib/arm-linux-androideabi/include -g -O3 -fomit-frame-pointer flags
configure:4574: arm-linux-androideabi-gcc --sysroot=/home/ddt/Documents/android-sdk/android-ndk-r9/platforms/android-9/arch-arm -c  -g -mfpu=vfpv3-d16 -mcpu=cortex-a8 -mthumb -mfloat-abi=softfp  -I/home/ddt/Documents/android-sdk/android-ndk-r9/sources/cxx-stl/gnu-libstdc++/4.8/include -I/home/ddt/Documents/android-sdk/android-ndk-r9/sources/cxx-stl/gnu-libstdc++/4.8/libs/armeabi-v7a/include -I/home/ddt/Documents/VLC0924/android/vlc/contrib/arm-linux-androideabi/include -g -O3 -fomit-frame-pointer  -g -mfpu=vfpv3-d16 -mcpu=cortex-a8 -mthumb -mfloat-abi=softfp -O2 -I/home/ddt/Documents/android-sdk/android-ndk-r9/sources/cxx-stl/gnu-libstdc++/4.8/include -I/home/ddt/Documents/android-sdk/android-ndk-r9/sources/cxx-stl/gnu-libstdc++/4.8/libs/armeabi-v7a/include -I/home/ddt/Documents/VLC0924/android/vlc/contrib/arm-linux-androideabi/include conftest.c >&5
configure:4574: $? = 0
configure:4581: result: yes
configure:5144: checking how to print strings
configure:5171: result: printf
configure:5192: checking for a sed that does not truncate output
configure:5256: result: /bin/sed
configure:5274: checking for fgrep
configure:5336: result: /bin/grep -F
configure:5371: checking for ld used by arm-linux-androideabi-gcc --sysroot=/home/ddt/Documents/android-sdk/android-ndk-r9/platforms/android-9/arch-arm
configure:5438: result: arm-linux-androideabi-ld
configure:5445: checking if the linker (arm-linux-androideabi-ld) is GNU ld
configure:5460: result: yes
configure:5472: checking for BSD- or MS-compatible name lister (nm)
configure:5521: result: /home/ddt/Documents/android-sdk/android-ndk-r9/toolchains/arm-linux-androideabi-4.8/prebuilt/linux-x86_64/bin/arm-linux-androideabi-nm -B
configure:5651: checking the name lister (/home/ddt/Documents/android-sdk/android-ndk-r9/toolchains/arm-linux-androideabi-4.8/prebuilt/linux-x86_64/bin/arm-linux-androideabi-nm -B) interface
configure:5658: arm-linux-androideabi-gcc --sysroot=/home/ddt/Documents/android-sdk/android-ndk-r9/platforms/android-9/arch-arm -c  -g -mfpu=vfpv3-d16 -mcpu=cortex-a8 -mthumb -mfloat-abi=softfp  -I/home/ddt/Documents/android-sdk/android-ndk-r9/sources/cxx-stl/gnu-libstdc++/4.8/include -I/home/ddt/Documents/android-sdk/android-ndk-r9/sources/cxx-stl/gnu-libstdc++/4.8/libs/armeabi-v7a/include -I/home/ddt/Documents/VLC0924/android/vlc/contrib/arm-linux-androideabi/include -g -O3 -fomit-frame-pointer  -g -mfpu=vfpv3-d16 -mcpu=cortex-a8 -mthumb -mfloat-abi=softfp -O2 -I/home/ddt/Documents/android-sdk/android-ndk-r9/sources/cxx-stl/gnu-libstdc++/4.8/include -I/home/ddt/Documents/android-sdk/android-ndk-r9/sources/cxx-stl/gnu-libstdc++/4.8/libs/armeabi-v7a/include -I/home/ddt/Documents/VLC0924/android/vlc/contrib/arm-linux-androideabi/include conftest.c >&5
configure:5661: /home/ddt/Documents/android-sdk/android-ndk-r9/toolchains/arm-linux-androideabi-4.8/prebuilt/linux-x86_64/bin/arm-linux-androideabi-nm -B "conftest.o"
configure:5664: output
00000000 B some_variable
configure:5671: result: BSD nm
configure:5674: checking whether ln -s works
configure:5678: result: yes
configure:5686: checking the maximum length of command line arguments
configure:5816: result: 3458764513820540925
configure:5833: checking whether the shell understands some XSI constructs
configure:5843: result: yes
configure:5847: checking whether the shell understands "+="
configure:5853: result: yes
configure:5888: checking how to convert x86_64-pc-linux-gnu file names to arm-unknown-linux-androideabi format
configure:5928: result: func_convert_file_noop
configure:5935: checking how to convert x86_64-pc-linux-gnu file names to toolchain format
configure:5955: result: func_convert_file_noop
configure:5962: checking for arm-linux-androideabi-ld option to reload object files
configure:5969: result: -r
configure:6003: checking for arm-linux-androideabi-objdump
configure:6030: result: objdump
configure:6099: checking how to recognize dependent libraries
configure:6301: result: pass_all
configure:6346: checking for arm-linux-androideabi-dlltool
configure:6373: result: dlltool
configure:6443: checking how to associate runtime and link libraries
configure:6470: result: printf %s\n
configure:6486: checking for arm-linux-androideabi-ar
configure:6513: result: arm-linux-androideabi-ar
configure:6594: checking for archiver @FILE support
configure:6611: arm-linux-androideabi-gcc --sysroot=/home/ddt/Documents/android-sdk/android-ndk-r9/platforms/android-9/arch-arm -c  -g -mfpu=vfpv3-d16 -mcpu=cortex-a8 -mthumb -mfloat-abi=softfp  -I/home/ddt/Documents/android-sdk/android-ndk-r9/sources/cxx-stl/gnu-libstdc++/4.8/include -I/home/ddt/Documents/android-sdk/android-ndk-r9/sources/cxx-stl/gnu-libstdc++/4.8/libs/armeabi-v7a/include -I/home/ddt/Documents/VLC0924/android/vlc/contrib/arm-linux-androideabi/include -g -O3 -fomit-frame-pointer  -g -mfpu=vfpv3-d16 -mcpu=cortex-a8 -mthumb -mfloat-abi=softfp -O2 -I/home/ddt/Documents/android-sdk/android-ndk-r9/sources/cxx-stl/gnu-libstdc++/4.8/include -I/home/ddt/Documents/android-sdk/android-ndk-r9/sources/cxx-stl/gnu-libstdc++/4.8/libs/armeabi-v7a/include -I/home/ddt/Documents/VLC0924/android/vlc/contrib/arm-linux-androideabi/include conftest.c >&5
configure:6611: $? = 0
configure:6614: arm-linux-androideabi-ar cru libconftest.a @conftest.lst >&5
configure:6617: $? = 0
configure:6622: arm-linux-androideabi-ar cru libconftest.a @conftest.lst >&5
arm-linux-androideabi-ar: conftest.o: No such file or directory
configure:6625: $? = 1
configure:6637: result: @
configure:6655: checking for arm-linux-androideabi-strip
configure:6682: result: arm-linux-androideabi-strip
configure:6754: checking for arm-linux-androideabi-ranlib
configure:6781: result: arm-linux-androideabi-ranlib
configure:6923: checking command to parse /home/ddt/Documents/android-sdk/android-ndk-r9/toolchains/arm-linux-androideabi-4.8/prebuilt/linux-x86_64/bin/arm-linux-androideabi-nm -B output from arm-linux-androideabi-gcc --sysroot=/home/ddt/Documents/android-sdk/android-ndk-r9/platforms/android-9/arch-arm object
configure:7043: arm-linux-androideabi-gcc --sysroot=/home/ddt/Documents/android-sdk/android-ndk-r9/platforms/android-9/arch-arm -c  -g -mfpu=vfpv3-d16 -mcpu=cortex-a8 -mthumb -mfloat-abi=softfp  -I/home/ddt/Documents/android-sdk/android-ndk-r9/sources/cxx-stl/gnu-libstdc++/4.8/include -I/home/ddt/Documents/android-sdk/android-ndk-r9/sources/cxx-stl/gnu-libstdc++/4.8/libs/armeabi-v7a/include -I/home/ddt/Documents/VLC0924/android/vlc/contrib/arm-linux-androideabi/include -g -O3 -fomit-frame-pointer  -g -mfpu=vfpv3-d16 -mcpu=cortex-a8 -mthumb -mfloat-abi=softfp -O2 -I/home/ddt/Documents/android-sdk/android-ndk-r9/sources/cxx-stl/gnu-libstdc++/4.8/include -I/home/ddt/Documents/android-sdk/android-ndk-r9/sources/cxx-stl/gnu-libstdc++/4.8/libs/armeabi-v7a/include -I/home/ddt/Documents/VLC0924/android/vlc/contrib/arm-linux-androideabi/include conftest.c >&5
configure:7046: $? = 0
configure:7050: /home/ddt/Documents/android-sdk/android-ndk-r9/toolchains/arm-linux-androideabi-4.8/prebuilt/linux-x86_64/bin/arm-linux-androideabi-nm -B conftest.o \| sed -n -e 's/^.*[ ]\([ABCDGIRSTW][ABCDGIRSTW]*\)[ ][ ]*\([_A-Za-z][_A-Za-z0-9]*\)$/\1 \2 \2/p' | sed '/ __gnu_lto/d' \> conftest.nm
configure:7053: $? = 0
configure:7119: arm-linux-androideabi-gcc --sysroot=/home/ddt/Documents/android-sdk/android-ndk-r9/platforms/android-9/arch-arm -o conftest  -g -mfpu=vfpv3-d16 -mcpu=cortex-a8 -mthumb -mfloat-abi=softfp  -I/home/ddt/Documents/android-sdk/android-ndk-r9/sources/cxx-stl/gnu-libstdc++/4.8/include -I/home/ddt/Documents/android-sdk/android-ndk-r9/sources/cxx-stl/gnu-libstdc++/4.8/libs/armeabi-v7a/include -I/home/ddt/Documents/VLC0924/android/vlc/contrib/arm-linux-androideabi/include -g -O3 -fomit-frame-pointer  -g -mfpu=vfpv3-d16 -mcpu=cortex-a8 -mthumb -mfloat-abi=softfp -O2 -I/home/ddt/Documents/android-sdk/android-ndk-r9/sources/cxx-stl/gnu-libstdc++/4.8/include -I/home/ddt/Documents/android-sdk/android-ndk-r9/sources/cxx-stl/gnu-libstdc++/4.8/libs/armeabi-v7a/include -I/home/ddt/Documents/VLC0924/android/vlc/contrib/arm-linux-androideabi/include  -L/home/ddt/Documents/VLC0924/android/vlc/contrib/arm-linux-androideabi/lib conftest.c conftstm.o >&5
configure:7122: $? = 0
configure:7160: result: ok
configure:7197: checking for sysroot
configure:7227: result: no
configure:7443: checking for arm-linux-androideabi-mt
configure:7473: result: no
configure:7483: checking for mt
configure:7499: found /bin/mt
configure:7510: result: mt
configure:7522: WARNING: using cross tools not prefixed with host triplet
configure:7533: checking if mt is a manifest tool
configure:7539: mt '-?'
configure:7547: result: no
configure:8184: checking for ANSI C header files
configure:8204: arm-linux-androideabi-gcc --sysroot=/home/ddt/Documents/android-sdk/android-ndk-r9/platforms/android-9/arch-arm -c  -g -mfpu=vfpv3-d16 -mcpu=cortex-a8 -mthumb -mfloat-abi=softfp  -I/home/ddt/Documents/android-sdk/android-ndk-r9/sources/cxx-stl/gnu-libstdc++/4.8/include -I/home/ddt/Documents/android-sdk/android-ndk-r9/sources/cxx-stl/gnu-libstdc++/4.8/libs/armeabi-v7a/include -I/home/ddt/Documents/VLC0924/android/vlc/contrib/arm-linux-androideabi/include -g -O3 -fomit-frame-pointer  -g -mfpu=vfpv3-d16 -mcpu=cortex-a8 -mthumb -mfloat-abi=softfp -O2 -I/home/ddt/Documents/android-sdk/android-ndk-r9/sources/cxx-stl/gnu-libstdc++/4.8/include -I/home/ddt/Documents/android-sdk/android-ndk-r9/sources/cxx-stl/gnu-libstdc++/4.8/libs/armeabi-v7a/include -I/home/ddt/Documents/VLC0924/android/vlc/contrib/arm-linux-androideabi/include conftest.c >&5
configure:8204: $? = 0
configure:8288: result: yes
configure:8301: checking for sys/types.h
configure:8301: arm-linux-androideabi-gcc --sysroot=/home/ddt/Documents/android-sdk/android-ndk-r9/platforms/android-9/arch-arm -c  -g -mfpu=vfpv3-d16 -mcpu=cortex-a8 -mthumb -mfloat-abi=softfp  -I/home/ddt/Documents/android-sdk/android-ndk-r9/sources/cxx-stl/gnu-libstdc++/4.8/include -I/home/ddt/Documents/android-sdk/android-ndk-r9/sources/cxx-stl/gnu-libstdc++/4.8/libs/armeabi-v7a/include -I/home/ddt/Documents/VLC0924/android/vlc/contrib/arm-linux-androideabi/include -g -O3 -fomit-frame-pointer  -g -mfpu=vfpv3-d16 -mcpu=cortex-a8 -mthumb -mfloat-abi=softfp -O2 -I/home/ddt/Documents/android-sdk/android-ndk-r9/sources/cxx-stl/gnu-libstdc++/4.8/include -I/home/ddt/Documents/android-sdk/android-ndk-r9/sources/cxx-stl/gnu-libstdc++/4.8/libs/armeabi-v7a/include -I/home/ddt/Documents/VLC0924/android/vlc/contrib/arm-linux-androideabi/include conftest.c >&5
configure:8301: $? = 0
configure:8301: result: yes
configure:8301: checking for sys/stat.h
configure:8301: arm-linux-androideabi-gcc --sysroot=/home/ddt/Documents/android-sdk/android-ndk-r9/platforms/android-9/arch-arm -c  -g -mfpu=vfpv3-d16 -mcpu=cortex-a8 -mthumb -mfloat-abi=softfp  -I/home/ddt/Documents/android-sdk/android-ndk-r9/sources/cxx-stl/gnu-libstdc++/4.8/include -I/home/ddt/Documents/android-sdk/android-ndk-r9/sources/cxx-stl/gnu-libstdc++/4.8/libs/armeabi-v7a/include -I/home/ddt/Documents/VLC0924/android/vlc/contrib/arm-linux-androideabi/include -g -O3 -fomit-frame-pointer  -g -mfpu=vfpv3-d16 -mcpu=cortex-a8 -mthumb -mfloat-abi=softfp -O2 -I/home/ddt/Documents/android-sdk/android-ndk-r9/sources/cxx-stl/gnu-libstdc++/4.8/include -I/home/ddt/Documents/android-sdk/android-ndk-r9/sources/cxx-stl/gnu-libstdc++/4.8/libs/armeabi-v7a/include -I/home/ddt/Documents/VLC0924/android/vlc/contrib/arm-linux-androideabi/include conftest.c >&5
configure:8301: $? = 0
configure:8301: result: yes
configure:8301: checking for stdlib.h
configure:8301: arm-linux-androideabi-gcc --sysroot=/home/ddt/Documents/android-sdk/android-ndk-r9/platforms/android-9/arch-arm -c  -g -mfpu=vfpv3-d16 -mcpu=cortex-a8 -mthumb -mfloat-abi=softfp  -I/home/ddt/Documents/android-sdk/android-ndk-r9/sources/cxx-stl/gnu-libstdc++/4.8/include -I/home/ddt/Documents/android-sdk/android-ndk-r9/sources/cxx-stl/gnu-libstdc++/4.8/libs/armeabi-v7a/include -I/home/ddt/Documents/VLC0924/android/vlc/contrib/arm-linux-androideabi/include -g -O3 -fomit-frame-pointer  -g -mfpu=vfpv3-d16 -mcpu=cortex-a8 -mthumb -mfloat-abi=softfp -O2 -I/home/ddt/Documents/android-sdk/android-ndk-r9/sources/cxx-stl/gnu-libstdc++/4.8/include -I/home/ddt/Documents/android-sdk/android-ndk-r9/sources/cxx-stl/gnu-libstdc++/4.8/libs/armeabi-v7a/include -I/home/ddt/Documents/VLC0924/android/vlc/contrib/arm-linux-androideabi/include conftest.c >&5
configure:8301: $? = 0
configure:8301: result: yes
configure:8301: checking for string.h
configure:8301: arm-linux-androideabi-gcc --sysroot=/home/ddt/Documents/android-sdk/android-ndk-r9/platforms/android-9/arch-arm -c  -g -mfpu=vfpv3-d16 -mcpu=cortex-a8 -mthumb -mfloat-abi=softfp  -I/home/ddt/Documents/android-sdk/android-ndk-r9/sources/cxx-stl/gnu-libstdc++/4.8/include -I/home/ddt/Documents/android-sdk/android-ndk-r9/sources/cxx-stl/gnu-libstdc++/4.8/libs/armeabi-v7a/include -I/home/ddt/Documents/VLC0924/android/vlc/contrib/arm-linux-androideabi/include -g -O3 -fomit-frame-pointer  -g -mfpu=vfpv3-d16 -mcpu=cortex-a8 -mthumb -mfloat-abi=softfp -O2 -I/home/ddt/Documents/android-sdk/android-ndk-r9/sources/cxx-stl/gnu-libstdc++/4.8/include -I/home/ddt/Documents/android-sdk/android-ndk-r9/sources/cxx-stl/gnu-libstdc++/4.8/libs/armeabi-v7a/include -I/home/ddt/Documents/VLC0924/android/vlc/contrib/arm-linux-androideabi/include conftest.c >&5
configure:8301: $? = 0
configure:8301: result: yes
configure:8301: checking for memory.h
configure:8301: arm-linux-androideabi-gcc --sysroot=/home/ddt/Documents/android-sdk/android-ndk-r9/platforms/android-9/arch-arm -c  -g -mfpu=vfpv3-d16 -mcpu=cortex-a8 -mthumb -mfloat-abi=softfp  -I/home/ddt/Documents/android-sdk/android-ndk-r9/sources/cxx-stl/gnu-libstdc++/4.8/include -I/home/ddt/Documents/android-sdk/android-ndk-r9/sources/cxx-stl/gnu-libstdc++/4.8/libs/armeabi-v7a/include -I/home/ddt/Documents/VLC0924/android/vlc/contrib/arm-linux-androideabi/include -g -O3 -fomit-frame-pointer  -g -mfpu=vfpv3-d16 -mcpu=cortex-a8 -mthumb -mfloat-abi=softfp -O2 -I/home/ddt/Documents/android-sdk/android-ndk-r9/sources/cxx-stl/gnu-libstdc++/4.8/include -I/home/ddt/Documents/android-sdk/android-ndk-r9/sources/cxx-stl/gnu-libstdc++/4.8/libs/armeabi-v7a/include -I/home/ddt/Documents/VLC0924/android/vlc/contrib/arm-linux-androideabi/include conftest.c >&5
configure:8301: $? = 0
configure:8301: result: yes
configure:8301: checking for strings.h
configure:8301: arm-linux-androideabi-gcc --sysroot=/home/ddt/Documents/android-sdk/android-ndk-r9/platforms/android-9/arch-arm -c  -g -mfpu=vfpv3-d16 -mcpu=cortex-a8 -mthumb -mfloat-abi=softfp  -I/home/ddt/Documents/android-sdk/android-ndk-r9/sources/cxx-stl/gnu-libstdc++/4.8/include -I/home/ddt/Documents/android-sdk/android-ndk-r9/sources/cxx-stl/gnu-libstdc++/4.8/libs/armeabi-v7a/include -I/home/ddt/Documents/VLC0924/android/vlc/contrib/arm-linux-androideabi/include -g -O3 -fomit-frame-pointer  -g -mfpu=vfpv3-d16 -mcpu=cortex-a8 -mthumb -mfloat-abi=softfp -O2 -I/home/ddt/Documents/android-sdk/android-ndk-r9/sources/cxx-stl/gnu-libstdc++/4.8/include -I/home/ddt/Documents/android-sdk/android-ndk-r9/sources/cxx-stl/gnu-libstdc++/4.8/libs/armeabi-v7a/include -I/home/ddt/Documents/VLC0924/android/vlc/contrib/arm-linux-androideabi/include conftest.c >&5
configure:8301: $? = 0
configure:8301: result: yes
configure:8301: checking for inttypes.h
configure:8301: arm-linux-androideabi-gcc --sysroot=/home/ddt/Documents/android-sdk/android-ndk-r9/platforms/android-9/arch-arm -c  -g -mfpu=vfpv3-d16 -mcpu=cortex-a8 -mthumb -mfloat-abi=softfp  -I/home/ddt/Documents/android-sdk/android-ndk-r9/sources/cxx-stl/gnu-libstdc++/4.8/include -I/home/ddt/Documents/android-sdk/android-ndk-r9/sources/cxx-stl/gnu-libstdc++/4.8/libs/armeabi-v7a/include -I/home/ddt/Documents/VLC0924/android/vlc/contrib/arm-linux-androideabi/include -g -O3 -fomit-frame-pointer  -g -mfpu=vfpv3-d16 -mcpu=cortex-a8 -mthumb -mfloat-abi=softfp -O2 -I/home/ddt/Documents/android-sdk/android-ndk-r9/sources/cxx-stl/gnu-libstdc++/4.8/include -I/home/ddt/Documents/android-sdk/android-ndk-r9/sources/cxx-stl/gnu-libstdc++/4.8/libs/armeabi-v7a/include -I/home/ddt/Documents/VLC0924/android/vlc/contrib/arm-linux-androideabi/include conftest.c >&5
configure:8301: $? = 0
configure:8301: result: yes
configure:8301: checking for stdint.h
configure:8301: arm-linux-androideabi-gcc --sysroot=/home/ddt/Documents/android-sdk/android-ndk-r9/platforms/android-9/arch-arm -c  -g -mfpu=vfpv3-d16 -mcpu=cortex-a8 -mthumb -mfloat-abi=softfp  -I/home/ddt/Documents/android-sdk/android-ndk-r9/sources/cxx-stl/gnu-libstdc++/4.8/include -I/home/ddt/Documents/android-sdk/android-ndk-r9/sources/cxx-stl/gnu-libstdc++/4.8/libs/armeabi-v7a/include -I/home/ddt/Documents/VLC0924/android/vlc/contrib/arm-linux-androideabi/include -g -O3 -fomit-frame-pointer  -g -mfpu=vfpv3-d16 -mcpu=cortex-a8 -mthumb -mfloat-abi=softfp -O2 -I/home/ddt/Documents/android-sdk/android-ndk-r9/sources/cxx-stl/gnu-libstdc++/4.8/include -I/home/ddt/Documents/android-sdk/android-ndk-r9/sources/cxx-stl/gnu-libstdc++/4.8/libs/armeabi-v7a/include -I/home/ddt/Documents/VLC0924/android/vlc/contrib/arm-linux-androideabi/include conftest.c >&5
configure:8301: $? = 0
configure:8301: result: yes
configure:8301: checking for unistd.h
configure:8301: arm-linux-androideabi-gcc --sysroot=/home/ddt/Documents/android-sdk/android-ndk-r9/platforms/android-9/arch-arm -c  -g -mfpu=vfpv3-d16 -mcpu=cortex-a8 -mthumb -mfloat-abi=softfp  -I/home/ddt/Documents/android-sdk/android-ndk-r9/sources/cxx-stl/gnu-libstdc++/4.8/include -I/home/ddt/Documents/android-sdk/android-ndk-r9/sources/cxx-stl/gnu-libstdc++/4.8/libs/armeabi-v7a/include -I/home/ddt/Documents/VLC0924/android/vlc/contrib/arm-linux-androideabi/include -g -O3 -fomit-frame-pointer  -g -mfpu=vfpv3-d16 -mcpu=cortex-a8 -mthumb -mfloat-abi=softfp -O2 -I/home/ddt/Documents/android-sdk/android-ndk-r9/sources/cxx-stl/gnu-libstdc++/4.8/include -I/home/ddt/Documents/android-sdk/android-ndk-r9/sources/cxx-stl/gnu-libstdc++/4.8/libs/armeabi-v7a/include -I/home/ddt/Documents/VLC0924/android/vlc/contrib/arm-linux-androideabi/include conftest.c >&5
configure:8301: $? = 0
configure:8301: result: yes
configure:8315: checking for dlfcn.h
configure:8315: arm-linux-androideabi-gcc --sysroot=/home/ddt/Documents/android-sdk/android-ndk-r9/platforms/android-9/arch-arm -c  -g -mfpu=vfpv3-d16 -mcpu=cortex-a8 -mthumb -mfloat-abi=softfp  -I/home/ddt/Documents/android-sdk/android-ndk-r9/sources/cxx-stl/gnu-libstdc++/4.8/include -I/home/ddt/Documents/android-sdk/android-ndk-r9/sources/cxx-stl/gnu-libstdc++/4.8/libs/armeabi-v7a/include -I/home/ddt/Documents/VLC0924/android/vlc/contrib/arm-linux-androideabi/include -g -O3 -fomit-frame-pointer  -g -mfpu=vfpv3-d16 -mcpu=cortex-a8 -mthumb -mfloat-abi=softfp -O2 -I/home/ddt/Documents/android-sdk/android-ndk-r9/sources/cxx-stl/gnu-libstdc++/4.8/include -I/home/ddt/Documents/android-sdk/android-ndk-r9/sources/cxx-stl/gnu-libstdc++/4.8/libs/armeabi-v7a/include -I/home/ddt/Documents/VLC0924/android/vlc/contrib/arm-linux-androideabi/include conftest.c >&5
configure:8315: $? = 0
configure:8315: result: yes
configure:8489: checking for objdir
configure:8504: result: .libs
configure:8771: checking if arm-linux-androideabi-gcc --sysroot=/home/ddt/Documents/android-sdk/android-ndk-r9/platforms/android-9/arch-arm supports -fno-rtti -fno-exceptions
configure:8789: arm-linux-androideabi-gcc --sysroot=/home/ddt/Documents/android-sdk/android-ndk-r9/platforms/android-9/arch-arm -c  -g -mfpu=vfpv3-d16 -mcpu=cortex-a8 -mthumb -mfloat-abi=softfp  -I/home/ddt/Documents/android-sdk/android-ndk-r9/sources/cxx-stl/gnu-libstdc++/4.8/include -I/home/ddt/Documents/android-sdk/android-ndk-r9/sources/cxx-stl/gnu-libstdc++/4.8/libs/armeabi-v7a/include -I/home/ddt/Documents/VLC0924/android/vlc/contrib/arm-linux-androideabi/include -g -O3 -fomit-frame-pointer  -g -mfpu=vfpv3-d16 -mcpu=cortex-a8 -mthumb -mfloat-abi=softfp -O2 -I/home/ddt/Documents/android-sdk/android-ndk-r9/sources/cxx-stl/gnu-libstdc++/4.8/include -I/home/ddt/Documents/android-sdk/android-ndk-r9/sources/cxx-stl/gnu-libstdc++/4.8/libs/armeabi-v7a/include -I/home/ddt/Documents/VLC0924/android/vlc/contrib/arm-linux-androideabi/include -fno-rtti -fno-exceptions conftest.c >&5
cc1: warning: command line option '-fno-rtti' is valid for C++/ObjC++ but not for C [enabled by default]
configure:8793: $? = 0
configure:8806: result: no
configure:9133: checking for arm-linux-androideabi-gcc --sysroot=/home/ddt/Documents/android-sdk/android-ndk-r9/platforms/android-9/arch-arm option to produce PIC
configure:9140: result: -fPIC -DPIC
configure:9148: checking if arm-linux-androideabi-gcc --sysroot=/home/ddt/Documents/android-sdk/android-ndk-r9/platforms/android-9/arch-arm PIC flag -fPIC -DPIC works
configure:9166: arm-linux-androideabi-gcc --sysroot=/home/ddt/Documents/android-sdk/android-ndk-r9/platforms/android-9/arch-arm -c  -g -mfpu=vfpv3-d16 -mcpu=cortex-a8 -mthumb -mfloat-abi=softfp  -I/home/ddt/Documents/android-sdk/android-ndk-r9/sources/cxx-stl/gnu-libstdc++/4.8/include -I/home/ddt/Documents/android-sdk/android-ndk-r9/sources/cxx-stl/gnu-libstdc++/4.8/libs/armeabi-v7a/include -I/home/ddt/Documents/VLC0924/android/vlc/contrib/arm-linux-androideabi/include -g -O3 -fomit-frame-pointer  -g -mfpu=vfpv3-d16 -mcpu=cortex-a8 -mthumb -mfloat-abi=softfp -O2 -I/home/ddt/Documents/android-sdk/android-ndk-r9/sources/cxx-stl/gnu-libstdc++/4.8/include -I/home/ddt/Documents/android-sdk/android-ndk-r9/sources/cxx-stl/gnu-libstdc++/4.8/libs/armeabi-v7a/include -I/home/ddt/Documents/VLC0924/android/vlc/contrib/arm-linux-androideabi/include -fPIC -DPIC -DPIC conftest.c >&5
configure:9170: $? = 0
configure:9183: result: yes
configure:9212: checking if arm-linux-androideabi-gcc --sysroot=/home/ddt/Documents/android-sdk/android-ndk-r9/platforms/android-9/arch-arm static flag -static works
configure:9240: result: yes
configure:9255: checking if arm-linux-androideabi-gcc --sysroot=/home/ddt/Documents/android-sdk/android-ndk-r9/platforms/android-9/arch-arm supports -c -o file.o
configure:9276: arm-linux-androideabi-gcc --sysroot=/home/ddt/Documents/android-sdk/android-ndk-r9/platforms/android-9/arch-arm -c  -g -mfpu=vfpv3-d16 -mcpu=cortex-a8 -mthumb -mfloat-abi=softfp  -I/home/ddt/Documents/android-sdk/android-ndk-r9/sources/cxx-stl/gnu-libstdc++/4.8/include -I/home/ddt/Documents/android-sdk/android-ndk-r9/sources/cxx-stl/gnu-libstdc++/4.8/libs/armeabi-v7a/include -I/home/ddt/Documents/VLC0924/android/vlc/contrib/arm-linux-androideabi/include -g -O3 -fomit-frame-pointer  -g -mfpu=vfpv3-d16 -mcpu=cortex-a8 -mthumb -mfloat-abi=softfp -O2 -I/home/ddt/Documents/android-sdk/android-ndk-r9/sources/cxx-stl/gnu-libstdc++/4.8/include -I/home/ddt/Documents/android-sdk/android-ndk-r9/sources/cxx-stl/gnu-libstdc++/4.8/libs/armeabi-v7a/include -I/home/ddt/Documents/VLC0924/android/vlc/contrib/arm-linux-androideabi/include -o out/conftest2.o conftest.c >&5
configure:9280: $? = 0
configure:9302: result: yes
configure:9310: checking if arm-linux-androideabi-gcc --sysroot=/home/ddt/Documents/android-sdk/android-ndk-r9/platforms/android-9/arch-arm supports -c -o file.o
configure:9357: result: yes
configure:9390: checking whether the arm-linux-androideabi-gcc --sysroot=/home/ddt/Documents/android-sdk/android-ndk-r9/platforms/android-9/arch-arm linker (arm-linux-androideabi-ld) supports shared libraries
configure:10543: result: yes
configure:10783: checking dynamic linker characteristics
configure:11294: arm-linux-androideabi-gcc --sysroot=/home/ddt/Documents/android-sdk/android-ndk-r9/platforms/android-9/arch-arm -o conftest  -g -mfpu=vfpv3-d16 -mcpu=cortex-a8 -mthumb -mfloat-abi=softfp  -I/home/ddt/Documents/android-sdk/android-ndk-r9/sources/cxx-stl/gnu-libstdc++/4.8/include -I/home/ddt/Documents/android-sdk/android-ndk-r9/sources/cxx-stl/gnu-libstdc++/4.8/libs/armeabi-v7a/include -I/home/ddt/Documents/VLC0924/android/vlc/contrib/arm-linux-androideabi/include -g -O3 -fomit-frame-pointer  -g -mfpu=vfpv3-d16 -mcpu=cortex-a8 -mthumb -mfloat-abi=softfp -O2 -I/home/ddt/Documents/android-sdk/android-ndk-r9/sources/cxx-stl/gnu-libstdc++/4.8/include -I/home/ddt/Documents/android-sdk/android-ndk-r9/sources/cxx-stl/gnu-libstdc++/4.8/libs/armeabi-v7a/include -I/home/ddt/Documents/VLC0924/android/vlc/contrib/arm-linux-androideabi/include  -L/home/ddt/Documents/VLC0924/android/vlc/contrib/arm-linux-androideabi/lib -Wl,-rpath -Wl,/foo conftest.c  >&5
configure:11294: $? = 0
configure:11516: result: GNU/Linux ld.so
configure:11623: checking how to hardcode library paths into programs
configure:11648: result: immediate
configure:12188: checking whether stripping libraries is possible
configure:12193: result: yes
configure:12228: checking if libtool supports shared libraries
configure:12230: result: yes
configure:12233: checking whether to build shared libraries
configure:12254: result: no
configure:12257: checking whether to build static libraries
configure:12261: result: yes
configure:12305: checking sys/time.h usability
configure:12305: arm-linux-androideabi-gcc --sysroot=/home/ddt/Documents/android-sdk/android-ndk-r9/platforms/android-9/arch-arm -c  -g -mfpu=vfpv3-d16 -mcpu=cortex-a8 -mthumb -mfloat-abi=softfp  -I/home/ddt/Documents/android-sdk/android-ndk-r9/sources/cxx-stl/gnu-libstdc++/4.8/include -I/home/ddt/Documents/android-sdk/android-ndk-r9/sources/cxx-stl/gnu-libstdc++/4.8/libs/armeabi-v7a/include -I/home/ddt/Documents/VLC0924/android/vlc/contrib/arm-linux-androideabi/include -g -O3 -fomit-frame-pointer  -g -mfpu=vfpv3-d16 -mcpu=cortex-a8 -mthumb -mfloat-abi=softfp -O2 -I/home/ddt/Documents/android-sdk/android-ndk-r9/sources/cxx-stl/gnu-libstdc++/4.8/include -I/home/ddt/Documents/android-sdk/android-ndk-r9/sources/cxx-stl/gnu-libstdc++/4.8/libs/armeabi-v7a/include -I/home/ddt/Documents/VLC0924/android/vlc/contrib/arm-linux-androideabi/include conftest.c >&5
configure:12305: $? = 0
configure:12305: result: yes
configure:12305: checking sys/time.h presence
configure:12305: arm-linux-androideabi-gcc --sysroot=/home/ddt/Documents/android-sdk/android-ndk-r9/platforms/android-9/arch-arm -E  -g -mfpu=vfpv3-d16 -mcpu=cortex-a8 -mthumb -mfloat-abi=softfp -O2 -I/home/ddt/Documents/android-sdk/android-ndk-r9/sources/cxx-stl/gnu-libstdc++/4.8/include -I/home/ddt/Documents/android-sdk/android-ndk-r9/sources/cxx-stl/gnu-libstdc++/4.8/libs/armeabi-v7a/include -I/home/ddt/Documents/VLC0924/android/vlc/contrib/arm-linux-androideabi/include conftest.c
configure:12305: $? = 0
configure:12305: result: yes
configure:12305: checking for sys/time.h
configure:12305: result: yes
configure:12305: checking sys/timeb.h usability
configure:12305: arm-linux-androideabi-gcc --sysroot=/home/ddt/Documents/android-sdk/android-ndk-r9/platforms/android-9/arch-arm -c  -g -mfpu=vfpv3-d16 -mcpu=cortex-a8 -mthumb -mfloat-abi=softfp  -I/home/ddt/Documents/android-sdk/android-ndk-r9/sources/cxx-stl/gnu-libstdc++/4.8/include -I/home/ddt/Documents/android-sdk/android-ndk-r9/sources/cxx-stl/gnu-libstdc++/4.8/libs/armeabi-v7a/include -I/home/ddt/Documents/VLC0924/android/vlc/contrib/arm-linux-androideabi/include -g -O3 -fomit-frame-pointer  -g -mfpu=vfpv3-d16 -mcpu=cortex-a8 -mthumb -mfloat-abi=softfp -O2 -I/home/ddt/Documents/android-sdk/android-ndk-r9/sources/cxx-stl/gnu-libstdc++/4.8/include -I/home/ddt/Documents/android-sdk/android-ndk-r9/sources/cxx-stl/gnu-libstdc++/4.8/libs/armeabi-v7a/include -I/home/ddt/Documents/VLC0924/android/vlc/contrib/arm-linux-androideabi/include conftest.c >&5
configure:12305: $? = 0
configure:12305: result: yes
configure:12305: checking sys/timeb.h presence
configure:12305: arm-linux-androideabi-gcc --sysroot=/home/ddt/Documents/android-sdk/android-ndk-r9/platforms/android-9/arch-arm -E  -g -mfpu=vfpv3-d16 -mcpu=cortex-a8 -mthumb -mfloat-abi=softfp -O2 -I/home/ddt/Documents/android-sdk/android-ndk-r9/sources/cxx-stl/gnu-libstdc++/4.8/include -I/home/ddt/Documents/android-sdk/android-ndk-r9/sources/cxx-stl/gnu-libstdc++/4.8/libs/armeabi-v7a/include -I/home/ddt/Documents/VLC0924/android/vlc/contrib/arm-linux-androideabi/include conftest.c
configure:12305: $? = 0
configure:12305: result: yes
configure:12305: checking for sys/timeb.h
configure:12305: result: yes
configure:12305: checking io.h usability
configure:12305: arm-linux-androideabi-gcc --sysroot=/home/ddt/Documents/android-sdk/android-ndk-r9/platforms/android-9/arch-arm -c  -g -mfpu=vfpv3-d16 -mcpu=cortex-a8 -mthumb -mfloat-abi=softfp  -I/home/ddt/Documents/android-sdk/android-ndk-r9/sources/cxx-stl/gnu-libstdc++/4.8/include -I/home/ddt/Documents/android-sdk/android-ndk-r9/sources/cxx-stl/gnu-libstdc++/4.8/libs/armeabi-v7a/include -I/home/ddt/Documents/VLC0924/android/vlc/contrib/arm-linux-androideabi/include -g -O3 -fomit-frame-pointer  -g -mfpu=vfpv3-d16 -mcpu=cortex-a8 -mthumb -mfloat-abi=softfp -O2 -I/home/ddt/Documents/android-sdk/android-ndk-r9/sources/cxx-stl/gnu-libstdc++/4.8/include -I/home/ddt/Documents/android-sdk/android-ndk-r9/sources/cxx-stl/gnu-libstdc++/4.8/libs/armeabi-v7a/include -I/home/ddt/Documents/VLC0924/android/vlc/contrib/arm-linux-androideabi/include conftest.c >&5
conftest.c:58:16: fatal error: io.h: No such file or directory
 #include <io.h>
                ^
compilation terminated.
configure:12305: $? = 1
configure: failed program was:
| /* confdefs.h */
| #define PACKAGE_NAME ""
| #define PACKAGE_TARNAME ""
| #define PACKAGE_VERSION ""
| #define PACKAGE_STRING ""
| #define PACKAGE_BUGREPORT ""
| #define PACKAGE_URL ""
| #define PACKAGE "a52dec"
| #define VERSION "0.7.4"
| #define STDC_HEADERS 1
| #define HAVE_SYS_TYPES_H 1
| #define HAVE_SYS_STAT_H 1
| #define HAVE_STDLIB_H 1
| #define HAVE_STRING_H 1
| #define HAVE_MEMORY_H 1
| #define HAVE_STRINGS_H 1
| #define HAVE_INTTYPES_H 1
| #define HAVE_STDINT_H 1
| #define HAVE_UNISTD_H 1
| #define HAVE_DLFCN_H 1
| #define LT_OBJDIR ".libs/"
| #define HAVE_SYS_TIME_H 1
| #define HAVE_SYS_TIMEB_H 1
| /* end confdefs.h.  */
| #include <stdio.h>
| #ifdef HAVE_SYS_TYPES_H
| # include <sys/types.h>
| #endif
| #ifdef HAVE_SYS_STAT_H
| # include <sys/stat.h>
| #endif
| #ifdef STDC_HEADERS
| # include <stdlib.h>
| # include <stddef.h>
| #else
| # ifdef HAVE_STDLIB_H
| #  include <stdlib.h>
| # endif
| #endif
| #ifdef HAVE_STRING_H
| # if !defined STDC_HEADERS && defined HAVE_MEMORY_H
| #  include <memory.h>
| # endif
| # include <string.h>
| #endif
| #ifdef HAVE_STRINGS_H
| # include <strings.h>
| #endif
| #ifdef HAVE_INTTYPES_H
| # include <inttypes.h>
| #endif
| #ifdef HAVE_STDINT_H
| # include <stdint.h>
| #endif
| #ifdef HAVE_UNISTD_H
| # include <unistd.h>
| #endif
| #include <io.h>
configure:12305: result: no
configure:12305: checking io.h presence
configure:12305: arm-linux-androideabi-gcc --sysroot=/home/ddt/Documents/android-sdk/android-ndk-r9/platforms/android-9/arch-arm -E  -g -mfpu=vfpv3-d16 -mcpu=cortex-a8 -mthumb -mfloat-abi=softfp -O2 -I/home/ddt/Documents/android-sdk/android-ndk-r9/sources/cxx-stl/gnu-libstdc++/4.8/include -I/home/ddt/Documents/android-sdk/android-ndk-r9/sources/cxx-stl/gnu-libstdc++/4.8/libs/armeabi-v7a/include -I/home/ddt/Documents/VLC0924/android/vlc/contrib/arm-linux-androideabi/include conftest.c
conftest.c:25:16: fatal error: io.h: No such file or directory
 #include <io.h>
                ^
compilation terminated.
configure:12305: $? = 1
configure: failed program was:
| /* confdefs.h */
| #define PACKAGE_NAME ""
| #define PACKAGE_TARNAME ""
| #define PACKAGE_VERSION ""
| #define PACKAGE_STRING ""
| #define PACKAGE_BUGREPORT ""
| #define PACKAGE_URL ""
| #define PACKAGE "a52dec"
| #define VERSION "0.7.4"
| #define STDC_HEADERS 1
| #define HAVE_SYS_TYPES_H 1
| #define HAVE_SYS_STAT_H 1
| #define HAVE_STDLIB_H 1
| #define HAVE_STRING_H 1
| #define HAVE_MEMORY_H 1
| #define HAVE_STRINGS_H 1
| #define HAVE_INTTYPES_H 1
| #define HAVE_STDINT_H 1
| #define HAVE_UNISTD_H 1
| #define HAVE_DLFCN_H 1
| #define LT_OBJDIR ".libs/"
| #define HAVE_SYS_TIME_H 1
| #define HAVE_SYS_TIMEB_H 1
| /* end confdefs.h.  */
| #include <io.h>
configure:12305: result: no
configure:12305: checking for io.h
configure:12305: result: no
configure:12316: checking for inttypes.h
configure:12316: result: yes
configure:12453: checking for an ANSI C-conforming const
configure:12519: arm-linux-androideabi-gcc --sysroot=/home/ddt/Documents/android-sdk/android-ndk-r9/platforms/android-9/arch-arm -c  -g -mfpu=vfpv3-d16 -mcpu=cortex-a8 -mthumb -mfloat-abi=softfp  -I/home/ddt/Documents/android-sdk/android-ndk-r9/sources/cxx-stl/gnu-libstdc++/4.8/include -I/home/ddt/Documents/android-sdk/android-ndk-r9/sources/cxx-stl/gnu-libstdc++/4.8/libs/armeabi-v7a/include -I/home/ddt/Documents/VLC0924/android/vlc/contrib/arm-linux-androideabi/include -g -O3 -fomit-frame-pointer  -g -mfpu=vfpv3-d16 -mcpu=cortex-a8 -mthumb -mfloat-abi=softfp -O2 -I/home/ddt/Documents/android-sdk/android-ndk-r9/sources/cxx-stl/gnu-libstdc++/4.8/include -I/home/ddt/Documents/android-sdk/android-ndk-r9/sources/cxx-stl/gnu-libstdc++/4.8/libs/armeabi-v7a/include -I/home/ddt/Documents/VLC0924/android/vlc/contrib/arm-linux-androideabi/include conftest.c >&5
configure:12519: $? = 0
configure:12526: result: yes
configure:12534: checking for inline
configure:12550: arm-linux-androideabi-gcc --sysroot=/home/ddt/Documents/android-sdk/android-ndk-r9/platforms/android-9/arch-arm -c  -g -mfpu=vfpv3-d16 -mcpu=cortex-a8 -mthumb -mfloat-abi=softfp  -I/home/ddt/Documents/android-sdk/android-ndk-r9/sources/cxx-stl/gnu-libstdc++/4.8/include -I/home/ddt/Documents/android-sdk/android-ndk-r9/sources/cxx-stl/gnu-libstdc++/4.8/libs/armeabi-v7a/include -I/home/ddt/Documents/VLC0924/android/vlc/contrib/arm-linux-androideabi/include -g -O3 -fomit-frame-pointer  -g -mfpu=vfpv3-d16 -mcpu=cortex-a8 -mthumb -mfloat-abi=softfp -O2 -I/home/ddt/Documents/android-sdk/android-ndk-r9/sources/cxx-stl/gnu-libstdc++/4.8/include -I/home/ddt/Documents/android-sdk/android-ndk-r9/sources/cxx-stl/gnu-libstdc++/4.8/libs/armeabi-v7a/include -I/home/ddt/Documents/VLC0924/android/vlc/contrib/arm-linux-androideabi/include conftest.c >&5
configure:12550: $? = 0
configure:12558: result: inline
configure:12577: checking for always_inline
configure:12592: arm-linux-androideabi-gcc --sysroot=/home/ddt/Documents/android-sdk/android-ndk-r9/platforms/android-9/arch-arm -c  -g -mfpu=vfpv3-d16 -mcpu=cortex-a8 -mthumb -mfloat-abi=softfp  -I/home/ddt/Documents/android-sdk/android-ndk-r9/sources/cxx-stl/gnu-libstdc++/4.8/include -I/home/ddt/Documents/android-sdk/android-ndk-r9/sources/cxx-stl/gnu-libstdc++/4.8/libs/armeabi-v7a/include -I/home/ddt/Documents/VLC0924/android/vlc/contrib/arm-linux-androideabi/include -g -O3 -fomit-frame-pointer -Wall -Werror  -g -mfpu=vfpv3-d16 -mcpu=cortex-a8 -mthumb -mfloat-abi=softfp -O2 -I/home/ddt/Documents/android-sdk/android-ndk-r9/sources/cxx-stl/gnu-libstdc++/4.8/include -I/home/ddt/Documents/android-sdk/android-ndk-r9/sources/cxx-stl/gnu-libstdc++/4.8/libs/armeabi-v7a/include -I/home/ddt/Documents/VLC0924/android/vlc/contrib/arm-linux-androideabi/include conftest.c >&5
configure:12592: $? = 0
configure:12599: result: yes
configure:12608: checking for restrict
configure:12623: arm-linux-androideabi-gcc --sysroot=/home/ddt/Documents/android-sdk/android-ndk-r9/platforms/android-9/arch-arm -c  -g -mfpu=vfpv3-d16 -mcpu=cortex-a8 -mthumb -mfloat-abi=softfp  -I/home/ddt/Documents/android-sdk/android-ndk-r9/sources/cxx-stl/gnu-libstdc++/4.8/include -I/home/ddt/Documents/android-sdk/android-ndk-r9/sources/cxx-stl/gnu-libstdc++/4.8/libs/armeabi-v7a/include -I/home/ddt/Documents/VLC0924/android/vlc/contrib/arm-linux-androideabi/include -g -O3 -fomit-frame-pointer  -g -mfpu=vfpv3-d16 -mcpu=cortex-a8 -mthumb -mfloat-abi=softfp -O2 -I/home/ddt/Documents/android-sdk/android-ndk-r9/sources/cxx-stl/gnu-libstdc++/4.8/include -I/home/ddt/Documents/android-sdk/android-ndk-r9/sources/cxx-stl/gnu-libstdc++/4.8/libs/armeabi-v7a/include -I/home/ddt/Documents/VLC0924/android/vlc/contrib/arm-linux-androideabi/include conftest.c >&5
conftest.c: In function 'main':
conftest.c:30:17: error: expected '=', ',', ';', 'asm' or '__attribute__' before 'p'
 char * restrict p;
                 ^
conftest.c:30:17: error: 'p' undeclared (first use in this function)
conftest.c:30:17: note: each undeclared identifier is reported only once for each function it appears in
configure:12623: $? = 1
configure: failed program was:
| /* confdefs.h */
| #define PACKAGE_NAME ""
| #define PACKAGE_TARNAME ""
| #define PACKAGE_VERSION ""
| #define PACKAGE_STRING ""
| #define PACKAGE_BUGREPORT ""
| #define PACKAGE_URL ""
| #define PACKAGE "a52dec"
| #define VERSION "0.7.4"
| #define STDC_HEADERS 1
| #define HAVE_SYS_TYPES_H 1
| #define HAVE_SYS_STAT_H 1
| #define HAVE_STDLIB_H 1
| #define HAVE_STRING_H 1
| #define HAVE_MEMORY_H 1
| #define HAVE_STRINGS_H 1
| #define HAVE_INTTYPES_H 1
| #define HAVE_STDINT_H 1
| #define HAVE_UNISTD_H 1
| #define HAVE_DLFCN_H 1
| #define LT_OBJDIR ".libs/"
| #define HAVE_SYS_TIME_H 1
| #define HAVE_SYS_TIMEB_H 1
| #define inline __attribute__ ((__always_inline__))
| /* end confdefs.h.  */
| 
| int
| main ()
| {
| char * restrict p;
|   ;
|   return 0;
| }
configure:12623: arm-linux-androideabi-gcc --sysroot=/home/ddt/Documents/android-sdk/android-ndk-r9/platforms/android-9/arch-arm -c  -g -mfpu=vfpv3-d16 -mcpu=cortex-a8 -mthumb -mfloat-abi=softfp  -I/home/ddt/Documents/android-sdk/android-ndk-r9/sources/cxx-stl/gnu-libstdc++/4.8/include -I/home/ddt/Documents/android-sdk/android-ndk-r9/sources/cxx-stl/gnu-libstdc++/4.8/libs/armeabi-v7a/include -I/home/ddt/Documents/VLC0924/android/vlc/contrib/arm-linux-androideabi/include -g -O3 -fomit-frame-pointer  -g -mfpu=vfpv3-d16 -mcpu=cortex-a8 -mthumb -mfloat-abi=softfp -O2 -I/home/ddt/Documents/android-sdk/android-ndk-r9/sources/cxx-stl/gnu-libstdc++/4.8/include -I/home/ddt/Documents/android-sdk/android-ndk-r9/sources/cxx-stl/gnu-libstdc++/4.8/libs/armeabi-v7a/include -I/home/ddt/Documents/VLC0924/android/vlc/contrib/arm-linux-androideabi/include conftest.c >&5
configure:12623: $? = 0
configure:12628: result: __restrict__
configure:12640: checking for size_t
configure:12640: arm-linux-androideabi-gcc --sysroot=/home/ddt/Documents/android-sdk/android-ndk-r9/platforms/android-9/arch-arm -c  -g -mfpu=vfpv3-d16 -mcpu=cortex-a8 -mthumb -mfloat-abi=softfp  -I/home/ddt/Documents/android-sdk/android-ndk-r9/sources/cxx-stl/gnu-libstdc++/4.8/include -I/home/ddt/Documents/android-sdk/android-ndk-r9/sources/cxx-stl/gnu-libstdc++/4.8/libs/armeabi-v7a/include -I/home/ddt/Documents/VLC0924/android/vlc/contrib/arm-linux-androideabi/include -g -O3 -fomit-frame-pointer  -g -mfpu=vfpv3-d16 -mcpu=cortex-a8 -mthumb -mfloat-abi=softfp -O2 -I/home/ddt/Documents/android-sdk/android-ndk-r9/sources/cxx-stl/gnu-libstdc++/4.8/include -I/home/ddt/Documents/android-sdk/android-ndk-r9/sources/cxx-stl/gnu-libstdc++/4.8/libs/armeabi-v7a/include -I/home/ddt/Documents/VLC0924/android/vlc/contrib/arm-linux-androideabi/include conftest.c >&5
configure:12640: $? = 0
configure:12640: arm-linux-androideabi-gcc --sysroot=/home/ddt/Documents/android-sdk/android-ndk-r9/platforms/android-9/arch-arm -c  -g -mfpu=vfpv3-d16 -mcpu=cortex-a8 -mthumb -mfloat-abi=softfp  -I/home/ddt/Documents/android-sdk/android-ndk-r9/sources/cxx-stl/gnu-libstdc++/4.8/include -I/home/ddt/Documents/android-sdk/android-ndk-r9/sources/cxx-stl/gnu-libstdc++/4.8/libs/armeabi-v7a/include -I/home/ddt/Documents/VLC0924/android/vlc/contrib/arm-linux-androideabi/include -g -O3 -fomit-frame-pointer  -g -mfpu=vfpv3-d16 -mcpu=cortex-a8 -mthumb -mfloat-abi=softfp -O2 -I/home/ddt/Documents/android-sdk/android-ndk-r9/sources/cxx-stl/gnu-libstdc++/4.8/include -I/home/ddt/Documents/android-sdk/android-ndk-r9/sources/cxx-stl/gnu-libstdc++/4.8/libs/armeabi-v7a/include -I/home/ddt/Documents/VLC0924/android/vlc/contrib/arm-linux-androideabi/include conftest.c >&5
conftest.c: In function 'main':
conftest.c:63:21: error: expected expression before ')' token
 if (sizeof ((size_t)))
                     ^
configure:12640: $? = 1
configure: failed program was:
| /* confdefs.h */
| #define PACKAGE_NAME ""
| #define PACKAGE_TARNAME ""
| #define PACKAGE_VERSION ""
| #define PACKAGE_STRING ""
| #define PACKAGE_BUGREPORT ""
| #define PACKAGE_URL ""
| #define PACKAGE "a52dec"
| #define VERSION "0.7.4"
| #define STDC_HEADERS 1
| #define HAVE_SYS_TYPES_H 1
| #define HAVE_SYS_STAT_H 1
| #define HAVE_STDLIB_H 1
| #define HAVE_STRING_H 1
| #define HAVE_MEMORY_H 1
| #define HAVE_STRINGS_H 1
| #define HAVE_INTTYPES_H 1
| #define HAVE_STDINT_H 1
| #define HAVE_UNISTD_H 1
| #define HAVE_DLFCN_H 1
| #define LT_OBJDIR ".libs/"
| #define HAVE_SYS_TIME_H 1
| #define HAVE_SYS_TIMEB_H 1
| #define inline __attribute__ ((__always_inline__))
| #define restrict __restrict__
| /* end confdefs.h.  */
| #include <stdio.h>
| #ifdef HAVE_SYS_TYPES_H
| # include <sys/types.h>
| #endif
| #ifdef HAVE_SYS_STAT_H
| # include <sys/stat.h>
| #endif
| #ifdef STDC_HEADERS
| # include <stdlib.h>
| # include <stddef.h>
| #else
| # ifdef HAVE_STDLIB_H
| #  include <stdlib.h>
| # endif
| #endif
| #ifdef HAVE_STRING_H
| # if !defined STDC_HEADERS && defined HAVE_MEMORY_H
| #  include <memory.h>
| # endif
| # include <string.h>
| #endif
| #ifdef HAVE_STRINGS_H
| # include <strings.h>
| #endif
| #ifdef HAVE_INTTYPES_H
| # include <inttypes.h>
| #endif
| #ifdef HAVE_STDINT_H
| # include <stdint.h>
| #endif
| #ifdef HAVE_UNISTD_H
| # include <unistd.h>
| #endif
| int
| main ()
| {
| if (sizeof ((size_t)))
| 	    return 0;
|   ;
|   return 0;
| }
configure:12640: result: yes
configure:12651: checking whether byte ordering is bigendian
configure:12666: arm-linux-androideabi-gcc --sysroot=/home/ddt/Documents/android-sdk/android-ndk-r9/platforms/android-9/arch-arm -c  -g -mfpu=vfpv3-d16 -mcpu=cortex-a8 -mthumb -mfloat-abi=softfp  -I/home/ddt/Documents/android-sdk/android-ndk-r9/sources/cxx-stl/gnu-libstdc++/4.8/include -I/home/ddt/Documents/android-sdk/android-ndk-r9/sources/cxx-stl/gnu-libstdc++/4.8/libs/armeabi-v7a/include -I/home/ddt/Documents/VLC0924/android/vlc/contrib/arm-linux-androideabi/include -g -O3 -fomit-frame-pointer  -g -mfpu=vfpv3-d16 -mcpu=cortex-a8 -mthumb -mfloat-abi=softfp -O2 -I/home/ddt/Documents/android-sdk/android-ndk-r9/sources/cxx-stl/gnu-libstdc++/4.8/include -I/home/ddt/Documents/android-sdk/android-ndk-r9/sources/cxx-stl/gnu-libstdc++/4.8/libs/armeabi-v7a/include -I/home/ddt/Documents/VLC0924/android/vlc/contrib/arm-linux-androideabi/include conftest.c >&5
conftest.c:28:9: error: unknown type name 'not'
         not a universal capable compiler
         ^
conftest.c:28:15: error: expected '=', ',', ';', 'asm' or '__attribute__' before 'universal'
         not a universal capable compiler
               ^
conftest.c:28:15: error: unknown type name 'universal'
configure:12666: $? = 1
configure: failed program was:
| /* confdefs.h */
| #define PACKAGE_NAME ""
| #define PACKAGE_TARNAME ""
| #define PACKAGE_VERSION ""
| #define PACKAGE_STRING ""
| #define PACKAGE_BUGREPORT ""
| #define PACKAGE_URL ""
| #define PACKAGE "a52dec"
| #define VERSION "0.7.4"
| #define STDC_HEADERS 1
| #define HAVE_SYS_TYPES_H 1
| #define HAVE_SYS_STAT_H 1
| #define HAVE_STDLIB_H 1
| #define HAVE_STRING_H 1
| #define HAVE_MEMORY_H 1
| #define HAVE_STRINGS_H 1
| #define HAVE_INTTYPES_H 1
| #define HAVE_STDINT_H 1
| #define HAVE_UNISTD_H 1
| #define HAVE_DLFCN_H 1
| #define LT_OBJDIR ".libs/"
| #define HAVE_SYS_TIME_H 1
| #define HAVE_SYS_TIMEB_H 1
| #define inline __attribute__ ((__always_inline__))
| #define restrict __restrict__
| /* end confdefs.h.  */
| #ifndef __APPLE_CC__
| 	       not a universal capable compiler
| 	     #endif
| 	     typedef int dummy;
| 
configure:12711: arm-linux-androideabi-gcc --sysroot=/home/ddt/Documents/android-sdk/android-ndk-r9/platforms/android-9/arch-arm -c  -g -mfpu=vfpv3-d16 -mcpu=cortex-a8 -mthumb -mfloat-abi=softfp  -I/home/ddt/Documents/android-sdk/android-ndk-r9/sources/cxx-stl/gnu-libstdc++/4.8/include -I/home/ddt/Documents/android-sdk/android-ndk-r9/sources/cxx-stl/gnu-libstdc++/4.8/libs/armeabi-v7a/include -I/home/ddt/Documents/VLC0924/android/vlc/contrib/arm-linux-androideabi/include -g -O3 -fomit-frame-pointer  -g -mfpu=vfpv3-d16 -mcpu=cortex-a8 -mthumb -mfloat-abi=softfp -O2 -I/home/ddt/Documents/android-sdk/android-ndk-r9/sources/cxx-stl/gnu-libstdc++/4.8/include -I/home/ddt/Documents/android-sdk/android-ndk-r9/sources/cxx-stl/gnu-libstdc++/4.8/libs/armeabi-v7a/include -I/home/ddt/Documents/VLC0924/android/vlc/contrib/arm-linux-androideabi/include conftest.c >&5
conftest.c: In function 'main':
conftest.c:34:8: error: unknown type name 'bogus'
        bogus endian macros
        ^
conftest.c:34:21: error: expected '=', ',', ';', 'asm' or '__attribute__' before 'macros'
        bogus endian macros
                     ^
configure:12711: $? = 1
configure: failed program was:
| /* confdefs.h */
| #define PACKAGE_NAME ""
| #define PACKAGE_TARNAME ""
| #define PACKAGE_VERSION ""
| #define PACKAGE_STRING ""
| #define PACKAGE_BUGREPORT ""
| #define PACKAGE_URL ""
| #define PACKAGE "a52dec"
| #define VERSION "0.7.4"
| #define STDC_HEADERS 1
| #define HAVE_SYS_TYPES_H 1
| #define HAVE_SYS_STAT_H 1
| #define HAVE_STDLIB_H 1
| #define HAVE_STRING_H 1
| #define HAVE_MEMORY_H 1
| #define HAVE_STRINGS_H 1
| #define HAVE_INTTYPES_H 1
| #define HAVE_STDINT_H 1
| #define HAVE_UNISTD_H 1
| #define HAVE_DLFCN_H 1
| #define LT_OBJDIR ".libs/"
| #define HAVE_SYS_TIME_H 1
| #define HAVE_SYS_TIMEB_H 1
| #define inline __attribute__ ((__always_inline__))
| #define restrict __restrict__
| /* end confdefs.h.  */
| #include <sys/types.h>
| 	     #include <sys/param.h>
| 
| int
| main ()
| {
| #if ! (defined BYTE_ORDER && defined BIG_ENDIAN 		     && defined LITTLE_ENDIAN && BYTE_ORDER && BIG_ENDIAN 		     && LITTLE_ENDIAN)
| 	      bogus endian macros
| 	     #endif
| 
|   ;
|   return 0;
| }
configure:12755: arm-linux-androideabi-gcc --sysroot=/home/ddt/Documents/android-sdk/android-ndk-r9/platforms/android-9/arch-arm -c  -g -mfpu=vfpv3-d16 -mcpu=cortex-a8 -mthumb -mfloat-abi=softfp  -I/home/ddt/Documents/android-sdk/android-ndk-r9/sources/cxx-stl/gnu-libstdc++/4.8/include -I/home/ddt/Documents/android-sdk/android-ndk-r9/sources/cxx-stl/gnu-libstdc++/4.8/libs/armeabi-v7a/include -I/home/ddt/Documents/VLC0924/android/vlc/contrib/arm-linux-androideabi/include -g -O3 -fomit-frame-pointer  -g -mfpu=vfpv3-d16 -mcpu=cortex-a8 -mthumb -mfloat-abi=softfp -O2 -I/home/ddt/Documents/android-sdk/android-ndk-r9/sources/cxx-stl/gnu-libstdc++/4.8/include -I/home/ddt/Documents/android-sdk/android-ndk-r9/sources/cxx-stl/gnu-libstdc++/4.8/libs/armeabi-v7a/include -I/home/ddt/Documents/VLC0924/android/vlc/contrib/arm-linux-androideabi/include conftest.c >&5
conftest.c: In function 'main':
conftest.c:33:8: error: unknown type name 'bogus'
        bogus endian macros
        ^
conftest.c:33:21: error: expected '=', ',', ';', 'asm' or '__attribute__' before 'macros'
        bogus endian macros
                     ^
configure:12755: $? = 1
configure: failed program was:
| /* confdefs.h */
| #define PACKAGE_NAME ""
| #define PACKAGE_TARNAME ""
| #define PACKAGE_VERSION ""
| #define PACKAGE_STRING ""
| #define PACKAGE_BUGREPORT ""
| #define PACKAGE_URL ""
| #define PACKAGE "a52dec"
| #define VERSION "0.7.4"
| #define STDC_HEADERS 1
| #define HAVE_SYS_TYPES_H 1
| #define HAVE_SYS_STAT_H 1
| #define HAVE_STDLIB_H 1
| #define HAVE_STRING_H 1
| #define HAVE_MEMORY_H 1
| #define HAVE_STRINGS_H 1
| #define HAVE_INTTYPES_H 1
| #define HAVE_STDINT_H 1
| #define HAVE_UNISTD_H 1
| #define HAVE_DLFCN_H 1
| #define LT_OBJDIR ".libs/"
| #define HAVE_SYS_TIME_H 1
| #define HAVE_SYS_TIMEB_H 1
| #define inline __attribute__ ((__always_inline__))
| #define restrict __restrict__
| /* end confdefs.h.  */
| #include <limits.h>
| 
| int
| main ()
| {
| #if ! (defined _LITTLE_ENDIAN || defined _BIG_ENDIAN)
| 	      bogus endian macros
| 	     #endif
| 
|   ;
|   return 0;
| }
configure:12811: arm-linux-androideabi-gcc --sysroot=/home/ddt/Documents/android-sdk/android-ndk-r9/platforms/android-9/arch-arm -c  -g -mfpu=vfpv3-d16 -mcpu=cortex-a8 -mthumb -mfloat-abi=softfp  -I/home/ddt/Documents/android-sdk/android-ndk-r9/sources/cxx-stl/gnu-libstdc++/4.8/include -I/home/ddt/Documents/android-sdk/android-ndk-r9/sources/cxx-stl/gnu-libstdc++/4.8/libs/armeabi-v7a/include -I/home/ddt/Documents/VLC0924/android/vlc/contrib/arm-linux-androideabi/include -g -O3 -fomit-frame-pointer  -g -mfpu=vfpv3-d16 -mcpu=cortex-a8 -mthumb -mfloat-abi=softfp -O2 -I/home/ddt/Documents/android-sdk/android-ndk-r9/sources/cxx-stl/gnu-libstdc++/4.8/include -I/home/ddt/Documents/android-sdk/android-ndk-r9/sources/cxx-stl/gnu-libstdc++/4.8/libs/armeabi-v7a/include -I/home/ddt/Documents/VLC0924/android/vlc/contrib/arm-linux-androideabi/include conftest.c >&5
configure:12811: $? = 0
configure:12857: result: no
configure:12879: checking for memalign
configure:12879: arm-linux-androideabi-gcc --sysroot=/home/ddt/Documents/android-sdk/android-ndk-r9/platforms/android-9/arch-arm -o conftest  -g -mfpu=vfpv3-d16 -mcpu=cortex-a8 -mthumb -mfloat-abi=softfp  -I/home/ddt/Documents/android-sdk/android-ndk-r9/sources/cxx-stl/gnu-libstdc++/4.8/include -I/home/ddt/Documents/android-sdk/android-ndk-r9/sources/cxx-stl/gnu-libstdc++/4.8/libs/armeabi-v7a/include -I/home/ddt/Documents/VLC0924/android/vlc/contrib/arm-linux-androideabi/include -g -O3 -fomit-frame-pointer  -g -mfpu=vfpv3-d16 -mcpu=cortex-a8 -mthumb -mfloat-abi=softfp -O2 -I/home/ddt/Documents/android-sdk/android-ndk-r9/sources/cxx-stl/gnu-libstdc++/4.8/include -I/home/ddt/Documents/android-sdk/android-ndk-r9/sources/cxx-stl/gnu-libstdc++/4.8/libs/armeabi-v7a/include -I/home/ddt/Documents/VLC0924/android/vlc/contrib/arm-linux-androideabi/include  -L/home/ddt/Documents/VLC0924/android/vlc/contrib/arm-linux-androideabi/lib conftest.c  >&5
configure:12879: $? = 0
configure:12879: result: yes
configure:12879: checking for gettimeofday
configure:12879: arm-linux-androideabi-gcc --sysroot=/home/ddt/Documents/android-sdk/android-ndk-r9/platforms/android-9/arch-arm -o conftest  -g -mfpu=vfpv3-d16 -mcpu=cortex-a8 -mthumb -mfloat-abi=softfp  -I/home/ddt/Documents/android-sdk/android-ndk-r9/sources/cxx-stl/gnu-libstdc++/4.8/include -I/home/ddt/Documents/android-sdk/android-ndk-r9/sources/cxx-stl/gnu-libstdc++/4.8/libs/armeabi-v7a/include -I/home/ddt/Documents/VLC0924/android/vlc/contrib/arm-linux-androideabi/include -g -O3 -fomit-frame-pointer  -g -mfpu=vfpv3-d16 -mcpu=cortex-a8 -mthumb -mfloat-abi=softfp -O2 -I/home/ddt/Documents/android-sdk/android-ndk-r9/sources/cxx-stl/gnu-libstdc++/4.8/include -I/home/ddt/Documents/android-sdk/android-ndk-r9/sources/cxx-stl/gnu-libstdc++/4.8/libs/armeabi-v7a/include -I/home/ddt/Documents/VLC0924/android/vlc/contrib/arm-linux-androideabi/include  -L/home/ddt/Documents/VLC0924/android/vlc/contrib/arm-linux-androideabi/lib conftest.c  >&5
configure:12879: $? = 0
configure:12879: result: yes
configure:12879: checking for ftime
configure:12879: arm-linux-androideabi-gcc --sysroot=/home/ddt/Documents/android-sdk/android-ndk-r9/platforms/android-9/arch-arm -o conftest  -g -mfpu=vfpv3-d16 -mcpu=cortex-a8 -mthumb -mfloat-abi=softfp  -I/home/ddt/Documents/android-sdk/android-ndk-r9/sources/cxx-stl/gnu-libstdc++/4.8/include -I/home/ddt/Documents/android-sdk/android-ndk-r9/sources/cxx-stl/gnu-libstdc++/4.8/libs/armeabi-v7a/include -I/home/ddt/Documents/VLC0924/android/vlc/contrib/arm-linux-androideabi/include -g -O3 -fomit-frame-pointer  -g -mfpu=vfpv3-d16 -mcpu=cortex-a8 -mthumb -mfloat-abi=softfp -O2 -I/home/ddt/Documents/android-sdk/android-ndk-r9/sources/cxx-stl/gnu-libstdc++/4.8/include -I/home/ddt/Documents/android-sdk/android-ndk-r9/sources/cxx-stl/gnu-libstdc++/4.8/libs/armeabi-v7a/include -I/home/ddt/Documents/VLC0924/android/vlc/contrib/arm-linux-androideabi/include  -L/home/ddt/Documents/VLC0924/android/vlc/contrib/arm-linux-androideabi/lib conftest.c  >&5
configure:12879: $? = 0
configure:12879: result: yes
configure:12888: checking return type of signal handlers
configure:12906: arm-linux-androideabi-gcc --sysroot=/home/ddt/Documents/android-sdk/android-ndk-r9/platforms/android-9/arch-arm -c  -g -mfpu=vfpv3-d16 -mcpu=cortex-a8 -mthumb -mfloat-abi=softfp  -I/home/ddt/Documents/android-sdk/android-ndk-r9/sources/cxx-stl/gnu-libstdc++/4.8/include -I/home/ddt/Documents/android-sdk/android-ndk-r9/sources/cxx-stl/gnu-libstdc++/4.8/libs/armeabi-v7a/include -I/home/ddt/Documents/VLC0924/android/vlc/contrib/arm-linux-androideabi/include -g -O3 -fomit-frame-pointer  -g -mfpu=vfpv3-d16 -mcpu=cortex-a8 -mthumb -mfloat-abi=softfp -O2 -I/home/ddt/Documents/android-sdk/android-ndk-r9/sources/cxx-stl/gnu-libstdc++/4.8/include -I/home/ddt/Documents/android-sdk/android-ndk-r9/sources/cxx-stl/gnu-libstdc++/4.8/libs/armeabi-v7a/include -I/home/ddt/Documents/VLC0924/android/vlc/contrib/arm-linux-androideabi/include conftest.c >&5
conftest.c: In function 'main':
conftest.c:36:1: error: void value not ignored as it ought to be
 return *(signal (0, 0)) (0) == 1;
 ^
configure:12906: $? = 1
configure: failed program was:
| /* confdefs.h */
| #define PACKAGE_NAME ""
| #define PACKAGE_TARNAME ""
| #define PACKAGE_VERSION ""
| #define PACKAGE_STRING ""
| #define PACKAGE_BUGREPORT ""
| #define PACKAGE_URL ""
| #define PACKAGE "a52dec"
| #define VERSION "0.7.4"
| #define STDC_HEADERS 1
| #define HAVE_SYS_TYPES_H 1
| #define HAVE_SYS_STAT_H 1
| #define HAVE_STDLIB_H 1
| #define HAVE_STRING_H 1
| #define HAVE_MEMORY_H 1
| #define HAVE_STRINGS_H 1
| #define HAVE_INTTYPES_H 1
| #define HAVE_STDINT_H 1
| #define HAVE_UNISTD_H 1
| #define HAVE_DLFCN_H 1
| #define LT_OBJDIR ".libs/"
| #define HAVE_SYS_TIME_H 1
| #define HAVE_SYS_TIMEB_H 1
| #define inline __attribute__ ((__always_inline__))
| #define restrict __restrict__
| #define HAVE_MEMALIGN 1
| #define HAVE_GETTIMEOFDAY 1
| #define HAVE_FTIME 1
| /* end confdefs.h.  */
| #include <sys/types.h>
| #include <signal.h>
| 
| int
| main ()
| {
| return *(signal (0, 0)) (0) == 1;
|   ;
|   return 0;
| }
configure:12913: result: void
configure:12961: checking for _oss_ioctl in -lossaudio
configure:12986: arm-linux-androideabi-gcc --sysroot=/home/ddt/Documents/android-sdk/android-ndk-r9/platforms/android-9/arch-arm -o conftest  -g -mfpu=vfpv3-d16 -mcpu=cortex-a8 -mthumb -mfloat-abi=softfp  -I/home/ddt/Documents/android-sdk/android-ndk-r9/sources/cxx-stl/gnu-libstdc++/4.8/include -I/home/ddt/Documents/android-sdk/android-ndk-r9/sources/cxx-stl/gnu-libstdc++/4.8/libs/armeabi-v7a/include -I/home/ddt/Documents/VLC0924/android/vlc/contrib/arm-linux-androideabi/include -g -O3 -fomit-frame-pointer  -g -mfpu=vfpv3-d16 -mcpu=cortex-a8 -mthumb -mfloat-abi=softfp -O2 -I/home/ddt/Documents/android-sdk/android-ndk-r9/sources/cxx-stl/gnu-libstdc++/4.8/include -I/home/ddt/Documents/android-sdk/android-ndk-r9/sources/cxx-stl/gnu-libstdc++/4.8/libs/armeabi-v7a/include -I/home/ddt/Documents/VLC0924/android/vlc/contrib/arm-linux-androideabi/include  -L/home/ddt/Documents/VLC0924/android/vlc/contrib/arm-linux-androideabi/lib conftest.c -lossaudio   >&5
/home/ddt/Documents/android-sdk/android-ndk-r9/toolchains/arm-linux-androideabi-4.8/prebuilt/linux-x86_64/bin/../lib/gcc/arm-linux-androideabi/4.8/../../../../arm-linux-androideabi/bin/ld: error: cannot find -lossaudio
conftest.c:43: error: undefined reference to '_oss_ioctl'
collect2: error: ld returned 1 exit status
configure:12986: $? = 1
configure: failed program was:
| /* confdefs.h */
| #define PACKAGE_NAME ""
| #define PACKAGE_TARNAME ""
| #define PACKAGE_VERSION ""
| #define PACKAGE_STRING ""
| #define PACKAGE_BUGREPORT ""
| #define PACKAGE_URL ""
| #define PACKAGE "a52dec"
| #define VERSION "0.7.4"
| #define STDC_HEADERS 1
| #define HAVE_SYS_TYPES_H 1
| #define HAVE_SYS_STAT_H 1
| #define HAVE_STDLIB_H 1
| #define HAVE_STRING_H 1
| #define HAVE_MEMORY_H 1
| #define HAVE_STRINGS_H 1
| #define HAVE_INTTYPES_H 1
| #define HAVE_STDINT_H 1
| #define HAVE_UNISTD_H 1
| #define HAVE_DLFCN_H 1
| #define LT_OBJDIR ".libs/"
| #define HAVE_SYS_TIME_H 1
| #define HAVE_SYS_TIMEB_H 1
| #define inline __attribute__ ((__always_inline__))
| #define restrict __restrict__
| #define HAVE_MEMALIGN 1
| #define HAVE_GETTIMEOFDAY 1
| #define HAVE_FTIME 1
| #define RETSIGTYPE void
| #define LIBAO_OSS /**/
| /* end confdefs.h.  */
| 
| /* Override any GCC internal prototype to avoid an error.
|    Use char because int might match the return type of a GCC
|    builtin and then its argument prototype would still apply.  */
| #ifdef __cplusplus
| extern "C"
| #endif
| char _oss_ioctl ();
| int
| main ()
| {
| return _oss_ioctl ();
|   ;
|   return 0;
| }
configure:12995: result: no
configure:13104: checking __attribute__ ((aligned ())) support
configure:13122: arm-linux-androideabi-gcc --sysroot=/home/ddt/Documents/android-sdk/android-ndk-r9/platforms/android-9/arch-arm -c  -g -mfpu=vfpv3-d16 -mcpu=cortex-a8 -mthumb -mfloat-abi=softfp  -I/home/ddt/Documents/android-sdk/android-ndk-r9/sources/cxx-stl/gnu-libstdc++/4.8/include -I/home/ddt/Documents/android-sdk/android-ndk-r9/sources/cxx-stl/gnu-libstdc++/4.8/libs/armeabi-v7a/include -I/home/ddt/Documents/VLC0924/android/vlc/contrib/arm-linux-androideabi/include -g -O3 -fomit-frame-pointer  -g -mfpu=vfpv3-d16 -mcpu=cortex-a8 -mthumb -mfloat-abi=softfp -O2 -I/home/ddt/Documents/android-sdk/android-ndk-r9/sources/cxx-stl/gnu-libstdc++/4.8/include -I/home/ddt/Documents/android-sdk/android-ndk-r9/sources/cxx-stl/gnu-libstdc++/4.8/libs/armeabi-v7a/include -I/home/ddt/Documents/VLC0924/android/vlc/contrib/arm-linux-androideabi/include conftest.c >&5
configure:13122: $? = 0
configure:13122: arm-linux-androideabi-gcc --sysroot=/home/ddt/Documents/android-sdk/android-ndk-r9/platforms/android-9/arch-arm -c  -g -mfpu=vfpv3-d16 -mcpu=cortex-a8 -mthumb -mfloat-abi=softfp  -I/home/ddt/Documents/android-sdk/android-ndk-r9/sources/cxx-stl/gnu-libstdc++/4.8/include -I/home/ddt/Documents/android-sdk/android-ndk-r9/sources/cxx-stl/gnu-libstdc++/4.8/libs/armeabi-v7a/include -I/home/ddt/Documents/VLC0924/android/vlc/contrib/arm-linux-androideabi/include -g -O3 -fomit-frame-pointer  -g -mfpu=vfpv3-d16 -mcpu=cortex-a8 -mthumb -mfloat-abi=softfp -O2 -I/home/ddt/Documents/android-sdk/android-ndk-r9/sources/cxx-stl/gnu-libstdc++/4.8/include -I/home/ddt/Documents/android-sdk/android-ndk-r9/sources/cxx-stl/gnu-libstdc++/4.8/libs/armeabi-v7a/include -I/home/ddt/Documents/VLC0924/android/vlc/contrib/arm-linux-androideabi/include conftest.c >&5
configure:13122: $? = 0
configure:13122: arm-linux-androideabi-gcc --sysroot=/home/ddt/Documents/android-sdk/android-ndk-r9/platforms/android-9/arch-arm -c  -g -mfpu=vfpv3-d16 -mcpu=cortex-a8 -mthumb -mfloat-abi=softfp  -I/home/ddt/Documents/android-sdk/android-ndk-r9/sources/cxx-stl/gnu-libstdc++/4.8/include -I/home/ddt/Documents/android-sdk/android-ndk-r9/sources/cxx-stl/gnu-libstdc++/4.8/libs/armeabi-v7a/include -I/home/ddt/Documents/VLC0924/android/vlc/contrib/arm-linux-androideabi/include -g -O3 -fomit-frame-pointer  -g -mfpu=vfpv3-d16 -mcpu=cortex-a8 -mthumb -mfloat-abi=softfp -O2 -I/home/ddt/Documents/android-sdk/android-ndk-r9/sources/cxx-stl/gnu-libstdc++/4.8/include -I/home/ddt/Documents/android-sdk/android-ndk-r9/sources/cxx-stl/gnu-libstdc++/4.8/libs/armeabi-v7a/include -I/home/ddt/Documents/VLC0924/android/vlc/contrib/arm-linux-androideabi/include conftest.c >&5
configure:13122: $? = 0
configure:13122: arm-linux-androideabi-gcc --sysroot=/home/ddt/Documents/android-sdk/android-ndk-r9/platforms/android-9/arch-arm -c  -g -mfpu=vfpv3-d16 -mcpu=cortex-a8 -mthumb -mfloat-abi=softfp  -I/home/ddt/Documents/android-sdk/android-ndk-r9/sources/cxx-stl/gnu-libstdc++/4.8/include -I/home/ddt/Documents/android-sdk/android-ndk-r9/sources/cxx-stl/gnu-libstdc++/4.8/libs/armeabi-v7a/include -I/home/ddt/Documents/VLC0924/android/vlc/contrib/arm-linux-androideabi/include -g -O3 -fomit-frame-pointer  -g -mfpu=vfpv3-d16 -mcpu=cortex-a8 -mthumb -mfloat-abi=softfp -O2 -I/home/ddt/Documents/android-sdk/android-ndk-r9/sources/cxx-stl/gnu-libstdc++/4.8/include -I/home/ddt/Documents/android-sdk/android-ndk-r9/sources/cxx-stl/gnu-libstdc++/4.8/libs/armeabi-v7a/include -I/home/ddt/Documents/VLC0924/android/vlc/contrib/arm-linux-androideabi/include conftest.c >&5
configure:13122: $? = 0
configure:13122: arm-linux-androideabi-gcc --sysroot=/home/ddt/Documents/android-sdk/android-ndk-r9/platforms/android-9/arch-arm -c  -g -mfpu=vfpv3-d16 -mcpu=cortex-a8 -mthumb -mfloat-abi=softfp  -I/home/ddt/Documents/android-sdk/android-ndk-r9/sources/cxx-stl/gnu-libstdc++/4.8/include -I/home/ddt/Documents/android-sdk/android-ndk-r9/sources/cxx-stl/gnu-libstdc++/4.8/libs/armeabi-v7a/include -I/home/ddt/Documents/VLC0924/android/vlc/contrib/arm-linux-androideabi/include -g -O3 -fomit-frame-pointer  -g -mfpu=vfpv3-d16 -mcpu=cortex-a8 -mthumb -mfloat-abi=softfp -O2 -I/home/ddt/Documents/android-sdk/android-ndk-r9/sources/cxx-stl/gnu-libstdc++/4.8/include -I/home/ddt/Documents/android-sdk/android-ndk-r9/sources/cxx-stl/gnu-libstdc++/4.8/libs/armeabi-v7a/include -I/home/ddt/Documents/VLC0924/android/vlc/contrib/arm-linux-androideabi/include conftest.c >&5
configure:13122: $? = 0
configure:13122: arm-linux-androideabi-gcc --sysroot=/home/ddt/Documents/android-sdk/android-ndk-r9/platforms/android-9/arch-arm -c  -g -mfpu=vfpv3-d16 -mcpu=cortex-a8 -mthumb -mfloat-abi=softfp  -I/home/ddt/Documents/android-sdk/android-ndk-r9/sources/cxx-stl/gnu-libstdc++/4.8/include -I/home/ddt/Documents/android-sdk/android-ndk-r9/sources/cxx-stl/gnu-libstdc++/4.8/libs/armeabi-v7a/include -I/home/ddt/Documents/VLC0924/android/vlc/contrib/arm-linux-androideabi/include -g -O3 -fomit-frame-pointer  -g -mfpu=vfpv3-d16 -mcpu=cortex-a8 -mthumb -mfloat-abi=softfp -O2 -I/home/ddt/Documents/android-sdk/android-ndk-r9/sources/cxx-stl/gnu-libstdc++/4.8/include -I/home/ddt/Documents/android-sdk/android-ndk-r9/sources/cxx-stl/gnu-libstdc++/4.8/libs/armeabi-v7a/include -I/home/ddt/Documents/VLC0924/android/vlc/contrib/arm-linux-androideabi/include conftest.c >&5
configure:13122: $? = 0
configure:13128: result: 64
configure:13246: checking that generated files are newer than configure
configure:13252: result: done
configure:13280: creating ./config.status

## ---------------------- ##
## Running config.status. ##
## ---------------------- ##

This file was extended by config.status, which was
generated by GNU Autoconf 2.69.  Invocation command line was

  CONFIG_FILES    = 
  CONFIG_HEADERS  = 
  CONFIG_LINKS    = 
  CONFIG_COMMANDS = 
  $ ./config.status 

on ubuntu

config.status:1114: creating Makefile
config.status:1114: creating autotools/Makefile
config.status:1114: creating include/Makefile
config.status:1114: creating test/Makefile
config.status:1114: creating doc/Makefile
config.status:1114: creating src/Makefile
config.status:1114: creating liba52/Makefile
config.status:1114: creating libao/Makefile
config.status:1114: creating vc++/Makefile
config.status:1114: creating include/config.h
config.status:1343: executing depfiles commands
config.status:1343: executing libtool commands

## ---------------- ##
## Cache variables. ##
## ---------------- ##

ac_cv_always_inline=yes
ac_cv_build=x86_64-pc-linux-gnu
ac_cv_c_attr_align_try=64
ac_cv_c_attribute_aligned=64
ac_cv_c_bigendian=no
ac_cv_c_compiler_gnu=yes
ac_cv_c_const=yes
ac_cv_c_inline=inline
ac_cv_c_restrict=__restrict__
ac_cv_env_CC_set=set
ac_cv_env_CC_value='arm-linux-androideabi-gcc --sysroot=/home/ddt/Documents/android-sdk/android-ndk-r9/platforms/android-9/arch-arm'
ac_cv_env_CFLAGS_set=set
ac_cv_env_CFLAGS_value=' -g -mfpu=vfpv3-d16 -mcpu=cortex-a8 -mthumb -mfloat-abi=softfp -O2 -I/home/ddt/Documents/android-sdk/android-ndk-r9/sources/cxx-stl/gnu-libstdc++/4.8/include -I/home/ddt/Documents/android-sdk/android-ndk-r9/sources/cxx-stl/gnu-libstdc++/4.8/libs/armeabi-v7a/include -I/home/ddt/Documents/VLC0924/android/vlc/contrib/arm-linux-androideabi/include -g'
ac_cv_env_CPPFLAGS_set=set
ac_cv_env_CPPFLAGS_value=' -g -mfpu=vfpv3-d16 -mcpu=cortex-a8 -mthumb -mfloat-abi=softfp -O2 -I/home/ddt/Documents/android-sdk/android-ndk-r9/sources/cxx-stl/gnu-libstdc++/4.8/include -I/home/ddt/Documents/android-sdk/android-ndk-r9/sources/cxx-stl/gnu-libstdc++/4.8/libs/armeabi-v7a/include -I/home/ddt/Documents/VLC0924/android/vlc/contrib/arm-linux-androideabi/include'
ac_cv_env_CPP_set=
ac_cv_env_CPP_value=
ac_cv_env_LDFLAGS_set=set
ac_cv_env_LDFLAGS_value=' -L/home/ddt/Documents/VLC0924/android/vlc/contrib/arm-linux-androideabi/lib'
ac_cv_env_LIBS_set=
ac_cv_env_LIBS_value=
ac_cv_env_build_alias_set=set
ac_cv_env_build_alias_value=x86_64-linux-gnu
ac_cv_env_host_alias_set=set
ac_cv_env_host_alias_value=arm-linux-androideabi
ac_cv_env_target_alias_set=set
ac_cv_env_target_alias_value=arm-linux-androideabi
ac_cv_func_ftime=yes
ac_cv_func_gettimeofday=yes
ac_cv_func_memalign=yes
ac_cv_header_dlfcn_h=yes
ac_cv_header_inttypes_h=yes
ac_cv_header_io_h=no
ac_cv_header_memory_h=yes
ac_cv_header_stdc=yes
ac_cv_header_stdint_h=yes
ac_cv_header_stdlib_h=yes
ac_cv_header_string_h=yes
ac_cv_header_strings_h=yes
ac_cv_header_sys_stat_h=yes
ac_cv_header_sys_time_h=yes
ac_cv_header_sys_timeb_h=yes
ac_cv_header_sys_types_h=yes
ac_cv_header_unistd_h=yes
ac_cv_host=arm-unknown-linux-androideabi
ac_cv_lib_ossaudio__oss_ioctl=no
ac_cv_objext=o
ac_cv_path_EGREP='/bin/grep -E'
ac_cv_path_FGREP='/bin/grep -F'
ac_cv_path_GREP=/bin/grep
ac_cv_path_SED=/bin/sed
ac_cv_path_install='/usr/bin/install -c'
ac_cv_path_mkdir=/bin/mkdir
ac_cv_prog_AR=arm-linux-androideabi-ar
ac_cv_prog_AWK=mawk
ac_cv_prog_CC='arm-linux-androideabi-gcc --sysroot=/home/ddt/Documents/android-sdk/android-ndk-r9/platforms/android-9/arch-arm'
ac_cv_prog_CPP='arm-linux-androideabi-gcc --sysroot=/home/ddt/Documents/android-sdk/android-ndk-r9/platforms/android-9/arch-arm -E'
ac_cv_prog_DLLTOOL=dlltool
ac_cv_prog_OBJDUMP=objdump
ac_cv_prog_RANLIB=arm-linux-androideabi-ranlib
ac_cv_prog_STRIP=arm-linux-androideabi-strip
ac_cv_prog_ac_ct_MANIFEST_TOOL=mt
ac_cv_prog_cc_c89=
ac_cv_prog_cc_g=yes
ac_cv_prog_gcc_traditional=no
ac_cv_prog_make_make_set=yes
ac_cv_try_cflags_ok=yes
ac_cv_type_signal=void
ac_cv_type_size_t=yes
am_cv_CC_dependencies_compiler_type=none
am_cv_make_support_nested_variables=yes
am_cv_prog_cc_c_o=yes
lt_cv_ar_at_file=@
lt_cv_deplibs_check_method=pass_all
lt_cv_file_magic_cmd='$MAGIC_CMD'
lt_cv_file_magic_test_file=
lt_cv_ld_reload_flag=-r
lt_cv_nm_interface='BSD nm'
lt_cv_objdir=.libs
lt_cv_path_LD=arm-linux-androideabi-ld
lt_cv_path_NM='/home/ddt/Documents/android-sdk/android-ndk-r9/toolchains/arm-linux-androideabi-4.8/prebuilt/linux-x86_64/bin/arm-linux-androideabi-nm -B'
lt_cv_path_mainfest_tool=no
lt_cv_prog_compiler_c_o=yes
lt_cv_prog_compiler_pic='-fPIC -DPIC'
lt_cv_prog_compiler_pic_works=yes
lt_cv_prog_compiler_rtti_exceptions=no
lt_cv_prog_compiler_static_works=yes
lt_cv_prog_gnu_ld=yes
lt_cv_sharedlib_from_linklib_cmd='printf %s\n'
lt_cv_shlibpath_overrides_runpath=no
lt_cv_sys_global_symbol_pipe='sed -n -e '\''s/^.*[	 ]\([ABCDGIRSTW][ABCDGIRSTW]*\)[	 ][	 ]*\([_A-Za-z][_A-Za-z0-9]*\)$/\1 \2 \2/p'\'' | sed '\''/ __gnu_lto/d'\'''
lt_cv_sys_global_symbol_to_c_name_address='sed -n -e '\''s/^: \([^ ]*\)[ ]*$/  {\"\1\", (void *) 0},/p'\'' -e '\''s/^[ABCDGIRSTW]* \([^ ]*\) \([^ ]*\)$/  {"\2", (void *) \&\2},/p'\'''
lt_cv_sys_global_symbol_to_c_name_address_lib_prefix='sed -n -e '\''s/^: \([^ ]*\)[ ]*$/  {\"\1\", (void *) 0},/p'\'' -e '\''s/^[ABCDGIRSTW]* \([^ ]*\) \(lib[^ ]*\)$/  {"\2", (void *) \&\2},/p'\'' -e '\''s/^[ABCDGIRSTW]* \([^ ]*\) \([^ ]*\)$/  {"lib\2", (void *) \&\2},/p'\'''
lt_cv_sys_global_symbol_to_cdecl='sed -n -e '\''s/^T .* \(.*\)$/extern int \1();/p'\'' -e '\''s/^[ABCDGIRSTW]* .* \(.*\)$/extern char \1;/p'\'''
lt_cv_sys_max_cmd_len=3458764513820540925
lt_cv_to_host_file_cmd=func_convert_file_noop
lt_cv_to_tool_file_cmd=func_convert_file_noop

## ----------------- ##
## Output variables. ##
## ----------------- ##

A52DEC_CFLAGS=' -g -mfpu=vfpv3-d16 -mcpu=cortex-a8 -mthumb -mfloat-abi=softfp  -I/home/ddt/Documents/android-sdk/android-ndk-r9/sources/cxx-stl/gnu-libstdc++/4.8/include -I/home/ddt/Documents/android-sdk/android-ndk-r9/sources/cxx-stl/gnu-libstdc++/4.8/libs/armeabi-v7a/include -I/home/ddt/Documents/VLC0924/android/vlc/contrib/arm-linux-androideabi/include -g -O3 -fomit-frame-pointer'
ACLOCAL='${SHELL} /home/ddt/Documents/VLC0924/android/vlc/contrib/android/a52dec/autotools/missing aclocal-1.14'
AMDEPBACKSLASH=''
AMDEP_FALSE=''
AMDEP_TRUE='#'
AMTAR='$${TAR-tar}'
AM_BACKSLASH='\'
AM_DEFAULT_V='$(AM_DEFAULT_VERBOSITY)'
AM_DEFAULT_VERBOSITY='1'
AM_V='$(V)'
AR='arm-linux-androideabi-ar'
AS='as'
AUTOCONF='${SHELL} /home/ddt/Documents/VLC0924/android/vlc/contrib/android/a52dec/autotools/missing autoconf'
AUTOHEADER='${SHELL} /home/ddt/Documents/VLC0924/android/vlc/contrib/android/a52dec/autotools/missing autoheader'
AUTOMAKE='${SHELL} /home/ddt/Documents/VLC0924/android/vlc/contrib/android/a52dec/autotools/missing automake-1.14'
AWK='mawk'
CC='arm-linux-androideabi-gcc --sysroot=/home/ddt/Documents/android-sdk/android-ndk-r9/platforms/android-9/arch-arm'
CCDEPMODE='depmode=none'
CFLAGS=' -g -mfpu=vfpv3-d16 -mcpu=cortex-a8 -mthumb -mfloat-abi=softfp  -I/home/ddt/Documents/android-sdk/android-ndk-r9/sources/cxx-stl/gnu-libstdc++/4.8/include -I/home/ddt/Documents/android-sdk/android-ndk-r9/sources/cxx-stl/gnu-libstdc++/4.8/libs/armeabi-v7a/include -I/home/ddt/Documents/VLC0924/android/vlc/contrib/arm-linux-androideabi/include -g -O3 -fomit-frame-pointer'
CPP='arm-linux-androideabi-gcc --sysroot=/home/ddt/Documents/android-sdk/android-ndk-r9/platforms/android-9/arch-arm -E'
CPPFLAGS=' -g -mfpu=vfpv3-d16 -mcpu=cortex-a8 -mthumb -mfloat-abi=softfp -O2 -I/home/ddt/Documents/android-sdk/android-ndk-r9/sources/cxx-stl/gnu-libstdc++/4.8/include -I/home/ddt/Documents/android-sdk/android-ndk-r9/sources/cxx-stl/gnu-libstdc++/4.8/libs/armeabi-v7a/include -I/home/ddt/Documents/VLC0924/android/vlc/contrib/arm-linux-androideabi/include'
CYGPATH_W='echo'
DEFS='-DHAVE_CONFIG_H'
DEPDIR='.deps'
DLLTOOL='dlltool'
DSYMUTIL=''
DUMPBIN=''
ECHO_C=''
ECHO_N='-n'
ECHO_T=''
EGREP='/bin/grep -E'
EXEEXT=''
FGREP='/bin/grep -F'
GREP='/bin/grep'
INCLUDES='-I$(top_srcdir)/include -I$(top_builddir)/include'
INSTALL_DATA='${INSTALL} -m 644'
INSTALL_PROGRAM='${INSTALL}'
INSTALL_SCRIPT='${INSTALL}'
INSTALL_STRIP_PROGRAM='$(install_sh) -c -s'
LD='arm-linux-androideabi-ld'
LDFLAGS=' -L/home/ddt/Documents/VLC0924/android/vlc/contrib/arm-linux-androideabi/lib'
LIBA52_CFLAGS=''
LIBA52_LIBS=''
LIBAO_LIBS=''
LIBOBJS=''
LIBS=''
LIBTOOL='$(SHELL) $(top_builddir)/libtool'
LIPO=''
LN_S='ln -s'
LTLIBOBJS=''
MAINT='#'
MAINTAINER_MODE_FALSE=''
MAINTAINER_MODE_TRUE='#'
MAKEINFO='${SHELL} /home/ddt/Documents/VLC0924/android/vlc/contrib/android/a52dec/autotools/missing makeinfo'
MANIFEST_TOOL=':'
MKDIR_P='/bin/mkdir -p'
NM='/home/ddt/Documents/android-sdk/android-ndk-r9/toolchains/arm-linux-androideabi-4.8/prebuilt/linux-x86_64/bin/arm-linux-androideabi-nm -B'
NMEDIT=''
OBJDUMP='objdump'
OBJEXT='o'
OTOOL64=''
OTOOL=''
PACKAGE='a52dec'
PACKAGE_BUGREPORT=''
PACKAGE_NAME=''
PACKAGE_STRING=''
PACKAGE_TARNAME=''
PACKAGE_URL=''
PACKAGE_VERSION=''
PATH_SEPARATOR=':'
RANLIB='arm-linux-androideabi-ranlib'
SED='/bin/sed'
SET_MAKE=''
SHELL='/bin/bash'
STRIP='arm-linux-androideabi-strip'
VERSION='0.7.4'
ac_ct_AR=''
ac_ct_CC=''
ac_ct_DUMPBIN=''
am__EXEEXT_FALSE=''
am__EXEEXT_TRUE='#'
am__fastdepCC_FALSE=''
am__fastdepCC_TRUE='#'
am__include='include'
am__isrc=''
am__leading_dot='.'
am__nodep=''
am__quote=''
am__tar='$${TAR-tar} chof - "$$tardir"'
am__untar='$${TAR-tar} xf -'
bindir='${exec_prefix}/bin'
build='x86_64-pc-linux-gnu'
build_alias='x86_64-linux-gnu'
build_cpu='x86_64'
build_os='linux-gnu'
build_vendor='pc'
datadir='${datarootdir}'
datarootdir='${prefix}/share'
docdir='${datarootdir}/doc/${PACKAGE}'
dvidir='${docdir}'
exec_prefix='${prefix}'
host='arm-unknown-linux-androideabi'
host_alias='arm-linux-androideabi'
host_cpu='arm'
host_os='linux-androideabi'
host_vendor='unknown'
htmldir='${docdir}'
includedir='${prefix}/include'
infodir='${datarootdir}/info'
install_sh='${SHELL} /home/ddt/Documents/VLC0924/android/vlc/contrib/android/a52dec/autotools/install-sh'
libdir='${exec_prefix}/lib'
libexecdir='${exec_prefix}/libexec'
localedir='${datarootdir}/locale'
localstatedir='${prefix}/var'
mandir='${datarootdir}/man'
mkdir_p='$(MKDIR_P)'
oldincludedir='/usr/include'
pdfdir='${docdir}'
prefix='/home/ddt/Documents/VLC0924/android/vlc/contrib/arm-linux-androideabi'
program_transform_name='s&^&&'
psdir='${docdir}'
sbindir='${exec_prefix}/sbin'
sharedstatedir='${prefix}/com'
sysconfdir='${prefix}/etc'
target_alias='arm-linux-androideabi'

## ----------- ##
## confdefs.h. ##
## ----------- ##

/* confdefs.h */
#define PACKAGE_NAME ""
#define PACKAGE_TARNAME ""
#define PACKAGE_VERSION ""
#define PACKAGE_STRING ""
#define PACKAGE_BUGREPORT ""
#define PACKAGE_URL ""
#define PACKAGE "a52dec"
#define VERSION "0.7.4"
#define STDC_HEADERS 1
#define HAVE_SYS_TYPES_H 1
#define HAVE_SYS_STAT_H 1
#define HAVE_STDLIB_H 1
#define HAVE_STRING_H 1
#define HAVE_MEMORY_H 1
#define HAVE_STRINGS_H 1
#define HAVE_INTTYPES_H 1
#define HAVE_STDINT_H 1
#define HAVE_UNISTD_H 1
#define HAVE_DLFCN_H 1
#define LT_OBJDIR ".libs/"
#define HAVE_SYS_TIME_H 1
#define HAVE_SYS_TIMEB_H 1
#define inline __attribute__ ((__always_inline__))
#define restrict __restrict__
#define HAVE_MEMALIGN 1
#define HAVE_GETTIMEOFDAY 1
#define HAVE_FTIME 1
#define RETSIGTYPE void
#define LIBAO_OSS /**/
#define ATTRIBUTE_ALIGNED_MAX 64

configure: exit 0
