This file contains any messages produced by compilers while
running configure, to aid debugging if configure makes a mistake.

It was created by pkg-config configure 0.27.1, which was
generated by GNU Autoconf 2.68.  Invocation command line was

  $ ./configure --prefix=/home/ddt/Documents/VLC0924/android/vlc/extras/tools/build --disable-shared --enable-static

## --------- ##
## Platform. ##
## --------- ##

hostname = ubuntu
uname -m = x86_64
uname -r = 3.8.0-29-generic
uname -s = Linux
uname -v = #42-Ubuntu SMP Tue Aug 13 19:40:39 UTC 2013

/usr/bin/uname -p = unknown
/bin/uname -X     = unknown

/bin/arch              = unknown
/usr/bin/arch -k       = unknown
/usr/convex/getsysinfo = unknown
/usr/bin/hostinfo      = unknown
/bin/machine           = unknown
/usr/bin/oslevel       = unknown
/bin/universe          = unknown

PATH: /home/ddt/Documents/VLC0924/android/vlc/extras/tools/build/bin
PATH: /home/ddt/Documents/android-sdk/android-ndk-r9/toolchains/arm-linux-androideabi-4.8/prebuilt/linux-x86_64/bin
PATH: /home/ddt/Documents/android-sdk/android-ndk-r8e
PATH: /usr/lib/lightdm/lightdm
PATH: /usr/local/sbin
PATH: /usr/local/bin
PATH: /usr/sbin
PATH: /usr/bin
PATH: /sbin
PATH: /bin
PATH: /usr/games
PATH: /usr/local/games
PATH: /home/ddt/Documents/android/sdk/platform-tools
PATH: /home/ddt/Documents/android/sdk/tools


## ----------- ##
## Core tests. ##
## ----------- ##

configure:2257: checking for a BSD-compatible install
configure:2325: result: /usr/bin/install -c
configure:2336: checking whether build environment is sane
configure:2386: result: yes
configure:2527: checking for a thread-safe mkdir -p
configure:2566: result: /bin/mkdir -p
configure:2579: checking for gawk
configure:2609: result: no
configure:2579: checking for mawk
configure:2595: found /usr/bin/mawk
configure:2606: result: mawk
configure:2617: checking whether make sets $(MAKE)
configure:2639: result: yes
configure:2749: checking build system type
configure:2763: result: x86_64-unknown-linux-gnu
configure:2783: checking host system type
configure:2796: result: x86_64-unknown-linux-gnu
configure:2837: checking how to print strings
configure:2864: result: printf
configure:2897: checking for style of include used by make
configure:2925: result: GNU
configure:2995: checking for gcc
configure:3011: found /usr/bin/gcc
configure:3022: result: gcc
configure:3251: checking for C compiler version
configure:3260: gcc --version >&5
gcc (Ubuntu/Linaro 4.7.3-1ubuntu1) 4.7.3
Copyright (C) 2012 Free Software Foundation, Inc.
This is free software; see the source for copying conditions.  There is NO
warranty; not even for MERCHANTABILITY or FITNESS FOR A PARTICULAR PURPOSE.

configure:3271: $? = 0
configure:3260: gcc -v >&5
Using built-in specs.
COLLECT_GCC=gcc
COLLECT_LTO_WRAPPER=/usr/lib/gcc/x86_64-linux-gnu/4.7/lto-wrapper
Target: x86_64-linux-gnu
Configured with: ../src/configure -v --with-pkgversion='Ubuntu/Linaro 4.7.3-1ubuntu1' --with-bugurl=file:///usr/share/doc/gcc-4.7/README.Bugs --enable-languages=c,c++,go,fortran,objc,obj-c++ --prefix=/usr --program-suffix=-4.7 --enable-shared --enable-linker-build-id --libexecdir=/usr/lib --without-included-gettext --enable-threads=posix --with-gxx-include-dir=/usr/include/c++/4.7 --libdir=/usr/lib --enable-nls --with-sysroot=/ --enable-clocale=gnu --enable-libstdcxx-debug --enable-libstdcxx-time=yes --enable-gnu-unique-object --enable-plugin --with-system-zlib --enable-objc-gc --with-cloog --enable-cloog-backend=ppl --disable-cloog-version-check --disable-ppl-version-check --enable-multiarch --disable-werror --with-arch-32=i686 --with-abi=m64 --with-multilib-list=m32,m64,mx32 --with-tune=generic --enable-checking=release --build=x86_64-linux-gnu --host=x86_64-linux-gnu --target=x86_64-linux-gnu
Thread model: posix
gcc version 4.7.3 (Ubuntu/Linaro 4.7.3-1ubuntu1) 
configure:3271: $? = 0
configure:3260: gcc -V >&5
gcc: error: unrecognized command line option '-V'
gcc: fatal error: no input files
compilation terminated.
configure:3271: $? = 4
configure:3260: gcc -qversion >&5
gcc: error: unrecognized command line option '-qversion'
gcc: fatal error: no input files
compilation terminated.
configure:3271: $? = 4
configure:3291: checking whether the C compiler works
configure:3313: gcc    conftest.c  >&5
configure:3317: $? = 0
configure:3365: result: yes
configure:3368: checking for C compiler default output file name
configure:3370: result: a.out
configure:3376: checking for suffix of executables
configure:3383: gcc -o conftest    conftest.c  >&5
configure:3387: $? = 0
configure:3409: result: 
configure:3431: checking whether we are cross compiling
configure:3439: gcc -o conftest    conftest.c  >&5
configure:3443: $? = 0
configure:3450: ./conftest
configure:3454: $? = 0
configure:3469: result: no
configure:3474: checking for suffix of object files
configure:3496: gcc -c   conftest.c >&5
configure:3500: $? = 0
configure:3521: result: o
configure:3525: checking whether we are using the GNU C compiler
configure:3544: gcc -c   conftest.c >&5
configure:3544: $? = 0
configure:3553: result: yes
configure:3562: checking whether gcc accepts -g
configure:3582: gcc -c -g  conftest.c >&5
configure:3582: $? = 0
configure:3623: result: yes
configure:3640: checking for gcc option to accept ISO C89
configure:3704: gcc  -c -g -O2  conftest.c >&5
configure:3704: $? = 0
configure:3717: result: none needed
configure:3739: checking dependency style of gcc
configure:3849: result: gcc3
configure:3864: checking for a sed that does not truncate output
configure:3928: result: /bin/sed
configure:3946: checking for grep that handles long lines and -e
configure:4004: result: /bin/grep
configure:4009: checking for egrep
configure:4071: result: /bin/grep -E
configure:4076: checking for fgrep
configure:4138: result: /bin/grep -F
configure:4173: checking for ld used by gcc
configure:4240: result: /usr/bin/ld
configure:4247: checking if the linker (/usr/bin/ld) is GNU ld
configure:4262: result: yes
configure:4274: checking for BSD- or MS-compatible name lister (nm)
configure:4323: result: /usr/bin/nm -B
configure:4453: checking the name lister (/usr/bin/nm -B) interface
configure:4460: gcc -c -g -O2  conftest.c >&5
configure:4463: /usr/bin/nm -B "conftest.o"
configure:4466: output
0000000000000000 B some_variable
configure:4473: result: BSD nm
configure:4476: checking whether ln -s works
configure:4480: result: yes
configure:4488: checking the maximum length of command line arguments
configure:4613: result: 3458764513820540925
configure:4630: checking whether the shell understands some XSI constructs
configure:4640: result: yes
configure:4644: checking whether the shell understands "+="
configure:4650: result: yes
configure:4685: checking how to convert x86_64-unknown-linux-gnu file names to x86_64-unknown-linux-gnu format
configure:4725: result: func_convert_file_noop
configure:4732: checking how to convert x86_64-unknown-linux-gnu file names to toolchain format
configure:4752: result: func_convert_file_noop
configure:4759: checking for /usr/bin/ld option to reload object files
configure:4766: result: -r
configure:4840: checking for objdump
configure:4856: found /usr/bin/objdump
configure:4867: result: objdump
configure:4899: checking how to recognize dependent libraries
configure:5101: result: pass_all
configure:5186: checking for dlltool
configure:5216: result: no
configure:5246: checking how to associate runtime and link libraries
configure:5273: result: printf %s\n
configure:5334: checking for ar
configure:5350: found /usr/bin/ar
configure:5361: result: ar
configure:5398: checking for archiver @FILE support
configure:5415: gcc -c -g -O2  conftest.c >&5
configure:5415: $? = 0
configure:5418: ar cru libconftest.a @conftest.lst >&5
configure:5421: $? = 0
configure:5426: ar cru libconftest.a @conftest.lst >&5
ar: conftest.o: No such file or directory
configure:5429: $? = 1
configure:5441: result: @
configure:5499: checking for strip
configure:5515: found /usr/bin/strip
configure:5526: result: strip
configure:5598: checking for ranlib
configure:5614: found /usr/bin/ranlib
configure:5625: result: ranlib
configure:5727: checking command to parse /usr/bin/nm -B output from gcc object
configure:5846: gcc -c -g -O2  conftest.c >&5
configure:5849: $? = 0
configure:5853: /usr/bin/nm -B conftest.o \| sed -n -e 's/^.*[ ]\([ABCDGIRSTW][ABCDGIRSTW]*\)[ ][ ]*\([_A-Za-z][_A-Za-z0-9]*\)$/\1 \2 \2/p' | sed '/ __gnu_lto/d' \> conftest.nm
configure:5856: $? = 0
configure:5922: gcc -o conftest -g -O2   conftest.c conftstm.o >&5
configure:5925: $? = 0
configure:5963: result: ok
configure:6000: checking for sysroot
configure:6030: result: no
configure:6107: gcc -c -g -O2  conftest.c >&5
configure:6110: $? = 0
configure:6273: checking for mt
configure:6289: found /bin/mt
configure:6300: result: mt
configure:6323: checking if mt is a manifest tool
configure:6329: mt '-?'
configure:6337: result: no
configure:6969: checking how to run the C preprocessor
configure:7000: gcc -E  conftest.c
configure:7000: $? = 0
configure:7014: gcc -E  conftest.c
conftest.c:11:28: fatal error: ac_nonexistent.h: No such file or directory
compilation terminated.
configure:7014: $? = 1
configure: failed program was:
| /* confdefs.h */
| #define PACKAGE_NAME "pkg-config"
| #define PACKAGE_TARNAME "pkg-config"
| #define PACKAGE_VERSION "0.27.1"
| #define PACKAGE_STRING "pkg-config 0.27.1"
| #define PACKAGE_BUGREPORT "https://bugs.freedesktop.org/enter_bug.cgi?product=pkg-config"
| #define PACKAGE_URL ""
| #define PACKAGE "pkg-config"
| #define VERSION "0.27.1"
| /* end confdefs.h.  */
| #include <ac_nonexistent.h>
configure:7039: result: gcc -E
configure:7059: gcc -E  conftest.c
configure:7059: $? = 0
configure:7073: gcc -E  conftest.c
conftest.c:11:28: fatal error: ac_nonexistent.h: No such file or directory
compilation terminated.
configure:7073: $? = 1
configure: failed program was:
| /* confdefs.h */
| #define PACKAGE_NAME "pkg-config"
| #define PACKAGE_TARNAME "pkg-config"
| #define PACKAGE_VERSION "0.27.1"
| #define PACKAGE_STRING "pkg-config 0.27.1"
| #define PACKAGE_BUGREPORT "https://bugs.freedesktop.org/enter_bug.cgi?product=pkg-config"
| #define PACKAGE_URL ""
| #define PACKAGE "pkg-config"
| #define VERSION "0.27.1"
| /* end confdefs.h.  */
| #include <ac_nonexistent.h>
configure:7102: checking for ANSI C header files
configure:7122: gcc -c -g -O2  conftest.c >&5
configure:7122: $? = 0
configure:7195: gcc -o conftest -g -O2   conftest.c  >&5
configure:7195: $? = 0
configure:7195: ./conftest
configure:7195: $? = 0
configure:7206: result: yes
configure:7219: checking for sys/types.h
configure:7219: gcc -c -g -O2  conftest.c >&5
configure:7219: $? = 0
configure:7219: result: yes
configure:7219: checking for sys/stat.h
configure:7219: gcc -c -g -O2  conftest.c >&5
configure:7219: $? = 0
configure:7219: result: yes
configure:7219: checking for stdlib.h
configure:7219: gcc -c -g -O2  conftest.c >&5
configure:7219: $? = 0
configure:7219: result: yes
configure:7219: checking for string.h
configure:7219: gcc -c -g -O2  conftest.c >&5
configure:7219: $? = 0
configure:7219: result: yes
configure:7219: checking for memory.h
configure:7219: gcc -c -g -O2  conftest.c >&5
configure:7219: $? = 0
configure:7219: result: yes
configure:7219: checking for strings.h
configure:7219: gcc -c -g -O2  conftest.c >&5
configure:7219: $? = 0
configure:7219: result: yes
configure:7219: checking for inttypes.h
configure:7219: gcc -c -g -O2  conftest.c >&5
configure:7219: $? = 0
configure:7219: result: yes
configure:7219: checking for stdint.h
configure:7219: gcc -c -g -O2  conftest.c >&5
configure:7219: $? = 0
configure:7219: result: yes
configure:7219: checking for unistd.h
configure:7219: gcc -c -g -O2  conftest.c >&5
configure:7219: $? = 0
configure:7219: result: yes
configure:7233: checking for dlfcn.h
configure:7233: gcc -c -g -O2  conftest.c >&5
configure:7233: $? = 0
configure:7233: result: yes
configure:7420: checking for objdir
configure:7435: result: .libs
configure:7702: checking if gcc supports -fno-rtti -fno-exceptions
configure:7720: gcc -c -g -O2  -fno-rtti -fno-exceptions conftest.c >&5
cc1: warning: command line option '-fno-rtti' is valid for C++/ObjC++ but not for C [enabled by default]
configure:7724: $? = 0
configure:7737: result: no
configure:8047: checking for gcc option to produce PIC
configure:8054: result: -fPIC -DPIC
configure:8062: checking if gcc PIC flag -fPIC -DPIC works
configure:8080: gcc -c -g -O2  -fPIC -DPIC -DPIC conftest.c >&5
configure:8084: $? = 0
configure:8097: result: yes
configure:8126: checking if gcc static flag -static works
configure:8154: result: yes
configure:8169: checking if gcc supports -c -o file.o
configure:8190: gcc -c -g -O2  -o out/conftest2.o conftest.c >&5
configure:8194: $? = 0
configure:8216: result: yes
configure:8224: checking if gcc supports -c -o file.o
configure:8271: result: yes
configure:8304: checking whether the gcc linker (/usr/bin/ld -m elf_x86_64) supports shared libraries
configure:9462: result: yes
configure:9707: checking dynamic linker characteristics
configure:10221: gcc -o conftest -g -O2   -Wl,-rpath -Wl,/foo conftest.c  >&5
configure:10221: $? = 0
configure:10443: result: GNU/Linux ld.so
configure:10550: checking how to hardcode library paths into programs
configure:10575: result: immediate
configure:11115: checking whether stripping libraries is possible
configure:11120: result: yes
configure:11155: checking if libtool supports shared libraries
configure:11157: result: yes
configure:11160: checking whether to build shared libraries
configure:11181: result: no
configure:11184: checking whether to build static libraries
configure:11188: result: yes
configure:11285: checking for gcc
configure:11312: result: gcc
configure:11541: checking for C compiler version
configure:11550: gcc --version >&5
gcc (Ubuntu/Linaro 4.7.3-1ubuntu1) 4.7.3
Copyright (C) 2012 Free Software Foundation, Inc.
This is free software; see the source for copying conditions.  There is NO
warranty; not even for MERCHANTABILITY or FITNESS FOR A PARTICULAR PURPOSE.

configure:11561: $? = 0
configure:11550: gcc -v >&5
Using built-in specs.
COLLECT_GCC=gcc
COLLECT_LTO_WRAPPER=/usr/lib/gcc/x86_64-linux-gnu/4.7/lto-wrapper
Target: x86_64-linux-gnu
Configured with: ../src/configure -v --with-pkgversion='Ubuntu/Linaro 4.7.3-1ubuntu1' --with-bugurl=file:///usr/share/doc/gcc-4.7/README.Bugs --enable-languages=c,c++,go,fortran,objc,obj-c++ --prefix=/usr --program-suffix=-4.7 --enable-shared --enable-linker-build-id --libexecdir=/usr/lib --without-included-gettext --enable-threads=posix --with-gxx-include-dir=/usr/include/c++/4.7 --libdir=/usr/lib --enable-nls --with-sysroot=/ --enable-clocale=gnu --enable-libstdcxx-debug --enable-libstdcxx-time=yes --enable-gnu-unique-object --enable-plugin --with-system-zlib --enable-objc-gc --with-cloog --enable-cloog-backend=ppl --disable-cloog-version-check --disable-ppl-version-check --enable-multiarch --disable-werror --with-arch-32=i686 --with-abi=m64 --with-multilib-list=m32,m64,mx32 --with-tune=generic --enable-checking=release --build=x86_64-linux-gnu --host=x86_64-linux-gnu --target=x86_64-linux-gnu
Thread model: posix
gcc version 4.7.3 (Ubuntu/Linaro 4.7.3-1ubuntu1) 
configure:11561: $? = 0
configure:11550: gcc -V >&5
gcc: error: unrecognized command line option '-V'
gcc: fatal error: no input files
compilation terminated.
configure:11561: $? = 4
configure:11550: gcc -qversion >&5
gcc: error: unrecognized command line option '-qversion'
gcc: fatal error: no input files
compilation terminated.
configure:11561: $? = 4
configure:11565: checking whether we are using the GNU C compiler
configure:11593: result: yes
configure:11602: checking whether gcc accepts -g
configure:11663: result: yes
configure:11680: checking for gcc option to accept ISO C89
configure:11757: result: none needed
configure:11779: checking dependency style of gcc
configure:11889: result: gcc3
configure:11908: checking dirent.h usability
configure:11908: gcc -c -g -O2  conftest.c >&5
configure:11908: $? = 0
configure:11908: result: yes
configure:11908: checking dirent.h presence
configure:11908: gcc -E  conftest.c
configure:11908: $? = 0
configure:11908: result: yes
configure:11908: checking for dirent.h
configure:11908: result: yes
configure:11908: checking for unistd.h
configure:11908: result: yes
configure:11908: checking sys/wait.h usability
configure:11908: gcc -c -g -O2  conftest.c >&5
configure:11908: $? = 0
configure:11908: result: yes
configure:11908: checking sys/wait.h presence
configure:11908: gcc -E  conftest.c
configure:11908: $? = 0
configure:11908: result: yes
configure:11908: checking for sys/wait.h
configure:11908: result: yes
configure:11908: checking malloc.h usability
configure:11908: gcc -c -g -O2  conftest.c >&5
configure:11908: $? = 0
configure:11908: result: yes
configure:11908: checking malloc.h presence
configure:11908: gcc -E  conftest.c
configure:11908: $? = 0
configure:11908: result: yes
configure:11908: checking for malloc.h
configure:11908: result: yes
configure:11925: checking for bash
configure:11943: found /bin/bash
configure:11955: result: /bin/bash
configure:11968: checking for default search path for .pc files
configure:11986: result: ${libdir}/pkgconfig:${datadir}/pkgconfig
configure:11990: checking for system include path to avoid -I flags
configure:12000: result: /usr/include
configure:12004: checking for system library path to avoid -L flags
configure:12023: result: /usr/lib
configure:12028: creating ./config.lt

## ------------------ ##
## Running config.lt. ##
## ------------------ ##
config.lt:637: creating libtool
use_indirect_deps=auto
configure:13417: checking whether to list both direct and indirect dependencies
configure:13435: result: no
configure:13450: checking for Win32
configure:13460: result: no
configure:13648: creating ./config.status

## ---------------------- ##
## Running config.status. ##
## ---------------------- ##

This file was extended by pkg-config config.status 0.27.1, which was
generated by GNU Autoconf 2.68.  Invocation command line was

  CONFIG_FILES    = 
  CONFIG_HEADERS  = 
  CONFIG_LINKS    = 
  CONFIG_COMMANDS = 
  $ ./config.status 

on ubuntu

config.status:1107: creating Makefile
config.status:1107: creating check/Makefile
config.status:1107: creating check/config.sh
config.status:1107: creating config.h
config.status:1336: executing depfiles commands
config.status:1336: executing libtool commands

## ---------------- ##
## Cache variables. ##
## ---------------- ##

ac_cv_build=x86_64-unknown-linux-gnu
ac_cv_c_compiler_gnu=yes
ac_cv_env_CC_set=
ac_cv_env_CC_value=
ac_cv_env_CFLAGS_set=
ac_cv_env_CFLAGS_value=
ac_cv_env_CPPFLAGS_set=
ac_cv_env_CPPFLAGS_value=
ac_cv_env_CPP_set=
ac_cv_env_CPP_value=
ac_cv_env_LDFLAGS_set=
ac_cv_env_LDFLAGS_value=
ac_cv_env_LIBS_set=
ac_cv_env_LIBS_value=
ac_cv_env_TESTS_SHELL_set=
ac_cv_env_TESTS_SHELL_value=
ac_cv_env_build_alias_set=
ac_cv_env_build_alias_value=
ac_cv_env_host_alias_set=
ac_cv_env_host_alias_value=
ac_cv_env_target_alias_set=
ac_cv_env_target_alias_value=
ac_cv_header_dirent_h=yes
ac_cv_header_dlfcn_h=yes
ac_cv_header_inttypes_h=yes
ac_cv_header_malloc_h=yes
ac_cv_header_memory_h=yes
ac_cv_header_stdc=yes
ac_cv_header_stdint_h=yes
ac_cv_header_stdlib_h=yes
ac_cv_header_string_h=yes
ac_cv_header_strings_h=yes
ac_cv_header_sys_stat_h=yes
ac_cv_header_sys_types_h=yes
ac_cv_header_sys_wait_h=yes
ac_cv_header_unistd_h=yes
ac_cv_host=x86_64-unknown-linux-gnu
ac_cv_objext=o
ac_cv_path_EGREP='/bin/grep -E'
ac_cv_path_FGREP='/bin/grep -F'
ac_cv_path_GREP=/bin/grep
ac_cv_path_SED=/bin/sed
ac_cv_path_TESTS_SHELL=/bin/bash
ac_cv_path_install='/usr/bin/install -c'
ac_cv_path_mkdir=/bin/mkdir
ac_cv_prog_AWK=mawk
ac_cv_prog_CPP='gcc -E'
ac_cv_prog_ac_ct_AR=ar
ac_cv_prog_ac_ct_CC=gcc
ac_cv_prog_ac_ct_MANIFEST_TOOL=mt
ac_cv_prog_ac_ct_OBJDUMP=objdump
ac_cv_prog_ac_ct_RANLIB=ranlib
ac_cv_prog_ac_ct_STRIP=strip
ac_cv_prog_cc_c89=
ac_cv_prog_cc_g=yes
ac_cv_prog_make_make_set=yes
am_cv_CC_dependencies_compiler_type=gcc3
lt_cv_ar_at_file=@
lt_cv_deplibs_check_method=pass_all
lt_cv_file_magic_cmd='$MAGIC_CMD'
lt_cv_file_magic_test_file=
lt_cv_ld_reload_flag=-r
lt_cv_nm_interface='BSD nm'
lt_cv_objdir=.libs
lt_cv_path_LD=/usr/bin/ld
lt_cv_path_NM='/usr/bin/nm -B'
lt_cv_path_mainfest_tool=no
lt_cv_prog_compiler_c_o=yes
lt_cv_prog_compiler_pic='-fPIC -DPIC'
lt_cv_prog_compiler_pic_works=yes
lt_cv_prog_compiler_rtti_exceptions=no
lt_cv_prog_compiler_static_works=yes
lt_cv_prog_gnu_ld=yes
lt_cv_sharedlib_from_linklib_cmd='printf %s\n'
lt_cv_shlibpath_overrides_runpath=no
lt_cv_sys_global_symbol_pipe='sed -n -e '\''s/^.*[	 ]\([ABCDGIRSTW][ABCDGIRSTW]*\)[	 ][	 ]*\([_A-Za-z][_A-Za-z0-9]*\)$/\1 \2 \2/p'\'' | sed '\''/ __gnu_lto/d'\'''
lt_cv_sys_global_symbol_to_c_name_address='sed -n -e '\''s/^: \([^ ]*\)[ ]*$/  {\"\1\", (void *) 0},/p'\'' -e '\''s/^[ABCDGIRSTW]* \([^ ]*\) \([^ ]*\)$/  {"\2", (void *) \&\2},/p'\'''
lt_cv_sys_global_symbol_to_c_name_address_lib_prefix='sed -n -e '\''s/^: \([^ ]*\)[ ]*$/  {\"\1\", (void *) 0},/p'\'' -e '\''s/^[ABCDGIRSTW]* \([^ ]*\) \(lib[^ ]*\)$/  {"\2", (void *) \&\2},/p'\'' -e '\''s/^[ABCDGIRSTW]* \([^ ]*\) \([^ ]*\)$/  {"lib\2", (void *) \&\2},/p'\'''
lt_cv_sys_global_symbol_to_cdecl='sed -n -e '\''s/^T .* \(.*\)$/extern int \1();/p'\'' -e '\''s/^[ABCDGIRSTW]* .* \(.*\)$/extern char \1;/p'\'''
lt_cv_sys_max_cmd_len=3458764513820540925
lt_cv_to_host_file_cmd=func_convert_file_noop
lt_cv_to_tool_file_cmd=func_convert_file_noop

## ----------------- ##
## Output variables. ##
## ----------------- ##

ACLOCAL='${SHELL} /home/ddt/Documents/VLC0924/android/vlc/extras/tools/pkgconfig/missing --run aclocal-1.11'
AMDEPBACKSLASH='\'
AMDEP_FALSE='#'
AMDEP_TRUE=''
AMTAR='${SHELL} /home/ddt/Documents/VLC0924/android/vlc/extras/tools/pkgconfig/missing --run tar'
AM_BACKSLASH='\'
AM_DEFAULT_VERBOSITY='0'
AR='ar'
AUTOCONF='/home/ddt/Documents/VLC0924/android/vlc/extras/tools/build/bin/autoconf'
AUTOHEADER='${SHELL} /home/ddt/Documents/VLC0924/android/vlc/extras/tools/pkgconfig/missing --run autoheader'
AUTOMAKE='${SHELL} /home/ddt/Documents/VLC0924/android/vlc/extras/tools/pkgconfig/missing --run automake-1.11'
AWK='mawk'
CC='gcc'
CCDEPMODE='depmode=gcc3'
CFLAGS='-g -O2'
CPP='gcc -E'
CPPFLAGS=''
CYGPATH_W='echo'
DEFS='-DHAVE_CONFIG_H'
DEPDIR='.deps'
DLLTOOL='false'
DSYMUTIL=''
DUMPBIN=''
ECHO_C=''
ECHO_N='-n'
ECHO_T=''
EGREP='/bin/grep -E'
EXEEXT=''
FGREP='/bin/grep -F'
GLIB_CFLAGS=''
GLIB_LIBS=''
GREP='/bin/grep'
INSTALL_DATA='${INSTALL} -m 644'
INSTALL_PROGRAM='${INSTALL}'
INSTALL_SCRIPT='${INSTALL}'
INSTALL_STRIP_PROGRAM='$(install_sh) -c -s'
LD='/usr/bin/ld -m elf_x86_64'
LDFLAGS=''
LIBOBJS=''
LIBS=''
LIBTOOL='$(SHELL) $(top_builddir)/libtool'
LIPO=''
LN_S='ln -s'
LTLIBOBJS=''
MAKEINFO='${SHELL} /home/ddt/Documents/VLC0924/android/vlc/extras/tools/pkgconfig/missing --run makeinfo'
MANIFEST_TOOL=':'
MKDIR_P='/bin/mkdir -p'
NATIVE_WIN32_FALSE=''
NATIVE_WIN32_TRUE='#'
NM='/usr/bin/nm -B'
NMEDIT=''
OBJDUMP='objdump'
OBJEXT='o'
OTOOL64=''
OTOOL=''
PACKAGE='pkg-config'
PACKAGE_BUGREPORT='https://bugs.freedesktop.org/enter_bug.cgi?product=pkg-config'
PACKAGE_NAME='pkg-config'
PACKAGE_STRING='pkg-config 0.27.1'
PACKAGE_TARNAME='pkg-config'
PACKAGE_URL=''
PACKAGE_VERSION='0.27.1'
PATH_SEPARATOR=':'
RANLIB='ranlib'
SED='/bin/sed'
SET_MAKE=''
SHELL='/bin/bash'
STRIP='strip'
TESTS_SHELL='/bin/bash'
VERSION='0.27.1'
WARN_CFLAGS='-g -Wall -O2'
ac_ct_AR='ar'
ac_ct_CC='gcc'
ac_ct_DUMPBIN=''
am__EXEEXT_FALSE=''
am__EXEEXT_TRUE='#'
am__fastdepCC_FALSE='#'
am__fastdepCC_TRUE=''
am__include='include'
am__isrc=''
am__leading_dot='.'
am__quote=''
am__tar='${AMTAR} chof - "$$tardir"'
am__untar='${AMTAR} xf -'
bindir='${exec_prefix}/bin'
build='x86_64-unknown-linux-gnu'
build_alias=''
build_cpu='x86_64'
build_os='linux-gnu'
build_vendor='unknown'
datadir='${datarootdir}'
datarootdir='${prefix}/share'
docdir='${datarootdir}/doc/${PACKAGE_TARNAME}'
dvidir='${docdir}'
exec_prefix='${prefix}'
host='x86_64-unknown-linux-gnu'
host_alias=''
host_cpu='x86_64'
host_os='linux-gnu'
host_vendor='unknown'
htmldir='${docdir}'
includedir='${prefix}/include'
infodir='${datarootdir}/info'
install_sh='${SHELL} /home/ddt/Documents/VLC0924/android/vlc/extras/tools/pkgconfig/install-sh'
libdir='${exec_prefix}/lib'
libexecdir='${exec_prefix}/libexec'
localedir='${datarootdir}/locale'
localstatedir='${prefix}/var'
mandir='${datarootdir}/man'
mkdir_p='/bin/mkdir -p'
oldincludedir='/usr/include'
pc_path='${libdir}/pkgconfig:${datadir}/pkgconfig'
pdfdir='${docdir}'
prefix='/home/ddt/Documents/VLC0924/android/vlc/extras/tools/build'
program_transform_name='s,x,x,'
psdir='${docdir}'
sbindir='${exec_prefix}/sbin'
sharedstatedir='${prefix}/com'
sysconfdir='${prefix}/etc'
system_include_path='/usr/include'
system_library_path='/usr/lib'
target_alias=''
use_indirect_deps='no'

## ----------- ##
## confdefs.h. ##
## ----------- ##

/* confdefs.h */
#define PACKAGE_NAME "pkg-config"
#define PACKAGE_TARNAME "pkg-config"
#define PACKAGE_VERSION "0.27.1"
#define PACKAGE_STRING "pkg-config 0.27.1"
#define PACKAGE_BUGREPORT "https://bugs.freedesktop.org/enter_bug.cgi?product=pkg-config"
#define PACKAGE_URL ""
#define PACKAGE "pkg-config"
#define VERSION "0.27.1"
#define STDC_HEADERS 1
#define HAVE_SYS_TYPES_H 1
#define HAVE_SYS_STAT_H 1
#define HAVE_STDLIB_H 1
#define HAVE_STRING_H 1
#define HAVE_MEMORY_H 1
#define HAVE_STRINGS_H 1
#define HAVE_INTTYPES_H 1
#define HAVE_STDINT_H 1
#define HAVE_UNISTD_H 1
#define HAVE_DLFCN_H 1
#define LT_OBJDIR ".libs/"
#define HAVE_DIRENT_H 1
#define HAVE_UNISTD_H 1
#define HAVE_SYS_WAIT_H 1
#define HAVE_MALLOC_H 1
#define ENABLE_INDIRECT_DEPS 0

configure: exit 0
