This file contains any messages produced by compilers while
running configure, to aid debugging if configure makes a mistake.

It was created by libass configure 0.10.1, which was
generated by GNU Autoconf 2.65.  Invocation command line was

  $ ./configure --prefix=/home/ddt/Documents/VLC0924/android/vlc/contrib/arm-linux-androideabi --build=x86_64-linux-gnu --host=arm-linux-androideabi --target=arm-linux-androideabi --program-prefix= --enable-static --disable-shared --disable-dependency-tracking --with-pic --disable-enca --disable-fontconfig --disable-harfbuzz

## --------- ##
## Platform. ##
## --------- ##

hostname = ubuntu
uname -m = x86_64
uname -r = 3.8.0-29-generic
uname -s = Linux
uname -v = #42-Ubuntu SMP Tue Aug 13 19:40:39 UTC 2013

/usr/bin/uname -p = unknown
/bin/uname -X     = unknown

/bin/arch              = unknown
/usr/bin/arch -k       = unknown
/usr/convex/getsysinfo = unknown
/usr/bin/hostinfo      = unknown
/bin/machine           = unknown
/usr/bin/oslevel       = unknown
/bin/universe          = unknown

PATH: /home/ddt/Documents/VLC0924/android/vlc/contrib/arm-linux-androideabi/bin
PATH: /home/ddt/Documents/VLC0924/android/vlc/extras/tools/build/bin
PATH: /home/ddt/Documents/VLC0924/android/vlc/extras/tools/build/bin
PATH: /home/ddt/Documents/android-sdk/android-ndk-r9/toolchains/arm-linux-androideabi-4.8/prebuilt/linux-x86_64/bin
PATH: /home/ddt/Documents/android-sdk/android-ndk-r8e
PATH: /usr/lib/lightdm/lightdm
PATH: /usr/local/sbin
PATH: /usr/local/bin
PATH: /usr/sbin
PATH: /usr/bin
PATH: /sbin
PATH: /bin
PATH: /usr/games
PATH: /usr/local/games
PATH: /home/ddt/Documents/android/sdk/platform-tools
PATH: /home/ddt/Documents/android/sdk/tools


## ----------- ##
## Core tests. ##
## ----------- ##

configure:2584: checking for a BSD-compatible install
configure:2652: result: /usr/bin/install -c
configure:2663: checking whether build environment is sane
configure:2713: result: yes
configure:2762: checking for arm-linux-androideabi-strip
configure:2789: result: arm-linux-androideabi-strip
configure:2854: checking for a thread-safe mkdir -p
configure:2893: result: /bin/mkdir -p
configure:2906: checking for gawk
configure:2936: result: no
configure:2906: checking for mawk
configure:2922: found /usr/bin/mawk
configure:2933: result: mawk
configure:2944: checking whether make sets $(MAKE)
configure:2966: result: yes
configure:3079: checking build system type
configure:3093: result: x86_64-pc-linux-gnu
configure:3113: checking host system type
configure:3126: result: arm-unknown-linux-androideabi
configure:3158: checking for style of include used by make
configure:3186: result: GNU
configure:3216: checking for arm-linux-androideabi-gcc
configure:3243: result: arm-linux-androideabi-gcc --sysroot=/home/ddt/Documents/android-sdk/android-ndk-r9/platforms/android-9/arch-arm
configure:3512: checking for C compiler version
configure:3521: arm-linux-androideabi-gcc --sysroot=/home/ddt/Documents/android-sdk/android-ndk-r9/platforms/android-9/arch-arm --version >&5
arm-linux-androideabi-gcc (GCC) 4.8
Copyright (C) 2013 Free Software Foundation, Inc.
This is free software; see the source for copying conditions.  There is NO
warranty; not even for MERCHANTABILITY or FITNESS FOR A PARTICULAR PURPOSE.

configure:3532: $? = 0
configure:3521: arm-linux-androideabi-gcc --sysroot=/home/ddt/Documents/android-sdk/android-ndk-r9/platforms/android-9/arch-arm -v >&5
Using built-in specs.
COLLECT_GCC=arm-linux-androideabi-gcc
COLLECT_LTO_WRAPPER=/home/ddt/Documents/android-sdk/android-ndk-r9/toolchains/arm-linux-androideabi-4.8/prebuilt/linux-x86_64/bin/../libexec/gcc/arm-linux-androideabi/4.8/lto-wrapper
Target: arm-linux-androideabi
Configured with: /s/ndk-toolchain/src/build/../gcc/gcc-4.8/configure --prefix=/tmp/ndk-andrewhsieh/build/toolchain/prefix --target=arm-linux-androideabi --host=x86_64-linux-gnu --build=x86_64-linux-gnu --with-gnu-as --with-gnu-ld --enable-languages=c,c++ --with-gmp=/tmp/ndk-andrewhsieh/build/toolchain/temp-install --with-mpfr=/tmp/ndk-andrewhsieh/build/toolchain/temp-install --with-mpc=/tmp/ndk-andrewhsieh/build/toolchain/temp-install --with-cloog=/tmp/ndk-andrewhsieh/build/toolchain/temp-install --with-isl=/tmp/ndk-andrewhsieh/build/toolchain/temp-install --with-ppl=/tmp/ndk-andrewhsieh/build/toolchain/temp-install --disable-ppl-version-check --disable-cloog-version-check --disable-isl-version-check --enable-cloog-backend=isl --with-host-libstdcxx='-static-libgcc -Wl,-Bstatic,-lstdc++,-Bdynamic -lm' --disable-libssp --enable-threads --disable-nls --disable-libmudflap --disable-libgomp --disable-libstdc__-v3 --disable-sjlj-exceptions --disable-shared --disable-tls --disable-libitm --with-float=soft --with-fpu=vfp --with-arch=armv5te --enable-target-optspace --enable-initfini-array --disable-nls --prefix=/tmp/ndk-andrewhsieh/build/toolchain/prefix --with-sysroot=/tmp/ndk-andrewhsieh/build/toolchain/prefix/sysroot --with-binutils-version=2.23 --with-mpfr-version=3.1.1 --with-mpc-version=1.0.1 --with-gmp-version=5.0.5 --with-gcc-version=4.8 --with-gdb-version=7.3.x --with-python=/usr/local/google/home/andrewhsieh/mydroid/ndk/prebuilt/linux-x86_64/bin/python-config.sh --with-gxx-include-dir=/tmp/ndk-andrewhsieh/build/toolchain/prefix/include/c++/4.8 --with-bugurl=http://source.android.com/source/report-bugs.html --disable-bootstrap --disable-libquadmath --enable-plugins --enable-libgomp --disable-libsanitizer --enable-gold --enable-graphite=yes --with-cloog-version=0.18.0 --with-isl-version=0.11.1 --with-arch=armv5te --program-transform-name='s&^&arm-linux-androideabi-&' --enable-gold=default
Thread model: posix
gcc version 4.8 (GCC) 
configure:3532: $? = 0
configure:3521: arm-linux-androideabi-gcc --sysroot=/home/ddt/Documents/android-sdk/android-ndk-r9/platforms/android-9/arch-arm -V >&5
arm-linux-androideabi-gcc: error: unrecognized command line option '-V'
arm-linux-androideabi-gcc: fatal error: no input files
compilation terminated.
configure:3532: $? = 1
configure:3521: arm-linux-androideabi-gcc --sysroot=/home/ddt/Documents/android-sdk/android-ndk-r9/platforms/android-9/arch-arm -qversion >&5
arm-linux-androideabi-gcc: error: unrecognized command line option '-qversion'
arm-linux-androideabi-gcc: fatal error: no input files
compilation terminated.
configure:3532: $? = 1
configure:3552: checking whether the C compiler works
configure:3574: arm-linux-androideabi-gcc --sysroot=/home/ddt/Documents/android-sdk/android-ndk-r9/platforms/android-9/arch-arm  -g -mfpu=vfpv3-d16 -mcpu=cortex-a8 -mthumb -mfloat-abi=softfp -O2 -I/home/ddt/Documents/android-sdk/android-ndk-r9/sources/cxx-stl/gnu-libstdc++/4.8/include -I/home/ddt/Documents/android-sdk/android-ndk-r9/sources/cxx-stl/gnu-libstdc++/4.8/libs/armeabi-v7a/include -I/home/ddt/Documents/VLC0924/android/vlc/contrib/arm-linux-androideabi/include -g -O3  -g -mfpu=vfpv3-d16 -mcpu=cortex-a8 -mthumb -mfloat-abi=softfp -O2 -I/home/ddt/Documents/android-sdk/android-ndk-r9/sources/cxx-stl/gnu-libstdc++/4.8/include -I/home/ddt/Documents/android-sdk/android-ndk-r9/sources/cxx-stl/gnu-libstdc++/4.8/libs/armeabi-v7a/include -I/home/ddt/Documents/VLC0924/android/vlc/contrib/arm-linux-androideabi/include  -L/home/ddt/Documents/VLC0924/android/vlc/contrib/arm-linux-androideabi/lib conftest.c  >&5
configure:3578: $? = 0
configure:3627: result: yes
configure:3630: checking for C compiler default output file name
configure:3632: result: a.out
configure:3638: checking for suffix of executables
configure:3645: arm-linux-androideabi-gcc --sysroot=/home/ddt/Documents/android-sdk/android-ndk-r9/platforms/android-9/arch-arm -o conftest  -g -mfpu=vfpv3-d16 -mcpu=cortex-a8 -mthumb -mfloat-abi=softfp -O2 -I/home/ddt/Documents/android-sdk/android-ndk-r9/sources/cxx-stl/gnu-libstdc++/4.8/include -I/home/ddt/Documents/android-sdk/android-ndk-r9/sources/cxx-stl/gnu-libstdc++/4.8/libs/armeabi-v7a/include -I/home/ddt/Documents/VLC0924/android/vlc/contrib/arm-linux-androideabi/include -g -O3  -g -mfpu=vfpv3-d16 -mcpu=cortex-a8 -mthumb -mfloat-abi=softfp -O2 -I/home/ddt/Documents/android-sdk/android-ndk-r9/sources/cxx-stl/gnu-libstdc++/4.8/include -I/home/ddt/Documents/android-sdk/android-ndk-r9/sources/cxx-stl/gnu-libstdc++/4.8/libs/armeabi-v7a/include -I/home/ddt/Documents/VLC0924/android/vlc/contrib/arm-linux-androideabi/include  -L/home/ddt/Documents/VLC0924/android/vlc/contrib/arm-linux-androideabi/lib conftest.c  >&5
configure:3649: $? = 0
configure:3671: result: 
configure:3693: checking whether we are cross compiling
configure:3731: result: yes
configure:3736: checking for suffix of object files
configure:3758: arm-linux-androideabi-gcc --sysroot=/home/ddt/Documents/android-sdk/android-ndk-r9/platforms/android-9/arch-arm -c  -g -mfpu=vfpv3-d16 -mcpu=cortex-a8 -mthumb -mfloat-abi=softfp -O2 -I/home/ddt/Documents/android-sdk/android-ndk-r9/sources/cxx-stl/gnu-libstdc++/4.8/include -I/home/ddt/Documents/android-sdk/android-ndk-r9/sources/cxx-stl/gnu-libstdc++/4.8/libs/armeabi-v7a/include -I/home/ddt/Documents/VLC0924/android/vlc/contrib/arm-linux-androideabi/include -g -O3  -g -mfpu=vfpv3-d16 -mcpu=cortex-a8 -mthumb -mfloat-abi=softfp -O2 -I/home/ddt/Documents/android-sdk/android-ndk-r9/sources/cxx-stl/gnu-libstdc++/4.8/include -I/home/ddt/Documents/android-sdk/android-ndk-r9/sources/cxx-stl/gnu-libstdc++/4.8/libs/armeabi-v7a/include -I/home/ddt/Documents/VLC0924/android/vlc/contrib/arm-linux-androideabi/include conftest.c >&5
configure:3762: $? = 0
configure:3783: result: o
configure:3787: checking whether we are using the GNU C compiler
configure:3806: arm-linux-androideabi-gcc --sysroot=/home/ddt/Documents/android-sdk/android-ndk-r9/platforms/android-9/arch-arm -c  -g -mfpu=vfpv3-d16 -mcpu=cortex-a8 -mthumb -mfloat-abi=softfp -O2 -I/home/ddt/Documents/android-sdk/android-ndk-r9/sources/cxx-stl/gnu-libstdc++/4.8/include -I/home/ddt/Documents/android-sdk/android-ndk-r9/sources/cxx-stl/gnu-libstdc++/4.8/libs/armeabi-v7a/include -I/home/ddt/Documents/VLC0924/android/vlc/contrib/arm-linux-androideabi/include -g -O3  -g -mfpu=vfpv3-d16 -mcpu=cortex-a8 -mthumb -mfloat-abi=softfp -O2 -I/home/ddt/Documents/android-sdk/android-ndk-r9/sources/cxx-stl/gnu-libstdc++/4.8/include -I/home/ddt/Documents/android-sdk/android-ndk-r9/sources/cxx-stl/gnu-libstdc++/4.8/libs/armeabi-v7a/include -I/home/ddt/Documents/VLC0924/android/vlc/contrib/arm-linux-androideabi/include conftest.c >&5
configure:3806: $? = 0
configure:3815: result: yes
configure:3824: checking whether arm-linux-androideabi-gcc --sysroot=/home/ddt/Documents/android-sdk/android-ndk-r9/platforms/android-9/arch-arm accepts -g
configure:3844: arm-linux-androideabi-gcc --sysroot=/home/ddt/Documents/android-sdk/android-ndk-r9/platforms/android-9/arch-arm -c -g  -g -mfpu=vfpv3-d16 -mcpu=cortex-a8 -mthumb -mfloat-abi=softfp -O2 -I/home/ddt/Documents/android-sdk/android-ndk-r9/sources/cxx-stl/gnu-libstdc++/4.8/include -I/home/ddt/Documents/android-sdk/android-ndk-r9/sources/cxx-stl/gnu-libstdc++/4.8/libs/armeabi-v7a/include -I/home/ddt/Documents/VLC0924/android/vlc/contrib/arm-linux-androideabi/include conftest.c >&5
configure:3844: $? = 0
configure:3885: result: yes
configure:3902: checking for arm-linux-androideabi-gcc --sysroot=/home/ddt/Documents/android-sdk/android-ndk-r9/platforms/android-9/arch-arm option to accept ISO C89
configure:3966: arm-linux-androideabi-gcc --sysroot=/home/ddt/Documents/android-sdk/android-ndk-r9/platforms/android-9/arch-arm  -c  -g -mfpu=vfpv3-d16 -mcpu=cortex-a8 -mthumb -mfloat-abi=softfp -O2 -I/home/ddt/Documents/android-sdk/android-ndk-r9/sources/cxx-stl/gnu-libstdc++/4.8/include -I/home/ddt/Documents/android-sdk/android-ndk-r9/sources/cxx-stl/gnu-libstdc++/4.8/libs/armeabi-v7a/include -I/home/ddt/Documents/VLC0924/android/vlc/contrib/arm-linux-androideabi/include -g -O3  -g -mfpu=vfpv3-d16 -mcpu=cortex-a8 -mthumb -mfloat-abi=softfp -O2 -I/home/ddt/Documents/android-sdk/android-ndk-r9/sources/cxx-stl/gnu-libstdc++/4.8/include -I/home/ddt/Documents/android-sdk/android-ndk-r9/sources/cxx-stl/gnu-libstdc++/4.8/libs/armeabi-v7a/include -I/home/ddt/Documents/VLC0924/android/vlc/contrib/arm-linux-androideabi/include conftest.c >&5
configure:3966: $? = 0
configure:3979: result: none needed
configure:4001: checking dependency style of arm-linux-androideabi-gcc --sysroot=/home/ddt/Documents/android-sdk/android-ndk-r9/platforms/android-9/arch-arm
configure:4111: result: none
configure:4126: checking for a sed that does not truncate output
configure:4190: result: /bin/sed
configure:4208: checking for grep that handles long lines and -e
configure:4266: result: /bin/grep
configure:4271: checking for egrep
configure:4333: result: /bin/grep -E
configure:4338: checking for fgrep
configure:4400: result: /bin/grep -F
configure:4435: checking for ld used by arm-linux-androideabi-gcc --sysroot=/home/ddt/Documents/android-sdk/android-ndk-r9/platforms/android-9/arch-arm
configure:4502: result: arm-linux-androideabi-ld
configure:4509: checking if the linker (arm-linux-androideabi-ld) is GNU ld
configure:4524: result: yes
configure:4536: checking for BSD- or MS-compatible name lister (nm)
configure:4585: result: /home/ddt/Documents/android-sdk/android-ndk-r9/toolchains/arm-linux-androideabi-4.8/prebuilt/linux-x86_64/bin/arm-linux-androideabi-nm -B
configure:4703: checking the name lister (/home/ddt/Documents/android-sdk/android-ndk-r9/toolchains/arm-linux-androideabi-4.8/prebuilt/linux-x86_64/bin/arm-linux-androideabi-nm -B) interface
configure:4710: arm-linux-androideabi-gcc --sysroot=/home/ddt/Documents/android-sdk/android-ndk-r9/platforms/android-9/arch-arm -c  -g -mfpu=vfpv3-d16 -mcpu=cortex-a8 -mthumb -mfloat-abi=softfp -O2 -I/home/ddt/Documents/android-sdk/android-ndk-r9/sources/cxx-stl/gnu-libstdc++/4.8/include -I/home/ddt/Documents/android-sdk/android-ndk-r9/sources/cxx-stl/gnu-libstdc++/4.8/libs/armeabi-v7a/include -I/home/ddt/Documents/VLC0924/android/vlc/contrib/arm-linux-androideabi/include -g -O3  -g -mfpu=vfpv3-d16 -mcpu=cortex-a8 -mthumb -mfloat-abi=softfp -O2 -I/home/ddt/Documents/android-sdk/android-ndk-r9/sources/cxx-stl/gnu-libstdc++/4.8/include -I/home/ddt/Documents/android-sdk/android-ndk-r9/sources/cxx-stl/gnu-libstdc++/4.8/libs/armeabi-v7a/include -I/home/ddt/Documents/VLC0924/android/vlc/contrib/arm-linux-androideabi/include conftest.c >&5
configure:4713: /home/ddt/Documents/android-sdk/android-ndk-r9/toolchains/arm-linux-androideabi-4.8/prebuilt/linux-x86_64/bin/arm-linux-androideabi-nm -B "conftest.o"
configure:4716: output
00000000 B some_variable
configure:4723: result: BSD nm
configure:4726: checking whether ln -s works
configure:4730: result: yes
configure:4738: checking the maximum length of command line arguments
configure:4858: result: 3458764513820540925
configure:4875: checking whether the shell understands some XSI constructs
configure:4885: result: yes
configure:4889: checking whether the shell understands "+="
configure:4895: result: yes
configure:4930: checking for arm-linux-androideabi-ld option to reload object files
configure:4937: result: -r
configure:4966: checking for arm-linux-androideabi-objdump
configure:4982: found /home/ddt/Documents/android-sdk/android-ndk-r9/toolchains/arm-linux-androideabi-4.8/prebuilt/linux-x86_64/bin/arm-linux-androideabi-objdump
configure:4993: result: arm-linux-androideabi-objdump
configure:5065: checking how to recognize dependent libraries
configure:5261: result: pass_all
configure:5281: checking for arm-linux-androideabi-ar
configure:5308: result: arm-linux-androideabi-ar
configure:5386: checking for arm-linux-androideabi-strip
configure:5413: result: arm-linux-androideabi-strip
configure:5485: checking for arm-linux-androideabi-ranlib
configure:5512: result: arm-linux-androideabi-ranlib
configure:5642: checking command to parse /home/ddt/Documents/android-sdk/android-ndk-r9/toolchains/arm-linux-androideabi-4.8/prebuilt/linux-x86_64/bin/arm-linux-androideabi-nm -B output from arm-linux-androideabi-gcc --sysroot=/home/ddt/Documents/android-sdk/android-ndk-r9/platforms/android-9/arch-arm object
configure:5760: arm-linux-androideabi-gcc --sysroot=/home/ddt/Documents/android-sdk/android-ndk-r9/platforms/android-9/arch-arm -c  -g -mfpu=vfpv3-d16 -mcpu=cortex-a8 -mthumb -mfloat-abi=softfp -O2 -I/home/ddt/Documents/android-sdk/android-ndk-r9/sources/cxx-stl/gnu-libstdc++/4.8/include -I/home/ddt/Documents/android-sdk/android-ndk-r9/sources/cxx-stl/gnu-libstdc++/4.8/libs/armeabi-v7a/include -I/home/ddt/Documents/VLC0924/android/vlc/contrib/arm-linux-androideabi/include -g -O3  -g -mfpu=vfpv3-d16 -mcpu=cortex-a8 -mthumb -mfloat-abi=softfp -O2 -I/home/ddt/Documents/android-sdk/android-ndk-r9/sources/cxx-stl/gnu-libstdc++/4.8/include -I/home/ddt/Documents/android-sdk/android-ndk-r9/sources/cxx-stl/gnu-libstdc++/4.8/libs/armeabi-v7a/include -I/home/ddt/Documents/VLC0924/android/vlc/contrib/arm-linux-androideabi/include conftest.c >&5
configure:5763: $? = 0
configure:5767: /home/ddt/Documents/android-sdk/android-ndk-r9/toolchains/arm-linux-androideabi-4.8/prebuilt/linux-x86_64/bin/arm-linux-androideabi-nm -B conftest.o \| sed -n -e 's/^.*[	 ]\([ABCDGIRSTW][ABCDGIRSTW]*\)[	 ][	 ]*\([_A-Za-z][_A-Za-z0-9]*\)$/\1 \2 \2/p' \> conftest.nm
configure:5770: $? = 0
configure:5824: arm-linux-androideabi-gcc --sysroot=/home/ddt/Documents/android-sdk/android-ndk-r9/platforms/android-9/arch-arm -o conftest  -g -mfpu=vfpv3-d16 -mcpu=cortex-a8 -mthumb -mfloat-abi=softfp -O2 -I/home/ddt/Documents/android-sdk/android-ndk-r9/sources/cxx-stl/gnu-libstdc++/4.8/include -I/home/ddt/Documents/android-sdk/android-ndk-r9/sources/cxx-stl/gnu-libstdc++/4.8/libs/armeabi-v7a/include -I/home/ddt/Documents/VLC0924/android/vlc/contrib/arm-linux-androideabi/include -g -O3  -g -mfpu=vfpv3-d16 -mcpu=cortex-a8 -mthumb -mfloat-abi=softfp -O2 -I/home/ddt/Documents/android-sdk/android-ndk-r9/sources/cxx-stl/gnu-libstdc++/4.8/include -I/home/ddt/Documents/android-sdk/android-ndk-r9/sources/cxx-stl/gnu-libstdc++/4.8/libs/armeabi-v7a/include -I/home/ddt/Documents/VLC0924/android/vlc/contrib/arm-linux-androideabi/include  -L/home/ddt/Documents/VLC0924/android/vlc/contrib/arm-linux-androideabi/lib conftest.c conftstm.o >&5
configure:5827: $? = 0
configure:5865: result: ok
configure:6674: checking how to run the C preprocessor
configure:6705: arm-linux-androideabi-gcc --sysroot=/home/ddt/Documents/android-sdk/android-ndk-r9/platforms/android-9/arch-arm -E  -g -mfpu=vfpv3-d16 -mcpu=cortex-a8 -mthumb -mfloat-abi=softfp -O2 -I/home/ddt/Documents/android-sdk/android-ndk-r9/sources/cxx-stl/gnu-libstdc++/4.8/include -I/home/ddt/Documents/android-sdk/android-ndk-r9/sources/cxx-stl/gnu-libstdc++/4.8/libs/armeabi-v7a/include -I/home/ddt/Documents/VLC0924/android/vlc/contrib/arm-linux-androideabi/include conftest.c
configure:6705: $? = 0
configure:6719: arm-linux-androideabi-gcc --sysroot=/home/ddt/Documents/android-sdk/android-ndk-r9/platforms/android-9/arch-arm -E  -g -mfpu=vfpv3-d16 -mcpu=cortex-a8 -mthumb -mfloat-abi=softfp -O2 -I/home/ddt/Documents/android-sdk/android-ndk-r9/sources/cxx-stl/gnu-libstdc++/4.8/include -I/home/ddt/Documents/android-sdk/android-ndk-r9/sources/cxx-stl/gnu-libstdc++/4.8/libs/armeabi-v7a/include -I/home/ddt/Documents/VLC0924/android/vlc/contrib/arm-linux-androideabi/include conftest.c
conftest.c:11:28: fatal error: ac_nonexistent.h: No such file or directory
 #include <ac_nonexistent.h>
                            ^
compilation terminated.
configure:6719: $? = 1
configure: failed program was:
| /* confdefs.h */
| #define PACKAGE_NAME "libass"
| #define PACKAGE_TARNAME "libass"
| #define PACKAGE_VERSION "0.10.1"
| #define PACKAGE_STRING "libass 0.10.1"
| #define PACKAGE_BUGREPORT ""
| #define PACKAGE_URL ""
| #define PACKAGE "libass"
| #define VERSION "0.10.1"
| /* end confdefs.h.  */
| #include <ac_nonexistent.h>
configure:6744: result: arm-linux-androideabi-gcc --sysroot=/home/ddt/Documents/android-sdk/android-ndk-r9/platforms/android-9/arch-arm -E
configure:6764: arm-linux-androideabi-gcc --sysroot=/home/ddt/Documents/android-sdk/android-ndk-r9/platforms/android-9/arch-arm -E  -g -mfpu=vfpv3-d16 -mcpu=cortex-a8 -mthumb -mfloat-abi=softfp -O2 -I/home/ddt/Documents/android-sdk/android-ndk-r9/sources/cxx-stl/gnu-libstdc++/4.8/include -I/home/ddt/Documents/android-sdk/android-ndk-r9/sources/cxx-stl/gnu-libstdc++/4.8/libs/armeabi-v7a/include -I/home/ddt/Documents/VLC0924/android/vlc/contrib/arm-linux-androideabi/include conftest.c
configure:6764: $? = 0
configure:6778: arm-linux-androideabi-gcc --sysroot=/home/ddt/Documents/android-sdk/android-ndk-r9/platforms/android-9/arch-arm -E  -g -mfpu=vfpv3-d16 -mcpu=cortex-a8 -mthumb -mfloat-abi=softfp -O2 -I/home/ddt/Documents/android-sdk/android-ndk-r9/sources/cxx-stl/gnu-libstdc++/4.8/include -I/home/ddt/Documents/android-sdk/android-ndk-r9/sources/cxx-stl/gnu-libstdc++/4.8/libs/armeabi-v7a/include -I/home/ddt/Documents/VLC0924/android/vlc/contrib/arm-linux-androideabi/include conftest.c
conftest.c:11:28: fatal error: ac_nonexistent.h: No such file or directory
 #include <ac_nonexistent.h>
                            ^
compilation terminated.
configure:6778: $? = 1
configure: failed program was:
| /* confdefs.h */
| #define PACKAGE_NAME "libass"
| #define PACKAGE_TARNAME "libass"
| #define PACKAGE_VERSION "0.10.1"
| #define PACKAGE_STRING "libass 0.10.1"
| #define PACKAGE_BUGREPORT ""
| #define PACKAGE_URL ""
| #define PACKAGE "libass"
| #define VERSION "0.10.1"
| /* end confdefs.h.  */
| #include <ac_nonexistent.h>
configure:6807: checking for ANSI C header files
configure:6827: arm-linux-androideabi-gcc --sysroot=/home/ddt/Documents/android-sdk/android-ndk-r9/platforms/android-9/arch-arm -c  -g -mfpu=vfpv3-d16 -mcpu=cortex-a8 -mthumb -mfloat-abi=softfp -O2 -I/home/ddt/Documents/android-sdk/android-ndk-r9/sources/cxx-stl/gnu-libstdc++/4.8/include -I/home/ddt/Documents/android-sdk/android-ndk-r9/sources/cxx-stl/gnu-libstdc++/4.8/libs/armeabi-v7a/include -I/home/ddt/Documents/VLC0924/android/vlc/contrib/arm-linux-androideabi/include -g -O3  -g -mfpu=vfpv3-d16 -mcpu=cortex-a8 -mthumb -mfloat-abi=softfp -O2 -I/home/ddt/Documents/android-sdk/android-ndk-r9/sources/cxx-stl/gnu-libstdc++/4.8/include -I/home/ddt/Documents/android-sdk/android-ndk-r9/sources/cxx-stl/gnu-libstdc++/4.8/libs/armeabi-v7a/include -I/home/ddt/Documents/VLC0924/android/vlc/contrib/arm-linux-androideabi/include conftest.c >&5
configure:6827: $? = 0
configure:6911: result: yes
configure:6924: checking for sys/types.h
configure:6924: arm-linux-androideabi-gcc --sysroot=/home/ddt/Documents/android-sdk/android-ndk-r9/platforms/android-9/arch-arm -c  -g -mfpu=vfpv3-d16 -mcpu=cortex-a8 -mthumb -mfloat-abi=softfp -O2 -I/home/ddt/Documents/android-sdk/android-ndk-r9/sources/cxx-stl/gnu-libstdc++/4.8/include -I/home/ddt/Documents/android-sdk/android-ndk-r9/sources/cxx-stl/gnu-libstdc++/4.8/libs/armeabi-v7a/include -I/home/ddt/Documents/VLC0924/android/vlc/contrib/arm-linux-androideabi/include -g -O3  -g -mfpu=vfpv3-d16 -mcpu=cortex-a8 -mthumb -mfloat-abi=softfp -O2 -I/home/ddt/Documents/android-sdk/android-ndk-r9/sources/cxx-stl/gnu-libstdc++/4.8/include -I/home/ddt/Documents/android-sdk/android-ndk-r9/sources/cxx-stl/gnu-libstdc++/4.8/libs/armeabi-v7a/include -I/home/ddt/Documents/VLC0924/android/vlc/contrib/arm-linux-androideabi/include conftest.c >&5
configure:6924: $? = 0
configure:6924: result: yes
configure:6924: checking for sys/stat.h
configure:6924: arm-linux-androideabi-gcc --sysroot=/home/ddt/Documents/android-sdk/android-ndk-r9/platforms/android-9/arch-arm -c  -g -mfpu=vfpv3-d16 -mcpu=cortex-a8 -mthumb -mfloat-abi=softfp -O2 -I/home/ddt/Documents/android-sdk/android-ndk-r9/sources/cxx-stl/gnu-libstdc++/4.8/include -I/home/ddt/Documents/android-sdk/android-ndk-r9/sources/cxx-stl/gnu-libstdc++/4.8/libs/armeabi-v7a/include -I/home/ddt/Documents/VLC0924/android/vlc/contrib/arm-linux-androideabi/include -g -O3  -g -mfpu=vfpv3-d16 -mcpu=cortex-a8 -mthumb -mfloat-abi=softfp -O2 -I/home/ddt/Documents/android-sdk/android-ndk-r9/sources/cxx-stl/gnu-libstdc++/4.8/include -I/home/ddt/Documents/android-sdk/android-ndk-r9/sources/cxx-stl/gnu-libstdc++/4.8/libs/armeabi-v7a/include -I/home/ddt/Documents/VLC0924/android/vlc/contrib/arm-linux-androideabi/include conftest.c >&5
configure:6924: $? = 0
configure:6924: result: yes
configure:6924: checking for stdlib.h
configure:6924: arm-linux-androideabi-gcc --sysroot=/home/ddt/Documents/android-sdk/android-ndk-r9/platforms/android-9/arch-arm -c  -g -mfpu=vfpv3-d16 -mcpu=cortex-a8 -mthumb -mfloat-abi=softfp -O2 -I/home/ddt/Documents/android-sdk/android-ndk-r9/sources/cxx-stl/gnu-libstdc++/4.8/include -I/home/ddt/Documents/android-sdk/android-ndk-r9/sources/cxx-stl/gnu-libstdc++/4.8/libs/armeabi-v7a/include -I/home/ddt/Documents/VLC0924/android/vlc/contrib/arm-linux-androideabi/include -g -O3  -g -mfpu=vfpv3-d16 -mcpu=cortex-a8 -mthumb -mfloat-abi=softfp -O2 -I/home/ddt/Documents/android-sdk/android-ndk-r9/sources/cxx-stl/gnu-libstdc++/4.8/include -I/home/ddt/Documents/android-sdk/android-ndk-r9/sources/cxx-stl/gnu-libstdc++/4.8/libs/armeabi-v7a/include -I/home/ddt/Documents/VLC0924/android/vlc/contrib/arm-linux-androideabi/include conftest.c >&5
configure:6924: $? = 0
configure:6924: result: yes
configure:6924: checking for string.h
configure:6924: arm-linux-androideabi-gcc --sysroot=/home/ddt/Documents/android-sdk/android-ndk-r9/platforms/android-9/arch-arm -c  -g -mfpu=vfpv3-d16 -mcpu=cortex-a8 -mthumb -mfloat-abi=softfp -O2 -I/home/ddt/Documents/android-sdk/android-ndk-r9/sources/cxx-stl/gnu-libstdc++/4.8/include -I/home/ddt/Documents/android-sdk/android-ndk-r9/sources/cxx-stl/gnu-libstdc++/4.8/libs/armeabi-v7a/include -I/home/ddt/Documents/VLC0924/android/vlc/contrib/arm-linux-androideabi/include -g -O3  -g -mfpu=vfpv3-d16 -mcpu=cortex-a8 -mthumb -mfloat-abi=softfp -O2 -I/home/ddt/Documents/android-sdk/android-ndk-r9/sources/cxx-stl/gnu-libstdc++/4.8/include -I/home/ddt/Documents/android-sdk/android-ndk-r9/sources/cxx-stl/gnu-libstdc++/4.8/libs/armeabi-v7a/include -I/home/ddt/Documents/VLC0924/android/vlc/contrib/arm-linux-androideabi/include conftest.c >&5
configure:6924: $? = 0
configure:6924: result: yes
configure:6924: checking for memory.h
configure:6924: arm-linux-androideabi-gcc --sysroot=/home/ddt/Documents/android-sdk/android-ndk-r9/platforms/android-9/arch-arm -c  -g -mfpu=vfpv3-d16 -mcpu=cortex-a8 -mthumb -mfloat-abi=softfp -O2 -I/home/ddt/Documents/android-sdk/android-ndk-r9/sources/cxx-stl/gnu-libstdc++/4.8/include -I/home/ddt/Documents/android-sdk/android-ndk-r9/sources/cxx-stl/gnu-libstdc++/4.8/libs/armeabi-v7a/include -I/home/ddt/Documents/VLC0924/android/vlc/contrib/arm-linux-androideabi/include -g -O3  -g -mfpu=vfpv3-d16 -mcpu=cortex-a8 -mthumb -mfloat-abi=softfp -O2 -I/home/ddt/Documents/android-sdk/android-ndk-r9/sources/cxx-stl/gnu-libstdc++/4.8/include -I/home/ddt/Documents/android-sdk/android-ndk-r9/sources/cxx-stl/gnu-libstdc++/4.8/libs/armeabi-v7a/include -I/home/ddt/Documents/VLC0924/android/vlc/contrib/arm-linux-androideabi/include conftest.c >&5
configure:6924: $? = 0
configure:6924: result: yes
configure:6924: checking for strings.h
configure:6924: arm-linux-androideabi-gcc --sysroot=/home/ddt/Documents/android-sdk/android-ndk-r9/platforms/android-9/arch-arm -c  -g -mfpu=vfpv3-d16 -mcpu=cortex-a8 -mthumb -mfloat-abi=softfp -O2 -I/home/ddt/Documents/android-sdk/android-ndk-r9/sources/cxx-stl/gnu-libstdc++/4.8/include -I/home/ddt/Documents/android-sdk/android-ndk-r9/sources/cxx-stl/gnu-libstdc++/4.8/libs/armeabi-v7a/include -I/home/ddt/Documents/VLC0924/android/vlc/contrib/arm-linux-androideabi/include -g -O3  -g -mfpu=vfpv3-d16 -mcpu=cortex-a8 -mthumb -mfloat-abi=softfp -O2 -I/home/ddt/Documents/android-sdk/android-ndk-r9/sources/cxx-stl/gnu-libstdc++/4.8/include -I/home/ddt/Documents/android-sdk/android-ndk-r9/sources/cxx-stl/gnu-libstdc++/4.8/libs/armeabi-v7a/include -I/home/ddt/Documents/VLC0924/android/vlc/contrib/arm-linux-androideabi/include conftest.c >&5
configure:6924: $? = 0
configure:6924: result: yes
configure:6924: checking for inttypes.h
configure:6924: arm-linux-androideabi-gcc --sysroot=/home/ddt/Documents/android-sdk/android-ndk-r9/platforms/android-9/arch-arm -c  -g -mfpu=vfpv3-d16 -mcpu=cortex-a8 -mthumb -mfloat-abi=softfp -O2 -I/home/ddt/Documents/android-sdk/android-ndk-r9/sources/cxx-stl/gnu-libstdc++/4.8/include -I/home/ddt/Documents/android-sdk/android-ndk-r9/sources/cxx-stl/gnu-libstdc++/4.8/libs/armeabi-v7a/include -I/home/ddt/Documents/VLC0924/android/vlc/contrib/arm-linux-androideabi/include -g -O3  -g -mfpu=vfpv3-d16 -mcpu=cortex-a8 -mthumb -mfloat-abi=softfp -O2 -I/home/ddt/Documents/android-sdk/android-ndk-r9/sources/cxx-stl/gnu-libstdc++/4.8/include -I/home/ddt/Documents/android-sdk/android-ndk-r9/sources/cxx-stl/gnu-libstdc++/4.8/libs/armeabi-v7a/include -I/home/ddt/Documents/VLC0924/android/vlc/contrib/arm-linux-androideabi/include conftest.c >&5
configure:6924: $? = 0
configure:6924: result: yes
configure:6924: checking for stdint.h
configure:6924: arm-linux-androideabi-gcc --sysroot=/home/ddt/Documents/android-sdk/android-ndk-r9/platforms/android-9/arch-arm -c  -g -mfpu=vfpv3-d16 -mcpu=cortex-a8 -mthumb -mfloat-abi=softfp -O2 -I/home/ddt/Documents/android-sdk/android-ndk-r9/sources/cxx-stl/gnu-libstdc++/4.8/include -I/home/ddt/Documents/android-sdk/android-ndk-r9/sources/cxx-stl/gnu-libstdc++/4.8/libs/armeabi-v7a/include -I/home/ddt/Documents/VLC0924/android/vlc/contrib/arm-linux-androideabi/include -g -O3  -g -mfpu=vfpv3-d16 -mcpu=cortex-a8 -mthumb -mfloat-abi=softfp -O2 -I/home/ddt/Documents/android-sdk/android-ndk-r9/sources/cxx-stl/gnu-libstdc++/4.8/include -I/home/ddt/Documents/android-sdk/android-ndk-r9/sources/cxx-stl/gnu-libstdc++/4.8/libs/armeabi-v7a/include -I/home/ddt/Documents/VLC0924/android/vlc/contrib/arm-linux-androideabi/include conftest.c >&5
configure:6924: $? = 0
configure:6924: result: yes
configure:6924: checking for unistd.h
configure:6924: arm-linux-androideabi-gcc --sysroot=/home/ddt/Documents/android-sdk/android-ndk-r9/platforms/android-9/arch-arm -c  -g -mfpu=vfpv3-d16 -mcpu=cortex-a8 -mthumb -mfloat-abi=softfp -O2 -I/home/ddt/Documents/android-sdk/android-ndk-r9/sources/cxx-stl/gnu-libstdc++/4.8/include -I/home/ddt/Documents/android-sdk/android-ndk-r9/sources/cxx-stl/gnu-libstdc++/4.8/libs/armeabi-v7a/include -I/home/ddt/Documents/VLC0924/android/vlc/contrib/arm-linux-androideabi/include -g -O3  -g -mfpu=vfpv3-d16 -mcpu=cortex-a8 -mthumb -mfloat-abi=softfp -O2 -I/home/ddt/Documents/android-sdk/android-ndk-r9/sources/cxx-stl/gnu-libstdc++/4.8/include -I/home/ddt/Documents/android-sdk/android-ndk-r9/sources/cxx-stl/gnu-libstdc++/4.8/libs/armeabi-v7a/include -I/home/ddt/Documents/VLC0924/android/vlc/contrib/arm-linux-androideabi/include conftest.c >&5
configure:6924: $? = 0
configure:6924: result: yes
configure:6939: checking for dlfcn.h
configure:6939: arm-linux-androideabi-gcc --sysroot=/home/ddt/Documents/android-sdk/android-ndk-r9/platforms/android-9/arch-arm -c  -g -mfpu=vfpv3-d16 -mcpu=cortex-a8 -mthumb -mfloat-abi=softfp -O2 -I/home/ddt/Documents/android-sdk/android-ndk-r9/sources/cxx-stl/gnu-libstdc++/4.8/include -I/home/ddt/Documents/android-sdk/android-ndk-r9/sources/cxx-stl/gnu-libstdc++/4.8/libs/armeabi-v7a/include -I/home/ddt/Documents/VLC0924/android/vlc/contrib/arm-linux-androideabi/include -g -O3  -g -mfpu=vfpv3-d16 -mcpu=cortex-a8 -mthumb -mfloat-abi=softfp -O2 -I/home/ddt/Documents/android-sdk/android-ndk-r9/sources/cxx-stl/gnu-libstdc++/4.8/include -I/home/ddt/Documents/android-sdk/android-ndk-r9/sources/cxx-stl/gnu-libstdc++/4.8/libs/armeabi-v7a/include -I/home/ddt/Documents/VLC0924/android/vlc/contrib/arm-linux-androideabi/include conftest.c >&5
configure:6939: $? = 0
configure:6939: result: yes
configure:7123: checking for objdir
configure:7138: result: .libs
configure:7434: checking if arm-linux-androideabi-gcc --sysroot=/home/ddt/Documents/android-sdk/android-ndk-r9/platforms/android-9/arch-arm supports -fno-rtti -fno-exceptions
configure:7452: arm-linux-androideabi-gcc --sysroot=/home/ddt/Documents/android-sdk/android-ndk-r9/platforms/android-9/arch-arm -c  -g -mfpu=vfpv3-d16 -mcpu=cortex-a8 -mthumb -mfloat-abi=softfp -O2 -I/home/ddt/Documents/android-sdk/android-ndk-r9/sources/cxx-stl/gnu-libstdc++/4.8/include -I/home/ddt/Documents/android-sdk/android-ndk-r9/sources/cxx-stl/gnu-libstdc++/4.8/libs/armeabi-v7a/include -I/home/ddt/Documents/VLC0924/android/vlc/contrib/arm-linux-androideabi/include -g -O3  -g -mfpu=vfpv3-d16 -mcpu=cortex-a8 -mthumb -mfloat-abi=softfp -O2 -I/home/ddt/Documents/android-sdk/android-ndk-r9/sources/cxx-stl/gnu-libstdc++/4.8/include -I/home/ddt/Documents/android-sdk/android-ndk-r9/sources/cxx-stl/gnu-libstdc++/4.8/libs/armeabi-v7a/include -I/home/ddt/Documents/VLC0924/android/vlc/contrib/arm-linux-androideabi/include -fno-rtti -fno-exceptions conftest.c >&5
cc1: warning: command line option '-fno-rtti' is valid for C++/ObjC++ but not for C [enabled by default]
configure:7456: $? = 0
configure:7469: result: no
configure:7489: checking for arm-linux-androideabi-gcc --sysroot=/home/ddt/Documents/android-sdk/android-ndk-r9/platforms/android-9/arch-arm option to produce PIC
configure:7761: result: -fPIC -DPIC
configure:7773: checking if arm-linux-androideabi-gcc --sysroot=/home/ddt/Documents/android-sdk/android-ndk-r9/platforms/android-9/arch-arm PIC flag -fPIC -DPIC works
configure:7791: arm-linux-androideabi-gcc --sysroot=/home/ddt/Documents/android-sdk/android-ndk-r9/platforms/android-9/arch-arm -c  -g -mfpu=vfpv3-d16 -mcpu=cortex-a8 -mthumb -mfloat-abi=softfp -O2 -I/home/ddt/Documents/android-sdk/android-ndk-r9/sources/cxx-stl/gnu-libstdc++/4.8/include -I/home/ddt/Documents/android-sdk/android-ndk-r9/sources/cxx-stl/gnu-libstdc++/4.8/libs/armeabi-v7a/include -I/home/ddt/Documents/VLC0924/android/vlc/contrib/arm-linux-androideabi/include -g -O3  -g -mfpu=vfpv3-d16 -mcpu=cortex-a8 -mthumb -mfloat-abi=softfp -O2 -I/home/ddt/Documents/android-sdk/android-ndk-r9/sources/cxx-stl/gnu-libstdc++/4.8/include -I/home/ddt/Documents/android-sdk/android-ndk-r9/sources/cxx-stl/gnu-libstdc++/4.8/libs/armeabi-v7a/include -I/home/ddt/Documents/VLC0924/android/vlc/contrib/arm-linux-androideabi/include -fPIC -DPIC -DPIC conftest.c >&5
configure:7795: $? = 0
configure:7808: result: yes
configure:7832: checking if arm-linux-androideabi-gcc --sysroot=/home/ddt/Documents/android-sdk/android-ndk-r9/platforms/android-9/arch-arm static flag -static works
configure:7860: result: yes
configure:7875: checking if arm-linux-androideabi-gcc --sysroot=/home/ddt/Documents/android-sdk/android-ndk-r9/platforms/android-9/arch-arm supports -c -o file.o
configure:7896: arm-linux-androideabi-gcc --sysroot=/home/ddt/Documents/android-sdk/android-ndk-r9/platforms/android-9/arch-arm -c  -g -mfpu=vfpv3-d16 -mcpu=cortex-a8 -mthumb -mfloat-abi=softfp -O2 -I/home/ddt/Documents/android-sdk/android-ndk-r9/sources/cxx-stl/gnu-libstdc++/4.8/include -I/home/ddt/Documents/android-sdk/android-ndk-r9/sources/cxx-stl/gnu-libstdc++/4.8/libs/armeabi-v7a/include -I/home/ddt/Documents/VLC0924/android/vlc/contrib/arm-linux-androideabi/include -g -O3  -g -mfpu=vfpv3-d16 -mcpu=cortex-a8 -mthumb -mfloat-abi=softfp -O2 -I/home/ddt/Documents/android-sdk/android-ndk-r9/sources/cxx-stl/gnu-libstdc++/4.8/include -I/home/ddt/Documents/android-sdk/android-ndk-r9/sources/cxx-stl/gnu-libstdc++/4.8/libs/armeabi-v7a/include -I/home/ddt/Documents/VLC0924/android/vlc/contrib/arm-linux-androideabi/include -o out/conftest2.o conftest.c >&5
configure:7900: $? = 0
configure:7922: result: yes
configure:7930: checking if arm-linux-androideabi-gcc --sysroot=/home/ddt/Documents/android-sdk/android-ndk-r9/platforms/android-9/arch-arm supports -c -o file.o
configure:7977: result: yes
configure:8010: checking whether the arm-linux-androideabi-gcc --sysroot=/home/ddt/Documents/android-sdk/android-ndk-r9/platforms/android-9/arch-arm linker (arm-linux-androideabi-ld) supports shared libraries
configure:9001: result: yes
configure:9240: checking dynamic linker characteristics
configure:9673: arm-linux-androideabi-gcc --sysroot=/home/ddt/Documents/android-sdk/android-ndk-r9/platforms/android-9/arch-arm -o conftest  -g -mfpu=vfpv3-d16 -mcpu=cortex-a8 -mthumb -mfloat-abi=softfp -O2 -I/home/ddt/Documents/android-sdk/android-ndk-r9/sources/cxx-stl/gnu-libstdc++/4.8/include -I/home/ddt/Documents/android-sdk/android-ndk-r9/sources/cxx-stl/gnu-libstdc++/4.8/libs/armeabi-v7a/include -I/home/ddt/Documents/VLC0924/android/vlc/contrib/arm-linux-androideabi/include -g -O3  -g -mfpu=vfpv3-d16 -mcpu=cortex-a8 -mthumb -mfloat-abi=softfp -O2 -I/home/ddt/Documents/android-sdk/android-ndk-r9/sources/cxx-stl/gnu-libstdc++/4.8/include -I/home/ddt/Documents/android-sdk/android-ndk-r9/sources/cxx-stl/gnu-libstdc++/4.8/libs/armeabi-v7a/include -I/home/ddt/Documents/VLC0924/android/vlc/contrib/arm-linux-androideabi/include  -L/home/ddt/Documents/VLC0924/android/vlc/contrib/arm-linux-androideabi/lib -Wl,-rpath -Wl,/foo conftest.c  >&5
configure:9673: $? = 0
configure:9903: result: GNU/Linux ld.so
configure:10005: checking how to hardcode library paths into programs
configure:10030: result: immediate
configure:10550: checking whether stripping libraries is possible
configure:10555: result: yes
configure:10590: checking if libtool supports shared libraries
configure:10592: result: yes
configure:10595: checking whether to build shared libraries
configure:10616: result: no
configure:10619: checking whether to build static libraries
configure:10623: result: yes
configure:10671: checking for arm-linux-androideabi-gcc
configure:10698: result: arm-linux-androideabi-gcc --sysroot=/home/ddt/Documents/android-sdk/android-ndk-r9/platforms/android-9/arch-arm
configure:10967: checking for C compiler version
configure:10976: arm-linux-androideabi-gcc --sysroot=/home/ddt/Documents/android-sdk/android-ndk-r9/platforms/android-9/arch-arm --version >&5
arm-linux-androideabi-gcc (GCC) 4.8
Copyright (C) 2013 Free Software Foundation, Inc.
This is free software; see the source for copying conditions.  There is NO
warranty; not even for MERCHANTABILITY or FITNESS FOR A PARTICULAR PURPOSE.

configure:10987: $? = 0
configure:10976: arm-linux-androideabi-gcc --sysroot=/home/ddt/Documents/android-sdk/android-ndk-r9/platforms/android-9/arch-arm -v >&5
Using built-in specs.
COLLECT_GCC=arm-linux-androideabi-gcc
COLLECT_LTO_WRAPPER=/home/ddt/Documents/android-sdk/android-ndk-r9/toolchains/arm-linux-androideabi-4.8/prebuilt/linux-x86_64/bin/../libexec/gcc/arm-linux-androideabi/4.8/lto-wrapper
Target: arm-linux-androideabi
Configured with: /s/ndk-toolchain/src/build/../gcc/gcc-4.8/configure --prefix=/tmp/ndk-andrewhsieh/build/toolchain/prefix --target=arm-linux-androideabi --host=x86_64-linux-gnu --build=x86_64-linux-gnu --with-gnu-as --with-gnu-ld --enable-languages=c,c++ --with-gmp=/tmp/ndk-andrewhsieh/build/toolchain/temp-install --with-mpfr=/tmp/ndk-andrewhsieh/build/toolchain/temp-install --with-mpc=/tmp/ndk-andrewhsieh/build/toolchain/temp-install --with-cloog=/tmp/ndk-andrewhsieh/build/toolchain/temp-install --with-isl=/tmp/ndk-andrewhsieh/build/toolchain/temp-install --with-ppl=/tmp/ndk-andrewhsieh/build/toolchain/temp-install --disable-ppl-version-check --disable-cloog-version-check --disable-isl-version-check --enable-cloog-backend=isl --with-host-libstdcxx='-static-libgcc -Wl,-Bstatic,-lstdc++,-Bdynamic -lm' --disable-libssp --enable-threads --disable-nls --disable-libmudflap --disable-libgomp --disable-libstdc__-v3 --disable-sjlj-exceptions --disable-shared --disable-tls --disable-libitm --with-float=soft --with-fpu=vfp --with-arch=armv5te --enable-target-optspace --enable-initfini-array --disable-nls --prefix=/tmp/ndk-andrewhsieh/build/toolchain/prefix --with-sysroot=/tmp/ndk-andrewhsieh/build/toolchain/prefix/sysroot --with-binutils-version=2.23 --with-mpfr-version=3.1.1 --with-mpc-version=1.0.1 --with-gmp-version=5.0.5 --with-gcc-version=4.8 --with-gdb-version=7.3.x --with-python=/usr/local/google/home/andrewhsieh/mydroid/ndk/prebuilt/linux-x86_64/bin/python-config.sh --with-gxx-include-dir=/tmp/ndk-andrewhsieh/build/toolchain/prefix/include/c++/4.8 --with-bugurl=http://source.android.com/source/report-bugs.html --disable-bootstrap --disable-libquadmath --enable-plugins --enable-libgomp --disable-libsanitizer --enable-gold --enable-graphite=yes --with-cloog-version=0.18.0 --with-isl-version=0.11.1 --with-arch=armv5te --program-transform-name='s&^&arm-linux-androideabi-&' --enable-gold=default
Thread model: posix
gcc version 4.8 (GCC) 
configure:10987: $? = 0
configure:10976: arm-linux-androideabi-gcc --sysroot=/home/ddt/Documents/android-sdk/android-ndk-r9/platforms/android-9/arch-arm -V >&5
arm-linux-androideabi-gcc: error: unrecognized command line option '-V'
arm-linux-androideabi-gcc: fatal error: no input files
compilation terminated.
configure:10987: $? = 1
configure:10976: arm-linux-androideabi-gcc --sysroot=/home/ddt/Documents/android-sdk/android-ndk-r9/platforms/android-9/arch-arm -qversion >&5
arm-linux-androideabi-gcc: error: unrecognized command line option '-qversion'
arm-linux-androideabi-gcc: fatal error: no input files
compilation terminated.
configure:10987: $? = 1
configure:10991: checking whether we are using the GNU C compiler
configure:11019: result: yes
configure:11028: checking whether arm-linux-androideabi-gcc --sysroot=/home/ddt/Documents/android-sdk/android-ndk-r9/platforms/android-9/arch-arm accepts -g
configure:11089: result: yes
configure:11106: checking for arm-linux-androideabi-gcc --sysroot=/home/ddt/Documents/android-sdk/android-ndk-r9/platforms/android-9/arch-arm option to accept ISO C89
configure:11183: result: none needed
configure:11205: checking dependency style of arm-linux-androideabi-gcc --sysroot=/home/ddt/Documents/android-sdk/android-ndk-r9/platforms/android-9/arch-arm
configure:11315: result: none
configure:11335: checking how to run the C preprocessor
configure:11405: result: arm-linux-androideabi-gcc --sysroot=/home/ddt/Documents/android-sdk/android-ndk-r9/platforms/android-9/arch-arm -E
configure:11425: arm-linux-androideabi-gcc --sysroot=/home/ddt/Documents/android-sdk/android-ndk-r9/platforms/android-9/arch-arm -E  -g -mfpu=vfpv3-d16 -mcpu=cortex-a8 -mthumb -mfloat-abi=softfp -O2 -I/home/ddt/Documents/android-sdk/android-ndk-r9/sources/cxx-stl/gnu-libstdc++/4.8/include -I/home/ddt/Documents/android-sdk/android-ndk-r9/sources/cxx-stl/gnu-libstdc++/4.8/libs/armeabi-v7a/include -I/home/ddt/Documents/VLC0924/android/vlc/contrib/arm-linux-androideabi/include conftest.c
configure:11425: $? = 0
configure:11439: arm-linux-androideabi-gcc --sysroot=/home/ddt/Documents/android-sdk/android-ndk-r9/platforms/android-9/arch-arm -E  -g -mfpu=vfpv3-d16 -mcpu=cortex-a8 -mthumb -mfloat-abi=softfp -O2 -I/home/ddt/Documents/android-sdk/android-ndk-r9/sources/cxx-stl/gnu-libstdc++/4.8/include -I/home/ddt/Documents/android-sdk/android-ndk-r9/sources/cxx-stl/gnu-libstdc++/4.8/libs/armeabi-v7a/include -I/home/ddt/Documents/VLC0924/android/vlc/contrib/arm-linux-androideabi/include conftest.c
conftest.c:23:28: fatal error: ac_nonexistent.h: No such file or directory
 #include <ac_nonexistent.h>
                            ^
compilation terminated.
configure:11439: $? = 1
configure: failed program was:
| /* confdefs.h */
| #define PACKAGE_NAME "libass"
| #define PACKAGE_TARNAME "libass"
| #define PACKAGE_VERSION "0.10.1"
| #define PACKAGE_STRING "libass 0.10.1"
| #define PACKAGE_BUGREPORT ""
| #define PACKAGE_URL ""
| #define PACKAGE "libass"
| #define VERSION "0.10.1"
| #define STDC_HEADERS 1
| #define HAVE_SYS_TYPES_H 1
| #define HAVE_SYS_STAT_H 1
| #define HAVE_STDLIB_H 1
| #define HAVE_STRING_H 1
| #define HAVE_MEMORY_H 1
| #define HAVE_STRINGS_H 1
| #define HAVE_INTTYPES_H 1
| #define HAVE_STDINT_H 1
| #define HAVE_UNISTD_H 1
| #define HAVE_DLFCN_H 1
| #define LT_OBJDIR ".libs/"
| /* end confdefs.h.  */
| #include <ac_nonexistent.h>
configure:11468: checking whether arm-linux-androideabi-gcc --sysroot=/home/ddt/Documents/android-sdk/android-ndk-r9/platforms/android-9/arch-arm and cc understand -c and -o together
configure:11499: arm-linux-androideabi-gcc --sysroot=/home/ddt/Documents/android-sdk/android-ndk-r9/platforms/android-9/arch-arm -c conftest.c -o conftest2.o >&5
configure:11503: $? = 0
configure:11509: arm-linux-androideabi-gcc --sysroot=/home/ddt/Documents/android-sdk/android-ndk-r9/platforms/android-9/arch-arm -c conftest.c -o conftest2.o >&5
configure:11513: $? = 0
configure:11524: cc -c conftest.c >&5
configure:11528: $? = 0
configure:11536: cc -c conftest.c -o conftest2.o >&5
configure:11540: $? = 0
configure:11546: cc -c conftest.c -o conftest2.o >&5
configure:11550: $? = 0
configure:11568: result: yes
configure:11595: checking for ANSI C header files
configure:11699: result: yes
configure:11707: checking for stdbool.h that conforms to C99
configure:11792: arm-linux-androideabi-gcc --sysroot=/home/ddt/Documents/android-sdk/android-ndk-r9/platforms/android-9/arch-arm -c  -g -mfpu=vfpv3-d16 -mcpu=cortex-a8 -mthumb -mfloat-abi=softfp -O2 -I/home/ddt/Documents/android-sdk/android-ndk-r9/sources/cxx-stl/gnu-libstdc++/4.8/include -I/home/ddt/Documents/android-sdk/android-ndk-r9/sources/cxx-stl/gnu-libstdc++/4.8/libs/armeabi-v7a/include -I/home/ddt/Documents/VLC0924/android/vlc/contrib/arm-linux-androideabi/include -g -O3  -g -mfpu=vfpv3-d16 -mcpu=cortex-a8 -mthumb -mfloat-abi=softfp -O2 -I/home/ddt/Documents/android-sdk/android-ndk-r9/sources/cxx-stl/gnu-libstdc++/4.8/include -I/home/ddt/Documents/android-sdk/android-ndk-r9/sources/cxx-stl/gnu-libstdc++/4.8/libs/armeabi-v7a/include -I/home/ddt/Documents/VLC0924/android/vlc/contrib/arm-linux-androideabi/include conftest.c >&5
configure:11792: $? = 0
configure:11799: result: yes
configure:11801: checking for _Bool
configure:11801: arm-linux-androideabi-gcc --sysroot=/home/ddt/Documents/android-sdk/android-ndk-r9/platforms/android-9/arch-arm -c  -g -mfpu=vfpv3-d16 -mcpu=cortex-a8 -mthumb -mfloat-abi=softfp -O2 -I/home/ddt/Documents/android-sdk/android-ndk-r9/sources/cxx-stl/gnu-libstdc++/4.8/include -I/home/ddt/Documents/android-sdk/android-ndk-r9/sources/cxx-stl/gnu-libstdc++/4.8/libs/armeabi-v7a/include -I/home/ddt/Documents/VLC0924/android/vlc/contrib/arm-linux-androideabi/include -g -O3  -g -mfpu=vfpv3-d16 -mcpu=cortex-a8 -mthumb -mfloat-abi=softfp -O2 -I/home/ddt/Documents/android-sdk/android-ndk-r9/sources/cxx-stl/gnu-libstdc++/4.8/include -I/home/ddt/Documents/android-sdk/android-ndk-r9/sources/cxx-stl/gnu-libstdc++/4.8/libs/armeabi-v7a/include -I/home/ddt/Documents/VLC0924/android/vlc/contrib/arm-linux-androideabi/include conftest.c >&5
configure:11801: $? = 0
configure:11801: arm-linux-androideabi-gcc --sysroot=/home/ddt/Documents/android-sdk/android-ndk-r9/platforms/android-9/arch-arm -c  -g -mfpu=vfpv3-d16 -mcpu=cortex-a8 -mthumb -mfloat-abi=softfp -O2 -I/home/ddt/Documents/android-sdk/android-ndk-r9/sources/cxx-stl/gnu-libstdc++/4.8/include -I/home/ddt/Documents/android-sdk/android-ndk-r9/sources/cxx-stl/gnu-libstdc++/4.8/libs/armeabi-v7a/include -I/home/ddt/Documents/VLC0924/android/vlc/contrib/arm-linux-androideabi/include -g -O3  -g -mfpu=vfpv3-d16 -mcpu=cortex-a8 -mthumb -mfloat-abi=softfp -O2 -I/home/ddt/Documents/android-sdk/android-ndk-r9/sources/cxx-stl/gnu-libstdc++/4.8/include -I/home/ddt/Documents/android-sdk/android-ndk-r9/sources/cxx-stl/gnu-libstdc++/4.8/libs/armeabi-v7a/include -I/home/ddt/Documents/VLC0924/android/vlc/contrib/arm-linux-androideabi/include conftest.c >&5
conftest.c: In function 'main':
conftest.c:60:20: error: expected expression before ')' token
 if (sizeof ((_Bool)))
                    ^
configure:11801: $? = 1
configure: failed program was:
| /* confdefs.h */
| #define PACKAGE_NAME "libass"
| #define PACKAGE_TARNAME "libass"
| #define PACKAGE_VERSION "0.10.1"
| #define PACKAGE_STRING "libass 0.10.1"
| #define PACKAGE_BUGREPORT ""
| #define PACKAGE_URL ""
| #define PACKAGE "libass"
| #define VERSION "0.10.1"
| #define STDC_HEADERS 1
| #define HAVE_SYS_TYPES_H 1
| #define HAVE_SYS_STAT_H 1
| #define HAVE_STDLIB_H 1
| #define HAVE_STRING_H 1
| #define HAVE_MEMORY_H 1
| #define HAVE_STRINGS_H 1
| #define HAVE_INTTYPES_H 1
| #define HAVE_STDINT_H 1
| #define HAVE_UNISTD_H 1
| #define HAVE_DLFCN_H 1
| #define LT_OBJDIR ".libs/"
| #define STDC_HEADERS 1
| /* end confdefs.h.  */
| #include <stdio.h>
| #ifdef HAVE_SYS_TYPES_H
| # include <sys/types.h>
| #endif
| #ifdef HAVE_SYS_STAT_H
| # include <sys/stat.h>
| #endif
| #ifdef STDC_HEADERS
| # include <stdlib.h>
| # include <stddef.h>
| #else
| # ifdef HAVE_STDLIB_H
| #  include <stdlib.h>
| # endif
| #endif
| #ifdef HAVE_STRING_H
| # if !defined STDC_HEADERS && defined HAVE_MEMORY_H
| #  include <memory.h>
| # endif
| # include <string.h>
| #endif
| #ifdef HAVE_STRINGS_H
| # include <strings.h>
| #endif
| #ifdef HAVE_INTTYPES_H
| # include <inttypes.h>
| #endif
| #ifdef HAVE_STDINT_H
| # include <stdint.h>
| #endif
| #ifdef HAVE_UNISTD_H
| # include <unistd.h>
| #endif
| int
| main ()
| {
| if (sizeof ((_Bool)))
| 	    return 0;
|   ;
|   return 0;
| }
configure:11801: result: yes
configure:11820: checking for inttypes.h
configure:11820: result: yes
configure:11820: checking for stdint.h
configure:11820: result: yes
configure:11820: checking for stdlib.h
configure:11820: result: yes
configure:11820: checking for string.h
configure:11820: result: yes
configure:11820: checking sys/time.h usability
configure:11820: arm-linux-androideabi-gcc --sysroot=/home/ddt/Documents/android-sdk/android-ndk-r9/platforms/android-9/arch-arm -c  -g -mfpu=vfpv3-d16 -mcpu=cortex-a8 -mthumb -mfloat-abi=softfp -O2 -I/home/ddt/Documents/android-sdk/android-ndk-r9/sources/cxx-stl/gnu-libstdc++/4.8/include -I/home/ddt/Documents/android-sdk/android-ndk-r9/sources/cxx-stl/gnu-libstdc++/4.8/libs/armeabi-v7a/include -I/home/ddt/Documents/VLC0924/android/vlc/contrib/arm-linux-androideabi/include -g -O3  -g -mfpu=vfpv3-d16 -mcpu=cortex-a8 -mthumb -mfloat-abi=softfp -O2 -I/home/ddt/Documents/android-sdk/android-ndk-r9/sources/cxx-stl/gnu-libstdc++/4.8/include -I/home/ddt/Documents/android-sdk/android-ndk-r9/sources/cxx-stl/gnu-libstdc++/4.8/libs/armeabi-v7a/include -I/home/ddt/Documents/VLC0924/android/vlc/contrib/arm-linux-androideabi/include conftest.c >&5
configure:11820: $? = 0
configure:11820: result: yes
configure:11820: checking sys/time.h presence
configure:11820: arm-linux-androideabi-gcc --sysroot=/home/ddt/Documents/android-sdk/android-ndk-r9/platforms/android-9/arch-arm -E  -g -mfpu=vfpv3-d16 -mcpu=cortex-a8 -mthumb -mfloat-abi=softfp -O2 -I/home/ddt/Documents/android-sdk/android-ndk-r9/sources/cxx-stl/gnu-libstdc++/4.8/include -I/home/ddt/Documents/android-sdk/android-ndk-r9/sources/cxx-stl/gnu-libstdc++/4.8/libs/armeabi-v7a/include -I/home/ddt/Documents/VLC0924/android/vlc/contrib/arm-linux-androideabi/include conftest.c
configure:11820: $? = 0
configure:11820: result: yes
configure:11820: checking for sys/time.h
configure:11820: result: yes
configure:11820: checking for unistd.h
configure:11820: result: yes
configure:11820: checking iconv.h usability
configure:11820: arm-linux-androideabi-gcc --sysroot=/home/ddt/Documents/android-sdk/android-ndk-r9/platforms/android-9/arch-arm -c  -g -mfpu=vfpv3-d16 -mcpu=cortex-a8 -mthumb -mfloat-abi=softfp -O2 -I/home/ddt/Documents/android-sdk/android-ndk-r9/sources/cxx-stl/gnu-libstdc++/4.8/include -I/home/ddt/Documents/android-sdk/android-ndk-r9/sources/cxx-stl/gnu-libstdc++/4.8/libs/armeabi-v7a/include -I/home/ddt/Documents/VLC0924/android/vlc/contrib/arm-linux-androideabi/include -g -O3  -g -mfpu=vfpv3-d16 -mcpu=cortex-a8 -mthumb -mfloat-abi=softfp -O2 -I/home/ddt/Documents/android-sdk/android-ndk-r9/sources/cxx-stl/gnu-libstdc++/4.8/include -I/home/ddt/Documents/android-sdk/android-ndk-r9/sources/cxx-stl/gnu-libstdc++/4.8/libs/armeabi-v7a/include -I/home/ddt/Documents/VLC0924/android/vlc/contrib/arm-linux-androideabi/include conftest.c >&5
conftest.c:65:19: fatal error: iconv.h: No such file or directory
 #include <iconv.h>
                   ^
compilation terminated.
configure:11820: $? = 1
configure: failed program was:
| /* confdefs.h */
| #define PACKAGE_NAME "libass"
| #define PACKAGE_TARNAME "libass"
| #define PACKAGE_VERSION "0.10.1"
| #define PACKAGE_STRING "libass 0.10.1"
| #define PACKAGE_BUGREPORT ""
| #define PACKAGE_URL ""
| #define PACKAGE "libass"
| #define VERSION "0.10.1"
| #define STDC_HEADERS 1
| #define HAVE_SYS_TYPES_H 1
| #define HAVE_SYS_STAT_H 1
| #define HAVE_STDLIB_H 1
| #define HAVE_STRING_H 1
| #define HAVE_MEMORY_H 1
| #define HAVE_STRINGS_H 1
| #define HAVE_INTTYPES_H 1
| #define HAVE_STDINT_H 1
| #define HAVE_UNISTD_H 1
| #define HAVE_DLFCN_H 1
| #define LT_OBJDIR ".libs/"
| #define STDC_HEADERS 1
| #define HAVE__BOOL 1
| #define HAVE_STDBOOL_H 1
| #define HAVE_INTTYPES_H 1
| #define HAVE_STDINT_H 1
| #define HAVE_STDLIB_H 1
| #define HAVE_STRING_H 1
| #define HAVE_SYS_TIME_H 1
| #define HAVE_UNISTD_H 1
| /* end confdefs.h.  */
| #include <stdio.h>
| #ifdef HAVE_SYS_TYPES_H
| # include <sys/types.h>
| #endif
| #ifdef HAVE_SYS_STAT_H
| # include <sys/stat.h>
| #endif
| #ifdef STDC_HEADERS
| # include <stdlib.h>
| # include <stddef.h>
| #else
| # ifdef HAVE_STDLIB_H
| #  include <stdlib.h>
| # endif
| #endif
| #ifdef HAVE_STRING_H
| # if !defined STDC_HEADERS && defined HAVE_MEMORY_H
| #  include <memory.h>
| # endif
| # include <string.h>
| #endif
| #ifdef HAVE_STRINGS_H
| # include <strings.h>
| #endif
| #ifdef HAVE_INTTYPES_H
| # include <inttypes.h>
| #endif
| #ifdef HAVE_STDINT_H
| # include <stdint.h>
| #endif
| #ifdef HAVE_UNISTD_H
| # include <unistd.h>
| #endif
| #include <iconv.h>
configure:11820: result: no
configure:11820: checking iconv.h presence
configure:11820: arm-linux-androideabi-gcc --sysroot=/home/ddt/Documents/android-sdk/android-ndk-r9/platforms/android-9/arch-arm -E  -g -mfpu=vfpv3-d16 -mcpu=cortex-a8 -mthumb -mfloat-abi=softfp -O2 -I/home/ddt/Documents/android-sdk/android-ndk-r9/sources/cxx-stl/gnu-libstdc++/4.8/include -I/home/ddt/Documents/android-sdk/android-ndk-r9/sources/cxx-stl/gnu-libstdc++/4.8/libs/armeabi-v7a/include -I/home/ddt/Documents/VLC0924/android/vlc/contrib/arm-linux-androideabi/include conftest.c
conftest.c:32:19: fatal error: iconv.h: No such file or directory
 #include <iconv.h>
                   ^
compilation terminated.
configure:11820: $? = 1
configure: failed program was:
| /* confdefs.h */
| #define PACKAGE_NAME "libass"
| #define PACKAGE_TARNAME "libass"
| #define PACKAGE_VERSION "0.10.1"
| #define PACKAGE_STRING "libass 0.10.1"
| #define PACKAGE_BUGREPORT ""
| #define PACKAGE_URL ""
| #define PACKAGE "libass"
| #define VERSION "0.10.1"
| #define STDC_HEADERS 1
| #define HAVE_SYS_TYPES_H 1
| #define HAVE_SYS_STAT_H 1
| #define HAVE_STDLIB_H 1
| #define HAVE_STRING_H 1
| #define HAVE_MEMORY_H 1
| #define HAVE_STRINGS_H 1
| #define HAVE_INTTYPES_H 1
| #define HAVE_STDINT_H 1
| #define HAVE_UNISTD_H 1
| #define HAVE_DLFCN_H 1
| #define LT_OBJDIR ".libs/"
| #define STDC_HEADERS 1
| #define HAVE__BOOL 1
| #define HAVE_STDBOOL_H 1
| #define HAVE_INTTYPES_H 1
| #define HAVE_STDINT_H 1
| #define HAVE_STDLIB_H 1
| #define HAVE_STRING_H 1
| #define HAVE_SYS_TIME_H 1
| #define HAVE_UNISTD_H 1
| /* end confdefs.h.  */
| #include <iconv.h>
configure:11820: result: no
configure:11820: checking for iconv.h
configure:11820: result: no
configure:11833: checking for an ANSI C-conforming const
configure:11898: arm-linux-androideabi-gcc --sysroot=/home/ddt/Documents/android-sdk/android-ndk-r9/platforms/android-9/arch-arm -c  -g -mfpu=vfpv3-d16 -mcpu=cortex-a8 -mthumb -mfloat-abi=softfp -O2 -I/home/ddt/Documents/android-sdk/android-ndk-r9/sources/cxx-stl/gnu-libstdc++/4.8/include -I/home/ddt/Documents/android-sdk/android-ndk-r9/sources/cxx-stl/gnu-libstdc++/4.8/libs/armeabi-v7a/include -I/home/ddt/Documents/VLC0924/android/vlc/contrib/arm-linux-androideabi/include -g -O3  -g -mfpu=vfpv3-d16 -mcpu=cortex-a8 -mthumb -mfloat-abi=softfp -O2 -I/home/ddt/Documents/android-sdk/android-ndk-r9/sources/cxx-stl/gnu-libstdc++/4.8/include -I/home/ddt/Documents/android-sdk/android-ndk-r9/sources/cxx-stl/gnu-libstdc++/4.8/libs/armeabi-v7a/include -I/home/ddt/Documents/VLC0924/android/vlc/contrib/arm-linux-androideabi/include conftest.c >&5
configure:11898: $? = 0
configure:11905: result: yes
configure:11913: checking for inline
configure:11929: arm-linux-androideabi-gcc --sysroot=/home/ddt/Documents/android-sdk/android-ndk-r9/platforms/android-9/arch-arm -c  -g -mfpu=vfpv3-d16 -mcpu=cortex-a8 -mthumb -mfloat-abi=softfp -O2 -I/home/ddt/Documents/android-sdk/android-ndk-r9/sources/cxx-stl/gnu-libstdc++/4.8/include -I/home/ddt/Documents/android-sdk/android-ndk-r9/sources/cxx-stl/gnu-libstdc++/4.8/libs/armeabi-v7a/include -I/home/ddt/Documents/VLC0924/android/vlc/contrib/arm-linux-androideabi/include -g -O3  -g -mfpu=vfpv3-d16 -mcpu=cortex-a8 -mthumb -mfloat-abi=softfp -O2 -I/home/ddt/Documents/android-sdk/android-ndk-r9/sources/cxx-stl/gnu-libstdc++/4.8/include -I/home/ddt/Documents/android-sdk/android-ndk-r9/sources/cxx-stl/gnu-libstdc++/4.8/libs/armeabi-v7a/include -I/home/ddt/Documents/VLC0924/android/vlc/contrib/arm-linux-androideabi/include conftest.c >&5
configure:11929: $? = 0
configure:11937: result: inline
configure:11955: checking for int64_t
configure:11955: arm-linux-androideabi-gcc --sysroot=/home/ddt/Documents/android-sdk/android-ndk-r9/platforms/android-9/arch-arm -c  -g -mfpu=vfpv3-d16 -mcpu=cortex-a8 -mthumb -mfloat-abi=softfp -O2 -I/home/ddt/Documents/android-sdk/android-ndk-r9/sources/cxx-stl/gnu-libstdc++/4.8/include -I/home/ddt/Documents/android-sdk/android-ndk-r9/sources/cxx-stl/gnu-libstdc++/4.8/libs/armeabi-v7a/include -I/home/ddt/Documents/VLC0924/android/vlc/contrib/arm-linux-androideabi/include -g -O3  -g -mfpu=vfpv3-d16 -mcpu=cortex-a8 -mthumb -mfloat-abi=softfp -O2 -I/home/ddt/Documents/android-sdk/android-ndk-r9/sources/cxx-stl/gnu-libstdc++/4.8/include -I/home/ddt/Documents/android-sdk/android-ndk-r9/sources/cxx-stl/gnu-libstdc++/4.8/libs/armeabi-v7a/include -I/home/ddt/Documents/VLC0924/android/vlc/contrib/arm-linux-androideabi/include conftest.c >&5
configure:11955: $? = 0
configure:11955: arm-linux-androideabi-gcc --sysroot=/home/ddt/Documents/android-sdk/android-ndk-r9/platforms/android-9/arch-arm -c  -g -mfpu=vfpv3-d16 -mcpu=cortex-a8 -mthumb -mfloat-abi=softfp -O2 -I/home/ddt/Documents/android-sdk/android-ndk-r9/sources/cxx-stl/gnu-libstdc++/4.8/include -I/home/ddt/Documents/android-sdk/android-ndk-r9/sources/cxx-stl/gnu-libstdc++/4.8/libs/armeabi-v7a/include -I/home/ddt/Documents/VLC0924/android/vlc/contrib/arm-linux-androideabi/include -g -O3  -g -mfpu=vfpv3-d16 -mcpu=cortex-a8 -mthumb -mfloat-abi=softfp -O2 -I/home/ddt/Documents/android-sdk/android-ndk-r9/sources/cxx-stl/gnu-libstdc++/4.8/include -I/home/ddt/Documents/android-sdk/android-ndk-r9/sources/cxx-stl/gnu-libstdc++/4.8/libs/armeabi-v7a/include -I/home/ddt/Documents/VLC0924/android/vlc/contrib/arm-linux-androideabi/include conftest.c >&5
conftest.c: In function 'main':
conftest.c:70:53: warning: integer overflow in expression [-Woverflow]
    < (int64_t) (((((int64_t) 1 << N) << N) - 1) * 2 + 2))];
                                                     ^
conftest.c:69:12: error: storage size of 'test_array' isn't constant
 static int test_array [1 - 2 * !((int64_t) (((((int64_t) 1 << N) << N) - 1) * 2 + 1)
            ^
configure:11955: $? = 1
configure: failed program was:
| /* confdefs.h */
| #define PACKAGE_NAME "libass"
| #define PACKAGE_TARNAME "libass"
| #define PACKAGE_VERSION "0.10.1"
| #define PACKAGE_STRING "libass 0.10.1"
| #define PACKAGE_BUGREPORT ""
| #define PACKAGE_URL ""
| #define PACKAGE "libass"
| #define VERSION "0.10.1"
| #define STDC_HEADERS 1
| #define HAVE_SYS_TYPES_H 1
| #define HAVE_SYS_STAT_H 1
| #define HAVE_STDLIB_H 1
| #define HAVE_STRING_H 1
| #define HAVE_MEMORY_H 1
| #define HAVE_STRINGS_H 1
| #define HAVE_INTTYPES_H 1
| #define HAVE_STDINT_H 1
| #define HAVE_UNISTD_H 1
| #define HAVE_DLFCN_H 1
| #define LT_OBJDIR ".libs/"
| #define STDC_HEADERS 1
| #define HAVE__BOOL 1
| #define HAVE_STDBOOL_H 1
| #define HAVE_INTTYPES_H 1
| #define HAVE_STDINT_H 1
| #define HAVE_STDLIB_H 1
| #define HAVE_STRING_H 1
| #define HAVE_SYS_TIME_H 1
| #define HAVE_UNISTD_H 1
| /* end confdefs.h.  */
| #include <stdio.h>
| #ifdef HAVE_SYS_TYPES_H
| # include <sys/types.h>
| #endif
| #ifdef HAVE_SYS_STAT_H
| # include <sys/stat.h>
| #endif
| #ifdef STDC_HEADERS
| # include <stdlib.h>
| # include <stddef.h>
| #else
| # ifdef HAVE_STDLIB_H
| #  include <stdlib.h>
| # endif
| #endif
| #ifdef HAVE_STRING_H
| # if !defined STDC_HEADERS && defined HAVE_MEMORY_H
| #  include <memory.h>
| # endif
| # include <string.h>
| #endif
| #ifdef HAVE_STRINGS_H
| # include <strings.h>
| #endif
| #ifdef HAVE_INTTYPES_H
| # include <inttypes.h>
| #endif
| #ifdef HAVE_STDINT_H
| # include <stdint.h>
| #endif
| #ifdef HAVE_UNISTD_H
| # include <unistd.h>
| #endif
| 	        enum { N = 64 / 2 - 1 };
| int
| main ()
| {
| static int test_array [1 - 2 * !((int64_t) (((((int64_t) 1 << N) << N) - 1) * 2 + 1)
| 		 < (int64_t) (((((int64_t) 1 << N) << N) - 1) * 2 + 2))];
| test_array [0] = 0
| 
|   ;
|   return 0;
| }
configure:11955: result: yes
configure:11966: checking for size_t
configure:11966: arm-linux-androideabi-gcc --sysroot=/home/ddt/Documents/android-sdk/android-ndk-r9/platforms/android-9/arch-arm -c  -g -mfpu=vfpv3-d16 -mcpu=cortex-a8 -mthumb -mfloat-abi=softfp -O2 -I/home/ddt/Documents/android-sdk/android-ndk-r9/sources/cxx-stl/gnu-libstdc++/4.8/include -I/home/ddt/Documents/android-sdk/android-ndk-r9/sources/cxx-stl/gnu-libstdc++/4.8/libs/armeabi-v7a/include -I/home/ddt/Documents/VLC0924/android/vlc/contrib/arm-linux-androideabi/include -g -O3  -g -mfpu=vfpv3-d16 -mcpu=cortex-a8 -mthumb -mfloat-abi=softfp -O2 -I/home/ddt/Documents/android-sdk/android-ndk-r9/sources/cxx-stl/gnu-libstdc++/4.8/include -I/home/ddt/Documents/android-sdk/android-ndk-r9/sources/cxx-stl/gnu-libstdc++/4.8/libs/armeabi-v7a/include -I/home/ddt/Documents/VLC0924/android/vlc/contrib/arm-linux-androideabi/include conftest.c >&5
configure:11966: $? = 0
configure:11966: arm-linux-androideabi-gcc --sysroot=/home/ddt/Documents/android-sdk/android-ndk-r9/platforms/android-9/arch-arm -c  -g -mfpu=vfpv3-d16 -mcpu=cortex-a8 -mthumb -mfloat-abi=softfp -O2 -I/home/ddt/Documents/android-sdk/android-ndk-r9/sources/cxx-stl/gnu-libstdc++/4.8/include -I/home/ddt/Documents/android-sdk/android-ndk-r9/sources/cxx-stl/gnu-libstdc++/4.8/libs/armeabi-v7a/include -I/home/ddt/Documents/VLC0924/android/vlc/contrib/arm-linux-androideabi/include -g -O3  -g -mfpu=vfpv3-d16 -mcpu=cortex-a8 -mthumb -mfloat-abi=softfp -O2 -I/home/ddt/Documents/android-sdk/android-ndk-r9/sources/cxx-stl/gnu-libstdc++/4.8/include -I/home/ddt/Documents/android-sdk/android-ndk-r9/sources/cxx-stl/gnu-libstdc++/4.8/libs/armeabi-v7a/include -I/home/ddt/Documents/VLC0924/android/vlc/contrib/arm-linux-androideabi/include conftest.c >&5
conftest.c: In function 'main':
conftest.c:68:21: error: expected expression before ')' token
 if (sizeof ((size_t)))
                     ^
configure:11966: $? = 1
configure: failed program was:
| /* confdefs.h */
| #define PACKAGE_NAME "libass"
| #define PACKAGE_TARNAME "libass"
| #define PACKAGE_VERSION "0.10.1"
| #define PACKAGE_STRING "libass 0.10.1"
| #define PACKAGE_BUGREPORT ""
| #define PACKAGE_URL ""
| #define PACKAGE "libass"
| #define VERSION "0.10.1"
| #define STDC_HEADERS 1
| #define HAVE_SYS_TYPES_H 1
| #define HAVE_SYS_STAT_H 1
| #define HAVE_STDLIB_H 1
| #define HAVE_STRING_H 1
| #define HAVE_MEMORY_H 1
| #define HAVE_STRINGS_H 1
| #define HAVE_INTTYPES_H 1
| #define HAVE_STDINT_H 1
| #define HAVE_UNISTD_H 1
| #define HAVE_DLFCN_H 1
| #define LT_OBJDIR ".libs/"
| #define STDC_HEADERS 1
| #define HAVE__BOOL 1
| #define HAVE_STDBOOL_H 1
| #define HAVE_INTTYPES_H 1
| #define HAVE_STDINT_H 1
| #define HAVE_STDLIB_H 1
| #define HAVE_STRING_H 1
| #define HAVE_SYS_TIME_H 1
| #define HAVE_UNISTD_H 1
| /* end confdefs.h.  */
| #include <stdio.h>
| #ifdef HAVE_SYS_TYPES_H
| # include <sys/types.h>
| #endif
| #ifdef HAVE_SYS_STAT_H
| # include <sys/stat.h>
| #endif
| #ifdef STDC_HEADERS
| # include <stdlib.h>
| # include <stddef.h>
| #else
| # ifdef HAVE_STDLIB_H
| #  include <stdlib.h>
| # endif
| #endif
| #ifdef HAVE_STRING_H
| # if !defined STDC_HEADERS && defined HAVE_MEMORY_H
| #  include <memory.h>
| # endif
| # include <string.h>
| #endif
| #ifdef HAVE_STRINGS_H
| # include <strings.h>
| #endif
| #ifdef HAVE_INTTYPES_H
| # include <inttypes.h>
| #endif
| #ifdef HAVE_STDINT_H
| # include <stdint.h>
| #endif
| #ifdef HAVE_UNISTD_H
| # include <unistd.h>
| #endif
| int
| main ()
| {
| if (sizeof ((size_t)))
| 	    return 0;
|   ;
|   return 0;
| }
configure:11966: result: yes
configure:11977: checking for uint32_t
configure:11977: arm-linux-androideabi-gcc --sysroot=/home/ddt/Documents/android-sdk/android-ndk-r9/platforms/android-9/arch-arm -c  -g -mfpu=vfpv3-d16 -mcpu=cortex-a8 -mthumb -mfloat-abi=softfp -O2 -I/home/ddt/Documents/android-sdk/android-ndk-r9/sources/cxx-stl/gnu-libstdc++/4.8/include -I/home/ddt/Documents/android-sdk/android-ndk-r9/sources/cxx-stl/gnu-libstdc++/4.8/libs/armeabi-v7a/include -I/home/ddt/Documents/VLC0924/android/vlc/contrib/arm-linux-androideabi/include -g -O3  -g -mfpu=vfpv3-d16 -mcpu=cortex-a8 -mthumb -mfloat-abi=softfp -O2 -I/home/ddt/Documents/android-sdk/android-ndk-r9/sources/cxx-stl/gnu-libstdc++/4.8/include -I/home/ddt/Documents/android-sdk/android-ndk-r9/sources/cxx-stl/gnu-libstdc++/4.8/libs/armeabi-v7a/include -I/home/ddt/Documents/VLC0924/android/vlc/contrib/arm-linux-androideabi/include conftest.c >&5
configure:11977: $? = 0
configure:11977: result: yes
configure:11991: checking for uint8_t
configure:11991: arm-linux-androideabi-gcc --sysroot=/home/ddt/Documents/android-sdk/android-ndk-r9/platforms/android-9/arch-arm -c  -g -mfpu=vfpv3-d16 -mcpu=cortex-a8 -mthumb -mfloat-abi=softfp -O2 -I/home/ddt/Documents/android-sdk/android-ndk-r9/sources/cxx-stl/gnu-libstdc++/4.8/include -I/home/ddt/Documents/android-sdk/android-ndk-r9/sources/cxx-stl/gnu-libstdc++/4.8/libs/armeabi-v7a/include -I/home/ddt/Documents/VLC0924/android/vlc/contrib/arm-linux-androideabi/include -g -O3  -g -mfpu=vfpv3-d16 -mcpu=cortex-a8 -mthumb -mfloat-abi=softfp -O2 -I/home/ddt/Documents/android-sdk/android-ndk-r9/sources/cxx-stl/gnu-libstdc++/4.8/include -I/home/ddt/Documents/android-sdk/android-ndk-r9/sources/cxx-stl/gnu-libstdc++/4.8/libs/armeabi-v7a/include -I/home/ddt/Documents/VLC0924/android/vlc/contrib/arm-linux-androideabi/include conftest.c >&5
configure:11991: $? = 0
configure:11991: result: yes
configure:12010: checking for mkdir
configure:12010: arm-linux-androideabi-gcc --sysroot=/home/ddt/Documents/android-sdk/android-ndk-r9/platforms/android-9/arch-arm -o conftest  -g -mfpu=vfpv3-d16 -mcpu=cortex-a8 -mthumb -mfloat-abi=softfp -O2 -I/home/ddt/Documents/android-sdk/android-ndk-r9/sources/cxx-stl/gnu-libstdc++/4.8/include -I/home/ddt/Documents/android-sdk/android-ndk-r9/sources/cxx-stl/gnu-libstdc++/4.8/libs/armeabi-v7a/include -I/home/ddt/Documents/VLC0924/android/vlc/contrib/arm-linux-androideabi/include -g -O3  -g -mfpu=vfpv3-d16 -mcpu=cortex-a8 -mthumb -mfloat-abi=softfp -O2 -I/home/ddt/Documents/android-sdk/android-ndk-r9/sources/cxx-stl/gnu-libstdc++/4.8/include -I/home/ddt/Documents/android-sdk/android-ndk-r9/sources/cxx-stl/gnu-libstdc++/4.8/libs/armeabi-v7a/include -I/home/ddt/Documents/VLC0924/android/vlc/contrib/arm-linux-androideabi/include  -L/home/ddt/Documents/VLC0924/android/vlc/contrib/arm-linux-androideabi/lib conftest.c  >&5
configure:12010: $? = 0
configure:12010: result: yes
configure:12010: checking for strcasecmp
configure:12010: arm-linux-androideabi-gcc --sysroot=/home/ddt/Documents/android-sdk/android-ndk-r9/platforms/android-9/arch-arm -o conftest  -g -mfpu=vfpv3-d16 -mcpu=cortex-a8 -mthumb -mfloat-abi=softfp -O2 -I/home/ddt/Documents/android-sdk/android-ndk-r9/sources/cxx-stl/gnu-libstdc++/4.8/include -I/home/ddt/Documents/android-sdk/android-ndk-r9/sources/cxx-stl/gnu-libstdc++/4.8/libs/armeabi-v7a/include -I/home/ddt/Documents/VLC0924/android/vlc/contrib/arm-linux-androideabi/include -g -O3  -g -mfpu=vfpv3-d16 -mcpu=cortex-a8 -mthumb -mfloat-abi=softfp -O2 -I/home/ddt/Documents/android-sdk/android-ndk-r9/sources/cxx-stl/gnu-libstdc++/4.8/include -I/home/ddt/Documents/android-sdk/android-ndk-r9/sources/cxx-stl/gnu-libstdc++/4.8/libs/armeabi-v7a/include -I/home/ddt/Documents/VLC0924/android/vlc/contrib/arm-linux-androideabi/include  -L/home/ddt/Documents/VLC0924/android/vlc/contrib/arm-linux-androideabi/lib conftest.c  >&5
conftest.c:56:6: warning: conflicting types for built-in function 'strcasecmp' [enabled by default]
 char strcasecmp ();
      ^
configure:12010: $? = 0
configure:12010: result: yes
configure:12010: checking for strdup
configure:12010: arm-linux-androideabi-gcc --sysroot=/home/ddt/Documents/android-sdk/android-ndk-r9/platforms/android-9/arch-arm -o conftest  -g -mfpu=vfpv3-d16 -mcpu=cortex-a8 -mthumb -mfloat-abi=softfp -O2 -I/home/ddt/Documents/android-sdk/android-ndk-r9/sources/cxx-stl/gnu-libstdc++/4.8/include -I/home/ddt/Documents/android-sdk/android-ndk-r9/sources/cxx-stl/gnu-libstdc++/4.8/libs/armeabi-v7a/include -I/home/ddt/Documents/VLC0924/android/vlc/contrib/arm-linux-androideabi/include -g -O3  -g -mfpu=vfpv3-d16 -mcpu=cortex-a8 -mthumb -mfloat-abi=softfp -O2 -I/home/ddt/Documents/android-sdk/android-ndk-r9/sources/cxx-stl/gnu-libstdc++/4.8/include -I/home/ddt/Documents/android-sdk/android-ndk-r9/sources/cxx-stl/gnu-libstdc++/4.8/libs/armeabi-v7a/include -I/home/ddt/Documents/VLC0924/android/vlc/contrib/arm-linux-androideabi/include  -L/home/ddt/Documents/VLC0924/android/vlc/contrib/arm-linux-androideabi/lib conftest.c  >&5
conftest.c:57:6: warning: conflicting types for built-in function 'strdup' [enabled by default]
 char strdup ();
      ^
configure:12010: $? = 0
configure:12010: result: yes
configure:12010: checking for strtol
configure:12010: arm-linux-androideabi-gcc --sysroot=/home/ddt/Documents/android-sdk/android-ndk-r9/platforms/android-9/arch-arm -o conftest  -g -mfpu=vfpv3-d16 -mcpu=cortex-a8 -mthumb -mfloat-abi=softfp -O2 -I/home/ddt/Documents/android-sdk/android-ndk-r9/sources/cxx-stl/gnu-libstdc++/4.8/include -I/home/ddt/Documents/android-sdk/android-ndk-r9/sources/cxx-stl/gnu-libstdc++/4.8/libs/armeabi-v7a/include -I/home/ddt/Documents/VLC0924/android/vlc/contrib/arm-linux-androideabi/include -g -O3  -g -mfpu=vfpv3-d16 -mcpu=cortex-a8 -mthumb -mfloat-abi=softfp -O2 -I/home/ddt/Documents/android-sdk/android-ndk-r9/sources/cxx-stl/gnu-libstdc++/4.8/include -I/home/ddt/Documents/android-sdk/android-ndk-r9/sources/cxx-stl/gnu-libstdc++/4.8/libs/armeabi-v7a/include -I/home/ddt/Documents/VLC0924/android/vlc/contrib/arm-linux-androideabi/include  -L/home/ddt/Documents/VLC0924/android/vlc/contrib/arm-linux-androideabi/lib conftest.c  >&5
configure:12010: $? = 0
configure:12010: result: yes
configure:12022: checking for library containing iconv_open
configure:12053: arm-linux-androideabi-gcc --sysroot=/home/ddt/Documents/android-sdk/android-ndk-r9/platforms/android-9/arch-arm -o conftest  -g -mfpu=vfpv3-d16 -mcpu=cortex-a8 -mthumb -mfloat-abi=softfp -O2 -I/home/ddt/Documents/android-sdk/android-ndk-r9/sources/cxx-stl/gnu-libstdc++/4.8/include -I/home/ddt/Documents/android-sdk/android-ndk-r9/sources/cxx-stl/gnu-libstdc++/4.8/libs/armeabi-v7a/include -I/home/ddt/Documents/VLC0924/android/vlc/contrib/arm-linux-androideabi/include -g -O3  -g -mfpu=vfpv3-d16 -mcpu=cortex-a8 -mthumb -mfloat-abi=softfp -O2 -I/home/ddt/Documents/android-sdk/android-ndk-r9/sources/cxx-stl/gnu-libstdc++/4.8/include -I/home/ddt/Documents/android-sdk/android-ndk-r9/sources/cxx-stl/gnu-libstdc++/4.8/libs/armeabi-v7a/include -I/home/ddt/Documents/VLC0924/android/vlc/contrib/arm-linux-androideabi/include  -L/home/ddt/Documents/VLC0924/android/vlc/contrib/arm-linux-androideabi/lib conftest.c  >&5
conftest.c:47: error: undefined reference to 'iconv_open'
collect2: error: ld returned 1 exit status
configure:12053: $? = 1
configure: failed program was:
| /* confdefs.h */
| #define PACKAGE_NAME "libass"
| #define PACKAGE_TARNAME "libass"
| #define PACKAGE_VERSION "0.10.1"
| #define PACKAGE_STRING "libass 0.10.1"
| #define PACKAGE_BUGREPORT ""
| #define PACKAGE_URL ""
| #define PACKAGE "libass"
| #define VERSION "0.10.1"
| #define STDC_HEADERS 1
| #define HAVE_SYS_TYPES_H 1
| #define HAVE_SYS_STAT_H 1
| #define HAVE_STDLIB_H 1
| #define HAVE_STRING_H 1
| #define HAVE_MEMORY_H 1
| #define HAVE_STRINGS_H 1
| #define HAVE_INTTYPES_H 1
| #define HAVE_STDINT_H 1
| #define HAVE_UNISTD_H 1
| #define HAVE_DLFCN_H 1
| #define LT_OBJDIR ".libs/"
| #define STDC_HEADERS 1
| #define HAVE__BOOL 1
| #define HAVE_STDBOOL_H 1
| #define HAVE_INTTYPES_H 1
| #define HAVE_STDINT_H 1
| #define HAVE_STDLIB_H 1
| #define HAVE_STRING_H 1
| #define HAVE_SYS_TIME_H 1
| #define HAVE_UNISTD_H 1
| #define HAVE_MKDIR 1
| #define HAVE_STRCASECMP 1
| #define HAVE_STRDUP 1
| #define HAVE_STRTOL 1
| /* end confdefs.h.  */
| 
| /* Override any GCC internal prototype to avoid an error.
|    Use char because int might match the return type of a GCC
|    builtin and then its argument prototype would still apply.  */
| #ifdef __cplusplus
| extern "C"
| #endif
| char iconv_open ();
| int
| main ()
| {
| return iconv_open ();
|   ;
|   return 0;
| }
configure:12053: arm-linux-androideabi-gcc --sysroot=/home/ddt/Documents/android-sdk/android-ndk-r9/platforms/android-9/arch-arm -o conftest  -g -mfpu=vfpv3-d16 -mcpu=cortex-a8 -mthumb -mfloat-abi=softfp -O2 -I/home/ddt/Documents/android-sdk/android-ndk-r9/sources/cxx-stl/gnu-libstdc++/4.8/include -I/home/ddt/Documents/android-sdk/android-ndk-r9/sources/cxx-stl/gnu-libstdc++/4.8/libs/armeabi-v7a/include -I/home/ddt/Documents/VLC0924/android/vlc/contrib/arm-linux-androideabi/include -g -O3  -g -mfpu=vfpv3-d16 -mcpu=cortex-a8 -mthumb -mfloat-abi=softfp -O2 -I/home/ddt/Documents/android-sdk/android-ndk-r9/sources/cxx-stl/gnu-libstdc++/4.8/include -I/home/ddt/Documents/android-sdk/android-ndk-r9/sources/cxx-stl/gnu-libstdc++/4.8/libs/armeabi-v7a/include -I/home/ddt/Documents/VLC0924/android/vlc/contrib/arm-linux-androideabi/include  -L/home/ddt/Documents/VLC0924/android/vlc/contrib/arm-linux-androideabi/lib conftest.c -liconv   >&5
/home/ddt/Documents/android-sdk/android-ndk-r9/toolchains/arm-linux-androideabi-4.8/prebuilt/linux-x86_64/bin/../lib/gcc/arm-linux-androideabi/4.8/../../../../arm-linux-androideabi/bin/ld: error: cannot find -liconv
conftest.c:47: error: undefined reference to 'iconv_open'
collect2: error: ld returned 1 exit status
configure:12053: $? = 1
configure: failed program was:
| /* confdefs.h */
| #define PACKAGE_NAME "libass"
| #define PACKAGE_TARNAME "libass"
| #define PACKAGE_VERSION "0.10.1"
| #define PACKAGE_STRING "libass 0.10.1"
| #define PACKAGE_BUGREPORT ""
| #define PACKAGE_URL ""
| #define PACKAGE "libass"
| #define VERSION "0.10.1"
| #define STDC_HEADERS 1
| #define HAVE_SYS_TYPES_H 1
| #define HAVE_SYS_STAT_H 1
| #define HAVE_STDLIB_H 1
| #define HAVE_STRING_H 1
| #define HAVE_MEMORY_H 1
| #define HAVE_STRINGS_H 1
| #define HAVE_INTTYPES_H 1
| #define HAVE_STDINT_H 1
| #define HAVE_UNISTD_H 1
| #define HAVE_DLFCN_H 1
| #define LT_OBJDIR ".libs/"
| #define STDC_HEADERS 1
| #define HAVE__BOOL 1
| #define HAVE_STDBOOL_H 1
| #define HAVE_INTTYPES_H 1
| #define HAVE_STDINT_H 1
| #define HAVE_STDLIB_H 1
| #define HAVE_STRING_H 1
| #define HAVE_SYS_TIME_H 1
| #define HAVE_UNISTD_H 1
| #define HAVE_MKDIR 1
| #define HAVE_STRCASECMP 1
| #define HAVE_STRDUP 1
| #define HAVE_STRTOL 1
| /* end confdefs.h.  */
| 
| /* Override any GCC internal prototype to avoid an error.
|    Use char because int might match the return type of a GCC
|    builtin and then its argument prototype would still apply.  */
| #ifdef __cplusplus
| extern "C"
| #endif
| char iconv_open ();
| int
| main ()
| {
| return iconv_open ();
|   ;
|   return 0;
| }
configure:12070: result: no
configure:12080: checking for fabs in -lm
configure:12105: arm-linux-androideabi-gcc --sysroot=/home/ddt/Documents/android-sdk/android-ndk-r9/platforms/android-9/arch-arm -o conftest  -g -mfpu=vfpv3-d16 -mcpu=cortex-a8 -mthumb -mfloat-abi=softfp -O2 -I/home/ddt/Documents/android-sdk/android-ndk-r9/sources/cxx-stl/gnu-libstdc++/4.8/include -I/home/ddt/Documents/android-sdk/android-ndk-r9/sources/cxx-stl/gnu-libstdc++/4.8/libs/armeabi-v7a/include -I/home/ddt/Documents/VLC0924/android/vlc/contrib/arm-linux-androideabi/include -g -O3  -g -mfpu=vfpv3-d16 -mcpu=cortex-a8 -mthumb -mfloat-abi=softfp -O2 -I/home/ddt/Documents/android-sdk/android-ndk-r9/sources/cxx-stl/gnu-libstdc++/4.8/include -I/home/ddt/Documents/android-sdk/android-ndk-r9/sources/cxx-stl/gnu-libstdc++/4.8/libs/armeabi-v7a/include -I/home/ddt/Documents/VLC0924/android/vlc/contrib/arm-linux-androideabi/include  -L/home/ddt/Documents/VLC0924/android/vlc/contrib/arm-linux-androideabi/lib conftest.c -lm   >&5
conftest.c:43:6: warning: conflicting types for built-in function 'fabs' [enabled by default]
 char fabs ();
      ^
configure:12105: $? = 0
configure:12114: result: yes
configure:12154: checking for arm-linux-androideabi-pkg-config
configure:12187: result: no
configure:12197: checking for pkg-config
configure:12215: found /home/ddt/Documents/VLC0924/android/vlc/extras/tools/build/bin/pkg-config
configure:12227: result: /home/ddt/Documents/VLC0924/android/vlc/extras/tools/build/bin/pkg-config
configure:12239: WARNING: using cross tools not prefixed with host triplet
configure:12252: checking pkg-config is at least version 0.9.0
configure:12255: result: yes
configure:12266: checking for FREETYPE
configure:12274: $PKG_CONFIG --exists --print-errors "freetype2 >= 9.10.3"
configure:12277: $? = 0
configure:12292: $PKG_CONFIG --exists --print-errors "freetype2 >= 9.10.3"
configure:12295: $? = 0
configure:12350: result: yes
configure:12363: checking for FRIBIDI
configure:12371: $PKG_CONFIG --exists --print-errors "fribidi >= 0.19.0"
configure:12374: $? = 0
configure:12389: $PKG_CONFIG --exists --print-errors "fribidi >= 0.19.0"
configure:12392: $? = 0
configure:12447: result: yes
configure:12993: creating ./config.status

## ---------------------- ##
## Running config.status. ##
## ---------------------- ##

This file was extended by libass config.status 0.10.1, which was
generated by GNU Autoconf 2.65.  Invocation command line was

  CONFIG_FILES    = 
  CONFIG_HEADERS  = 
  CONFIG_LINKS    = 
  CONFIG_COMMANDS = 
  $ ./config.status 

on ubuntu

config.status:1110: creating Makefile
config.status:1110: creating libass/Makefile
config.status:1110: creating test/Makefile
config.status:1110: creating libass.pc
config.status:1110: creating config.h
config.status:1330: executing depfiles commands
config.status:1330: executing libtool commands

## ---------------- ##
## Cache variables. ##
## ---------------- ##

ac_cv_build=x86_64-pc-linux-gnu
ac_cv_c_compiler_gnu=yes
ac_cv_c_const=yes
ac_cv_c_inline=inline
ac_cv_c_int64_t=yes
ac_cv_c_uint32_t=yes
ac_cv_c_uint8_t=yes
ac_cv_env_CC_set=set
ac_cv_env_CC_value='arm-linux-androideabi-gcc --sysroot=/home/ddt/Documents/android-sdk/android-ndk-r9/platforms/android-9/arch-arm'
ac_cv_env_CFLAGS_set=set
ac_cv_env_CFLAGS_value=' -g -mfpu=vfpv3-d16 -mcpu=cortex-a8 -mthumb -mfloat-abi=softfp -O2 -I/home/ddt/Documents/android-sdk/android-ndk-r9/sources/cxx-stl/gnu-libstdc++/4.8/include -I/home/ddt/Documents/android-sdk/android-ndk-r9/sources/cxx-stl/gnu-libstdc++/4.8/libs/armeabi-v7a/include -I/home/ddt/Documents/VLC0924/android/vlc/contrib/arm-linux-androideabi/include -g -O3'
ac_cv_env_CPPFLAGS_set=set
ac_cv_env_CPPFLAGS_value=' -g -mfpu=vfpv3-d16 -mcpu=cortex-a8 -mthumb -mfloat-abi=softfp -O2 -I/home/ddt/Documents/android-sdk/android-ndk-r9/sources/cxx-stl/gnu-libstdc++/4.8/include -I/home/ddt/Documents/android-sdk/android-ndk-r9/sources/cxx-stl/gnu-libstdc++/4.8/libs/armeabi-v7a/include -I/home/ddt/Documents/VLC0924/android/vlc/contrib/arm-linux-androideabi/include'
ac_cv_env_CPP_set=
ac_cv_env_CPP_value=
ac_cv_env_ENCA_CFLAGS_set=
ac_cv_env_ENCA_CFLAGS_value=
ac_cv_env_ENCA_LIBS_set=
ac_cv_env_ENCA_LIBS_value=
ac_cv_env_FONTCONFIG_CFLAGS_set=
ac_cv_env_FONTCONFIG_CFLAGS_value=
ac_cv_env_FONTCONFIG_LIBS_set=
ac_cv_env_FONTCONFIG_LIBS_value=
ac_cv_env_FREETYPE_CFLAGS_set=
ac_cv_env_FREETYPE_CFLAGS_value=
ac_cv_env_FREETYPE_LIBS_set=
ac_cv_env_FREETYPE_LIBS_value=
ac_cv_env_FRIBIDI_CFLAGS_set=
ac_cv_env_FRIBIDI_CFLAGS_value=
ac_cv_env_FRIBIDI_LIBS_set=
ac_cv_env_FRIBIDI_LIBS_value=
ac_cv_env_HARFBUZZ_CFLAGS_set=
ac_cv_env_HARFBUZZ_CFLAGS_value=
ac_cv_env_HARFBUZZ_LIBS_set=
ac_cv_env_HARFBUZZ_LIBS_value=
ac_cv_env_LDFLAGS_set=set
ac_cv_env_LDFLAGS_value=' -L/home/ddt/Documents/VLC0924/android/vlc/contrib/arm-linux-androideabi/lib'
ac_cv_env_LIBPNG_CFLAGS_set=
ac_cv_env_LIBPNG_CFLAGS_value=
ac_cv_env_LIBPNG_LIBS_set=
ac_cv_env_LIBPNG_LIBS_value=
ac_cv_env_LIBS_set=
ac_cv_env_LIBS_value=
ac_cv_env_PKG_CONFIG_set=
ac_cv_env_PKG_CONFIG_value=
ac_cv_env_build_alias_set=set
ac_cv_env_build_alias_value=x86_64-linux-gnu
ac_cv_env_host_alias_set=set
ac_cv_env_host_alias_value=arm-linux-androideabi
ac_cv_env_target_alias_set=set
ac_cv_env_target_alias_value=arm-linux-androideabi
ac_cv_func_mkdir=yes
ac_cv_func_strcasecmp=yes
ac_cv_func_strdup=yes
ac_cv_func_strtol=yes
ac_cv_header_dlfcn_h=yes
ac_cv_header_iconv_h=no
ac_cv_header_inttypes_h=yes
ac_cv_header_memory_h=yes
ac_cv_header_stdbool_h=yes
ac_cv_header_stdc=yes
ac_cv_header_stdint_h=yes
ac_cv_header_stdlib_h=yes
ac_cv_header_string_h=yes
ac_cv_header_strings_h=yes
ac_cv_header_sys_stat_h=yes
ac_cv_header_sys_time_h=yes
ac_cv_header_sys_types_h=yes
ac_cv_header_unistd_h=yes
ac_cv_host=arm-unknown-linux-androideabi
ac_cv_lib_m_fabs=yes
ac_cv_objext=o
ac_cv_path_EGREP='/bin/grep -E'
ac_cv_path_FGREP='/bin/grep -F'
ac_cv_path_GREP=/bin/grep
ac_cv_path_SED=/bin/sed
ac_cv_path_ac_pt_PKG_CONFIG=/home/ddt/Documents/VLC0924/android/vlc/extras/tools/build/bin/pkg-config
ac_cv_path_install='/usr/bin/install -c'
ac_cv_path_mkdir=/bin/mkdir
ac_cv_prog_AR=arm-linux-androideabi-ar
ac_cv_prog_AWK=mawk
ac_cv_prog_CC='arm-linux-androideabi-gcc --sysroot=/home/ddt/Documents/android-sdk/android-ndk-r9/platforms/android-9/arch-arm'
ac_cv_prog_CPP='arm-linux-androideabi-gcc --sysroot=/home/ddt/Documents/android-sdk/android-ndk-r9/platforms/android-9/arch-arm -E'
ac_cv_prog_OBJDUMP=arm-linux-androideabi-objdump
ac_cv_prog_RANLIB=arm-linux-androideabi-ranlib
ac_cv_prog_STRIP=arm-linux-androideabi-strip
ac_cv_prog_cc_arm_linux_androideabi_gcc_c_o=yes
ac_cv_prog_cc_c89=
ac_cv_prog_cc_g=yes
ac_cv_prog_make_make_set=yes
ac_cv_search_iconv_open=no
ac_cv_type__Bool=yes
ac_cv_type_size_t=yes
am_cv_CC_dependencies_compiler_type=none
lt_cv_deplibs_check_method=pass_all
lt_cv_file_magic_cmd='$MAGIC_CMD'
lt_cv_file_magic_test_file=
lt_cv_ld_reload_flag=-r
lt_cv_nm_interface='BSD nm'
lt_cv_objdir=.libs
lt_cv_path_LD=arm-linux-androideabi-ld
lt_cv_path_NM='/home/ddt/Documents/android-sdk/android-ndk-r9/toolchains/arm-linux-androideabi-4.8/prebuilt/linux-x86_64/bin/arm-linux-androideabi-nm -B'
lt_cv_prog_compiler_c_o=yes
lt_cv_prog_compiler_pic_works=yes
lt_cv_prog_compiler_rtti_exceptions=no
lt_cv_prog_compiler_static_works=yes
lt_cv_prog_gnu_ld=yes
lt_cv_sys_global_symbol_pipe='sed -n -e '\''s/^.*[	 ]\([ABCDGIRSTW][ABCDGIRSTW]*\)[	 ][	 ]*\([_A-Za-z][_A-Za-z0-9]*\)$/\1 \2 \2/p'\'''
lt_cv_sys_global_symbol_to_c_name_address='sed -n -e '\''s/^: \([^ ]*\) $/  {\"\1\", (void *) 0},/p'\'' -e '\''s/^[ABCDGIRSTW]* \([^ ]*\) \([^ ]*\)$/  {"\2", (void *) \&\2},/p'\'''
lt_cv_sys_global_symbol_to_c_name_address_lib_prefix='sed -n -e '\''s/^: \([^ ]*\) $/  {\"\1\", (void *) 0},/p'\'' -e '\''s/^[ABCDGIRSTW]* \([^ ]*\) \(lib[^ ]*\)$/  {"\2", (void *) \&\2},/p'\'' -e '\''s/^[ABCDGIRSTW]* \([^ ]*\) \([^ ]*\)$/  {"lib\2", (void *) \&\2},/p'\'''
lt_cv_sys_global_symbol_to_cdecl='sed -n -e '\''s/^T .* \(.*\)$/extern int \1();/p'\'' -e '\''s/^[ABCDGIRSTW]* .* \(.*\)$/extern char \1;/p'\'''
lt_cv_sys_max_cmd_len=3458764513820540925
pkg_cv_FREETYPE_CFLAGS='-I/home/ddt/Documents/VLC0924/android/vlc/contrib/arm-linux-androideabi/include/freetype2 -I/home/ddt/Documents/VLC0924/android/vlc/contrib/arm-linux-androideabi/include  '
pkg_cv_FREETYPE_LIBS='-L/home/ddt/Documents/VLC0924/android/vlc/contrib/arm-linux-androideabi/lib -lfreetype  '
pkg_cv_FRIBIDI_CFLAGS='-I/home/ddt/Documents/VLC0924/android/vlc/contrib/arm-linux-androideabi/include/fribidi  '
pkg_cv_FRIBIDI_LIBS='-L/home/ddt/Documents/VLC0924/android/vlc/contrib/arm-linux-androideabi/lib -lfribidi  '

## ----------------- ##
## Output variables. ##
## ----------------- ##

ACLOCAL='${SHELL} /home/ddt/Documents/VLC0924/android/vlc/contrib/android/libass/missing --run aclocal-1.11'
AMDEPBACKSLASH=''
AMDEP_FALSE=''
AMDEP_TRUE='#'
AMTAR='${SHELL} /home/ddt/Documents/VLC0924/android/vlc/contrib/android/libass/missing --run tar'
AM_BACKSLASH='\'
AM_DEFAULT_VERBOSITY='0'
AR='arm-linux-androideabi-ar'
AUTOCONF='${SHELL} /home/ddt/Documents/VLC0924/android/vlc/contrib/android/libass/missing --run autoconf'
AUTOHEADER='${SHELL} /home/ddt/Documents/VLC0924/android/vlc/contrib/android/libass/missing --run autoheader'
AUTOMAKE='${SHELL} /home/ddt/Documents/VLC0924/android/vlc/contrib/android/libass/missing --run automake-1.11'
AWK='mawk'
CC='arm-linux-androideabi-gcc --sysroot=/home/ddt/Documents/android-sdk/android-ndk-r9/platforms/android-9/arch-arm'
CCDEPMODE='depmode=none'
CFLAGS=' -g -mfpu=vfpv3-d16 -mcpu=cortex-a8 -mthumb -mfloat-abi=softfp -O2 -I/home/ddt/Documents/android-sdk/android-ndk-r9/sources/cxx-stl/gnu-libstdc++/4.8/include -I/home/ddt/Documents/android-sdk/android-ndk-r9/sources/cxx-stl/gnu-libstdc++/4.8/libs/armeabi-v7a/include -I/home/ddt/Documents/VLC0924/android/vlc/contrib/arm-linux-androideabi/include -g -O3 -I/home/ddt/Documents/VLC0924/android/vlc/contrib/arm-linux-androideabi/include/freetype2 -I/home/ddt/Documents/VLC0924/android/vlc/contrib/arm-linux-androideabi/include   -I/home/ddt/Documents/VLC0924/android/vlc/contrib/arm-linux-androideabi/include/fribidi  '
CPP='arm-linux-androideabi-gcc --sysroot=/home/ddt/Documents/android-sdk/android-ndk-r9/platforms/android-9/arch-arm -E'
CPPFLAGS=' -g -mfpu=vfpv3-d16 -mcpu=cortex-a8 -mthumb -mfloat-abi=softfp -O2 -I/home/ddt/Documents/android-sdk/android-ndk-r9/sources/cxx-stl/gnu-libstdc++/4.8/include -I/home/ddt/Documents/android-sdk/android-ndk-r9/sources/cxx-stl/gnu-libstdc++/4.8/libs/armeabi-v7a/include -I/home/ddt/Documents/VLC0924/android/vlc/contrib/arm-linux-androideabi/include'
CYGPATH_W='echo'
DEFS='-DHAVE_CONFIG_H'
DEPDIR='.deps'
DSYMUTIL=''
DUMPBIN=''
ECHO_C=''
ECHO_N='-n'
ECHO_T=''
EGREP='/bin/grep -E'
ENCA_CFLAGS=''
ENCA_LIBS=''
EXEEXT=''
FGREP='/bin/grep -F'
FONTCONFIG_CFLAGS=''
FONTCONFIG_LIBS=''
FREETYPE_CFLAGS='-I/home/ddt/Documents/VLC0924/android/vlc/contrib/arm-linux-androideabi/include/freetype2 -I/home/ddt/Documents/VLC0924/android/vlc/contrib/arm-linux-androideabi/include  '
FREETYPE_LIBS='-L/home/ddt/Documents/VLC0924/android/vlc/contrib/arm-linux-androideabi/lib -lfreetype  '
FRIBIDI_CFLAGS='-I/home/ddt/Documents/VLC0924/android/vlc/contrib/arm-linux-androideabi/include/fribidi  '
FRIBIDI_LIBS='-L/home/ddt/Documents/VLC0924/android/vlc/contrib/arm-linux-androideabi/lib -lfribidi  '
GREP='/bin/grep'
HARFBUZZ_CFLAGS=''
HARFBUZZ_LIBS=''
HAVE_LIBPNG_FALSE=''
HAVE_LIBPNG_TRUE='#'
INSTALL_DATA='${INSTALL} -m 644'
INSTALL_PROGRAM='${INSTALL}'
INSTALL_SCRIPT='${INSTALL}'
INSTALL_STRIP_PROGRAM='$(install_sh) -c -s'
LD='arm-linux-androideabi-ld'
LDFLAGS=' -L/home/ddt/Documents/VLC0924/android/vlc/contrib/arm-linux-androideabi/lib'
LIBOBJS=''
LIBPNG_CFLAGS=''
LIBPNG_LIBS=''
LIBS='-lm  -L/home/ddt/Documents/VLC0924/android/vlc/contrib/arm-linux-androideabi/lib -lfreetype   -L/home/ddt/Documents/VLC0924/android/vlc/contrib/arm-linux-androideabi/lib -lfribidi  '
LIBTOOL='$(SHELL) $(top_builddir)/libtool'
LIPO=''
LN_S='ln -s'
LTLIBOBJS=''
MAKEINFO='${SHELL} /home/ddt/Documents/VLC0924/android/vlc/contrib/android/libass/missing --run makeinfo'
MKDIR_P='/bin/mkdir -p'
NM='/home/ddt/Documents/android-sdk/android-ndk-r9/toolchains/arm-linux-androideabi-4.8/prebuilt/linux-x86_64/bin/arm-linux-androideabi-nm -B'
NMEDIT=''
OBJDUMP='arm-linux-androideabi-objdump'
OBJEXT='o'
OTOOL64=''
OTOOL=''
PACKAGE='libass'
PACKAGE_BUGREPORT=''
PACKAGE_NAME='libass'
PACKAGE_STRING='libass 0.10.1'
PACKAGE_TARNAME='libass'
PACKAGE_URL=''
PACKAGE_VERSION='0.10.1'
PATH_SEPARATOR=':'
PKG_CONFIG='/home/ddt/Documents/VLC0924/android/vlc/extras/tools/build/bin/pkg-config'
PKG_LIBS_DEFAULT='-lm'
PKG_LIBS_PRIVATE=''
PKG_REQUIRES_DEFAULT='fribidi >= 0.19.0, freetype2 >= 9.10.3'
PKG_REQUIRES_PRIVATE=''
RANLIB='arm-linux-androideabi-ranlib'
SED='/bin/sed'
SET_MAKE=''
SHELL='/bin/bash'
STRIP='arm-linux-androideabi-strip'
VERSION='0.10.1'
ac_ct_CC=''
ac_ct_DUMPBIN=''
am__EXEEXT_FALSE=''
am__EXEEXT_TRUE='#'
am__fastdepCC_FALSE=''
am__fastdepCC_TRUE='#'
am__include='include'
am__isrc=''
am__leading_dot='.'
am__quote=''
am__tar='${AMTAR} chof - "$$tardir"'
am__untar='${AMTAR} xf -'
bindir='${exec_prefix}/bin'
build='x86_64-pc-linux-gnu'
build_alias='x86_64-linux-gnu'
build_cpu='x86_64'
build_os='linux-gnu'
build_vendor='pc'
datadir='${datarootdir}'
datarootdir='${prefix}/share'
docdir='${datarootdir}/doc/${PACKAGE_TARNAME}'
dvidir='${docdir}'
exec_prefix='${prefix}'
host='arm-unknown-linux-androideabi'
host_alias='arm-linux-androideabi'
host_cpu='arm'
host_os='linux-androideabi'
host_vendor='unknown'
htmldir='${docdir}'
includedir='${prefix}/include'
infodir='${datarootdir}/info'
install_sh='${SHELL} /home/ddt/Documents/VLC0924/android/vlc/contrib/android/libass/install-sh'
libdir='${exec_prefix}/lib'
libexecdir='${exec_prefix}/libexec'
localedir='${datarootdir}/locale'
localstatedir='${prefix}/var'
lt_ECHO='echo'
mandir='${datarootdir}/man'
mkdir_p='/bin/mkdir -p'
oldincludedir='/usr/include'
pdfdir='${docdir}'
prefix='/home/ddt/Documents/VLC0924/android/vlc/contrib/arm-linux-androideabi'
program_transform_name='s&^&&'
psdir='${docdir}'
sbindir='${exec_prefix}/sbin'
sharedstatedir='${prefix}/com'
sysconfdir='${prefix}/etc'
target_alias='arm-linux-androideabi'

## ----------- ##
## confdefs.h. ##
## ----------- ##

/* confdefs.h */
#define PACKAGE_NAME "libass"
#define PACKAGE_TARNAME "libass"
#define PACKAGE_VERSION "0.10.1"
#define PACKAGE_STRING "libass 0.10.1"
#define PACKAGE_BUGREPORT ""
#define PACKAGE_URL ""
#define PACKAGE "libass"
#define VERSION "0.10.1"
#define STDC_HEADERS 1
#define HAVE_SYS_TYPES_H 1
#define HAVE_SYS_STAT_H 1
#define HAVE_STDLIB_H 1
#define HAVE_STRING_H 1
#define HAVE_MEMORY_H 1
#define HAVE_STRINGS_H 1
#define HAVE_INTTYPES_H 1
#define HAVE_STDINT_H 1
#define HAVE_UNISTD_H 1
#define HAVE_DLFCN_H 1
#define LT_OBJDIR ".libs/"
#define STDC_HEADERS 1
#define HAVE__BOOL 1
#define HAVE_STDBOOL_H 1
#define HAVE_INTTYPES_H 1
#define HAVE_STDINT_H 1
#define HAVE_STDLIB_H 1
#define HAVE_STRING_H 1
#define HAVE_SYS_TIME_H 1
#define HAVE_UNISTD_H 1
#define HAVE_MKDIR 1
#define HAVE_STRCASECMP 1
#define HAVE_STRDUP 1
#define HAVE_STRTOL 1
#define HAVE_LIBM 1
#define CONFIG_FREETYPE 1
#define CONFIG_FRIBIDI 1

configure: exit 0
